x.x.x.2 - - [05/Feb/2017:09:45:53 +0000] "GET / HTTP/1.1" 300 663 "-" "nova-compute keystoneauth1/2.12.2 python-requests/2.10.0 CPython/2.7.5"
x.x.x.2 - - [05/Feb/2017:09:45:55 +0000] "POST /v3/auth/tokens HTTP/1.1" 201 3220 "-" "nova-compute keystoneauth1/2.12.2 python-requests/2.10.0 CPython/2.7.5"
x.x.x.2 - - [05/Feb/2017:09:45:56 +0000] "GET / HTTP/1.1" 300 663 "-" "neutron/9.1.1 keystonemiddleware.auth_token/4.9.0 keystoneauth1/2.12.2 python-requests/2.10.0 CPython/2.7.5"
x.x.x.2 - - [05/Feb/2017:09:45:56 +0000] "POST /v3/auth/tokens HTTP/1.1" 201 3220 "-" "neutron/9.1.1 keystonemiddleware.auth_token/4.9.0 keystoneauth1/2.12.2 python-requests/2.10.0 CPython/2.7.5"
x.x.x.2 - - [05/Feb/2017:09:45:58 +0000] "GET /v3 HTTP/1.1" 200 284 "-" "neutron/9.1.1 keystonemiddleware.auth_token/4.9.0 keystoneauth1/2.12.2 python-requests/2.10.0 CPython/2.7.5"
x.x.x.2 - - [05/Feb/2017:09:45:58 +0000] "GET /v3/auth/tokens HTTP/1.1" 200 3220 "-" "python-keystoneclient"
x.x.x.2 - - [05/Feb/2017:09:46:00 +0000] "GET /v3/auth/tokens HTTP/1.1" 200 3220 "-" "python-keystoneclient"
x.x.x.2 - - [05/Feb/2017:09:46:00 +0000] "GET /v3/auth/tokens HTTP/1.1" 200 3220 "-" "python-keystoneclient"
x.x.x.2 - - [05/Feb/2017:09:46:00 +0000] "GET /v3/auth/tokens HTTP/1.1" 200 3220 "-" "python-keystoneclient"
x.x.x.2 - - [05/Feb/2017:09:46:00 +0000] "GET /v3/auth/tokens HTTP/1.1" 200 3220 "-" "python-keystoneclient"
x.x.x.2 - - [05/Feb/2017:09:46:26 +0000] "GET / HTTP/1.1" 300 663 "-" "neutron-server keystoneauth1/2.12.2 python-requests/2.10.0 CPython/2.7.5"
x.x.x.2 - - [05/Feb/2017:09:46:26 +0000] "POST /v3/auth/tokens HTTP/1.1" 201 3217 "-" "neutron-server keystoneauth1/2.12.2 python-requests/2.10.0 CPython/2.7.5"
x.x.x.2 - - [05/Feb/2017:09:46:26 +0000] "GET / HTTP/1.1" 300 663 "-" "nova/14.0.2 keystonemiddleware.auth_token/4.9.0 keystoneauth1/2.12.2 python-requests/2.10.0 CPython/2.7.5"
x.x.x.2 - - [05/Feb/2017:09:46:26 +0000] "POST /v3/auth/tokens HTTP/1.1" 201 3217 "-" "nova/14.0.2 keystonemiddleware.auth_token/4.9.0 keystoneauth1/2.12.2 python-requests/2.10.0 CPython/2.7.5"
x.x.x.2 - - [05/Feb/2017:09:46:27 +0000] "GET /v3 HTTP/1.1" 200 284 "-" "nova/14.0.2 keystonemiddleware.auth_token/4.9.0 keystoneauth1/2.12.2 python-requests/2.10.0 CPython/2.7.5"
x.x.x.2 - - [05/Feb/2017:09:46:27 +0000] "GET /v3/auth/tokens HTTP/1.1" 200 3217 "-" "python-keystoneclient"
x.x.x.2 - - [05/Feb/2017:09:47:01 +0000] "GET /v3/auth/tokens HTTP/1.1" 200 3220 "-" "python-keystoneclient"
x.x.x.2 - - [05/Feb/2017:09:47:01 +0000] "GET /v3/auth/tokens HTTP/1.1" 200 3220 "-" "python-keystoneclient"
x.x.x.2 - - [05/Feb/2017:09:47:03 +0000] "GET /v3/auth/tokens HTTP/1.1" 200 3220 "-" "python-keystoneclient"
x.x.x.2 - - [05/Feb/2017:09:47:03 +0000] "GET /v3/auth/tokens HTTP/1.1" 200 3220 "-" "python-keystoneclient"
x.x.x.2 - - [05/Feb/2017:09:47:03 +0000] "GET /v3/auth/tokens HTTP/1.1" 200 3220 "-" "python-keystoneclient"
x.x.x.2 - - [05/Feb/2017:09:47:50 +0000] "GET /v3 HTTP/1.1" 200 284 "-" "osc-lib keystoneauth1/2.12.2 python-requests/2.10.0 CPython/2.7.5"
x.x.x.2 - - [05/Feb/2017:09:47:50 +0000] "POST /v3/auth/tokens HTTP/1.1" 201 3216 "-" "osc-lib keystoneauth1/2.12.2 python-requests/2.10.0 CPython/2.7.5"
x.x.x.2 - - [05/Feb/2017:09:47:50 +0000] "POST /v3/auth/tokens HTTP/1.1" 201 3216 "-" "osc-lib keystoneauth1/2.12.2 python-requests/2.10.0 CPython/2.7.5"
x.x.x.2 - - [05/Feb/2017:09:47:50 +0000] "GET / HTTP/1.1" 300 663 "-" "nova/14.0.2 keystonemiddleware.auth_token/4.9.0 keystoneauth1/2.12.2 python-requests/2.10.0 CPython/2.7.5"
x.x.x.2 - - [05/Feb/2017:09:47:50 +0000] "POST /v3/auth/tokens HTTP/1.1" 201 3217 "-" "nova/14.0.2 keystonemiddleware.auth_token/4.9.0 keystoneauth1/2.12.2 python-requests/2.10.0 CPython/2.7.5"
x.x.x.2 - - [05/Feb/2017:09:47:51 +0000] "GET /v3 HTTP/1.1" 200 284 "-" "nova/14.0.2 keystonemiddleware.auth_token/4.9.0 keystoneauth1/2.12.2 python-requests/2.10.0 CPython/2.7.5"
x.x.x.2 - - [05/Feb/2017:09:47:51 +0000] "GET /v3/auth/tokens HTTP/1.1" 200 3216 "-" "python-keystoneclient"
x.x.x.2 - - [05/Feb/2017:09:47:52 +0000] "GET / HTTP/1.1" 300 663 "-" "neutron/9.1.1 keystonemiddleware.auth_token/4.9.0 keystoneauth1/2.12.2 python-requests/2.10.0 CPython/2.7.5"
x.x.x.2 - - [05/Feb/2017:09:47:52 +0000] "POST /v3/auth/tokens HTTP/1.1" 201 3220 "-" "neutron/9.1.1 keystonemiddleware.auth_token/4.9.0 keystoneauth1/2.12.2 python-requests/2.10.0 CPython/2.7.5"
x.x.x.2 - - [05/Feb/2017:09:47:52 +0000] "GET /v3 HTTP/1.1" 200 284 "-" "neutron/9.1.1 keystonemiddleware.auth_token/4.9.0 keystoneauth1/2.12.2 python-requests/2.10.0 CPython/2.7.5"
x.x.x.2 - - [05/Feb/2017:09:47:52 +0000] "GET /v3/auth/tokens HTTP/1.1" 200 3216 "-" "python-keystoneclient"
x.x.x.2 - - [05/Feb/2017:09:47:53 +0000] "GET /v3/auth/tokens HTTP/1.1" 200 3216 "-" "python-keystoneclient"
x.x.x.2 - - [05/Feb/2017:09:47:53 +0000] "GET /v3/auth/tokens HTTP/1.1" 200 3216 "-" "python-keystoneclient"
x.x.x.2 - - [05/Feb/2017:09:48:04 +0000] "GET /v3/auth/tokens HTTP/1.1" 200 3220 "-" "python-keystoneclient"
x.x.x.2 - - [05/Feb/2017:09:48:04 +0000] "GET /v3/auth/tokens HTTP/1.1" 200 3220 "-" "python-keystoneclient"
x.x.x.2 - - [05/Feb/2017:09:48:05 +0000] "GET /v3/auth/tokens HTTP/1.1" 200 3220 "-" "python-keystoneclient"
x.x.x.2 - - [05/Feb/2017:09:48:05 +0000] "GET /v3/auth/tokens HTTP/1.1" 200 3220 "-" "python-keystoneclient"
x.x.x.2 - - [05/Feb/2017:09:48:05 +0000] "GET /v3/auth/tokens HTTP/1.1" 200 3220 "-" "python-keystoneclient"
x.x.x.2 - - [05/Feb/2017:09:48:57 +0000] "GET /v3/auth/tokens HTTP/1.1" 200 3220 "-" "python-keystoneclient"
x.x.x.2 - - [05/Feb/2017:09:48:57 +0000] "GET /v3/auth/tokens HTTP/1.1" 200 3220 "-" "python-keystoneclient"
x.x.x.2 - - [05/Feb/2017:09:48:58 +0000] "GET /v3/auth/tokens HTTP/1.1" 200 3220 "-" "python-keystoneclient"
x.x.x.2 - - [05/Feb/2017:09:48:58 +0000] "GET /v3/auth/tokens HTTP/1.1" 200 3220 "-" "python-keystoneclient"
x.x.x.2 - - [05/Feb/2017:09:48:58 +0000] "GET /v3/auth/tokens HTTP/1.1" 200 3220 "-" "python-keystoneclient"
x.x.x.2 - - [05/Feb/2017:09:49:57 +0000] "GET /v3/auth/tokens HTTP/1.1" 200 3220 "-" "python-keystoneclient"
x.x.x.2 - - [05/Feb/2017:09:49:57 +0000] "GET /v3/auth/tokens HTTP/1.1" 200 3220 "-" "python-keystoneclient"
x.x.x.2 - - [05/Feb/2017:09:49:58 +0000] "GET /v3/auth/tokens HTTP/1.1" 200 3220 "-" "python-keystoneclient"
x.x.x.2 - - [05/Feb/2017:09:49:58 +0000] "GET /v3/auth/tokens HTTP/1.1" 200 3220 "-" "python-keystoneclient"
x.x.x.2 - - [05/Feb/2017:09:49:58 +0000] "GET /v3/auth/tokens HTTP/1.1" 200 3220 "-" "python-keystoneclient"
x.x.x.2 - - [05/Feb/2017:09:50:58 +0000] "GET /v3/auth/tokens HTTP/1.1" 200 3220 "-" "python-keystoneclient"
x.x.x.2 - - [05/Feb/2017:09:50:58 +0000] "GET /v3/auth/tokens HTTP/1.1" 200 3220 "-" "python-keystoneclient"
x.x.x.2 - - [05/Feb/2017:09:50:59 +0000] "GET /v3/auth/tokens HTTP/1.1" 200 3220 "-" "python-keystoneclient"
x.x.x.2 - - [05/Feb/2017:09:50:59 +0000] "GET /v3/auth/tokens HTTP/1.1" 200 3220 "-" "python-keystoneclient"
x.x.x.2 - - [05/Feb/2017:09:50:59 +0000] "GET /v3/auth/tokens HTTP/1.1" 200 3220 "-" "python-keystoneclient"
