2017-02-04 08:29:18.625 6923 INFO keystone.common.wsgi [req-36bf2e5f-4a9e-46f5-8b81-2cbdb397ce14 2d38d1bb9d864c99a519ae2000b1e049 d773392960964a67a77637ab18fe362b - default default] GET http://mysql-001.vassilevski.com:35357/v3/auth/tokens
2017-02-04 08:29:18.771 6920 INFO keystone.common.wsgi [req-d704de99-121c-4825-a990-175caa9bef48 2d38d1bb9d864c99a519ae2000b1e049 d773392960964a67a77637ab18fe362b - default default] GET http://mysql-001.vassilevski.com:35357/v3/auth/tokens
2017-02-04 08:29:18.914 6921 INFO keystone.common.wsgi [req-c89775f7-2282-4572-87cb-c242ccc92932 2d38d1bb9d864c99a519ae2000b1e049 d773392960964a67a77637ab18fe362b - default default] GET http://mysql-001.vassilevski.com:35357/v3/auth/tokens
2017-02-04 08:29:18.990 6922 INFO keystone.common.wsgi [req-337a0a79-9b79-4087-946d-21a1a700bbb6 2d38d1bb9d864c99a519ae2000b1e049 d773392960964a67a77637ab18fe362b - default default] GET http://mysql-001.vassilevski.com:35357/v3/auth/tokens
2017-02-04 08:29:19.111 6924 INFO keystone.common.wsgi [req-6e77b7b9-37b7-42c4-b625-fde1a58ea3ce 2d38d1bb9d864c99a519ae2000b1e049 d773392960964a67a77637ab18fe362b - default default] GET http://mysql-001.vassilevski.com:35357/v3/auth/tokens
2017-02-04 08:31:33.700 6923 INFO keystone.common.wsgi [req-289ffbcc-a4d6-4722-8127-8c11f2dae1d9 2d38d1bb9d864c99a519ae2000b1e049 d773392960964a67a77637ab18fe362b - default default] GET http://mysql-001.vassilevski.com:35357/v3/auth/tokens
2017-02-04 08:31:53.862 6924 INFO keystone.common.wsgi [req-b93f3c6b-7400-4dc7-ad76-8e2f44075b4b 2d38d1bb9d864c99a519ae2000b1e049 d773392960964a67a77637ab18fe362b - default default] GET http://mysql-001.vassilevski.com:35357/v3/auth/tokens
2017-02-04 08:31:54.004 6922 INFO keystone.common.wsgi [req-162454e5-acde-4bbf-a2de-224ffae73b56 2d38d1bb9d864c99a519ae2000b1e049 d773392960964a67a77637ab18fe362b - default default] GET http://mysql-001.vassilevski.com:35357/v3/auth/tokens
2017-02-04 08:31:54.080 6921 INFO keystone.common.wsgi [req-310d401a-dd90-4c65-99c9-72a5c876e7d3 2d38d1bb9d864c99a519ae2000b1e049 d773392960964a67a77637ab18fe362b - default default] GET http://mysql-001.vassilevski.com:35357/v3/auth/tokens
2017-02-04 08:31:54.189 6922 INFO keystone.common.wsgi [req-e86c8bb8-3c70-438d-8b89-ff35c1f51499 2d38d1bb9d864c99a519ae2000b1e049 d773392960964a67a77637ab18fe362b - default default] GET http://mysql-001.vassilevski.com:35357/v3/auth/tokens
2017-02-04 08:31:57.837 6923 INFO keystone.common.wsgi [req-d156e741-8c63-453d-9135-88ab3c54307d 2d38d1bb9d864c99a519ae2000b1e049 d773392960964a67a77637ab18fe362b - default default] GET http://mysql-001.vassilevski.com:35357/v3/auth/tokens
2017-02-04 08:31:57.954 6921 INFO keystone.common.wsgi [req-0b3fed08-8a4e-4861-b2bd-c486650ca967 2d38d1bb9d864c99a519ae2000b1e049 d773392960964a67a77637ab18fe362b - default default] GET http://mysql-001.vassilevski.com:35357/v3/auth/tokens
2017-02-04 08:31:58.079 6922 INFO keystone.common.wsgi [req-28b88d58-15aa-4ea3-b6cb-3fca7ad5ad08 2d38d1bb9d864c99a519ae2000b1e049 d773392960964a67a77637ab18fe362b - default default] GET http://mysql-001.vassilevski.com:35357/v3/auth/tokens
2017-02-04 08:31:58.148 6924 INFO keystone.common.wsgi [req-4c0dd681-a7c5-4450-aeaa-33d3fcbf1f34 2d38d1bb9d864c99a519ae2000b1e049 d773392960964a67a77637ab18fe362b - default default] GET http://mysql-001.vassilevski.com:35357/v3/auth/tokens
2017-02-04 08:31:58.402 6923 INFO keystone.common.wsgi [req-453060f5-ce65-4851-b80d-3fd1d38cc32b 2d38d1bb9d864c99a519ae2000b1e049 d773392960964a67a77637ab18fe362b - default default] GET http://mysql-001.vassilevski.com:35357/v3/auth/tokens
2017-02-04 08:32:59.897 6924 INFO keystone.common.wsgi [req-f323d954-96ea-4e08-9049-0ab72ea906a6 2d38d1bb9d864c99a519ae2000b1e049 d773392960964a67a77637ab18fe362b - default default] GET http://mysql-001.vassilevski.com:35357/v3/auth/tokens
2017-02-04 08:33:00.032 6921 INFO keystone.common.wsgi [req-dfad5f53-0633-499e-b563-43c116310e9b 2d38d1bb9d864c99a519ae2000b1e049 d773392960964a67a77637ab18fe362b - default default] GET http://mysql-001.vassilevski.com:35357/v3/auth/tokens
2017-02-04 08:33:00.163 6920 INFO keystone.common.wsgi [req-b7122b61-91aa-4b68-b201-c9090b17176b 2d38d1bb9d864c99a519ae2000b1e049 d773392960964a67a77637ab18fe362b - default default] GET http://mysql-001.vassilevski.com:35357/v3/auth/tokens
2017-02-04 08:33:00.233 6924 INFO keystone.common.wsgi [req-827989d0-9cd4-4b14-804c-0eb0fddf3459 2d38d1bb9d864c99a519ae2000b1e049 d773392960964a67a77637ab18fe362b - default default] GET http://mysql-001.vassilevski.com:35357/v3/auth/tokens
2017-02-04 08:33:00.347 6921 INFO keystone.common.wsgi [req-aa2eff69-951a-4dea-a081-47232be7c7ca 2d38d1bb9d864c99a519ae2000b1e049 d773392960964a67a77637ab18fe362b - default default] GET http://mysql-001.vassilevski.com:35357/v3/auth/tokens
2017-02-04 08:33:42.563 6924 INFO keystone.common.wsgi [req-fa2f7530-2fc2-411d-8544-ec6080224859 2d38d1bb9d864c99a519ae2000b1e049 d773392960964a67a77637ab18fe362b - default default] GET http://mysql-001.vassilevski.com:35357/v3/auth/tokens
2017-02-04 08:33:42.682 6920 INFO keystone.common.wsgi [req-c4c0b79e-e99a-4b3e-aaf0-8405e8ddaae1 2d38d1bb9d864c99a519ae2000b1e049 d773392960964a67a77637ab18fe362b - default default] GET http://mysql-001.vassilevski.com:35357/v3/auth/tokens
2017-02-04 08:33:42.818 6922 INFO keystone.common.wsgi [req-bfd5d851-a8a6-4c60-9285-d8fda4b95a78 2d38d1bb9d864c99a519ae2000b1e049 d773392960964a67a77637ab18fe362b - default default] GET http://mysql-001.vassilevski.com:35357/v3/auth/tokens
2017-02-04 08:33:42.884 6920 INFO keystone.common.wsgi [req-1b9c5c07-b79f-41f9-829e-f75e3266ee2c 2d38d1bb9d864c99a519ae2000b1e049 d773392960964a67a77637ab18fe362b - default default] GET http://mysql-001.vassilevski.com:35357/v3/auth/tokens
2017-02-04 08:33:42.993 6922 INFO keystone.common.wsgi [req-76273d35-3a28-4912-aee9-7e03b27c826d 2d38d1bb9d864c99a519ae2000b1e049 d773392960964a67a77637ab18fe362b - default default] GET http://mysql-001.vassilevski.com:35357/v3/auth/tokens
2017-02-04 08:34:44.517 6920 INFO keystone.common.wsgi [req-75ed0a1f-1d89-4fb0-bd71-690ef38149c4 2d38d1bb9d864c99a519ae2000b1e049 d773392960964a67a77637ab18fe362b - default default] GET http://mysql-001.vassilevski.com:35357/v3/auth/tokens
2017-02-04 08:34:44.647 6924 INFO keystone.common.wsgi [req-87701d9e-cf97-4426-8bc2-492059da7fa7 2d38d1bb9d864c99a519ae2000b1e049 d773392960964a67a77637ab18fe362b - default default] GET http://mysql-001.vassilevski.com:35357/v3/auth/tokens
2017-02-04 08:34:44.804 6923 INFO keystone.common.wsgi [req-4cb47207-a38b-441a-b7d3-c837d724aef9 2d38d1bb9d864c99a519ae2000b1e049 d773392960964a67a77637ab18fe362b - default default] GET http://mysql-001.vassilevski.com:35357/v3/auth/tokens
2017-02-04 08:34:44.876 6924 INFO keystone.common.wsgi [req-1f8b345e-e51c-4069-90e6-e2fc52041111 2d38d1bb9d864c99a519ae2000b1e049 d773392960964a67a77637ab18fe362b - default default] GET http://mysql-001.vassilevski.com:35357/v3/auth/tokens
2017-02-04 08:34:44.988 6922 INFO keystone.common.wsgi [req-21b5519e-8ba2-4c6d-b651-d2959eb18efd 2d38d1bb9d864c99a519ae2000b1e049 d773392960964a67a77637ab18fe362b - default default] GET http://mysql-001.vassilevski.com:35357/v3/auth/tokens
2017-02-04 08:35:31.925 6923 INFO keystone.common.wsgi [req-ffa0cbbf-d513-456b-81c4-1f96f0c9d8db 2d38d1bb9d864c99a519ae2000b1e049 d773392960964a67a77637ab18fe362b - default default] GET http://mysql-001.vassilevski.com:35357/v3/auth/tokens
2017-02-04 08:35:32.039 6921 INFO keystone.common.wsgi [req-cd942df5-f885-4276-9281-34fc131ce71a 2d38d1bb9d864c99a519ae2000b1e049 d773392960964a67a77637ab18fe362b - default default] GET http://mysql-001.vassilevski.com:35357/v3/auth/tokens
2017-02-04 08:35:32.299 6923 INFO keystone.common.wsgi [req-ce5dc8c4-bc46-4e16-89dc-e8500cbe3c9b 2d38d1bb9d864c99a519ae2000b1e049 d773392960964a67a77637ab18fe362b - default default] GET http://mysql-001.vassilevski.com:35357/v3/auth/tokens
2017-02-04 08:35:32.371 6921 INFO keystone.common.wsgi [req-e90d5467-bb92-42ed-870c-644d7523f5d7 2d38d1bb9d864c99a519ae2000b1e049 d773392960964a67a77637ab18fe362b - default default] GET http://mysql-001.vassilevski.com:35357/v3/auth/tokens
2017-02-04 08:35:32.481 6924 INFO keystone.common.wsgi [req-5e4defdc-35f8-4c6b-a752-eac1762e18fb 2d38d1bb9d864c99a519ae2000b1e049 d773392960964a67a77637ab18fe362b - default default] GET http://mysql-001.vassilevski.com:35357/v3/auth/tokens
2017-02-04 08:36:20.636 6923 INFO keystone.common.wsgi [req-4d2d1ee9-802a-4023-a84b-cdab3f45a6dc 2d38d1bb9d864c99a519ae2000b1e049 d773392960964a67a77637ab18fe362b - default default] GET http://mysql-001.vassilevski.com:35357/v3/auth/tokens
2017-02-04 08:36:20.772 6924 INFO keystone.common.wsgi [req-08a54185-4248-4694-86b8-4b364a1a2659 2d38d1bb9d864c99a519ae2000b1e049 d773392960964a67a77637ab18fe362b - default default] GET http://mysql-001.vassilevski.com:35357/v3/auth/tokens
2017-02-04 08:36:20.909 6922 INFO keystone.common.wsgi [req-96317218-34bf-4439-ab3d-a3a6cb41675c 2d38d1bb9d864c99a519ae2000b1e049 d773392960964a67a77637ab18fe362b - default default] GET http://mysql-001.vassilevski.com:35357/v3/auth/tokens
2017-02-04 08:36:20.981 6923 INFO keystone.common.wsgi [req-69ea9cd7-a648-4578-b95f-8ea264c27d61 2d38d1bb9d864c99a519ae2000b1e049 d773392960964a67a77637ab18fe362b - default default] GET http://mysql-001.vassilevski.com:35357/v3/auth/tokens
2017-02-04 08:36:21.094 6920 INFO keystone.common.wsgi [req-9d58641d-f827-4700-b50f-d6181cc026b3 2d38d1bb9d864c99a519ae2000b1e049 d773392960964a67a77637ab18fe362b - default default] GET http://mysql-001.vassilevski.com:35357/v3/auth/tokens
2017-02-04 08:37:22.628 6921 INFO keystone.common.wsgi [req-7856f73e-7061-464e-85e4-6d45f69ae11a 2d38d1bb9d864c99a519ae2000b1e049 d773392960964a67a77637ab18fe362b - default default] GET http://mysql-001.vassilevski.com:35357/v3/auth/tokens
2017-02-04 08:37:22.763 6923 INFO keystone.common.wsgi [req-d6df8f3e-b096-4343-8891-661685d0a46f 2d38d1bb9d864c99a519ae2000b1e049 d773392960964a67a77637ab18fe362b - default default] GET http://mysql-001.vassilevski.com:35357/v3/auth/tokens
2017-02-04 08:37:22.922 6924 INFO keystone.common.wsgi [req-89273c9b-b381-4a8e-a248-a09797b269e9 2d38d1bb9d864c99a519ae2000b1e049 d773392960964a67a77637ab18fe362b - default default] GET http://mysql-001.vassilevski.com:35357/v3/auth/tokens
2017-02-04 08:37:22.996 6921 INFO keystone.common.wsgi [req-e3307331-45cf-41e3-bfa3-c336f48cb4ba 2d38d1bb9d864c99a519ae2000b1e049 d773392960964a67a77637ab18fe362b - default default] GET http://mysql-001.vassilevski.com:35357/v3/auth/tokens
2017-02-04 08:37:23.111 6923 INFO keystone.common.wsgi [req-4a126477-dc80-424f-864f-fbbbb80c8512 2d38d1bb9d864c99a519ae2000b1e049 d773392960964a67a77637ab18fe362b - default default] GET http://mysql-001.vassilevski.com:35357/v3/auth/tokens
2017-02-04 08:38:24.618 6922 INFO keystone.common.wsgi [req-8100f581-3ec2-4dcc-a198-c79a627a218b 2d38d1bb9d864c99a519ae2000b1e049 d773392960964a67a77637ab18fe362b - default default] GET http://mysql-001.vassilevski.com:35357/v3/auth/tokens
2017-02-04 08:38:24.744 6924 INFO keystone.common.wsgi [req-325b08cb-beaa-4089-97f0-f65fc959282c 2d38d1bb9d864c99a519ae2000b1e049 d773392960964a67a77637ab18fe362b - default default] GET http://mysql-001.vassilevski.com:35357/v3/auth/tokens
2017-02-04 08:38:24.894 6923 INFO keystone.common.wsgi [req-283ce8f6-1ddf-4005-8fbb-52d4d9824a93 2d38d1bb9d864c99a519ae2000b1e049 d773392960964a67a77637ab18fe362b - default default] GET http://mysql-001.vassilevski.com:35357/v3/auth/tokens
2017-02-04 08:38:24.979 6921 INFO keystone.common.wsgi [req-b64c1343-20f0-4758-be66-d0e438e56c62 2d38d1bb9d864c99a519ae2000b1e049 d773392960964a67a77637ab18fe362b - default default] GET http://mysql-001.vassilevski.com:35357/v3/auth/tokens
2017-02-04 08:38:25.086 6922 INFO keystone.common.wsgi [req-c5a0d308-75a7-46dd-86e9-07df3b524f80 2d38d1bb9d864c99a519ae2000b1e049 d773392960964a67a77637ab18fe362b - default default] GET http://mysql-001.vassilevski.com:35357/v3/auth/tokens
2017-02-04 08:39:26.849 6923 INFO keystone.common.wsgi [req-082be881-0d8f-4080-b012-4c6910a4fcf8 2d38d1bb9d864c99a519ae2000b1e049 d773392960964a67a77637ab18fe362b - default default] GET http://mysql-001.vassilevski.com:35357/v3/auth/tokens
2017-02-04 08:39:26.984 6924 INFO keystone.common.wsgi [req-bbefb3b7-cd69-41c3-9556-f670c72326ae 2d38d1bb9d864c99a519ae2000b1e049 d773392960964a67a77637ab18fe362b - default default] GET http://mysql-001.vassilevski.com:35357/v3/auth/tokens
2017-02-04 08:39:27.261 6920 INFO keystone.common.wsgi [req-3f7e99ee-0efe-4e9b-b6e1-1056ecc49d18 2d38d1bb9d864c99a519ae2000b1e049 d773392960964a67a77637ab18fe362b - default default] GET http://mysql-001.vassilevski.com:35357/v3/auth/tokens
2017-02-04 08:39:27.324 6924 INFO keystone.common.wsgi [req-8d9f11f6-5b52-44f3-84ee-d33ce13a7d9e 2d38d1bb9d864c99a519ae2000b1e049 d773392960964a67a77637ab18fe362b - default default] GET http://mysql-001.vassilevski.com:35357/v3/auth/tokens
2017-02-04 08:39:27.424 6923 INFO keystone.common.wsgi [req-5e41620c-b787-4e1a-849b-872fe4938756 2d38d1bb9d864c99a519ae2000b1e049 d773392960964a67a77637ab18fe362b - default default] GET http://mysql-001.vassilevski.com:35357/v3/auth/tokens
2017-02-04 08:40:27.626 6924 INFO keystone.common.wsgi [req-8995412f-78fe-4b64-9466-7e09e17b97bd 2d38d1bb9d864c99a519ae2000b1e049 d773392960964a67a77637ab18fe362b - default default] GET http://mysql-001.vassilevski.com:35357/v3/auth/tokens
2017-02-04 08:40:27.763 6923 INFO keystone.common.wsgi [req-2827a38e-86f5-459c-9014-795a63395a6e 2d38d1bb9d864c99a519ae2000b1e049 d773392960964a67a77637ab18fe362b - default default] GET http://mysql-001.vassilevski.com:35357/v3/auth/tokens
2017-02-04 08:40:27.904 6924 INFO keystone.common.wsgi [req-cba21c85-8122-4601-8ed3-2223e93c2149 2d38d1bb9d864c99a519ae2000b1e049 d773392960964a67a77637ab18fe362b - default default] GET http://mysql-001.vassilevski.com:35357/v3/auth/tokens
2017-02-04 08:40:27.970 6923 INFO keystone.common.wsgi [req-cc78c40a-ce74-4006-9293-48ca63b9c85e 2d38d1bb9d864c99a519ae2000b1e049 d773392960964a67a77637ab18fe362b - default default] GET http://mysql-001.vassilevski.com:35357/v3/auth/tokens
2017-02-04 08:40:28.084 6924 INFO keystone.common.wsgi [req-8a9ede26-6a92-44b0-90cf-329413c4a129 2d38d1bb9d864c99a519ae2000b1e049 d773392960964a67a77637ab18fe362b - default default] GET http://mysql-001.vassilevski.com:35357/v3/auth/tokens
2017-02-04 08:41:27.799 6923 INFO keystone.common.wsgi [req-d97744c2-03ba-4f6c-af9f-39c9b19a4208 2d38d1bb9d864c99a519ae2000b1e049 d773392960964a67a77637ab18fe362b - default default] GET http://mysql-001.vassilevski.com:35357/v3/auth/tokens
2017-02-04 08:41:27.924 6924 INFO keystone.common.wsgi [req-510ca3e6-e35a-4d87-8a31-ece5595409f7 2d38d1bb9d864c99a519ae2000b1e049 d773392960964a67a77637ab18fe362b - default default] GET http://mysql-001.vassilevski.com:35357/v3/auth/tokens
2017-02-04 08:41:28.064 6923 INFO keystone.common.wsgi [req-b66cca81-4cb2-4e05-98d7-7d137286ed39 2d38d1bb9d864c99a519ae2000b1e049 d773392960964a67a77637ab18fe362b - default default] GET http://mysql-001.vassilevski.com:35357/v3/auth/tokens
2017-02-04 08:41:28.141 6922 INFO keystone.common.wsgi [req-1d2729ee-d763-4b27-a5ed-4ea64de0f43f 2d38d1bb9d864c99a519ae2000b1e049 d773392960964a67a77637ab18fe362b - default default] GET http://mysql-001.vassilevski.com:35357/v3/auth/tokens
2017-02-04 08:41:28.263 6921 INFO keystone.common.wsgi [req-685f3b89-7a34-4bf6-94ca-e877f7e62280 2d38d1bb9d864c99a519ae2000b1e049 d773392960964a67a77637ab18fe362b - default default] GET http://mysql-001.vassilevski.com:35357/v3/auth/tokens
2017-02-04 08:42:28.820 6924 INFO keystone.common.wsgi [req-a4d42878-434f-499a-94a0-ca0ded441381 2d38d1bb9d864c99a519ae2000b1e049 d773392960964a67a77637ab18fe362b - default default] GET http://mysql-001.vassilevski.com:35357/v3/auth/tokens
2017-02-04 08:42:28.948 6921 INFO keystone.common.wsgi [req-74547edf-7538-4735-9a24-00023757fade 2d38d1bb9d864c99a519ae2000b1e049 d773392960964a67a77637ab18fe362b - default default] GET http://mysql-001.vassilevski.com:35357/v3/auth/tokens
2017-02-04 08:42:29.091 6923 INFO keystone.common.wsgi [req-1e72aa5e-96c3-4357-b57a-c6d2cdcc228e 2d38d1bb9d864c99a519ae2000b1e049 d773392960964a67a77637ab18fe362b - default default] GET http://mysql-001.vassilevski.com:35357/v3/auth/tokens
2017-02-04 08:42:29.160 6924 INFO keystone.common.wsgi [req-a1a04613-9c92-4e96-b0b3-37fbb972c449 2d38d1bb9d864c99a519ae2000b1e049 d773392960964a67a77637ab18fe362b - default default] GET http://mysql-001.vassilevski.com:35357/v3/auth/tokens
2017-02-04 08:42:29.272 6920 INFO keystone.common.wsgi [req-b1b2f36d-ad39-4b4a-8edc-669c22bda2cc 2d38d1bb9d864c99a519ae2000b1e049 d773392960964a67a77637ab18fe362b - default default] GET http://mysql-001.vassilevski.com:35357/v3/auth/tokens
2017-02-04 08:43:30.815 6923 INFO keystone.common.wsgi [req-4467f242-31ba-460b-bd71-5b21837dbc28 2d38d1bb9d864c99a519ae2000b1e049 d773392960964a67a77637ab18fe362b - default default] GET http://mysql-001.vassilevski.com:35357/v3/auth/tokens
2017-02-04 08:43:31.093 6924 INFO keystone.common.wsgi [req-b0a507d5-ea09-47a1-b336-6eb2d4954e78 2d38d1bb9d864c99a519ae2000b1e049 d773392960964a67a77637ab18fe362b - default default] GET http://mysql-001.vassilevski.com:35357/v3/auth/tokens
2017-02-04 08:43:31.211 6920 INFO keystone.common.wsgi [req-4a0b5767-6d35-460a-93ce-a999c00eddfc 2d38d1bb9d864c99a519ae2000b1e049 d773392960964a67a77637ab18fe362b - default default] GET http://mysql-001.vassilevski.com:35357/v3/auth/tokens
2017-02-04 08:43:31.268 6923 INFO keystone.common.wsgi [req-ce0b5c66-cfd9-46b1-857f-06de842224a9 2d38d1bb9d864c99a519ae2000b1e049 d773392960964a67a77637ab18fe362b - default default] GET http://mysql-001.vassilevski.com:35357/v3/auth/tokens
2017-02-04 08:43:31.377 6921 INFO keystone.common.wsgi [req-76d1b057-ae56-4244-b881-14d34911ae0e 2d38d1bb9d864c99a519ae2000b1e049 d773392960964a67a77637ab18fe362b - default default] GET http://mysql-001.vassilevski.com:35357/v3/auth/tokens
2017-02-04 08:44:30.620 6920 INFO keystone.common.wsgi [req-09b8db96-df70-489c-b90b-345c41598416 2d38d1bb9d864c99a519ae2000b1e049 d773392960964a67a77637ab18fe362b - default default] GET http://mysql-001.vassilevski.com:35357/v3/auth/tokens
2017-02-04 08:44:30.749 6922 INFO keystone.common.wsgi [req-8afc68b1-c9ad-4820-97a3-708ea5e3c780 2d38d1bb9d864c99a519ae2000b1e049 d773392960964a67a77637ab18fe362b - default default] GET http://mysql-001.vassilevski.com:35357/v3/auth/tokens
2017-02-04 08:44:30.890 6923 INFO keystone.common.wsgi [req-717e77ce-8717-41bd-ad3b-7eb7edb720da 2d38d1bb9d864c99a519ae2000b1e049 d773392960964a67a77637ab18fe362b - default default] GET http://mysql-001.vassilevski.com:35357/v3/auth/tokens
2017-02-04 08:44:30.956 6924 INFO keystone.common.wsgi [req-c2b45440-966c-455f-b419-9d17aa48935b 2d38d1bb9d864c99a519ae2000b1e049 d773392960964a67a77637ab18fe362b - default default] GET http://mysql-001.vassilevski.com:35357/v3/auth/tokens
2017-02-04 08:44:31.066 6921 INFO keystone.common.wsgi [req-bd8cba78-c932-4e4c-9973-3a3e6601d608 2d38d1bb9d864c99a519ae2000b1e049 d773392960964a67a77637ab18fe362b - default default] GET http://mysql-001.vassilevski.com:35357/v3/auth/tokens
2017-02-04 08:45:30.617 6922 INFO keystone.common.wsgi [req-b9abd991-9a0b-4523-972d-127e32a90632 2d38d1bb9d864c99a519ae2000b1e049 d773392960964a67a77637ab18fe362b - default default] GET http://mysql-001.vassilevski.com:35357/v3/auth/tokens
2017-02-04 08:45:30.750 6920 INFO keystone.common.wsgi [req-229e7e55-f5e6-4f2d-8b74-a43a71c6d6c9 2d38d1bb9d864c99a519ae2000b1e049 d773392960964a67a77637ab18fe362b - default default] GET http://mysql-001.vassilevski.com:35357/v3/auth/tokens
2017-02-04 08:45:30.889 6921 INFO keystone.common.wsgi [req-56580b7c-483c-4c52-9ad5-6bc7867abbe0 2d38d1bb9d864c99a519ae2000b1e049 d773392960964a67a77637ab18fe362b - default default] GET http://mysql-001.vassilevski.com:35357/v3/auth/tokens
2017-02-04 08:45:30.961 6924 INFO keystone.common.wsgi [req-e43c370c-3f34-4403-bc4d-8bae5971f7ef 2d38d1bb9d864c99a519ae2000b1e049 d773392960964a67a77637ab18fe362b - default default] GET http://mysql-001.vassilevski.com:35357/v3/auth/tokens
2017-02-04 08:45:31.077 6923 INFO keystone.common.wsgi [req-f622a287-194e-42e0-9094-8317a294a19d 2d38d1bb9d864c99a519ae2000b1e049 d773392960964a67a77637ab18fe362b - default default] GET http://mysql-001.vassilevski.com:35357/v3/auth/tokens
2017-02-04 08:46:31.622 6922 INFO keystone.common.wsgi [req-824c08b3-b92c-414a-ba90-f5b13bde0b66 2d38d1bb9d864c99a519ae2000b1e049 d773392960964a67a77637ab18fe362b - default default] GET http://mysql-001.vassilevski.com:35357/v3/auth/tokens
2017-02-04 08:46:31.758 6920 INFO keystone.common.wsgi [req-a4db3971-e8ba-4a39-b423-9b57b2a00304 2d38d1bb9d864c99a519ae2000b1e049 d773392960964a67a77637ab18fe362b - default default] GET http://mysql-001.vassilevski.com:35357/v3/auth/tokens
2017-02-04 08:46:31.900 6924 INFO keystone.common.wsgi [req-fb8c705c-b453-4a03-981b-f126aec4dc5f 2d38d1bb9d864c99a519ae2000b1e049 d773392960964a67a77637ab18fe362b - default default] GET http://mysql-001.vassilevski.com:35357/v3/auth/tokens
2017-02-04 08:46:31.969 6923 INFO keystone.common.wsgi [req-f0b0c08b-253d-418b-8738-951aac6113fa 2d38d1bb9d864c99a519ae2000b1e049 d773392960964a67a77637ab18fe362b - default default] GET http://mysql-001.vassilevski.com:35357/v3/auth/tokens
2017-02-04 08:46:32.069 6922 INFO keystone.common.wsgi [req-6faf3407-e78d-4f13-8c4b-36142881d8c0 2d38d1bb9d864c99a519ae2000b1e049 d773392960964a67a77637ab18fe362b - default default] GET http://mysql-001.vassilevski.com:35357/v3/auth/tokens
2017-02-04 08:47:33.870 6921 INFO keystone.common.wsgi [req-1bab7c86-8b18-477a-94e8-23c209f8bf40 2d38d1bb9d864c99a519ae2000b1e049 d773392960964a67a77637ab18fe362b - default default] GET http://mysql-001.vassilevski.com:35357/v3/auth/tokens
2017-02-04 08:47:34.001 6922 INFO keystone.common.wsgi [req-f0826c2c-555b-4e1c-a7fd-23ff5f5f3b9a 2d38d1bb9d864c99a519ae2000b1e049 d773392960964a67a77637ab18fe362b - default default] GET http://mysql-001.vassilevski.com:35357/v3/auth/tokens
2017-02-04 08:47:34.144 6923 INFO keystone.common.wsgi [req-0c3d6302-98b0-45e5-897e-c3b319eff082 2d38d1bb9d864c99a519ae2000b1e049 d773392960964a67a77637ab18fe362b - default default] GET http://mysql-001.vassilevski.com:35357/v3/auth/tokens
2017-02-04 08:47:34.214 6921 INFO keystone.common.wsgi [req-7c74f4e9-0a7a-44a5-bf6e-e6ad277a60a9 2d38d1bb9d864c99a519ae2000b1e049 d773392960964a67a77637ab18fe362b - default default] GET http://mysql-001.vassilevski.com:35357/v3/auth/tokens
2017-02-04 08:47:34.328 6922 INFO keystone.common.wsgi [req-1d6587ac-a33e-4791-8fd8-bc9d51532d45 2d38d1bb9d864c99a519ae2000b1e049 d773392960964a67a77637ab18fe362b - default default] GET http://mysql-001.vassilevski.com:35357/v3/auth/tokens
2017-02-04 08:48:32.614 6921 INFO keystone.common.wsgi [req-a880f5ea-5372-4e38-bbf0-395199a7473c 2d38d1bb9d864c99a519ae2000b1e049 d773392960964a67a77637ab18fe362b - default default] GET http://mysql-001.vassilevski.com:35357/v3/auth/tokens
2017-02-04 08:48:32.733 6922 INFO keystone.common.wsgi [req-5f15ad88-4c06-4f30-8550-fd040f0fa927 2d38d1bb9d864c99a519ae2000b1e049 d773392960964a67a77637ab18fe362b - default default] GET http://mysql-001.vassilevski.com:35357/v3/auth/tokens
2017-02-04 08:48:32.867 6921 INFO keystone.common.wsgi [req-6328b3f2-8847-42fe-acd9-bfca74051e68 2d38d1bb9d864c99a519ae2000b1e049 d773392960964a67a77637ab18fe362b - default default] GET http://mysql-001.vassilevski.com:35357/v3/auth/tokens
2017-02-04 08:48:32.947 6920 INFO keystone.common.wsgi [req-e9a8dddc-83e7-4671-83e3-b58ff24bbc51 2d38d1bb9d864c99a519ae2000b1e049 d773392960964a67a77637ab18fe362b - default default] GET http://mysql-001.vassilevski.com:35357/v3/auth/tokens
2017-02-04 08:48:33.079 6923 INFO keystone.common.wsgi [req-1595a375-24c1-45b1-939e-00fd522965c3 2d38d1bb9d864c99a519ae2000b1e049 d773392960964a67a77637ab18fe362b - default default] GET http://mysql-001.vassilevski.com:35357/v3/auth/tokens
2017-02-04 08:49:32.631 6922 INFO keystone.common.wsgi [req-43fd9c8f-7a8b-4d15-8652-65f946320b7f 2d38d1bb9d864c99a519ae2000b1e049 d773392960964a67a77637ab18fe362b - default default] GET http://mysql-001.vassilevski.com:35357/v3/auth/tokens
2017-02-04 08:49:32.768 6921 INFO keystone.common.wsgi [req-7b507b7e-955c-4d13-8cb1-6d140da04932 2d38d1bb9d864c99a519ae2000b1e049 d773392960964a67a77637ab18fe362b - default default] GET http://mysql-001.vassilevski.com:35357/v3/auth/tokens
2017-02-04 08:49:32.934 6920 INFO keystone.common.wsgi [req-8f858c41-c453-4676-a27e-faf43bbd3740 2d38d1bb9d864c99a519ae2000b1e049 d773392960964a67a77637ab18fe362b - default default] GET http://mysql-001.vassilevski.com:35357/v3/auth/tokens
2017-02-04 08:49:33.015 6924 INFO keystone.common.wsgi [req-50a42b82-9927-4964-ab64-f300e5cfcc65 2d38d1bb9d864c99a519ae2000b1e049 d773392960964a67a77637ab18fe362b - default default] GET http://mysql-001.vassilevski.com:35357/v3/auth/tokens
2017-02-04 08:49:33.129 6923 INFO keystone.common.wsgi [req-05365031-d3c1-46dc-9a81-a2b2598bfeac 2d38d1bb9d864c99a519ae2000b1e049 d773392960964a67a77637ab18fe362b - default default] GET http://mysql-001.vassilevski.com:35357/v3/auth/tokens
2017-02-04 08:50:33.740 6924 INFO keystone.common.wsgi [req-2c8b691e-41b2-458f-8598-6aeeed3ecc33 2d38d1bb9d864c99a519ae2000b1e049 d773392960964a67a77637ab18fe362b - default default] GET http://mysql-001.vassilevski.com:35357/v3/auth/tokens
2017-02-04 08:50:33.874 6921 INFO keystone.common.wsgi [req-3d61a87c-5e67-4a05-850c-16f894fb3d3d 2d38d1bb9d864c99a519ae2000b1e049 d773392960964a67a77637ab18fe362b - default default] GET http://mysql-001.vassilevski.com:35357/v3/auth/tokens
2017-02-04 08:50:34.006 6922 INFO keystone.common.wsgi [req-eba45eae-63f0-444d-83b0-32e9fd8e2cc8 2d38d1bb9d864c99a519ae2000b1e049 d773392960964a67a77637ab18fe362b - default default] GET http://mysql-001.vassilevski.com:35357/v3/auth/tokens
2017-02-04 08:50:34.078 6921 INFO keystone.common.wsgi [req-6748db23-30ae-49d1-a23b-81760869b492 2d38d1bb9d864c99a519ae2000b1e049 d773392960964a67a77637ab18fe362b - default default] GET http://mysql-001.vassilevski.com:35357/v3/auth/tokens
2017-02-04 08:50:34.322 6920 INFO keystone.common.wsgi [req-950ea467-e825-4ba4-9782-12cd64ce8fa7 2d38d1bb9d864c99a519ae2000b1e049 d773392960964a67a77637ab18fe362b - default default] GET http://mysql-001.vassilevski.com:35357/v3/auth/tokens
2017-02-04 08:51:34.618 6923 INFO keystone.common.wsgi [req-0ab092cf-f7c5-4c2c-8bef-0abff8c9e1b4 2d38d1bb9d864c99a519ae2000b1e049 d773392960964a67a77637ab18fe362b - default default] GET http://mysql-001.vassilevski.com:35357/v3/auth/tokens
2017-02-04 08:51:34.743 6924 INFO keystone.common.wsgi [req-81a65cc4-6dcf-4f5c-ba8a-f1e079227a39 2d38d1bb9d864c99a519ae2000b1e049 d773392960964a67a77637ab18fe362b - default default] GET http://mysql-001.vassilevski.com:35357/v3/auth/tokens
2017-02-04 08:51:34.879 6923 INFO keystone.common.wsgi [req-d8ac4b54-5dd0-484c-a30d-68691fd5edd4 2d38d1bb9d864c99a519ae2000b1e049 d773392960964a67a77637ab18fe362b - default default] GET http://mysql-001.vassilevski.com:35357/v3/auth/tokens
2017-02-04 08:51:34.944 6924 INFO keystone.common.wsgi [req-f7123021-6fb2-41c4-96b0-30e088cabd67 2d38d1bb9d864c99a519ae2000b1e049 d773392960964a67a77637ab18fe362b - default default] GET http://mysql-001.vassilevski.com:35357/v3/auth/tokens
2017-02-04 08:51:35.044 6923 INFO keystone.common.wsgi [req-68ef93d4-d8d1-459d-8443-299c07d7b935 2d38d1bb9d864c99a519ae2000b1e049 d773392960964a67a77637ab18fe362b - default default] GET http://mysql-001.vassilevski.com:35357/v3/auth/tokens
2017-02-04 08:52:34.621 6924 INFO keystone.common.wsgi [req-724d8b4e-dfe9-43f6-9688-ac1d48fe661e 2d38d1bb9d864c99a519ae2000b1e049 d773392960964a67a77637ab18fe362b - default default] GET http://mysql-001.vassilevski.com:35357/v3/auth/tokens
2017-02-04 08:52:34.775 6920 INFO keystone.common.wsgi [req-586453ca-d942-4f58-b1eb-70fce2bad038 2d38d1bb9d864c99a519ae2000b1e049 d773392960964a67a77637ab18fe362b - default default] GET http://mysql-001.vassilevski.com:35357/v3/auth/tokens
2017-02-04 08:52:34.917 6923 INFO keystone.common.wsgi [req-ea88ebbd-4855-49f2-95bc-dbc33013b72b 2d38d1bb9d864c99a519ae2000b1e049 d773392960964a67a77637ab18fe362b - default default] GET http://mysql-001.vassilevski.com:35357/v3/auth/tokens
2017-02-04 08:52:34.995 6924 INFO keystone.common.wsgi [req-7b08341e-a7cb-4854-8e12-fdeacec890d2 2d38d1bb9d864c99a519ae2000b1e049 d773392960964a67a77637ab18fe362b - default default] GET http://mysql-001.vassilevski.com:35357/v3/auth/tokens
2017-02-04 08:52:35.109 6923 INFO keystone.common.wsgi [req-cef5f210-b170-4ea9-b216-eeaf50ff3370 2d38d1bb9d864c99a519ae2000b1e049 d773392960964a67a77637ab18fe362b - default default] GET http://mysql-001.vassilevski.com:35357/v3/auth/tokens
2017-02-04 08:53:34.622 6921 INFO keystone.common.wsgi [req-a16ed8ef-bea8-40ee-a9ca-c1c677c152d8 2d38d1bb9d864c99a519ae2000b1e049 d773392960964a67a77637ab18fe362b - default default] GET http://mysql-001.vassilevski.com:35357/v3/auth/tokens
2017-02-04 08:53:34.749 6920 INFO keystone.common.wsgi [req-05820663-4e46-41bd-80ef-337284e63c43 2d38d1bb9d864c99a519ae2000b1e049 d773392960964a67a77637ab18fe362b - default default] GET http://mysql-001.vassilevski.com:35357/v3/auth/tokens
2017-02-04 08:53:34.876 6923 INFO keystone.common.wsgi [req-ef1ab7d3-846c-40dd-ae9a-a83a0a46232e 2d38d1bb9d864c99a519ae2000b1e049 d773392960964a67a77637ab18fe362b - default default] GET http://mysql-001.vassilevski.com:35357/v3/auth/tokens
2017-02-04 08:53:34.950 6924 INFO keystone.common.wsgi [req-e648e0d4-95fa-4e29-bf6a-5894c490f2f6 2d38d1bb9d864c99a519ae2000b1e049 d773392960964a67a77637ab18fe362b - default default] GET http://mysql-001.vassilevski.com:35357/v3/auth/tokens
2017-02-04 08:53:35.065 6923 INFO keystone.common.wsgi [req-5b50d5b0-62ab-485b-963e-f8499eaaa5cc 2d38d1bb9d864c99a519ae2000b1e049 d773392960964a67a77637ab18fe362b - default default] GET http://mysql-001.vassilevski.com:35357/v3/auth/tokens
2017-02-04 08:54:34.637 6920 INFO keystone.common.wsgi [req-23531960-7d1c-4686-96f2-a4ddfbfe670c 2d38d1bb9d864c99a519ae2000b1e049 d773392960964a67a77637ab18fe362b - default default] GET http://mysql-001.vassilevski.com:35357/v3/auth/tokens
2017-02-04 08:54:34.761 6923 INFO keystone.common.wsgi [req-e1e5874c-1806-457d-8ad8-9b722158a2d9 2d38d1bb9d864c99a519ae2000b1e049 d773392960964a67a77637ab18fe362b - default default] GET http://mysql-001.vassilevski.com:35357/v3/auth/tokens
2017-02-04 08:54:35.042 6922 INFO keystone.common.wsgi [req-7ca7d861-e17b-427d-bcd9-8db94606a822 2d38d1bb9d864c99a519ae2000b1e049 d773392960964a67a77637ab18fe362b - default default] GET http://mysql-001.vassilevski.com:35357/v3/auth/tokens
2017-02-04 08:54:35.123 6921 INFO keystone.common.wsgi [req-d2dcc354-8c5b-409f-a390-226335af8ed3 2d38d1bb9d864c99a519ae2000b1e049 d773392960964a67a77637ab18fe362b - default default] GET http://mysql-001.vassilevski.com:35357/v3/auth/tokens
2017-02-04 08:54:35.248 6920 INFO keystone.common.wsgi [req-0ba2508a-349c-4dac-a721-7a079b877782 2d38d1bb9d864c99a519ae2000b1e049 d773392960964a67a77637ab18fe362b - default default] GET http://mysql-001.vassilevski.com:35357/v3/auth/tokens
2017-02-04 08:55:36.636 6923 INFO keystone.common.wsgi [req-f975e89d-d7ea-4181-9af3-5f0fd8cc5f99 2d38d1bb9d864c99a519ae2000b1e049 d773392960964a67a77637ab18fe362b - default default] GET http://mysql-001.vassilevski.com:35357/v3/auth/tokens
2017-02-04 08:55:36.769 6924 INFO keystone.common.wsgi [req-49560183-5dd2-4d2c-91ed-73da7d72e51d 2d38d1bb9d864c99a519ae2000b1e049 d773392960964a67a77637ab18fe362b - default default] GET http://mysql-001.vassilevski.com:35357/v3/auth/tokens
2017-02-04 08:55:36.928 6921 INFO keystone.common.wsgi [req-75ae9e70-4a73-4256-8ed6-249be55873e1 2d38d1bb9d864c99a519ae2000b1e049 d773392960964a67a77637ab18fe362b - default default] GET http://mysql-001.vassilevski.com:35357/v3/auth/tokens
2017-02-04 08:55:37.006 6923 INFO keystone.common.wsgi [req-d326b1f4-53ba-4960-84a1-f4ee3e8dcfd9 2d38d1bb9d864c99a519ae2000b1e049 d773392960964a67a77637ab18fe362b - default default] GET http://mysql-001.vassilevski.com:35357/v3/auth/tokens
2017-02-04 08:55:37.122 6921 INFO keystone.common.wsgi [req-bca11b95-44f7-4bd0-bb88-04cf1d4b7008 2d38d1bb9d864c99a519ae2000b1e049 d773392960964a67a77637ab18fe362b - default default] GET http://mysql-001.vassilevski.com:35357/v3/auth/tokens
2017-02-04 08:56:38.621 6924 INFO keystone.common.wsgi [req-efd5f105-c8a3-481b-ba24-6d21bdedcc3e 2d38d1bb9d864c99a519ae2000b1e049 d773392960964a67a77637ab18fe362b - default default] GET http://mysql-001.vassilevski.com:35357/v3/auth/tokens
2017-02-04 08:56:38.753 6923 INFO keystone.common.wsgi [req-641c013c-8301-4658-9f3c-1a98825e3c8e 2d38d1bb9d864c99a519ae2000b1e049 d773392960964a67a77637ab18fe362b - default default] GET http://mysql-001.vassilevski.com:35357/v3/auth/tokens
2017-02-04 08:56:38.878 6924 INFO keystone.common.wsgi [req-e7dd9f78-437c-43b7-ae24-ad0651c12f54 2d38d1bb9d864c99a519ae2000b1e049 d773392960964a67a77637ab18fe362b - default default] GET http://mysql-001.vassilevski.com:35357/v3/auth/tokens
2017-02-04 08:56:38.944 6920 INFO keystone.common.wsgi [req-370e3909-4c11-438e-a162-735805cb483e 2d38d1bb9d864c99a519ae2000b1e049 d773392960964a67a77637ab18fe362b - default default] GET http://mysql-001.vassilevski.com:35357/v3/auth/tokens
2017-02-04 08:56:39.038 6924 INFO keystone.common.wsgi [req-8a04f3f9-3bf1-4f6b-8bfd-c373c3ddc8f2 2d38d1bb9d864c99a519ae2000b1e049 d773392960964a67a77637ab18fe362b - default default] GET http://mysql-001.vassilevski.com:35357/v3/auth/tokens
2017-02-04 08:57:39.623 6921 INFO keystone.common.wsgi [req-750ad04b-6375-4550-910c-52da90ea8e79 2d38d1bb9d864c99a519ae2000b1e049 d773392960964a67a77637ab18fe362b - default default] GET http://mysql-001.vassilevski.com:35357/v3/auth/tokens
2017-02-04 08:57:39.744 6923 INFO keystone.common.wsgi [req-264b0035-3f7a-4161-958f-1e5c3c5d8db7 2d38d1bb9d864c99a519ae2000b1e049 d773392960964a67a77637ab18fe362b - default default] GET http://mysql-001.vassilevski.com:35357/v3/auth/tokens
2017-02-04 08:57:39.872 6922 INFO keystone.common.wsgi [req-6f090d0d-c040-4533-b39c-a7251f317bc1 2d38d1bb9d864c99a519ae2000b1e049 d773392960964a67a77637ab18fe362b - default default] GET http://mysql-001.vassilevski.com:35357/v3/auth/tokens
2017-02-04 08:57:39.943 6920 INFO keystone.common.wsgi [req-5b1e9c5d-1070-4fb3-9539-1bdd3203f28a 2d38d1bb9d864c99a519ae2000b1e049 d773392960964a67a77637ab18fe362b - default default] GET http://mysql-001.vassilevski.com:35357/v3/auth/tokens
2017-02-04 08:57:40.041 6921 INFO keystone.common.wsgi [req-5aae2897-93dc-4302-86b1-c322050f3159 2d38d1bb9d864c99a519ae2000b1e049 d773392960964a67a77637ab18fe362b - default default] GET http://mysql-001.vassilevski.com:35357/v3/auth/tokens
2017-02-04 08:58:40.627 6922 INFO keystone.common.wsgi [req-0c062243-ddd2-4962-bfd5-f90ae4f5e725 2d38d1bb9d864c99a519ae2000b1e049 d773392960964a67a77637ab18fe362b - default default] GET http://mysql-001.vassilevski.com:35357/v3/auth/tokens
2017-02-04 08:58:40.758 6924 INFO keystone.common.wsgi [req-05dbcdc5-c499-408a-8ee6-ee650f5afab9 2d38d1bb9d864c99a519ae2000b1e049 d773392960964a67a77637ab18fe362b - default default] GET http://mysql-001.vassilevski.com:35357/v3/auth/tokens
2017-02-04 08:58:41.029 6923 INFO keystone.common.wsgi [req-8a2ca51c-76a4-49f0-9a9f-1edd82d40301 2d38d1bb9d864c99a519ae2000b1e049 d773392960964a67a77637ab18fe362b - default default] GET http://mysql-001.vassilevski.com:35357/v3/auth/tokens
2017-02-04 08:58:41.102 6920 INFO keystone.common.wsgi [req-77168216-f2b0-491c-b7b4-b697c8ecdb98 2d38d1bb9d864c99a519ae2000b1e049 d773392960964a67a77637ab18fe362b - default default] GET http://mysql-001.vassilevski.com:35357/v3/auth/tokens
2017-02-04 08:58:41.203 6922 INFO keystone.common.wsgi [req-c554168e-530b-4062-84c4-ba9b1ccd9957 2d38d1bb9d864c99a519ae2000b1e049 d773392960964a67a77637ab18fe362b - default default] GET http://mysql-001.vassilevski.com:35357/v3/auth/tokens
2017-02-04 08:59:41.631 6923 INFO keystone.common.wsgi [req-e6b7cd28-74f3-47bf-b3a9-2364f0f771e0 2d38d1bb9d864c99a519ae2000b1e049 d773392960964a67a77637ab18fe362b - default default] GET http://mysql-001.vassilevski.com:35357/v3/auth/tokens
2017-02-04 08:59:41.767 6924 INFO keystone.common.wsgi [req-56974cb4-34e6-48d2-a026-1d64bcff9f78 2d38d1bb9d864c99a519ae2000b1e049 d773392960964a67a77637ab18fe362b - default default] GET http://mysql-001.vassilevski.com:35357/v3/auth/tokens
2017-02-04 08:59:41.906 6921 INFO keystone.common.wsgi [req-d4e16e40-5e93-46ad-86c7-9d9c1ee6520b 2d38d1bb9d864c99a519ae2000b1e049 d773392960964a67a77637ab18fe362b - default default] GET http://mysql-001.vassilevski.com:35357/v3/auth/tokens
2017-02-04 08:59:41.978 6920 INFO keystone.common.wsgi [req-1721efbf-da0d-482d-9436-63126c9770e0 2d38d1bb9d864c99a519ae2000b1e049 d773392960964a67a77637ab18fe362b - default default] GET http://mysql-001.vassilevski.com:35357/v3/auth/tokens
2017-02-04 08:59:42.086 6923 INFO keystone.common.wsgi [req-35cf63e5-f82c-4cb9-8f9b-842805a61091 2d38d1bb9d864c99a519ae2000b1e049 d773392960964a67a77637ab18fe362b - default default] GET http://mysql-001.vassilevski.com:35357/v3/auth/tokens
2017-02-04 09:00:43.623 6924 INFO keystone.common.wsgi [req-7186d013-2147-428d-9503-e587a4368246 2d38d1bb9d864c99a519ae2000b1e049 d773392960964a67a77637ab18fe362b - default default] GET http://mysql-001.vassilevski.com:35357/v3/auth/tokens
2017-02-04 09:00:43.750 6923 INFO keystone.common.wsgi [req-98d59da0-8209-4dc5-b281-51b009d041bc 2d38d1bb9d864c99a519ae2000b1e049 d773392960964a67a77637ab18fe362b - default default] GET http://mysql-001.vassilevski.com:35357/v3/auth/tokens
2017-02-04 09:00:43.886 6921 INFO keystone.common.wsgi [req-66febdb7-c0f9-4d2c-b651-63d24acc656f 2d38d1bb9d864c99a519ae2000b1e049 d773392960964a67a77637ab18fe362b - default default] GET http://mysql-001.vassilevski.com:35357/v3/auth/tokens
2017-02-04 09:00:43.964 6920 INFO keystone.common.wsgi [req-b3db460f-d150-4dcb-84d4-2dd6df6d91be 2d38d1bb9d864c99a519ae2000b1e049 d773392960964a67a77637ab18fe362b - default default] GET http://mysql-001.vassilevski.com:35357/v3/auth/tokens
2017-02-04 09:00:44.090 6922 INFO keystone.common.wsgi [req-cda0e0c9-6e19-4537-91b1-0a155ffe7028 2d38d1bb9d864c99a519ae2000b1e049 d773392960964a67a77637ab18fe362b - default default] GET http://mysql-001.vassilevski.com:35357/v3/auth/tokens
2017-02-04 09:01:43.622 6921 INFO keystone.common.wsgi [req-ff0f5701-acdd-4de6-b594-b21487d64af2 2d38d1bb9d864c99a519ae2000b1e049 d773392960964a67a77637ab18fe362b - default default] GET http://mysql-001.vassilevski.com:35357/v3/auth/tokens
2017-02-04 09:01:43.746 6920 INFO keystone.common.wsgi [req-f332c231-c6c8-4f89-b7e7-3cdf897b82a8 2d38d1bb9d864c99a519ae2000b1e049 d773392960964a67a77637ab18fe362b - default default] GET http://mysql-001.vassilevski.com:35357/v3/auth/tokens
2017-02-04 09:01:43.877 6922 INFO keystone.common.wsgi [req-8a43ce49-4d2d-47bb-8442-91be0bc393b8 2d38d1bb9d864c99a519ae2000b1e049 d773392960964a67a77637ab18fe362b - default default] GET http://mysql-001.vassilevski.com:35357/v3/auth/tokens
2017-02-04 09:01:43.948 6921 INFO keystone.common.wsgi [req-97c84953-14fc-4a1e-b543-ffc984f65c58 2d38d1bb9d864c99a519ae2000b1e049 d773392960964a67a77637ab18fe362b - default default] GET http://mysql-001.vassilevski.com:35357/v3/auth/tokens
2017-02-04 09:01:44.065 6924 INFO keystone.common.wsgi [req-57625b3c-7201-48c0-a766-373a95e6ea75 2d38d1bb9d864c99a519ae2000b1e049 d773392960964a67a77637ab18fe362b - default default] GET http://mysql-001.vassilevski.com:35357/v3/auth/tokens
2017-02-04 09:02:44.597 6923 INFO keystone.common.wsgi [req-029db2ad-42ff-4016-9110-14ec860c1150 - - - - -] POST http://mysql-001.vassilevski.com:35357/v3/auth/tokens
2017-02-04 09:02:44.876 6924 INFO keystone.common.wsgi [req-48afdd64-d59f-474f-8c73-855e15290310 2d38d1bb9d864c99a519ae2000b1e049 d773392960964a67a77637ab18fe362b - default default] GET http://mysql-001.vassilevski.com:35357/v3/auth/tokens
2017-02-04 09:02:45.156 6920 INFO keystone.common.wsgi [req-9fde5efc-18d3-4802-b1c4-97046ae65ebe 2d38d1bb9d864c99a519ae2000b1e049 d773392960964a67a77637ab18fe362b - default default] GET http://mysql-001.vassilevski.com:35357/v3/auth/tokens
2017-02-04 09:02:45.275 6922 INFO keystone.common.wsgi [req-da73d155-3147-4da7-96d7-91e18f584fa5 2d38d1bb9d864c99a519ae2000b1e049 d773392960964a67a77637ab18fe362b - default default] GET http://mysql-001.vassilevski.com:35357/v3/auth/tokens
2017-02-04 09:02:45.341 6923 INFO keystone.common.wsgi [req-5cf3a8e0-38dc-47f9-bf35-dbe9415179ed 2d38d1bb9d864c99a519ae2000b1e049 d773392960964a67a77637ab18fe362b - default default] GET http://mysql-001.vassilevski.com:35357/v3/auth/tokens
2017-02-04 09:02:45.444 6921 INFO keystone.common.wsgi [req-ab5d1e5a-a5d9-4fe6-b820-b39fdd78b206 2d38d1bb9d864c99a519ae2000b1e049 d773392960964a67a77637ab18fe362b - default default] GET http://mysql-001.vassilevski.com:35357/v3/auth/tokens
2017-02-04 09:03:45.623 6923 INFO keystone.common.wsgi [req-b436984a-b28f-4514-bee9-926931d251ea 2d38d1bb9d864c99a519ae2000b1e049 d773392960964a67a77637ab18fe362b - default default] GET http://mysql-001.vassilevski.com:35357/v3/auth/tokens
2017-02-04 09:03:45.758 6920 INFO keystone.common.wsgi [req-6635022e-03f3-4894-85fc-5b5127e74bab 2d38d1bb9d864c99a519ae2000b1e049 d773392960964a67a77637ab18fe362b - default default] GET http://mysql-001.vassilevski.com:35357/v3/auth/tokens
2017-02-04 09:03:45.899 6922 INFO keystone.common.wsgi [req-4b01e102-42bc-47f1-af67-92853e17c12e 2d38d1bb9d864c99a519ae2000b1e049 d773392960964a67a77637ab18fe362b - default default] GET http://mysql-001.vassilevski.com:35357/v3/auth/tokens
2017-02-04 09:03:45.976 6921 INFO keystone.common.wsgi [req-3bbeb1a8-11e1-4ee3-bb5b-ccf43dafc297 2d38d1bb9d864c99a519ae2000b1e049 d773392960964a67a77637ab18fe362b - default default] GET http://mysql-001.vassilevski.com:35357/v3/auth/tokens
2017-02-04 09:03:46.083 6923 INFO keystone.common.wsgi [req-27cab8d1-aad7-4191-ac46-038c031f0fd2 2d38d1bb9d864c99a519ae2000b1e049 d773392960964a67a77637ab18fe362b - default default] GET http://mysql-001.vassilevski.com:35357/v3/auth/tokens
2017-02-04 09:04:45.621 6922 INFO keystone.common.wsgi [req-adaa6e42-5dfe-407f-9df2-13fe471757ca 2d38d1bb9d864c99a519ae2000b1e049 d773392960964a67a77637ab18fe362b - default default] GET http://mysql-001.vassilevski.com:35357/v3/auth/tokens
2017-02-04 09:04:45.776 6920 INFO keystone.common.wsgi [req-38b390fb-470d-4f06-b232-72e2fe39cc3a 2d38d1bb9d864c99a519ae2000b1e049 d773392960964a67a77637ab18fe362b - default default] GET http://mysql-001.vassilevski.com:35357/v3/auth/tokens
2017-02-04 09:04:45.926 6924 INFO keystone.common.wsgi [req-df736bb2-e945-4efe-a756-ef44300f2e77 2d38d1bb9d864c99a519ae2000b1e049 d773392960964a67a77637ab18fe362b - default default] GET http://mysql-001.vassilevski.com:35357/v3/auth/tokens
2017-02-04 09:04:46.008 6921 INFO keystone.common.wsgi [req-1fe0a457-3ad7-4616-b141-c26b89184907 2d38d1bb9d864c99a519ae2000b1e049 d773392960964a67a77637ab18fe362b - default default] GET http://mysql-001.vassilevski.com:35357/v3/auth/tokens
2017-02-04 09:04:46.129 6922 INFO keystone.common.wsgi [req-b68fbee4-7ef1-4069-a4ba-e78155e0e259 2d38d1bb9d864c99a519ae2000b1e049 d773392960964a67a77637ab18fe362b - default default] GET http://mysql-001.vassilevski.com:35357/v3/auth/tokens
2017-02-04 09:05:47.632 6920 INFO keystone.common.wsgi [req-f823ef31-3b0a-42ad-ba50-b4c8f59f0ccd 2d38d1bb9d864c99a519ae2000b1e049 d773392960964a67a77637ab18fe362b - default default] GET http://mysql-001.vassilevski.com:35357/v3/auth/tokens
2017-02-04 09:05:47.769 6924 INFO keystone.common.wsgi [req-b5edb275-40d1-4dbb-8cb6-6e3d669a1be4 2d38d1bb9d864c99a519ae2000b1e049 d773392960964a67a77637ab18fe362b - default default] GET http://mysql-001.vassilevski.com:35357/v3/auth/tokens
2017-02-04 09:05:47.909 6922 INFO keystone.common.wsgi [req-4ba066b6-7aab-471b-9c8f-8b76c1ed4b14 2d38d1bb9d864c99a519ae2000b1e049 d773392960964a67a77637ab18fe362b - default default] GET http://mysql-001.vassilevski.com:35357/v3/auth/tokens
2017-02-04 09:05:47.993 6921 INFO keystone.common.wsgi [req-70466c6d-54b2-458e-8a3c-3060b7074dbd 2d38d1bb9d864c99a519ae2000b1e049 d773392960964a67a77637ab18fe362b - default default] GET http://mysql-001.vassilevski.com:35357/v3/auth/tokens
2017-02-04 09:05:48.117 6924 INFO keystone.common.wsgi [req-236793f0-cf98-4f9a-a968-0dbe1432e24e 2d38d1bb9d864c99a519ae2000b1e049 d773392960964a67a77637ab18fe362b - default default] GET http://mysql-001.vassilevski.com:35357/v3/auth/tokens
2017-02-04 09:06:54.631 6923 INFO keystone.common.wsgi [req-c197b2cb-072a-49a3-a146-3f8b51702dd6 2d38d1bb9d864c99a519ae2000b1e049 d773392960964a67a77637ab18fe362b - default default] GET http://mysql-001.vassilevski.com:35357/v3/auth/tokens
2017-02-04 09:06:54.780 6921 INFO keystone.common.wsgi [req-6937334c-5a9a-43b9-a6c7-04cc1cefab7a 2d38d1bb9d864c99a519ae2000b1e049 d773392960964a67a77637ab18fe362b - default default] GET http://mysql-001.vassilevski.com:35357/v3/auth/tokens
2017-02-04 09:06:55.043 6924 INFO keystone.common.wsgi [req-8a556ff0-7de7-4354-9204-41e162edf5a9 2d38d1bb9d864c99a519ae2000b1e049 d773392960964a67a77637ab18fe362b - default default] GET http://mysql-001.vassilevski.com:35357/v3/auth/tokens
2017-02-04 09:06:55.095 6923 INFO keystone.common.wsgi [req-2a6adf4e-2f1e-46fd-9e56-7fdb4d0ecad7 2d38d1bb9d864c99a519ae2000b1e049 d773392960964a67a77637ab18fe362b - default default] GET http://mysql-001.vassilevski.com:35357/v3/auth/tokens
2017-02-04 09:06:55.193 6924 INFO keystone.common.wsgi [req-dda5c421-1745-4192-a9b9-0bcd7478b4c0 2d38d1bb9d864c99a519ae2000b1e049 d773392960964a67a77637ab18fe362b - default default] GET http://mysql-001.vassilevski.com:35357/v3/auth/tokens
2017-02-04 09:07:51.626 6921 INFO keystone.common.wsgi [req-0dc58eee-5f83-40a8-94ee-9fba8a473afa 2d38d1bb9d864c99a519ae2000b1e049 d773392960964a67a77637ab18fe362b - default default] GET http://mysql-001.vassilevski.com:35357/v3/auth/tokens
2017-02-04 09:07:51.754 6923 INFO keystone.common.wsgi [req-1407710f-b803-4e9a-a7db-2e009291b0d0 2d38d1bb9d864c99a519ae2000b1e049 d773392960964a67a77637ab18fe362b - default default] GET http://mysql-001.vassilevski.com:35357/v3/auth/tokens
2017-02-04 09:07:51.886 6924 INFO keystone.common.wsgi [req-0efd141f-f663-4d68-b271-dab6ba0857a6 2d38d1bb9d864c99a519ae2000b1e049 d773392960964a67a77637ab18fe362b - default default] GET http://mysql-001.vassilevski.com:35357/v3/auth/tokens
2017-02-04 09:07:51.950 6920 INFO keystone.common.wsgi [req-193806c5-e247-4db8-bc62-ec3f178377de 2d38d1bb9d864c99a519ae2000b1e049 d773392960964a67a77637ab18fe362b - default default] GET http://mysql-001.vassilevski.com:35357/v3/auth/tokens
2017-02-04 09:07:52.057 6923 INFO keystone.common.wsgi [req-d005adcd-64a4-453e-aa4f-068a1cb796f0 2d38d1bb9d864c99a519ae2000b1e049 d773392960964a67a77637ab18fe362b - default default] GET http://mysql-001.vassilevski.com:35357/v3/auth/tokens
2017-02-04 09:08:52.629 6924 INFO keystone.common.wsgi [req-7b911892-5dd4-4d45-b546-55150424a0bb 2d38d1bb9d864c99a519ae2000b1e049 d773392960964a67a77637ab18fe362b - default default] GET http://mysql-001.vassilevski.com:35357/v3/auth/tokens
2017-02-04 09:08:52.755 6921 INFO keystone.common.wsgi [req-1da76177-7184-4654-9303-e2e6ad2ae681 2d38d1bb9d864c99a519ae2000b1e049 d773392960964a67a77637ab18fe362b - default default] GET http://mysql-001.vassilevski.com:35357/v3/auth/tokens
2017-02-04 09:08:52.886 6924 INFO keystone.common.wsgi [req-894444b9-a136-4477-b14b-7724179eae2b 2d38d1bb9d864c99a519ae2000b1e049 d773392960964a67a77637ab18fe362b - default default] GET http://mysql-001.vassilevski.com:35357/v3/auth/tokens
2017-02-04 09:08:52.956 6922 INFO keystone.common.wsgi [req-a02135a5-b94f-482c-85b8-236820a8aee8 2d38d1bb9d864c99a519ae2000b1e049 d773392960964a67a77637ab18fe362b - default default] GET http://mysql-001.vassilevski.com:35357/v3/auth/tokens
2017-02-04 09:08:53.057 6923 INFO keystone.common.wsgi [req-7e5632a5-a0e3-4e0c-b2d7-de97673ebf05 2d38d1bb9d864c99a519ae2000b1e049 d773392960964a67a77637ab18fe362b - default default] GET http://mysql-001.vassilevski.com:35357/v3/auth/tokens
2017-02-04 09:09:54.632 6924 INFO keystone.common.wsgi [req-b6238360-b08c-47cb-aa1e-6f5ef02ee474 2d38d1bb9d864c99a519ae2000b1e049 d773392960964a67a77637ab18fe362b - default default] GET http://mysql-001.vassilevski.com:35357/v3/auth/tokens
2017-02-04 09:09:54.769 6920 INFO keystone.common.wsgi [req-fc773eab-92b2-4c06-a135-64b534e1d403 2d38d1bb9d864c99a519ae2000b1e049 d773392960964a67a77637ab18fe362b - default default] GET http://mysql-001.vassilevski.com:35357/v3/auth/tokens
2017-02-04 09:09:54.896 6924 INFO keystone.common.wsgi [req-e46eedfc-77e0-45e5-afe5-f42ceb438f66 2d38d1bb9d864c99a519ae2000b1e049 d773392960964a67a77637ab18fe362b - default default] GET http://mysql-001.vassilevski.com:35357/v3/auth/tokens
2017-02-04 09:09:55.001 6922 INFO keystone.common.wsgi [req-b1466aea-83a1-493e-a439-e4b93eb6faf1 2d38d1bb9d864c99a519ae2000b1e049 d773392960964a67a77637ab18fe362b - default default] GET http://mysql-001.vassilevski.com:35357/v3/auth/tokens
2017-02-04 09:09:55.139 6923 INFO keystone.common.wsgi [req-1d3f4713-71dc-4c7f-b824-cd8404b842c8 2d38d1bb9d864c99a519ae2000b1e049 d773392960964a67a77637ab18fe362b - default default] GET http://mysql-001.vassilevski.com:35357/v3/auth/tokens
2017-02-04 09:10:54.630 6924 INFO keystone.common.wsgi [req-7a4236d7-0582-49f4-bc90-d2c30821c201 2d38d1bb9d864c99a519ae2000b1e049 d773392960964a67a77637ab18fe362b - default default] GET http://mysql-001.vassilevski.com:35357/v3/auth/tokens
2017-02-04 09:10:54.756 6923 INFO keystone.common.wsgi [req-295e1ccf-d271-4c8e-9da0-fa05994a25df 2d38d1bb9d864c99a519ae2000b1e049 d773392960964a67a77637ab18fe362b - default default] GET http://mysql-001.vassilevski.com:35357/v3/auth/tokens
2017-02-04 09:10:54.878 6921 INFO keystone.common.wsgi [req-9a91646b-718c-4e05-bc2a-ee7bb57cf211 2d38d1bb9d864c99a519ae2000b1e049 d773392960964a67a77637ab18fe362b - default default] GET http://mysql-001.vassilevski.com:35357/v3/auth/tokens
2017-02-04 09:10:54.941 6923 INFO keystone.common.wsgi [req-94646383-cde4-438b-b640-0ec4577db840 2d38d1bb9d864c99a519ae2000b1e049 d773392960964a67a77637ab18fe362b - default default] GET http://mysql-001.vassilevski.com:35357/v3/auth/tokens
2017-02-04 09:10:55.159 6922 INFO keystone.common.wsgi [req-27f286c6-d9aa-4d64-a6b2-22315b2aa73b 2d38d1bb9d864c99a519ae2000b1e049 d773392960964a67a77637ab18fe362b - default default] GET http://mysql-001.vassilevski.com:35357/v3/auth/tokens
2017-02-04 09:11:56.623 6923 INFO keystone.common.wsgi [req-fde78406-1eb7-424e-857c-9b9866e7b8d8 2d38d1bb9d864c99a519ae2000b1e049 d773392960964a67a77637ab18fe362b - default default] GET http://mysql-001.vassilevski.com:35357/v3/auth/tokens
2017-02-04 09:11:56.747 6922 INFO keystone.common.wsgi [req-beff6ae8-6893-476a-b993-4201a853de91 2d38d1bb9d864c99a519ae2000b1e049 d773392960964a67a77637ab18fe362b - default default] GET http://mysql-001.vassilevski.com:35357/v3/auth/tokens
2017-02-04 09:11:56.892 6923 INFO keystone.common.wsgi [req-5b0f8be1-8336-4027-93e1-de83fb5b56ae 2d38d1bb9d864c99a519ae2000b1e049 d773392960964a67a77637ab18fe362b - default default] GET http://mysql-001.vassilevski.com:35357/v3/auth/tokens
2017-02-04 09:11:56.971 6924 INFO keystone.common.wsgi [req-824338bf-5e46-43ab-b215-90aafd58fefc 2d38d1bb9d864c99a519ae2000b1e049 d773392960964a67a77637ab18fe362b - default default] GET http://mysql-001.vassilevski.com:35357/v3/auth/tokens
2017-02-04 09:11:57.102 6920 INFO keystone.common.wsgi [req-31faab33-2f34-4c8e-b61e-173cce6546e9 2d38d1bb9d864c99a519ae2000b1e049 d773392960964a67a77637ab18fe362b - default default] GET http://mysql-001.vassilevski.com:35357/v3/auth/tokens
2017-02-04 09:12:56.614 6921 INFO keystone.common.wsgi [req-fdd954fb-1ee2-44fc-b8c0-867b14c40d86 - - - - -] POST http://mysql-001.vassilevski.com:35357/v3/auth/tokens
2017-02-04 09:12:56.892 6924 INFO keystone.common.wsgi [req-a20a61ea-c47e-4f76-92a7-49a78f0eb7de 2d38d1bb9d864c99a519ae2000b1e049 d773392960964a67a77637ab18fe362b - default default] GET http://mysql-001.vassilevski.com:35357/v3/auth/tokens
2017-02-04 09:12:56.988 6922 INFO keystone.common.wsgi [req-c16592a3-92bd-4952-bc90-b11b727e1456 2d38d1bb9d864c99a519ae2000b1e049 d773392960964a67a77637ab18fe362b - default default] GET http://mysql-001.vassilevski.com:35357/v3/auth/tokens
2017-02-04 09:12:57.087 6923 INFO keystone.common.wsgi [req-651ff722-3c5f-4106-b7d2-1580c6b0e0e1 2d38d1bb9d864c99a519ae2000b1e049 d773392960964a67a77637ab18fe362b - default default] GET http://mysql-001.vassilevski.com:35357/v3/auth/tokens
2017-02-04 09:12:57.138 6922 INFO keystone.common.wsgi [req-c5668b3b-fe86-4d87-8229-702ac831843b 2d38d1bb9d864c99a519ae2000b1e049 d773392960964a67a77637ab18fe362b - default default] GET http://mysql-001.vassilevski.com:35357/v3/auth/tokens
2017-02-04 09:12:57.224 6923 INFO keystone.common.wsgi [req-94deeb7a-73fb-4b8e-98b7-7a383ca4ec89 2d38d1bb9d864c99a519ae2000b1e049 d773392960964a67a77637ab18fe362b - default default] GET http://mysql-001.vassilevski.com:35357/v3/auth/tokens
2017-02-04 09:13:57.639 6922 INFO keystone.common.wsgi [req-58fdb197-5e7c-4794-add3-f0a7577d1adb 2d38d1bb9d864c99a519ae2000b1e049 d773392960964a67a77637ab18fe362b - default default] GET http://mysql-001.vassilevski.com:35357/v3/auth/tokens
2017-02-04 09:13:57.767 6923 INFO keystone.common.wsgi [req-f9c5213e-fcf9-4b27-a636-317909a9e76b 2d38d1bb9d864c99a519ae2000b1e049 d773392960964a67a77637ab18fe362b - default default] GET http://mysql-001.vassilevski.com:35357/v3/auth/tokens
2017-02-04 09:13:57.892 6922 INFO keystone.common.wsgi [req-b967ab14-0a25-4213-8ac3-02cf2ab3c97c 2d38d1bb9d864c99a519ae2000b1e049 d773392960964a67a77637ab18fe362b - default default] GET http://mysql-001.vassilevski.com:35357/v3/auth/tokens
2017-02-04 09:13:57.964 6921 INFO keystone.common.wsgi [req-38e3e2f2-c824-4172-a663-a45ac1c3bc08 2d38d1bb9d864c99a519ae2000b1e049 d773392960964a67a77637ab18fe362b - default default] GET http://mysql-001.vassilevski.com:35357/v3/auth/tokens
2017-02-04 09:13:58.066 6922 INFO keystone.common.wsgi [req-70976b2b-a5f4-4993-80a2-80e05db0d836 2d38d1bb9d864c99a519ae2000b1e049 d773392960964a67a77637ab18fe362b - default default] GET http://mysql-001.vassilevski.com:35357/v3/auth/tokens
2017-02-04 09:14:58.639 6923 INFO keystone.common.wsgi [req-e250e3ce-7a5a-41c9-a343-ef2f7d3ea7ae 2d38d1bb9d864c99a519ae2000b1e049 d773392960964a67a77637ab18fe362b - default default] GET http://mysql-001.vassilevski.com:35357/v3/auth/tokens
2017-02-04 09:14:58.770 6920 INFO keystone.common.wsgi [req-1bf8a1d1-3fbe-4e6c-b41a-d928b6c2bc98 2d38d1bb9d864c99a519ae2000b1e049 d773392960964a67a77637ab18fe362b - default default] GET http://mysql-001.vassilevski.com:35357/v3/auth/tokens
2017-02-04 09:14:58.928 6921 INFO keystone.common.wsgi [req-0b5f984d-8e94-434a-8e0e-f84fb40ca242 2d38d1bb9d864c99a519ae2000b1e049 d773392960964a67a77637ab18fe362b - default default] GET http://mysql-001.vassilevski.com:35357/v3/auth/tokens
2017-02-04 09:14:59.143 6924 INFO keystone.common.wsgi [req-5a48b594-57b5-4329-a9d2-c04d932e2e0c 2d38d1bb9d864c99a519ae2000b1e049 d773392960964a67a77637ab18fe362b - default default] GET http://mysql-001.vassilevski.com:35357/v3/auth/tokens
2017-02-04 09:14:59.243 6923 INFO keystone.common.wsgi [req-4385f182-b80f-4bdd-8877-063a082e09f1 2d38d1bb9d864c99a519ae2000b1e049 d773392960964a67a77637ab18fe362b - default default] GET http://mysql-001.vassilevski.com:35357/v3/auth/tokens
2017-02-04 09:16:00.629 6920 INFO keystone.common.wsgi [req-d487256a-5caf-4832-b5be-4cf412e59bd3 2d38d1bb9d864c99a519ae2000b1e049 d773392960964a67a77637ab18fe362b - default default] GET http://mysql-001.vassilevski.com:35357/v3/auth/tokens
2017-02-04 09:16:00.765 6923 INFO keystone.common.wsgi [req-b5e6afaa-0bdd-4d32-aec6-317d9df53aaa 2d38d1bb9d864c99a519ae2000b1e049 d773392960964a67a77637ab18fe362b - default default] GET http://mysql-001.vassilevski.com:35357/v3/auth/tokens
2017-02-04 09:16:00.909 6922 INFO keystone.common.wsgi [req-b6f2cc42-15c2-4351-b4f2-f8abe5d57c71 2d38d1bb9d864c99a519ae2000b1e049 d773392960964a67a77637ab18fe362b - default default] GET http://mysql-001.vassilevski.com:35357/v3/auth/tokens
2017-02-04 09:16:00.981 6923 INFO keystone.common.wsgi [req-d9ea98b3-5101-4909-bae0-297a433801df 2d38d1bb9d864c99a519ae2000b1e049 d773392960964a67a77637ab18fe362b - default default] GET http://mysql-001.vassilevski.com:35357/v3/auth/tokens
2017-02-04 09:16:01.099 6921 INFO keystone.common.wsgi [req-a78a1f6d-c301-4121-9104-fdf556c559ad 2d38d1bb9d864c99a519ae2000b1e049 d773392960964a67a77637ab18fe362b - default default] GET http://mysql-001.vassilevski.com:35357/v3/auth/tokens
2017-02-04 09:17:00.614 6922 INFO keystone.common.wsgi [req-fc2281f9-8394-4e65-9e17-ae7da4fad9f2 2d38d1bb9d864c99a519ae2000b1e049 d773392960964a67a77637ab18fe362b - default default] GET http://mysql-001.vassilevski.com:35357/v3/auth/tokens
2017-02-04 09:17:00.751 6924 INFO keystone.common.wsgi [req-6fb767c9-58f7-43b8-82b5-12cf3d88de36 2d38d1bb9d864c99a519ae2000b1e049 d773392960964a67a77637ab18fe362b - default default] GET http://mysql-001.vassilevski.com:35357/v3/auth/tokens
2017-02-04 09:17:00.890 6920 INFO keystone.common.wsgi [req-5a903b17-c66b-4a22-8c04-d8d6a07a943c 2d38d1bb9d864c99a519ae2000b1e049 d773392960964a67a77637ab18fe362b - default default] GET http://mysql-001.vassilevski.com:35357/v3/auth/tokens
2017-02-04 09:17:00.966 6922 INFO keystone.common.wsgi [req-73ac41ac-c623-417f-bdb0-7c0d98425304 2d38d1bb9d864c99a519ae2000b1e049 d773392960964a67a77637ab18fe362b - default default] GET http://mysql-001.vassilevski.com:35357/v3/auth/tokens
2017-02-04 09:17:01.078 6923 INFO keystone.common.wsgi [req-d538377a-3f24-4ee0-acd0-5d155e0e0013 2d38d1bb9d864c99a519ae2000b1e049 d773392960964a67a77637ab18fe362b - default default] GET http://mysql-001.vassilevski.com:35357/v3/auth/tokens
2017-02-04 09:18:01.626 6922 INFO keystone.common.wsgi [req-f2eda7f5-39ba-4b35-a00b-dec28666fea7 2d38d1bb9d864c99a519ae2000b1e049 d773392960964a67a77637ab18fe362b - default default] GET http://mysql-001.vassilevski.com:35357/v3/auth/tokens
2017-02-04 09:18:01.758 6924 INFO keystone.common.wsgi [req-3ce89523-970f-40e1-a726-56e9f4b7c2bc 2d38d1bb9d864c99a519ae2000b1e049 d773392960964a67a77637ab18fe362b - default default] GET http://mysql-001.vassilevski.com:35357/v3/auth/tokens
2017-02-04 09:18:01.903 6922 INFO keystone.common.wsgi [req-c74a6150-3680-4c7c-9c03-94d7922db235 2d38d1bb9d864c99a519ae2000b1e049 d773392960964a67a77637ab18fe362b - default default] GET http://mysql-001.vassilevski.com:35357/v3/auth/tokens
2017-02-04 09:18:01.988 6923 INFO keystone.common.wsgi [req-576efc0e-3eb2-4917-aea5-7f3d8fcbc8df 2d38d1bb9d864c99a519ae2000b1e049 d773392960964a67a77637ab18fe362b - default default] GET http://mysql-001.vassilevski.com:35357/v3/auth/tokens
2017-02-04 09:18:02.098 6924 INFO keystone.common.wsgi [req-299da2ad-990d-4465-b6dd-e9d7732c5266 2d38d1bb9d864c99a519ae2000b1e049 d773392960964a67a77637ab18fe362b - default default] GET http://mysql-001.vassilevski.com:35357/v3/auth/tokens
2017-02-04 09:19:03.638 6923 INFO keystone.common.wsgi [req-75b7be5f-8847-4226-b215-9c1dc1af7260 2d38d1bb9d864c99a519ae2000b1e049 d773392960964a67a77637ab18fe362b - default default] GET http://mysql-001.vassilevski.com:35357/v3/auth/tokens
2017-02-04 09:19:03.780 6922 INFO keystone.common.wsgi [req-0fdab05d-5aea-4903-82b0-62aa95f1dd98 2d38d1bb9d864c99a519ae2000b1e049 d773392960964a67a77637ab18fe362b - default default] GET http://mysql-001.vassilevski.com:35357/v3/auth/tokens
2017-02-04 09:19:04.047 6924 INFO keystone.common.wsgi [req-edba4f4e-2ec9-4d2b-b3a9-e77ca6c254e8 2d38d1bb9d864c99a519ae2000b1e049 d773392960964a67a77637ab18fe362b - default default] GET http://mysql-001.vassilevski.com:35357/v3/auth/tokens
2017-02-04 09:19:04.120 6920 INFO keystone.common.wsgi [req-e15389b2-f7a2-4c08-b328-9b9cb82679da 2d38d1bb9d864c99a519ae2000b1e049 d773392960964a67a77637ab18fe362b - default default] GET http://mysql-001.vassilevski.com:35357/v3/auth/tokens
2017-02-04 09:19:04.231 6922 INFO keystone.common.wsgi [req-dc699c38-a7fc-4b86-a101-6a0ec81482d3 2d38d1bb9d864c99a519ae2000b1e049 d773392960964a67a77637ab18fe362b - default default] GET http://mysql-001.vassilevski.com:35357/v3/auth/tokens
2017-02-04 09:20:03.624 6921 INFO keystone.common.wsgi [req-d960c463-ac38-4b2e-8c2e-4c725a21dbc9 2d38d1bb9d864c99a519ae2000b1e049 d773392960964a67a77637ab18fe362b - default default] GET http://mysql-001.vassilevski.com:35357/v3/auth/tokens
2017-02-04 09:20:03.762 6922 INFO keystone.common.wsgi [req-8af980b4-b476-4aec-819a-fe916654e354 2d38d1bb9d864c99a519ae2000b1e049 d773392960964a67a77637ab18fe362b - default default] GET http://mysql-001.vassilevski.com:35357/v3/auth/tokens
2017-02-04 09:20:03.911 6920 INFO keystone.common.wsgi [req-31583048-6c0e-4556-83f6-07394f8ddddf 2d38d1bb9d864c99a519ae2000b1e049 d773392960964a67a77637ab18fe362b - default default] GET http://mysql-001.vassilevski.com:35357/v3/auth/tokens
2017-02-04 09:20:03.980 6921 INFO keystone.common.wsgi [req-40f7e29b-0f40-4f6a-bfcc-ad4b3a248201 2d38d1bb9d864c99a519ae2000b1e049 d773392960964a67a77637ab18fe362b - default default] GET http://mysql-001.vassilevski.com:35357/v3/auth/tokens
2017-02-04 09:20:04.091 6920 INFO keystone.common.wsgi [req-74659346-9770-4080-aeb9-a73881dcd647 2d38d1bb9d864c99a519ae2000b1e049 d773392960964a67a77637ab18fe362b - default default] GET http://mysql-001.vassilevski.com:35357/v3/auth/tokens
2017-02-04 09:21:03.613 6923 INFO keystone.common.wsgi [req-3ecd0eef-5668-4ed1-8ece-1e2ed565c7f0 2d38d1bb9d864c99a519ae2000b1e049 d773392960964a67a77637ab18fe362b - default default] GET http://mysql-001.vassilevski.com:35357/v3/auth/tokens
2017-02-04 09:21:03.750 6921 INFO keystone.common.wsgi [req-5beb71b7-fdde-4187-8b71-ae89540d1bcc 2d38d1bb9d864c99a519ae2000b1e049 d773392960964a67a77637ab18fe362b - default default] GET http://mysql-001.vassilevski.com:35357/v3/auth/tokens
2017-02-04 09:21:03.878 6920 INFO keystone.common.wsgi [req-837a16ab-29c2-48a7-8d5b-9b47a6cf8a7c 2d38d1bb9d864c99a519ae2000b1e049 d773392960964a67a77637ab18fe362b - default default] GET http://mysql-001.vassilevski.com:35357/v3/auth/tokens
2017-02-04 09:21:03.954 6924 INFO keystone.common.wsgi [req-9d8c0d80-c93b-43ff-82f6-ef5d3b475615 2d38d1bb9d864c99a519ae2000b1e049 d773392960964a67a77637ab18fe362b - default default] GET http://mysql-001.vassilevski.com:35357/v3/auth/tokens
2017-02-04 09:21:04.070 6922 INFO keystone.common.wsgi [req-4d45f88c-c2f5-4ef1-b08b-002915c1ec94 2d38d1bb9d864c99a519ae2000b1e049 d773392960964a67a77637ab18fe362b - default default] GET http://mysql-001.vassilevski.com:35357/v3/auth/tokens
2017-02-04 09:22:03.620 6924 INFO keystone.common.wsgi [req-55a4cd2f-836b-436a-8662-14afe32608d5 2d38d1bb9d864c99a519ae2000b1e049 d773392960964a67a77637ab18fe362b - default default] GET http://mysql-001.vassilevski.com:35357/v3/auth/tokens
2017-02-04 09:22:03.759 6920 INFO keystone.common.wsgi [req-06b1e2d7-85df-454a-9b24-1df63224e3ca 2d38d1bb9d864c99a519ae2000b1e049 d773392960964a67a77637ab18fe362b - default default] GET http://mysql-001.vassilevski.com:35357/v3/auth/tokens
2017-02-04 09:22:03.910 6921 INFO keystone.common.wsgi [req-587b2632-e5c3-48ea-880d-6d81acb6a881 2d38d1bb9d864c99a519ae2000b1e049 d773392960964a67a77637ab18fe362b - default default] GET http://mysql-001.vassilevski.com:35357/v3/auth/tokens
2017-02-04 09:22:03.996 6923 INFO keystone.common.wsgi [req-e12ce139-9c52-4537-8943-f6dbcc4e3793 2d38d1bb9d864c99a519ae2000b1e049 d773392960964a67a77637ab18fe362b - default default] GET http://mysql-001.vassilevski.com:35357/v3/auth/tokens
2017-02-04 09:22:04.139 6922 INFO keystone.common.wsgi [req-90b6009f-fb3e-4fa0-a9b1-0ae3171c9102 2d38d1bb9d864c99a519ae2000b1e049 d773392960964a67a77637ab18fe362b - default default] GET http://mysql-001.vassilevski.com:35357/v3/auth/tokens
2017-02-04 09:23:05.622 6920 INFO keystone.common.wsgi [req-45d2aecf-77ac-4c01-b8ac-6182be073a4a 2d38d1bb9d864c99a519ae2000b1e049 d773392960964a67a77637ab18fe362b - default default] GET http://mysql-001.vassilevski.com:35357/v3/auth/tokens
2017-02-04 09:23:05.886 6921 INFO keystone.common.wsgi [req-0c171cd5-982f-4cdb-af5a-194a79d51ae9 2d38d1bb9d864c99a519ae2000b1e049 d773392960964a67a77637ab18fe362b - default default] GET http://mysql-001.vassilevski.com:35357/v3/auth/tokens
2017-02-04 09:23:06.002 6924 INFO keystone.common.wsgi [req-52e4ff4a-6335-4bc7-89f6-362b256d7f1a 2d38d1bb9d864c99a519ae2000b1e049 d773392960964a67a77637ab18fe362b - default default] GET http://mysql-001.vassilevski.com:35357/v3/auth/tokens
2017-02-04 09:23:06.070 6923 INFO keystone.common.wsgi [req-dc63a260-73b2-4802-a688-0267f634c2cf 2d38d1bb9d864c99a519ae2000b1e049 d773392960964a67a77637ab18fe362b - default default] GET http://mysql-001.vassilevski.com:35357/v3/auth/tokens
2017-02-04 09:23:06.178 6924 INFO keystone.common.wsgi [req-a7869d20-835b-44e3-bf50-da6f320e2928 2d38d1bb9d864c99a519ae2000b1e049 d773392960964a67a77637ab18fe362b - default default] GET http://mysql-001.vassilevski.com:35357/v3/auth/tokens
2017-02-04 09:24:05.618 6923 INFO keystone.common.wsgi [req-62b434ba-8ff5-487c-92fd-3eca82adbb73 2d38d1bb9d864c99a519ae2000b1e049 d773392960964a67a77637ab18fe362b - default default] GET http://mysql-001.vassilevski.com:35357/v3/auth/tokens
2017-02-04 09:24:05.758 6924 INFO keystone.common.wsgi [req-6af946e5-f2da-4234-948e-a979c0aa1cdc 2d38d1bb9d864c99a519ae2000b1e049 d773392960964a67a77637ab18fe362b - default default] GET http://mysql-001.vassilevski.com:35357/v3/auth/tokens
2017-02-04 09:24:05.901 6923 INFO keystone.common.wsgi [req-4dd2732c-77a2-4444-8661-77ea883f8e30 2d38d1bb9d864c99a519ae2000b1e049 d773392960964a67a77637ab18fe362b - default default] GET http://mysql-001.vassilevski.com:35357/v3/auth/tokens
2017-02-04 09:24:05.977 6922 INFO keystone.common.wsgi [req-9ecefc88-904d-4000-9c9d-f7d5e0319e35 2d38d1bb9d864c99a519ae2000b1e049 d773392960964a67a77637ab18fe362b - default default] GET http://mysql-001.vassilevski.com:35357/v3/auth/tokens
2017-02-04 09:24:06.085 6924 INFO keystone.common.wsgi [req-5d1335de-9d34-4027-85b2-b6b3241e5186 2d38d1bb9d864c99a519ae2000b1e049 d773392960964a67a77637ab18fe362b - default default] GET http://mysql-001.vassilevski.com:35357/v3/auth/tokens
2017-02-04 09:25:07.633 6923 INFO keystone.common.wsgi [req-5dfa7693-fe32-43be-ba97-33843dc2f7d8 2d38d1bb9d864c99a519ae2000b1e049 d773392960964a67a77637ab18fe362b - default default] GET http://mysql-001.vassilevski.com:35357/v3/auth/tokens
2017-02-04 09:25:07.767 6924 INFO keystone.common.wsgi [req-eb2503df-6145-4d05-8a75-e092c72ec444 2d38d1bb9d864c99a519ae2000b1e049 d773392960964a67a77637ab18fe362b - default default] GET http://mysql-001.vassilevski.com:35357/v3/auth/tokens
2017-02-04 09:25:07.909 6921 INFO keystone.common.wsgi [req-97a0db41-c6d8-4378-acab-1cc78c60a4ae 2d38d1bb9d864c99a519ae2000b1e049 d773392960964a67a77637ab18fe362b - default default] GET http://mysql-001.vassilevski.com:35357/v3/auth/tokens
2017-02-04 09:25:07.980 6924 INFO keystone.common.wsgi [req-9ee38803-0720-43ad-b207-2e38c93b1ac5 2d38d1bb9d864c99a519ae2000b1e049 d773392960964a67a77637ab18fe362b - default default] GET http://mysql-001.vassilevski.com:35357/v3/auth/tokens
2017-02-04 09:25:08.083 6923 INFO keystone.common.wsgi [req-70f1359f-472c-4a94-8545-4020116e711b 2d38d1bb9d864c99a519ae2000b1e049 d773392960964a67a77637ab18fe362b - default default] GET http://mysql-001.vassilevski.com:35357/v3/auth/tokens
2017-02-04 09:26:09.627 6924 INFO keystone.common.wsgi [req-88e77a8b-2522-4079-887b-a1eed43fe26f 2d38d1bb9d864c99a519ae2000b1e049 d773392960964a67a77637ab18fe362b - default default] GET http://mysql-001.vassilevski.com:35357/v3/auth/tokens
2017-02-04 09:26:09.762 6922 INFO keystone.common.wsgi [req-b332ea64-bb38-4b75-a1c4-54dff3df0187 2d38d1bb9d864c99a519ae2000b1e049 d773392960964a67a77637ab18fe362b - default default] GET http://mysql-001.vassilevski.com:35357/v3/auth/tokens
2017-02-04 09:26:09.907 6923 INFO keystone.common.wsgi [req-58a8fd2f-6eb4-4902-9e1c-cb8b30a59e16 2d38d1bb9d864c99a519ae2000b1e049 d773392960964a67a77637ab18fe362b - default default] GET http://mysql-001.vassilevski.com:35357/v3/auth/tokens
2017-02-04 09:26:09.986 6920 INFO keystone.common.wsgi [req-b7e75dc0-2892-4bc1-9ac0-2e73be1b1696 2d38d1bb9d864c99a519ae2000b1e049 d773392960964a67a77637ab18fe362b - default default] GET http://mysql-001.vassilevski.com:35357/v3/auth/tokens
2017-02-04 09:26:10.096 6924 INFO keystone.common.wsgi [req-57e14e93-6ea6-4cdf-a091-5608cc7a431e 2d38d1bb9d864c99a519ae2000b1e049 d773392960964a67a77637ab18fe362b - default default] GET http://mysql-001.vassilevski.com:35357/v3/auth/tokens
2017-02-04 09:27:11.634 6922 INFO keystone.common.wsgi [req-b1e2ea45-9d97-4bea-affa-ade5d7009d8c 2d38d1bb9d864c99a519ae2000b1e049 d773392960964a67a77637ab18fe362b - default default] GET http://mysql-001.vassilevski.com:35357/v3/auth/tokens
2017-02-04 09:27:11.772 6920 INFO keystone.common.wsgi [req-4bccb745-cc67-48db-91fa-fa7cd36d86e6 2d38d1bb9d864c99a519ae2000b1e049 d773392960964a67a77637ab18fe362b - default default] GET http://mysql-001.vassilevski.com:35357/v3/auth/tokens
2017-02-04 09:27:11.905 6924 INFO keystone.common.wsgi [req-471adaa2-f22e-4879-9cf0-3e904d615fa9 2d38d1bb9d864c99a519ae2000b1e049 d773392960964a67a77637ab18fe362b - default default] GET http://mysql-001.vassilevski.com:35357/v3/auth/tokens
2017-02-04 09:27:11.980 6921 INFO keystone.common.wsgi [req-cab4bed7-7aeb-42cf-955e-c84b28a453e3 2d38d1bb9d864c99a519ae2000b1e049 d773392960964a67a77637ab18fe362b - default default] GET http://mysql-001.vassilevski.com:35357/v3/auth/tokens
2017-02-04 09:27:12.095 6923 INFO keystone.common.wsgi [req-9001ba40-278a-4854-b40a-c3f07ecf757b 2d38d1bb9d864c99a519ae2000b1e049 d773392960964a67a77637ab18fe362b - default default] GET http://mysql-001.vassilevski.com:35357/v3/auth/tokens
2017-02-04 09:28:12.653 6924 INFO keystone.common.wsgi [req-59e6fcc7-a9c1-475d-9a5a-876f2b177b9b 2d38d1bb9d864c99a519ae2000b1e049 d773392960964a67a77637ab18fe362b - default default] GET http://mysql-001.vassilevski.com:35357/v3/auth/tokens
2017-02-04 09:28:12.787 6923 INFO keystone.common.wsgi [req-9475c53b-703b-4486-a5e1-524c5f39aa71 2d38d1bb9d864c99a519ae2000b1e049 d773392960964a67a77637ab18fe362b - default default] GET http://mysql-001.vassilevski.com:35357/v3/auth/tokens
2017-02-04 09:28:12.932 6922 INFO keystone.common.wsgi [req-2e7e491b-9a58-4092-a0e9-7607627e1339 2d38d1bb9d864c99a519ae2000b1e049 d773392960964a67a77637ab18fe362b - default default] GET http://mysql-001.vassilevski.com:35357/v3/auth/tokens
2017-02-04 09:28:13.003 6923 INFO keystone.common.wsgi [req-a2e6aa49-a317-4f06-9f90-5afdb0374930 2d38d1bb9d864c99a519ae2000b1e049 d773392960964a67a77637ab18fe362b - default default] GET http://mysql-001.vassilevski.com:35357/v3/auth/tokens
2017-02-04 09:28:13.113 6924 INFO keystone.common.wsgi [req-b4078d47-11f9-4eee-a746-4d72b443c79e 2d38d1bb9d864c99a519ae2000b1e049 d773392960964a67a77637ab18fe362b - default default] GET http://mysql-001.vassilevski.com:35357/v3/auth/tokens
2017-02-04 09:29:13.634 6920 INFO keystone.common.wsgi [req-aa070575-4bf0-40b3-8004-692e90a40356 2d38d1bb9d864c99a519ae2000b1e049 d773392960964a67a77637ab18fe362b - default default] GET http://mysql-001.vassilevski.com:35357/v3/auth/tokens
2017-02-04 09:29:13.768 6922 INFO keystone.common.wsgi [req-a11dada8-c937-468d-adf6-920a958b6d51 2d38d1bb9d864c99a519ae2000b1e049 d773392960964a67a77637ab18fe362b - default default] GET http://mysql-001.vassilevski.com:35357/v3/auth/tokens
2017-02-04 09:29:13.908 6923 INFO keystone.common.wsgi [req-4d813753-1ab9-47ae-a906-7353bbf30e79 2d38d1bb9d864c99a519ae2000b1e049 d773392960964a67a77637ab18fe362b - default default] GET http://mysql-001.vassilevski.com:35357/v3/auth/tokens
2017-02-04 09:29:13.975 6922 INFO keystone.common.wsgi [req-c6d78ff9-347e-4c31-8b8f-f93f1ee28e1a 2d38d1bb9d864c99a519ae2000b1e049 d773392960964a67a77637ab18fe362b - default default] GET http://mysql-001.vassilevski.com:35357/v3/auth/tokens
2017-02-04 09:29:14.095 6924 INFO keystone.common.wsgi [req-09c589b4-abad-4491-8624-80e1d839e9c8 2d38d1bb9d864c99a519ae2000b1e049 d773392960964a67a77637ab18fe362b - default default] GET http://mysql-001.vassilevski.com:35357/v3/auth/tokens
2017-02-04 09:31:19.679 6923 INFO keystone.common.wsgi [req-73ad3079-04bf-4603-b85b-71ebe883c0d7 2d38d1bb9d864c99a519ae2000b1e049 d773392960964a67a77637ab18fe362b - default default] GET http://mysql-001.vassilevski.com:35357/v3/auth/tokens
2017-02-04 09:31:19.821 6920 INFO keystone.common.wsgi [req-ce397632-11be-4b18-aaee-0c1ace4362a1 2d38d1bb9d864c99a519ae2000b1e049 d773392960964a67a77637ab18fe362b - default default] GET http://mysql-001.vassilevski.com:35357/v3/auth/tokens
2017-02-04 09:31:19.962 6921 INFO keystone.common.wsgi [req-8434ff98-a43c-455b-b835-2751aef96726 2d38d1bb9d864c99a519ae2000b1e049 d773392960964a67a77637ab18fe362b - default default] GET http://mysql-001.vassilevski.com:35357/v3/auth/tokens
2017-02-04 09:31:20.041 6922 INFO keystone.common.wsgi [req-db31bed9-1461-4d2d-9ad8-dee61b69bb9a 2d38d1bb9d864c99a519ae2000b1e049 d773392960964a67a77637ab18fe362b - default default] GET http://mysql-001.vassilevski.com:35357/v3/auth/tokens
2017-02-04 09:31:20.274 6923 INFO keystone.common.wsgi [req-37cb55db-4a88-4e32-baab-f8b80aca3649 2d38d1bb9d864c99a519ae2000b1e049 d773392960964a67a77637ab18fe362b - default default] GET http://mysql-001.vassilevski.com:35357/v3/auth/tokens
2017-02-04 09:32:18.880 6920 INFO keystone.common.wsgi [req-f1231de9-42c5-4bbc-a46a-f3598a73e18e 2d38d1bb9d864c99a519ae2000b1e049 d773392960964a67a77637ab18fe362b - default default] GET http://mysql-001.vassilevski.com:35357/v3/auth/tokens
2017-02-04 09:32:19.004 6923 INFO keystone.common.wsgi [req-ec4c3379-303f-43f9-880b-d9330d781ea0 2d38d1bb9d864c99a519ae2000b1e049 d773392960964a67a77637ab18fe362b - default default] GET http://mysql-001.vassilevski.com:35357/v3/auth/tokens
2017-02-04 09:32:19.134 6924 INFO keystone.common.wsgi [req-116a7cc6-5d0c-4ee1-840d-a34093b688fc 2d38d1bb9d864c99a519ae2000b1e049 d773392960964a67a77637ab18fe362b - default default] GET http://mysql-001.vassilevski.com:35357/v3/auth/tokens
2017-02-04 09:32:19.199 6922 INFO keystone.common.wsgi [req-481993e8-032c-4958-94c6-792fb2ffe8ee 2d38d1bb9d864c99a519ae2000b1e049 d773392960964a67a77637ab18fe362b - default default] GET http://mysql-001.vassilevski.com:35357/v3/auth/tokens
2017-02-04 09:32:19.303 6923 INFO keystone.common.wsgi [req-8a25d063-3456-4e50-910d-d513fe5ee364 2d38d1bb9d864c99a519ae2000b1e049 d773392960964a67a77637ab18fe362b - default default] GET http://mysql-001.vassilevski.com:35357/v3/auth/tokens
2017-02-04 09:32:22.667 6922 INFO keystone.common.wsgi [req-c6710f9d-f40a-4620-bdba-a9324edc019e 2d38d1bb9d864c99a519ae2000b1e049 d773392960964a67a77637ab18fe362b - default default] GET http://mysql-001.vassilevski.com:35357/v3/auth/tokens
2017-02-04 09:32:22.778 6924 INFO keystone.common.wsgi [req-3bf7d620-0dd6-4b4f-ac19-4b7cbc9ac2bd 2d38d1bb9d864c99a519ae2000b1e049 d773392960964a67a77637ab18fe362b - default default] GET http://mysql-001.vassilevski.com:35357/v3/auth/tokens
2017-02-04 09:32:22.900 6923 INFO keystone.common.wsgi [req-e2ded19b-ae45-46ab-9d70-b1924c6ec8f5 2d38d1bb9d864c99a519ae2000b1e049 d773392960964a67a77637ab18fe362b - default default] GET http://mysql-001.vassilevski.com:35357/v3/auth/tokens
2017-02-04 09:32:22.978 6920 INFO keystone.common.wsgi [req-3c8bd228-f31e-441c-8069-66f29b832a96 2d38d1bb9d864c99a519ae2000b1e049 d773392960964a67a77637ab18fe362b - default default] GET http://mysql-001.vassilevski.com:35357/v3/auth/tokens
2017-02-04 09:32:23.085 6921 INFO keystone.common.wsgi [req-4353c2b3-36d7-4739-9592-0655daa228c2 2d38d1bb9d864c99a519ae2000b1e049 d773392960964a67a77637ab18fe362b - default default] GET http://mysql-001.vassilevski.com:35357/v3/auth/tokens
2017-02-04 09:33:17.614 6922 INFO keystone.common.wsgi [req-b490439f-7449-461f-a28b-b33b38a45bfa 2d38d1bb9d864c99a519ae2000b1e049 d773392960964a67a77637ab18fe362b - default default] GET http://mysql-001.vassilevski.com:35357/v3/auth/tokens
2017-02-04 09:33:17.736 6920 INFO keystone.common.wsgi [req-5de743fe-291d-4a4c-82c3-cde130ff575e 2d38d1bb9d864c99a519ae2000b1e049 d773392960964a67a77637ab18fe362b - default default] GET http://mysql-001.vassilevski.com:35357/v3/auth/tokens
2017-02-04 09:33:17.870 6923 INFO keystone.common.wsgi [req-b5ccd798-94db-411c-bd98-4198731050d4 2d38d1bb9d864c99a519ae2000b1e049 d773392960964a67a77637ab18fe362b - default default] GET http://mysql-001.vassilevski.com:35357/v3/auth/tokens
2017-02-04 09:33:17.934 6924 INFO keystone.common.wsgi [req-cffb32af-b6ae-445e-8c82-c6c784dfa5d8 2d38d1bb9d864c99a519ae2000b1e049 d773392960964a67a77637ab18fe362b - default default] GET http://mysql-001.vassilevski.com:35357/v3/auth/tokens
2017-02-04 09:33:18.056 6921 INFO keystone.common.wsgi [req-464b9219-aab5-4eec-ace6-729d1d6eb630 2d38d1bb9d864c99a519ae2000b1e049 d773392960964a67a77637ab18fe362b - default default] GET http://mysql-001.vassilevski.com:35357/v3/auth/tokens
2017-02-04 09:34:17.619 6923 INFO keystone.common.wsgi [req-1715fe04-149c-4d5b-8ffb-7a9c4a598a67 2d38d1bb9d864c99a519ae2000b1e049 d773392960964a67a77637ab18fe362b - default default] GET http://mysql-001.vassilevski.com:35357/v3/auth/tokens
2017-02-04 09:34:17.746 6920 INFO keystone.common.wsgi [req-529667e4-5157-44b3-9c4e-ffe0a0c0a4ba 2d38d1bb9d864c99a519ae2000b1e049 d773392960964a67a77637ab18fe362b - default default] GET http://mysql-001.vassilevski.com:35357/v3/auth/tokens
2017-02-04 09:34:18.014 6921 INFO keystone.common.wsgi [req-1706810a-8c25-4603-a074-74a20f053681 2d38d1bb9d864c99a519ae2000b1e049 d773392960964a67a77637ab18fe362b - default default] GET http://mysql-001.vassilevski.com:35357/v3/auth/tokens
2017-02-04 09:34:18.090 6922 INFO keystone.common.wsgi [req-94a12cac-36c5-493c-a9f8-918d3f23da47 2d38d1bb9d864c99a519ae2000b1e049 d773392960964a67a77637ab18fe362b - default default] GET http://mysql-001.vassilevski.com:35357/v3/auth/tokens
2017-02-04 09:34:18.198 6924 INFO keystone.common.wsgi [req-0e35f567-a853-4a3e-9f6d-7938c9764fc9 2d38d1bb9d864c99a519ae2000b1e049 d773392960964a67a77637ab18fe362b - default default] GET http://mysql-001.vassilevski.com:35357/v3/auth/tokens
2017-02-04 09:35:17.630 6923 INFO keystone.common.wsgi [req-3e7ba6fc-d1e9-47c9-a422-3aa5bee7cb60 2d38d1bb9d864c99a519ae2000b1e049 d773392960964a67a77637ab18fe362b - default default] GET http://mysql-001.vassilevski.com:35357/v3/auth/tokens
2017-02-04 09:35:17.756 6924 INFO keystone.common.wsgi [req-81149fcd-3a18-49b7-ad0a-21562eb4c79b 2d38d1bb9d864c99a519ae2000b1e049 d773392960964a67a77637ab18fe362b - default default] GET http://mysql-001.vassilevski.com:35357/v3/auth/tokens
2017-02-04 09:35:17.886 6922 INFO keystone.common.wsgi [req-e8bd2ae2-cb9c-4050-9747-a87d783a3e2b 2d38d1bb9d864c99a519ae2000b1e049 d773392960964a67a77637ab18fe362b - default default] GET http://mysql-001.vassilevski.com:35357/v3/auth/tokens
2017-02-04 09:35:17.957 6923 INFO keystone.common.wsgi [req-c629df5d-f70c-4a84-8be4-fffef5d78597 2d38d1bb9d864c99a519ae2000b1e049 d773392960964a67a77637ab18fe362b - default default] GET http://mysql-001.vassilevski.com:35357/v3/auth/tokens
2017-02-04 09:35:18.065 6924 INFO keystone.common.wsgi [req-121d513a-1943-4e73-858e-5c641c9e1700 2d38d1bb9d864c99a519ae2000b1e049 d773392960964a67a77637ab18fe362b - default default] GET http://mysql-001.vassilevski.com:35357/v3/auth/tokens
