2017-02-04 08:29:20.250 5249 INFO nova.compute.resource_tracker [req-fbd3ab90-0fcb-4e4e-8140-a2fd82982ec5 - - - - -] Auditing locally available compute resources for node mysql-001.vassilevski.com
2017-02-04 08:29:20.267 5249 WARNING nova.virt.libvirt.driver [req-fbd3ab90-0fcb-4e4e-8140-a2fd82982ec5 - - - - -] couldn't obtain the vcpu count from domain id: f5dbbaeb-720f-4440-b239-f8dffd4922d0, exception: Requested operation is not valid: cpu affinity is not supported
2017-02-04 08:29:21.361 5249 INFO nova.compute.resource_tracker [req-fbd3ab90-0fcb-4e4e-8140-a2fd82982ec5 - - - - -] Total usable vcpus: 40, total allocated vcpus: 1
2017-02-04 08:29:21.361 5249 INFO nova.compute.resource_tracker [req-fbd3ab90-0fcb-4e4e-8140-a2fd82982ec5 - - - - -] Final resource view: name=mysql-001.vassilevski.com phys_ram=130946MB used_ram=576MB phys_disk=41GB used_disk=1GB total_vcpus=40 used_vcpus=1 pci_stats=[]
2017-02-04 08:29:21.406 5249 INFO nova.compute.resource_tracker [req-fbd3ab90-0fcb-4e4e-8140-a2fd82982ec5 - - - - -] Compute_service record updated for mysql-001.vassilevski.com:mysql-001.vassilevski.com
2017-02-04 08:31:56.354 5249 INFO nova.compute.resource_tracker [req-fbd3ab90-0fcb-4e4e-8140-a2fd82982ec5 - - - - -] Auditing locally available compute resources for node mysql-001.vassilevski.com
2017-02-04 08:31:56.372 5249 WARNING nova.virt.libvirt.driver [req-fbd3ab90-0fcb-4e4e-8140-a2fd82982ec5 - - - - -] couldn't obtain the vcpu count from domain id: f5dbbaeb-720f-4440-b239-f8dffd4922d0, exception: Requested operation is not valid: cpu affinity is not supported
2017-02-04 08:31:57.498 5249 INFO nova.compute.resource_tracker [req-fbd3ab90-0fcb-4e4e-8140-a2fd82982ec5 - - - - -] Total usable vcpus: 40, total allocated vcpus: 1
2017-02-04 08:31:57.499 5249 INFO nova.compute.resource_tracker [req-fbd3ab90-0fcb-4e4e-8140-a2fd82982ec5 - - - - -] Final resource view: name=mysql-001.vassilevski.com phys_ram=130946MB used_ram=576MB phys_disk=41GB used_disk=1GB total_vcpus=40 used_vcpus=1 pci_stats=[]
2017-02-04 08:31:57.545 5249 INFO nova.compute.resource_tracker [req-fbd3ab90-0fcb-4e4e-8140-a2fd82982ec5 - - - - -] Compute_service record updated for mysql-001.vassilevski.com:mysql-001.vassilevski.com
2017-02-04 08:32:58.538 5249 INFO nova.compute.resource_tracker [req-fbd3ab90-0fcb-4e4e-8140-a2fd82982ec5 - - - - -] Auditing locally available compute resources for node mysql-001.vassilevski.com
2017-02-04 08:32:58.557 5249 WARNING nova.virt.libvirt.driver [req-fbd3ab90-0fcb-4e4e-8140-a2fd82982ec5 - - - - -] couldn't obtain the vcpu count from domain id: f5dbbaeb-720f-4440-b239-f8dffd4922d0, exception: Requested operation is not valid: cpu affinity is not supported
2017-02-04 08:32:59.658 5249 INFO nova.compute.resource_tracker [req-fbd3ab90-0fcb-4e4e-8140-a2fd82982ec5 - - - - -] Total usable vcpus: 40, total allocated vcpus: 1
2017-02-04 08:32:59.659 5249 INFO nova.compute.resource_tracker [req-fbd3ab90-0fcb-4e4e-8140-a2fd82982ec5 - - - - -] Final resource view: name=mysql-001.vassilevski.com phys_ram=130946MB used_ram=576MB phys_disk=41GB used_disk=1GB total_vcpus=40 used_vcpus=1 pci_stats=[]
2017-02-04 08:32:59.706 5249 INFO nova.compute.resource_tracker [req-fbd3ab90-0fcb-4e4e-8140-a2fd82982ec5 - - - - -] Compute_service record updated for mysql-001.vassilevski.com:mysql-001.vassilevski.com
2017-02-04 08:33:41.204 5249 INFO nova.compute.resource_tracker [req-fbd3ab90-0fcb-4e4e-8140-a2fd82982ec5 - - - - -] Auditing locally available compute resources for node mysql-001.vassilevski.com
2017-02-04 08:33:41.222 5249 WARNING nova.virt.libvirt.driver [req-fbd3ab90-0fcb-4e4e-8140-a2fd82982ec5 - - - - -] couldn't obtain the vcpu count from domain id: f5dbbaeb-720f-4440-b239-f8dffd4922d0, exception: Requested operation is not valid: cpu affinity is not supported
2017-02-04 08:33:42.287 5249 INFO nova.compute.resource_tracker [req-fbd3ab90-0fcb-4e4e-8140-a2fd82982ec5 - - - - -] Total usable vcpus: 40, total allocated vcpus: 1
2017-02-04 08:33:42.288 5249 INFO nova.compute.resource_tracker [req-fbd3ab90-0fcb-4e4e-8140-a2fd82982ec5 - - - - -] Final resource view: name=mysql-001.vassilevski.com phys_ram=130946MB used_ram=576MB phys_disk=41GB used_disk=1GB total_vcpus=40 used_vcpus=1 pci_stats=[]
2017-02-04 08:33:42.333 5249 INFO nova.compute.resource_tracker [req-fbd3ab90-0fcb-4e4e-8140-a2fd82982ec5 - - - - -] Compute_service record updated for mysql-001.vassilevski.com:mysql-001.vassilevski.com
2017-02-04 08:34:43.129 5249 INFO nova.compute.resource_tracker [req-fbd3ab90-0fcb-4e4e-8140-a2fd82982ec5 - - - - -] Auditing locally available compute resources for node mysql-001.vassilevski.com
2017-02-04 08:34:43.148 5249 WARNING nova.virt.libvirt.driver [req-fbd3ab90-0fcb-4e4e-8140-a2fd82982ec5 - - - - -] couldn't obtain the vcpu count from domain id: f5dbbaeb-720f-4440-b239-f8dffd4922d0, exception: Requested operation is not valid: cpu affinity is not supported
2017-02-04 08:34:44.280 5249 INFO nova.compute.resource_tracker [req-fbd3ab90-0fcb-4e4e-8140-a2fd82982ec5 - - - - -] Total usable vcpus: 40, total allocated vcpus: 1
2017-02-04 08:34:44.281 5249 INFO nova.compute.resource_tracker [req-fbd3ab90-0fcb-4e4e-8140-a2fd82982ec5 - - - - -] Final resource view: name=mysql-001.vassilevski.com phys_ram=130946MB used_ram=576MB phys_disk=41GB used_disk=1GB total_vcpus=40 used_vcpus=1 pci_stats=[]
2017-02-04 08:34:44.326 5249 INFO nova.compute.resource_tracker [req-fbd3ab90-0fcb-4e4e-8140-a2fd82982ec5 - - - - -] Compute_service record updated for mysql-001.vassilevski.com:mysql-001.vassilevski.com
2017-02-04 08:35:30.508 5249 INFO nova.compute.resource_tracker [req-fbd3ab90-0fcb-4e4e-8140-a2fd82982ec5 - - - - -] Auditing locally available compute resources for node mysql-001.vassilevski.com
2017-02-04 08:35:30.526 5249 WARNING nova.virt.libvirt.driver [req-fbd3ab90-0fcb-4e4e-8140-a2fd82982ec5 - - - - -] couldn't obtain the vcpu count from domain id: f5dbbaeb-720f-4440-b239-f8dffd4922d0, exception: Requested operation is not valid: cpu affinity is not supported
2017-02-04 08:35:31.643 5249 INFO nova.compute.resource_tracker [req-fbd3ab90-0fcb-4e4e-8140-a2fd82982ec5 - - - - -] Total usable vcpus: 40, total allocated vcpus: 1
2017-02-04 08:35:31.644 5249 INFO nova.compute.resource_tracker [req-fbd3ab90-0fcb-4e4e-8140-a2fd82982ec5 - - - - -] Final resource view: name=mysql-001.vassilevski.com phys_ram=130946MB used_ram=576MB phys_disk=41GB used_disk=1GB total_vcpus=40 used_vcpus=1 pci_stats=[]
2017-02-04 08:35:31.690 5249 INFO nova.compute.resource_tracker [req-fbd3ab90-0fcb-4e4e-8140-a2fd82982ec5 - - - - -] Compute_service record updated for mysql-001.vassilevski.com:mysql-001.vassilevski.com
2017-02-04 08:36:25.472 5249 INFO nova.compute.resource_tracker [req-fbd3ab90-0fcb-4e4e-8140-a2fd82982ec5 - - - - -] Auditing locally available compute resources for node mysql-001.vassilevski.com
2017-02-04 08:36:25.490 5249 WARNING nova.virt.libvirt.driver [req-fbd3ab90-0fcb-4e4e-8140-a2fd82982ec5 - - - - -] couldn't obtain the vcpu count from domain id: f5dbbaeb-720f-4440-b239-f8dffd4922d0, exception: Requested operation is not valid: cpu affinity is not supported
2017-02-04 08:36:26.608 5249 INFO nova.compute.resource_tracker [req-fbd3ab90-0fcb-4e4e-8140-a2fd82982ec5 - - - - -] Total usable vcpus: 40, total allocated vcpus: 1
2017-02-04 08:36:26.609 5249 INFO nova.compute.resource_tracker [req-fbd3ab90-0fcb-4e4e-8140-a2fd82982ec5 - - - - -] Final resource view: name=mysql-001.vassilevski.com phys_ram=130946MB used_ram=576MB phys_disk=41GB used_disk=1GB total_vcpus=40 used_vcpus=1 pci_stats=[]
2017-02-04 08:36:26.650 5249 INFO nova.compute.resource_tracker [req-fbd3ab90-0fcb-4e4e-8140-a2fd82982ec5 - - - - -] Compute_service record updated for mysql-001.vassilevski.com:mysql-001.vassilevski.com
2017-02-04 08:37:25.475 5249 INFO nova.compute.resource_tracker [req-fbd3ab90-0fcb-4e4e-8140-a2fd82982ec5 - - - - -] Auditing locally available compute resources for node mysql-001.vassilevski.com
2017-02-04 08:37:25.494 5249 WARNING nova.virt.libvirt.driver [req-fbd3ab90-0fcb-4e4e-8140-a2fd82982ec5 - - - - -] couldn't obtain the vcpu count from domain id: f5dbbaeb-720f-4440-b239-f8dffd4922d0, exception: Requested operation is not valid: cpu affinity is not supported
2017-02-04 08:37:26.568 5249 INFO nova.compute.resource_tracker [req-fbd3ab90-0fcb-4e4e-8140-a2fd82982ec5 - - - - -] Total usable vcpus: 40, total allocated vcpus: 1
2017-02-04 08:37:26.568 5249 INFO nova.compute.resource_tracker [req-fbd3ab90-0fcb-4e4e-8140-a2fd82982ec5 - - - - -] Final resource view: name=mysql-001.vassilevski.com phys_ram=130946MB used_ram=576MB phys_disk=41GB used_disk=1GB total_vcpus=40 used_vcpus=1 pci_stats=[]
2017-02-04 08:37:26.610 5249 INFO nova.compute.resource_tracker [req-fbd3ab90-0fcb-4e4e-8140-a2fd82982ec5 - - - - -] Compute_service record updated for mysql-001.vassilevski.com:mysql-001.vassilevski.com
2017-02-04 08:38:26.218 5249 INFO nova.compute.resource_tracker [req-fbd3ab90-0fcb-4e4e-8140-a2fd82982ec5 - - - - -] Auditing locally available compute resources for node mysql-001.vassilevski.com
2017-02-04 08:38:26.235 5249 WARNING nova.virt.libvirt.driver [req-fbd3ab90-0fcb-4e4e-8140-a2fd82982ec5 - - - - -] couldn't obtain the vcpu count from domain id: f5dbbaeb-720f-4440-b239-f8dffd4922d0, exception: Requested operation is not valid: cpu affinity is not supported
2017-02-04 08:38:27.363 5249 INFO nova.compute.resource_tracker [req-fbd3ab90-0fcb-4e4e-8140-a2fd82982ec5 - - - - -] Total usable vcpus: 40, total allocated vcpus: 1
2017-02-04 08:38:27.364 5249 INFO nova.compute.resource_tracker [req-fbd3ab90-0fcb-4e4e-8140-a2fd82982ec5 - - - - -] Final resource view: name=mysql-001.vassilevski.com phys_ram=130946MB used_ram=576MB phys_disk=41GB used_disk=1GB total_vcpus=40 used_vcpus=1 pci_stats=[]
2017-02-04 08:38:27.403 5249 INFO nova.compute.resource_tracker [req-fbd3ab90-0fcb-4e4e-8140-a2fd82982ec5 - - - - -] Compute_service record updated for mysql-001.vassilevski.com:mysql-001.vassilevski.com
2017-02-04 08:39:25.472 5249 INFO nova.compute.resource_tracker [req-fbd3ab90-0fcb-4e4e-8140-a2fd82982ec5 - - - - -] Auditing locally available compute resources for node mysql-001.vassilevski.com
2017-02-04 08:39:25.489 5249 WARNING nova.virt.libvirt.driver [req-fbd3ab90-0fcb-4e4e-8140-a2fd82982ec5 - - - - -] couldn't obtain the vcpu count from domain id: f5dbbaeb-720f-4440-b239-f8dffd4922d0, exception: Requested operation is not valid: cpu affinity is not supported
2017-02-04 08:39:26.609 5249 INFO nova.compute.resource_tracker [req-fbd3ab90-0fcb-4e4e-8140-a2fd82982ec5 - - - - -] Total usable vcpus: 40, total allocated vcpus: 1
2017-02-04 08:39:26.610 5249 INFO nova.compute.resource_tracker [req-fbd3ab90-0fcb-4e4e-8140-a2fd82982ec5 - - - - -] Final resource view: name=mysql-001.vassilevski.com phys_ram=130946MB used_ram=576MB phys_disk=41GB used_disk=1GB total_vcpus=40 used_vcpus=1 pci_stats=[]
2017-02-04 08:39:26.656 5249 INFO nova.compute.resource_tracker [req-fbd3ab90-0fcb-4e4e-8140-a2fd82982ec5 - - - - -] Compute_service record updated for mysql-001.vassilevski.com:mysql-001.vassilevski.com
2017-02-04 08:40:25.473 5249 INFO nova.compute.resource_tracker [req-fbd3ab90-0fcb-4e4e-8140-a2fd82982ec5 - - - - -] Auditing locally available compute resources for node mysql-001.vassilevski.com
2017-02-04 08:40:25.491 5249 WARNING nova.virt.libvirt.driver [req-fbd3ab90-0fcb-4e4e-8140-a2fd82982ec5 - - - - -] couldn't obtain the vcpu count from domain id: f5dbbaeb-720f-4440-b239-f8dffd4922d0, exception: Requested operation is not valid: cpu affinity is not supported
2017-02-04 08:40:26.622 5249 INFO nova.compute.resource_tracker [req-fbd3ab90-0fcb-4e4e-8140-a2fd82982ec5 - - - - -] Total usable vcpus: 40, total allocated vcpus: 1
2017-02-04 08:40:26.622 5249 INFO nova.compute.resource_tracker [req-fbd3ab90-0fcb-4e4e-8140-a2fd82982ec5 - - - - -] Final resource view: name=mysql-001.vassilevski.com phys_ram=130946MB used_ram=576MB phys_disk=41GB used_disk=1GB total_vcpus=40 used_vcpus=1 pci_stats=[]
2017-02-04 08:40:26.675 5249 INFO nova.compute.resource_tracker [req-fbd3ab90-0fcb-4e4e-8140-a2fd82982ec5 - - - - -] Compute_service record updated for mysql-001.vassilevski.com:mysql-001.vassilevski.com
2017-02-04 08:41:26.470 5249 INFO nova.compute.resource_tracker [req-fbd3ab90-0fcb-4e4e-8140-a2fd82982ec5 - - - - -] Auditing locally available compute resources for node mysql-001.vassilevski.com
2017-02-04 08:41:26.487 5249 WARNING nova.virt.libvirt.driver [req-fbd3ab90-0fcb-4e4e-8140-a2fd82982ec5 - - - - -] couldn't obtain the vcpu count from domain id: f5dbbaeb-720f-4440-b239-f8dffd4922d0, exception: Requested operation is not valid: cpu affinity is not supported
2017-02-04 08:41:27.580 5249 INFO nova.compute.resource_tracker [req-fbd3ab90-0fcb-4e4e-8140-a2fd82982ec5 - - - - -] Total usable vcpus: 40, total allocated vcpus: 1
2017-02-04 08:41:27.581 5249 INFO nova.compute.resource_tracker [req-fbd3ab90-0fcb-4e4e-8140-a2fd82982ec5 - - - - -] Final resource view: name=mysql-001.vassilevski.com phys_ram=130946MB used_ram=576MB phys_disk=41GB used_disk=1GB total_vcpus=40 used_vcpus=1 pci_stats=[]
2017-02-04 08:41:27.621 5249 INFO nova.compute.resource_tracker [req-fbd3ab90-0fcb-4e4e-8140-a2fd82982ec5 - - - - -] Compute_service record updated for mysql-001.vassilevski.com:mysql-001.vassilevski.com
2017-02-04 08:42:27.471 5249 INFO nova.compute.resource_tracker [req-fbd3ab90-0fcb-4e4e-8140-a2fd82982ec5 - - - - -] Auditing locally available compute resources for node mysql-001.vassilevski.com
2017-02-04 08:42:27.490 5249 WARNING nova.virt.libvirt.driver [req-fbd3ab90-0fcb-4e4e-8140-a2fd82982ec5 - - - - -] couldn't obtain the vcpu count from domain id: f5dbbaeb-720f-4440-b239-f8dffd4922d0, exception: Requested operation is not valid: cpu affinity is not supported
2017-02-04 08:42:28.570 5249 INFO nova.compute.resource_tracker [req-fbd3ab90-0fcb-4e4e-8140-a2fd82982ec5 - - - - -] Total usable vcpus: 40, total allocated vcpus: 1
2017-02-04 08:42:28.571 5249 INFO nova.compute.resource_tracker [req-fbd3ab90-0fcb-4e4e-8140-a2fd82982ec5 - - - - -] Final resource view: name=mysql-001.vassilevski.com phys_ram=130946MB used_ram=576MB phys_disk=41GB used_disk=1GB total_vcpus=40 used_vcpus=1 pci_stats=[]
2017-02-04 08:42:28.617 5249 INFO nova.compute.resource_tracker [req-fbd3ab90-0fcb-4e4e-8140-a2fd82982ec5 - - - - -] Compute_service record updated for mysql-001.vassilevski.com:mysql-001.vassilevski.com
2017-02-04 08:43:29.472 5249 INFO nova.compute.resource_tracker [req-fbd3ab90-0fcb-4e4e-8140-a2fd82982ec5 - - - - -] Auditing locally available compute resources for node mysql-001.vassilevski.com
2017-02-04 08:43:29.491 5249 WARNING nova.virt.libvirt.driver [req-fbd3ab90-0fcb-4e4e-8140-a2fd82982ec5 - - - - -] couldn't obtain the vcpu count from domain id: f5dbbaeb-720f-4440-b239-f8dffd4922d0, exception: Requested operation is not valid: cpu affinity is not supported
2017-02-04 08:43:30.578 5249 INFO nova.compute.resource_tracker [req-fbd3ab90-0fcb-4e4e-8140-a2fd82982ec5 - - - - -] Total usable vcpus: 40, total allocated vcpus: 1
2017-02-04 08:43:30.579 5249 INFO nova.compute.resource_tracker [req-fbd3ab90-0fcb-4e4e-8140-a2fd82982ec5 - - - - -] Final resource view: name=mysql-001.vassilevski.com phys_ram=130946MB used_ram=576MB phys_disk=41GB used_disk=1GB total_vcpus=40 used_vcpus=1 pci_stats=[]
2017-02-04 08:43:30.622 5249 INFO nova.compute.resource_tracker [req-fbd3ab90-0fcb-4e4e-8140-a2fd82982ec5 - - - - -] Compute_service record updated for mysql-001.vassilevski.com:mysql-001.vassilevski.com
2017-02-04 08:44:32.199 5249 INFO nova.compute.resource_tracker [req-fbd3ab90-0fcb-4e4e-8140-a2fd82982ec5 - - - - -] Auditing locally available compute resources for node mysql-001.vassilevski.com
2017-02-04 08:44:32.216 5249 WARNING nova.virt.libvirt.driver [req-fbd3ab90-0fcb-4e4e-8140-a2fd82982ec5 - - - - -] couldn't obtain the vcpu count from domain id: f5dbbaeb-720f-4440-b239-f8dffd4922d0, exception: Requested operation is not valid: cpu affinity is not supported
2017-02-04 08:44:33.363 5249 INFO nova.compute.resource_tracker [req-fbd3ab90-0fcb-4e4e-8140-a2fd82982ec5 - - - - -] Total usable vcpus: 40, total allocated vcpus: 1
2017-02-04 08:44:33.364 5249 INFO nova.compute.resource_tracker [req-fbd3ab90-0fcb-4e4e-8140-a2fd82982ec5 - - - - -] Final resource view: name=mysql-001.vassilevski.com phys_ram=130946MB used_ram=576MB phys_disk=41GB used_disk=1GB total_vcpus=40 used_vcpus=1 pci_stats=[]
2017-02-04 08:44:33.406 5249 INFO nova.compute.resource_tracker [req-fbd3ab90-0fcb-4e4e-8140-a2fd82982ec5 - - - - -] Compute_service record updated for mysql-001.vassilevski.com:mysql-001.vassilevski.com
2017-02-04 08:45:33.216 5249 INFO nova.compute.resource_tracker [req-fbd3ab90-0fcb-4e4e-8140-a2fd82982ec5 - - - - -] Auditing locally available compute resources for node mysql-001.vassilevski.com
2017-02-04 08:45:33.231 5249 WARNING nova.virt.libvirt.driver [req-fbd3ab90-0fcb-4e4e-8140-a2fd82982ec5 - - - - -] couldn't obtain the vcpu count from domain id: f5dbbaeb-720f-4440-b239-f8dffd4922d0, exception: Requested operation is not valid: cpu affinity is not supported
2017-02-04 08:45:34.378 5249 INFO nova.compute.resource_tracker [req-fbd3ab90-0fcb-4e4e-8140-a2fd82982ec5 - - - - -] Total usable vcpus: 40, total allocated vcpus: 1
2017-02-04 08:45:34.379 5249 INFO nova.compute.resource_tracker [req-fbd3ab90-0fcb-4e4e-8140-a2fd82982ec5 - - - - -] Final resource view: name=mysql-001.vassilevski.com phys_ram=130946MB used_ram=576MB phys_disk=41GB used_disk=1GB total_vcpus=40 used_vcpus=1 pci_stats=[]
2017-02-04 08:45:34.424 5249 INFO nova.compute.resource_tracker [req-fbd3ab90-0fcb-4e4e-8140-a2fd82982ec5 - - - - -] Compute_service record updated for mysql-001.vassilevski.com:mysql-001.vassilevski.com
2017-02-04 08:46:33.324 5249 INFO nova.compute.resource_tracker [req-fbd3ab90-0fcb-4e4e-8140-a2fd82982ec5 - - - - -] Auditing locally available compute resources for node mysql-001.vassilevski.com
2017-02-04 08:46:33.342 5249 WARNING nova.virt.libvirt.driver [req-fbd3ab90-0fcb-4e4e-8140-a2fd82982ec5 - - - - -] couldn't obtain the vcpu count from domain id: f5dbbaeb-720f-4440-b239-f8dffd4922d0, exception: Requested operation is not valid: cpu affinity is not supported
2017-02-04 08:46:34.435 5249 INFO nova.compute.resource_tracker [req-fbd3ab90-0fcb-4e4e-8140-a2fd82982ec5 - - - - -] Total usable vcpus: 40, total allocated vcpus: 1
2017-02-04 08:46:34.436 5249 INFO nova.compute.resource_tracker [req-fbd3ab90-0fcb-4e4e-8140-a2fd82982ec5 - - - - -] Final resource view: name=mysql-001.vassilevski.com phys_ram=130946MB used_ram=576MB phys_disk=41GB used_disk=1GB total_vcpus=40 used_vcpus=1 pci_stats=[]
2017-02-04 08:46:34.478 5249 INFO nova.compute.resource_tracker [req-fbd3ab90-0fcb-4e4e-8140-a2fd82982ec5 - - - - -] Compute_service record updated for mysql-001.vassilevski.com:mysql-001.vassilevski.com
2017-02-04 08:47:32.475 5249 INFO nova.compute.resource_tracker [req-fbd3ab90-0fcb-4e4e-8140-a2fd82982ec5 - - - - -] Auditing locally available compute resources for node mysql-001.vassilevski.com
2017-02-04 08:47:32.491 5249 WARNING nova.virt.libvirt.driver [req-fbd3ab90-0fcb-4e4e-8140-a2fd82982ec5 - - - - -] couldn't obtain the vcpu count from domain id: f5dbbaeb-720f-4440-b239-f8dffd4922d0, exception: Requested operation is not valid: cpu affinity is not supported
2017-02-04 08:47:33.626 5249 INFO nova.compute.resource_tracker [req-fbd3ab90-0fcb-4e4e-8140-a2fd82982ec5 - - - - -] Total usable vcpus: 40, total allocated vcpus: 1
2017-02-04 08:47:33.627 5249 INFO nova.compute.resource_tracker [req-fbd3ab90-0fcb-4e4e-8140-a2fd82982ec5 - - - - -] Final resource view: name=mysql-001.vassilevski.com phys_ram=130946MB used_ram=576MB phys_disk=41GB used_disk=1GB total_vcpus=40 used_vcpus=1 pci_stats=[]
2017-02-04 08:47:33.674 5249 INFO nova.compute.resource_tracker [req-fbd3ab90-0fcb-4e4e-8140-a2fd82982ec5 - - - - -] Compute_service record updated for mysql-001.vassilevski.com:mysql-001.vassilevski.com
2017-02-04 08:48:35.224 5249 INFO nova.compute.resource_tracker [req-fbd3ab90-0fcb-4e4e-8140-a2fd82982ec5 - - - - -] Auditing locally available compute resources for node mysql-001.vassilevski.com
2017-02-04 08:48:35.241 5249 WARNING nova.virt.libvirt.driver [req-fbd3ab90-0fcb-4e4e-8140-a2fd82982ec5 - - - - -] couldn't obtain the vcpu count from domain id: f5dbbaeb-720f-4440-b239-f8dffd4922d0, exception: Requested operation is not valid: cpu affinity is not supported
2017-02-04 08:48:36.439 5249 INFO nova.compute.resource_tracker [req-fbd3ab90-0fcb-4e4e-8140-a2fd82982ec5 - - - - -] Total usable vcpus: 40, total allocated vcpus: 1
2017-02-04 08:48:36.440 5249 INFO nova.compute.resource_tracker [req-fbd3ab90-0fcb-4e4e-8140-a2fd82982ec5 - - - - -] Final resource view: name=mysql-001.vassilevski.com phys_ram=130946MB used_ram=576MB phys_disk=41GB used_disk=1GB total_vcpus=40 used_vcpus=1 pci_stats=[]
2017-02-04 08:48:36.488 5249 INFO nova.compute.resource_tracker [req-fbd3ab90-0fcb-4e4e-8140-a2fd82982ec5 - - - - -] Compute_service record updated for mysql-001.vassilevski.com:mysql-001.vassilevski.com
2017-02-04 08:49:35.475 5249 INFO nova.compute.resource_tracker [req-fbd3ab90-0fcb-4e4e-8140-a2fd82982ec5 - - - - -] Auditing locally available compute resources for node mysql-001.vassilevski.com
2017-02-04 08:49:35.492 5249 WARNING nova.virt.libvirt.driver [req-fbd3ab90-0fcb-4e4e-8140-a2fd82982ec5 - - - - -] couldn't obtain the vcpu count from domain id: f5dbbaeb-720f-4440-b239-f8dffd4922d0, exception: Requested operation is not valid: cpu affinity is not supported
2017-02-04 08:49:36.628 5249 INFO nova.compute.resource_tracker [req-fbd3ab90-0fcb-4e4e-8140-a2fd82982ec5 - - - - -] Total usable vcpus: 40, total allocated vcpus: 1
2017-02-04 08:49:36.629 5249 INFO nova.compute.resource_tracker [req-fbd3ab90-0fcb-4e4e-8140-a2fd82982ec5 - - - - -] Final resource view: name=mysql-001.vassilevski.com phys_ram=130946MB used_ram=576MB phys_disk=41GB used_disk=1GB total_vcpus=40 used_vcpus=1 pci_stats=[]
2017-02-04 08:49:36.676 5249 INFO nova.compute.resource_tracker [req-fbd3ab90-0fcb-4e4e-8140-a2fd82982ec5 - - - - -] Compute_service record updated for mysql-001.vassilevski.com:mysql-001.vassilevski.com
2017-02-04 08:50:35.471 5249 INFO nova.compute.resource_tracker [req-fbd3ab90-0fcb-4e4e-8140-a2fd82982ec5 - - - - -] Auditing locally available compute resources for node mysql-001.vassilevski.com
2017-02-04 08:50:35.489 5249 WARNING nova.virt.libvirt.driver [req-fbd3ab90-0fcb-4e4e-8140-a2fd82982ec5 - - - - -] couldn't obtain the vcpu count from domain id: f5dbbaeb-720f-4440-b239-f8dffd4922d0, exception: Requested operation is not valid: cpu affinity is not supported
2017-02-04 08:50:36.620 5249 INFO nova.compute.resource_tracker [req-fbd3ab90-0fcb-4e4e-8140-a2fd82982ec5 - - - - -] Total usable vcpus: 40, total allocated vcpus: 1
2017-02-04 08:50:36.621 5249 INFO nova.compute.resource_tracker [req-fbd3ab90-0fcb-4e4e-8140-a2fd82982ec5 - - - - -] Final resource view: name=mysql-001.vassilevski.com phys_ram=130946MB used_ram=576MB phys_disk=41GB used_disk=1GB total_vcpus=40 used_vcpus=1 pci_stats=[]
2017-02-04 08:50:36.666 5249 INFO nova.compute.resource_tracker [req-fbd3ab90-0fcb-4e4e-8140-a2fd82982ec5 - - - - -] Compute_service record updated for mysql-001.vassilevski.com:mysql-001.vassilevski.com
2017-02-04 08:51:36.472 5249 INFO nova.compute.resource_tracker [req-fbd3ab90-0fcb-4e4e-8140-a2fd82982ec5 - - - - -] Auditing locally available compute resources for node mysql-001.vassilevski.com
2017-02-04 08:51:36.489 5249 WARNING nova.virt.libvirt.driver [req-fbd3ab90-0fcb-4e4e-8140-a2fd82982ec5 - - - - -] couldn't obtain the vcpu count from domain id: f5dbbaeb-720f-4440-b239-f8dffd4922d0, exception: Requested operation is not valid: cpu affinity is not supported
2017-02-04 08:51:37.602 5249 INFO nova.compute.resource_tracker [req-fbd3ab90-0fcb-4e4e-8140-a2fd82982ec5 - - - - -] Total usable vcpus: 40, total allocated vcpus: 1
2017-02-04 08:51:37.603 5249 INFO nova.compute.resource_tracker [req-fbd3ab90-0fcb-4e4e-8140-a2fd82982ec5 - - - - -] Final resource view: name=mysql-001.vassilevski.com phys_ram=130946MB used_ram=576MB phys_disk=41GB used_disk=1GB total_vcpus=40 used_vcpus=1 pci_stats=[]
2017-02-04 08:51:37.649 5249 INFO nova.compute.resource_tracker [req-fbd3ab90-0fcb-4e4e-8140-a2fd82982ec5 - - - - -] Compute_service record updated for mysql-001.vassilevski.com:mysql-001.vassilevski.com
2017-02-04 08:52:37.470 5249 INFO nova.compute.resource_tracker [req-fbd3ab90-0fcb-4e4e-8140-a2fd82982ec5 - - - - -] Auditing locally available compute resources for node mysql-001.vassilevski.com
2017-02-04 08:52:37.488 5249 WARNING nova.virt.libvirt.driver [req-fbd3ab90-0fcb-4e4e-8140-a2fd82982ec5 - - - - -] couldn't obtain the vcpu count from domain id: f5dbbaeb-720f-4440-b239-f8dffd4922d0, exception: Requested operation is not valid: cpu affinity is not supported
2017-02-04 08:52:38.544 5249 INFO nova.compute.resource_tracker [req-fbd3ab90-0fcb-4e4e-8140-a2fd82982ec5 - - - - -] Total usable vcpus: 40, total allocated vcpus: 1
2017-02-04 08:52:38.545 5249 INFO nova.compute.resource_tracker [req-fbd3ab90-0fcb-4e4e-8140-a2fd82982ec5 - - - - -] Final resource view: name=mysql-001.vassilevski.com phys_ram=130946MB used_ram=576MB phys_disk=41GB used_disk=1GB total_vcpus=40 used_vcpus=1 pci_stats=[]
2017-02-04 08:52:38.590 5249 INFO nova.compute.resource_tracker [req-fbd3ab90-0fcb-4e4e-8140-a2fd82982ec5 - - - - -] Compute_service record updated for mysql-001.vassilevski.com:mysql-001.vassilevski.com
2017-02-04 08:53:38.471 5249 INFO nova.compute.resource_tracker [req-fbd3ab90-0fcb-4e4e-8140-a2fd82982ec5 - - - - -] Auditing locally available compute resources for node mysql-001.vassilevski.com
2017-02-04 08:53:38.492 5249 WARNING nova.virt.libvirt.driver [req-fbd3ab90-0fcb-4e4e-8140-a2fd82982ec5 - - - - -] couldn't obtain the vcpu count from domain id: f5dbbaeb-720f-4440-b239-f8dffd4922d0, exception: Requested operation is not valid: cpu affinity is not supported
2017-02-04 08:53:39.582 5249 INFO nova.compute.resource_tracker [req-fbd3ab90-0fcb-4e4e-8140-a2fd82982ec5 - - - - -] Total usable vcpus: 40, total allocated vcpus: 1
2017-02-04 08:53:39.583 5249 INFO nova.compute.resource_tracker [req-fbd3ab90-0fcb-4e4e-8140-a2fd82982ec5 - - - - -] Final resource view: name=mysql-001.vassilevski.com phys_ram=130946MB used_ram=576MB phys_disk=41GB used_disk=1GB total_vcpus=40 used_vcpus=1 pci_stats=[]
2017-02-04 08:53:39.630 5249 INFO nova.compute.resource_tracker [req-fbd3ab90-0fcb-4e4e-8140-a2fd82982ec5 - - - - -] Compute_service record updated for mysql-001.vassilevski.com:mysql-001.vassilevski.com
2017-02-04 08:54:38.475 5249 INFO nova.compute.resource_tracker [req-fbd3ab90-0fcb-4e4e-8140-a2fd82982ec5 - - - - -] Auditing locally available compute resources for node mysql-001.vassilevski.com
2017-02-04 08:54:38.493 5249 WARNING nova.virt.libvirt.driver [req-fbd3ab90-0fcb-4e4e-8140-a2fd82982ec5 - - - - -] couldn't obtain the vcpu count from domain id: f5dbbaeb-720f-4440-b239-f8dffd4922d0, exception: Requested operation is not valid: cpu affinity is not supported
2017-02-04 08:54:39.584 5249 INFO nova.compute.resource_tracker [req-fbd3ab90-0fcb-4e4e-8140-a2fd82982ec5 - - - - -] Total usable vcpus: 40, total allocated vcpus: 1
2017-02-04 08:54:39.585 5249 INFO nova.compute.resource_tracker [req-fbd3ab90-0fcb-4e4e-8140-a2fd82982ec5 - - - - -] Final resource view: name=mysql-001.vassilevski.com phys_ram=130946MB used_ram=576MB phys_disk=41GB used_disk=1GB total_vcpus=40 used_vcpus=1 pci_stats=[]
2017-02-04 08:54:39.631 5249 INFO nova.compute.resource_tracker [req-fbd3ab90-0fcb-4e4e-8140-a2fd82982ec5 - - - - -] Compute_service record updated for mysql-001.vassilevski.com:mysql-001.vassilevski.com
2017-02-04 08:55:39.480 5249 INFO nova.compute.resource_tracker [req-fbd3ab90-0fcb-4e4e-8140-a2fd82982ec5 - - - - -] Auditing locally available compute resources for node mysql-001.vassilevski.com
2017-02-04 08:55:39.498 5249 WARNING nova.virt.libvirt.driver [req-fbd3ab90-0fcb-4e4e-8140-a2fd82982ec5 - - - - -] couldn't obtain the vcpu count from domain id: f5dbbaeb-720f-4440-b239-f8dffd4922d0, exception: Requested operation is not valid: cpu affinity is not supported
2017-02-04 08:55:40.602 5249 INFO nova.compute.resource_tracker [req-fbd3ab90-0fcb-4e4e-8140-a2fd82982ec5 - - - - -] Total usable vcpus: 40, total allocated vcpus: 1
2017-02-04 08:55:40.603 5249 INFO nova.compute.resource_tracker [req-fbd3ab90-0fcb-4e4e-8140-a2fd82982ec5 - - - - -] Final resource view: name=mysql-001.vassilevski.com phys_ram=130946MB used_ram=576MB phys_disk=41GB used_disk=1GB total_vcpus=40 used_vcpus=1 pci_stats=[]
2017-02-04 08:55:40.645 5249 INFO nova.compute.resource_tracker [req-fbd3ab90-0fcb-4e4e-8140-a2fd82982ec5 - - - - -] Compute_service record updated for mysql-001.vassilevski.com:mysql-001.vassilevski.com
2017-02-04 08:56:41.470 5249 INFO nova.compute.resource_tracker [req-fbd3ab90-0fcb-4e4e-8140-a2fd82982ec5 - - - - -] Auditing locally available compute resources for node mysql-001.vassilevski.com
2017-02-04 08:56:41.487 5249 WARNING nova.virt.libvirt.driver [req-fbd3ab90-0fcb-4e4e-8140-a2fd82982ec5 - - - - -] couldn't obtain the vcpu count from domain id: f5dbbaeb-720f-4440-b239-f8dffd4922d0, exception: Requested operation is not valid: cpu affinity is not supported
2017-02-04 08:56:42.550 5249 INFO nova.compute.resource_tracker [req-fbd3ab90-0fcb-4e4e-8140-a2fd82982ec5 - - - - -] Total usable vcpus: 40, total allocated vcpus: 1
2017-02-04 08:56:42.551 5249 INFO nova.compute.resource_tracker [req-fbd3ab90-0fcb-4e4e-8140-a2fd82982ec5 - - - - -] Final resource view: name=mysql-001.vassilevski.com phys_ram=130946MB used_ram=576MB phys_disk=41GB used_disk=1GB total_vcpus=40 used_vcpus=1 pci_stats=[]
2017-02-04 08:56:42.596 5249 INFO nova.compute.resource_tracker [req-fbd3ab90-0fcb-4e4e-8140-a2fd82982ec5 - - - - -] Compute_service record updated for mysql-001.vassilevski.com:mysql-001.vassilevski.com
2017-02-04 08:57:42.469 5249 INFO nova.compute.resource_tracker [req-fbd3ab90-0fcb-4e4e-8140-a2fd82982ec5 - - - - -] Auditing locally available compute resources for node mysql-001.vassilevski.com
2017-02-04 08:57:42.487 5249 WARNING nova.virt.libvirt.driver [req-fbd3ab90-0fcb-4e4e-8140-a2fd82982ec5 - - - - -] couldn't obtain the vcpu count from domain id: f5dbbaeb-720f-4440-b239-f8dffd4922d0, exception: Requested operation is not valid: cpu affinity is not supported
2017-02-04 08:57:43.594 5249 INFO nova.compute.resource_tracker [req-fbd3ab90-0fcb-4e4e-8140-a2fd82982ec5 - - - - -] Total usable vcpus: 40, total allocated vcpus: 1
2017-02-04 08:57:43.595 5249 INFO nova.compute.resource_tracker [req-fbd3ab90-0fcb-4e4e-8140-a2fd82982ec5 - - - - -] Final resource view: name=mysql-001.vassilevski.com phys_ram=130946MB used_ram=576MB phys_disk=41GB used_disk=1GB total_vcpus=40 used_vcpus=1 pci_stats=[]
2017-02-04 08:57:43.638 5249 INFO nova.compute.resource_tracker [req-fbd3ab90-0fcb-4e4e-8140-a2fd82982ec5 - - - - -] Compute_service record updated for mysql-001.vassilevski.com:mysql-001.vassilevski.com
2017-02-04 08:58:44.471 5249 INFO nova.compute.resource_tracker [req-fbd3ab90-0fcb-4e4e-8140-a2fd82982ec5 - - - - -] Auditing locally available compute resources for node mysql-001.vassilevski.com
2017-02-04 08:58:44.489 5249 WARNING nova.virt.libvirt.driver [req-fbd3ab90-0fcb-4e4e-8140-a2fd82982ec5 - - - - -] couldn't obtain the vcpu count from domain id: f5dbbaeb-720f-4440-b239-f8dffd4922d0, exception: Requested operation is not valid: cpu affinity is not supported
2017-02-04 08:58:45.609 5249 INFO nova.compute.resource_tracker [req-fbd3ab90-0fcb-4e4e-8140-a2fd82982ec5 - - - - -] Total usable vcpus: 40, total allocated vcpus: 1
2017-02-04 08:58:45.610 5249 INFO nova.compute.resource_tracker [req-fbd3ab90-0fcb-4e4e-8140-a2fd82982ec5 - - - - -] Final resource view: name=mysql-001.vassilevski.com phys_ram=130946MB used_ram=576MB phys_disk=41GB used_disk=1GB total_vcpus=40 used_vcpus=1 pci_stats=[]
2017-02-04 08:58:45.660 5249 INFO nova.compute.resource_tracker [req-fbd3ab90-0fcb-4e4e-8140-a2fd82982ec5 - - - - -] Compute_service record updated for mysql-001.vassilevski.com:mysql-001.vassilevski.com
2017-02-04 08:59:46.219 5249 INFO nova.compute.resource_tracker [req-fbd3ab90-0fcb-4e4e-8140-a2fd82982ec5 - - - - -] Auditing locally available compute resources for node mysql-001.vassilevski.com
2017-02-04 08:59:46.236 5249 WARNING nova.virt.libvirt.driver [req-fbd3ab90-0fcb-4e4e-8140-a2fd82982ec5 - - - - -] couldn't obtain the vcpu count from domain id: f5dbbaeb-720f-4440-b239-f8dffd4922d0, exception: Requested operation is not valid: cpu affinity is not supported
2017-02-04 08:59:47.344 5249 INFO nova.compute.resource_tracker [req-fbd3ab90-0fcb-4e4e-8140-a2fd82982ec5 - - - - -] Total usable vcpus: 40, total allocated vcpus: 1
2017-02-04 08:59:47.344 5249 INFO nova.compute.resource_tracker [req-fbd3ab90-0fcb-4e4e-8140-a2fd82982ec5 - - - - -] Final resource view: name=mysql-001.vassilevski.com phys_ram=130946MB used_ram=576MB phys_disk=41GB used_disk=1GB total_vcpus=40 used_vcpus=1 pci_stats=[]
2017-02-04 08:59:47.393 5249 INFO nova.compute.resource_tracker [req-fbd3ab90-0fcb-4e4e-8140-a2fd82982ec5 - - - - -] Compute_service record updated for mysql-001.vassilevski.com:mysql-001.vassilevski.com
2017-02-04 09:00:48.236 5249 INFO nova.compute.resource_tracker [req-fbd3ab90-0fcb-4e4e-8140-a2fd82982ec5 - - - - -] Auditing locally available compute resources for node mysql-001.vassilevski.com
2017-02-04 09:00:48.253 5249 WARNING nova.virt.libvirt.driver [req-fbd3ab90-0fcb-4e4e-8140-a2fd82982ec5 - - - - -] couldn't obtain the vcpu count from domain id: f5dbbaeb-720f-4440-b239-f8dffd4922d0, exception: Requested operation is not valid: cpu affinity is not supported
2017-02-04 09:00:49.338 5249 INFO nova.compute.resource_tracker [req-fbd3ab90-0fcb-4e4e-8140-a2fd82982ec5 - - - - -] Total usable vcpus: 40, total allocated vcpus: 1
2017-02-04 09:00:49.339 5249 INFO nova.compute.resource_tracker [req-fbd3ab90-0fcb-4e4e-8140-a2fd82982ec5 - - - - -] Final resource view: name=mysql-001.vassilevski.com phys_ram=130946MB used_ram=576MB phys_disk=41GB used_disk=1GB total_vcpus=40 used_vcpus=1 pci_stats=[]
2017-02-04 09:00:49.383 5249 INFO nova.compute.resource_tracker [req-fbd3ab90-0fcb-4e4e-8140-a2fd82982ec5 - - - - -] Compute_service record updated for mysql-001.vassilevski.com:mysql-001.vassilevski.com
2017-02-04 09:01:47.472 5249 INFO nova.compute.resource_tracker [req-fbd3ab90-0fcb-4e4e-8140-a2fd82982ec5 - - - - -] Auditing locally available compute resources for node mysql-001.vassilevski.com
2017-02-04 09:01:47.488 5249 WARNING nova.virt.libvirt.driver [req-fbd3ab90-0fcb-4e4e-8140-a2fd82982ec5 - - - - -] couldn't obtain the vcpu count from domain id: f5dbbaeb-720f-4440-b239-f8dffd4922d0, exception: Requested operation is not valid: cpu affinity is not supported
2017-02-04 09:01:48.604 5249 INFO nova.compute.resource_tracker [req-fbd3ab90-0fcb-4e4e-8140-a2fd82982ec5 - - - - -] Total usable vcpus: 40, total allocated vcpus: 1
2017-02-04 09:01:48.605 5249 INFO nova.compute.resource_tracker [req-fbd3ab90-0fcb-4e4e-8140-a2fd82982ec5 - - - - -] Final resource view: name=mysql-001.vassilevski.com phys_ram=130946MB used_ram=576MB phys_disk=41GB used_disk=1GB total_vcpus=40 used_vcpus=1 pci_stats=[]
2017-02-04 09:01:48.654 5249 INFO nova.compute.resource_tracker [req-fbd3ab90-0fcb-4e4e-8140-a2fd82982ec5 - - - - -] Compute_service record updated for mysql-001.vassilevski.com:mysql-001.vassilevski.com
2017-02-04 09:02:49.471 5249 INFO nova.compute.resource_tracker [req-fbd3ab90-0fcb-4e4e-8140-a2fd82982ec5 - - - - -] Auditing locally available compute resources for node mysql-001.vassilevski.com
2017-02-04 09:02:49.490 5249 WARNING nova.virt.libvirt.driver [req-fbd3ab90-0fcb-4e4e-8140-a2fd82982ec5 - - - - -] couldn't obtain the vcpu count from domain id: f5dbbaeb-720f-4440-b239-f8dffd4922d0, exception: Requested operation is not valid: cpu affinity is not supported
2017-02-04 09:02:50.552 5249 INFO nova.compute.resource_tracker [req-fbd3ab90-0fcb-4e4e-8140-a2fd82982ec5 - - - - -] Total usable vcpus: 40, total allocated vcpus: 1
2017-02-04 09:02:50.553 5249 INFO nova.compute.resource_tracker [req-fbd3ab90-0fcb-4e4e-8140-a2fd82982ec5 - - - - -] Final resource view: name=mysql-001.vassilevski.com phys_ram=130946MB used_ram=576MB phys_disk=41GB used_disk=1GB total_vcpus=40 used_vcpus=1 pci_stats=[]
2017-02-04 09:02:50.598 5249 INFO nova.compute.resource_tracker [req-fbd3ab90-0fcb-4e4e-8140-a2fd82982ec5 - - - - -] Compute_service record updated for mysql-001.vassilevski.com:mysql-001.vassilevski.com
2017-02-04 09:03:51.220 5249 INFO nova.compute.resource_tracker [req-fbd3ab90-0fcb-4e4e-8140-a2fd82982ec5 - - - - -] Auditing locally available compute resources for node mysql-001.vassilevski.com
2017-02-04 09:03:51.237 5249 WARNING nova.virt.libvirt.driver [req-fbd3ab90-0fcb-4e4e-8140-a2fd82982ec5 - - - - -] couldn't obtain the vcpu count from domain id: f5dbbaeb-720f-4440-b239-f8dffd4922d0, exception: Requested operation is not valid: cpu affinity is not supported
2017-02-04 09:03:52.293 5249 INFO nova.compute.resource_tracker [req-fbd3ab90-0fcb-4e4e-8140-a2fd82982ec5 - - - - -] Total usable vcpus: 40, total allocated vcpus: 1
2017-02-04 09:03:52.294 5249 INFO nova.compute.resource_tracker [req-fbd3ab90-0fcb-4e4e-8140-a2fd82982ec5 - - - - -] Final resource view: name=mysql-001.vassilevski.com phys_ram=130946MB used_ram=576MB phys_disk=41GB used_disk=1GB total_vcpus=40 used_vcpus=1 pci_stats=[]
2017-02-04 09:03:52.338 5249 INFO nova.compute.resource_tracker [req-fbd3ab90-0fcb-4e4e-8140-a2fd82982ec5 - - - - -] Compute_service record updated for mysql-001.vassilevski.com:mysql-001.vassilevski.com
2017-02-04 09:04:51.470 5249 INFO nova.compute.resource_tracker [req-fbd3ab90-0fcb-4e4e-8140-a2fd82982ec5 - - - - -] Auditing locally available compute resources for node mysql-001.vassilevski.com
2017-02-04 09:04:51.488 5249 WARNING nova.virt.libvirt.driver [req-fbd3ab90-0fcb-4e4e-8140-a2fd82982ec5 - - - - -] couldn't obtain the vcpu count from domain id: f5dbbaeb-720f-4440-b239-f8dffd4922d0, exception: Requested operation is not valid: cpu affinity is not supported
2017-02-04 09:04:52.608 5249 INFO nova.compute.resource_tracker [req-fbd3ab90-0fcb-4e4e-8140-a2fd82982ec5 - - - - -] Total usable vcpus: 40, total allocated vcpus: 1
2017-02-04 09:04:52.609 5249 INFO nova.compute.resource_tracker [req-fbd3ab90-0fcb-4e4e-8140-a2fd82982ec5 - - - - -] Final resource view: name=mysql-001.vassilevski.com phys_ram=130946MB used_ram=576MB phys_disk=41GB used_disk=1GB total_vcpus=40 used_vcpus=1 pci_stats=[]
2017-02-04 09:04:52.661 5249 INFO nova.compute.resource_tracker [req-fbd3ab90-0fcb-4e4e-8140-a2fd82982ec5 - - - - -] Compute_service record updated for mysql-001.vassilevski.com:mysql-001.vassilevski.com
2017-02-04 09:05:51.468 5249 INFO nova.compute.resource_tracker [req-fbd3ab90-0fcb-4e4e-8140-a2fd82982ec5 - - - - -] Auditing locally available compute resources for node mysql-001.vassilevski.com
2017-02-04 09:05:51.487 5249 WARNING nova.virt.libvirt.driver [req-fbd3ab90-0fcb-4e4e-8140-a2fd82982ec5 - - - - -] couldn't obtain the vcpu count from domain id: f5dbbaeb-720f-4440-b239-f8dffd4922d0, exception: Requested operation is not valid: cpu affinity is not supported
2017-02-04 09:05:52.622 5249 INFO nova.compute.resource_tracker [req-fbd3ab90-0fcb-4e4e-8140-a2fd82982ec5 - - - - -] Total usable vcpus: 40, total allocated vcpus: 1
2017-02-04 09:05:52.623 5249 INFO nova.compute.resource_tracker [req-fbd3ab90-0fcb-4e4e-8140-a2fd82982ec5 - - - - -] Final resource view: name=mysql-001.vassilevski.com phys_ram=130946MB used_ram=576MB phys_disk=41GB used_disk=1GB total_vcpus=40 used_vcpus=1 pci_stats=[]
2017-02-04 09:05:52.668 5249 INFO nova.compute.resource_tracker [req-fbd3ab90-0fcb-4e4e-8140-a2fd82982ec5 - - - - -] Compute_service record updated for mysql-001.vassilevski.com:mysql-001.vassilevski.com
2017-02-04 09:06:59.311 5249 INFO nova.compute.resource_tracker [req-fbd3ab90-0fcb-4e4e-8140-a2fd82982ec5 - - - - -] Auditing locally available compute resources for node mysql-001.vassilevski.com
2017-02-04 09:06:59.328 5249 WARNING nova.virt.libvirt.driver [req-fbd3ab90-0fcb-4e4e-8140-a2fd82982ec5 - - - - -] couldn't obtain the vcpu count from domain id: f5dbbaeb-720f-4440-b239-f8dffd4922d0, exception: Requested operation is not valid: cpu affinity is not supported
2017-02-04 09:07:00.412 5249 INFO nova.compute.resource_tracker [req-fbd3ab90-0fcb-4e4e-8140-a2fd82982ec5 - - - - -] Total usable vcpus: 40, total allocated vcpus: 1
2017-02-04 09:07:00.413 5249 INFO nova.compute.resource_tracker [req-fbd3ab90-0fcb-4e4e-8140-a2fd82982ec5 - - - - -] Final resource view: name=mysql-001.vassilevski.com phys_ram=130946MB used_ram=576MB phys_disk=41GB used_disk=1GB total_vcpus=40 used_vcpus=1 pci_stats=[]
2017-02-04 09:07:00.459 5249 INFO nova.compute.resource_tracker [req-fbd3ab90-0fcb-4e4e-8140-a2fd82982ec5 - - - - -] Compute_service record updated for mysql-001.vassilevski.com:mysql-001.vassilevski.com
2017-02-04 09:07:23.522 5249 INFO nova.virt.libvirt.imagecache [req-fbd3ab90-0fcb-4e4e-8140-a2fd82982ec5 - - - - -] image e1e5c8eb-fb63-4a7b-8f39-c69673e634b5 at (/var/lib/nova/instances/_base/0fe9a022d9cb90b24e77cea50b10fd4fcf7396e6): checking
2017-02-04 09:07:23.523 5249 INFO nova.virt.libvirt.imagecache [req-fbd3ab90-0fcb-4e4e-8140-a2fd82982ec5 - - - - -] image e1e5c8eb-fb63-4a7b-8f39-c69673e634b5 at (/var/lib/nova/instances/_base/0fe9a022d9cb90b24e77cea50b10fd4fcf7396e6): in use: on this node 1 local, 0 on other nodes sharing this instance storage
2017-02-04 09:07:23.810 5249 INFO nova.virt.libvirt.imagecache [req-fbd3ab90-0fcb-4e4e-8140-a2fd82982ec5 - - - - -] Active base files: /var/lib/nova/instances/_base/0fe9a022d9cb90b24e77cea50b10fd4fcf7396e6
2017-02-04 09:07:55.187 5249 INFO nova.compute.resource_tracker [req-fbd3ab90-0fcb-4e4e-8140-a2fd82982ec5 - - - - -] Auditing locally available compute resources for node mysql-001.vassilevski.com
2017-02-04 09:07:55.205 5249 WARNING nova.virt.libvirt.driver [req-fbd3ab90-0fcb-4e4e-8140-a2fd82982ec5 - - - - -] couldn't obtain the vcpu count from domain id: f5dbbaeb-720f-4440-b239-f8dffd4922d0, exception: Requested operation is not valid: cpu affinity is not supported
2017-02-04 09:07:56.323 5249 INFO nova.compute.resource_tracker [req-fbd3ab90-0fcb-4e4e-8140-a2fd82982ec5 - - - - -] Total usable vcpus: 40, total allocated vcpus: 1
2017-02-04 09:07:56.324 5249 INFO nova.compute.resource_tracker [req-fbd3ab90-0fcb-4e4e-8140-a2fd82982ec5 - - - - -] Final resource view: name=mysql-001.vassilevski.com phys_ram=130946MB used_ram=576MB phys_disk=41GB used_disk=1GB total_vcpus=40 used_vcpus=1 pci_stats=[]
2017-02-04 09:07:56.369 5249 INFO nova.compute.resource_tracker [req-fbd3ab90-0fcb-4e4e-8140-a2fd82982ec5 - - - - -] Compute_service record updated for mysql-001.vassilevski.com:mysql-001.vassilevski.com
2017-02-04 09:08:57.185 5249 INFO nova.compute.resource_tracker [req-fbd3ab90-0fcb-4e4e-8140-a2fd82982ec5 - - - - -] Auditing locally available compute resources for node mysql-001.vassilevski.com
2017-02-04 09:08:57.202 5249 WARNING nova.virt.libvirt.driver [req-fbd3ab90-0fcb-4e4e-8140-a2fd82982ec5 - - - - -] couldn't obtain the vcpu count from domain id: f5dbbaeb-720f-4440-b239-f8dffd4922d0, exception: Requested operation is not valid: cpu affinity is not supported
2017-02-04 09:08:58.313 5249 INFO nova.compute.resource_tracker [req-fbd3ab90-0fcb-4e4e-8140-a2fd82982ec5 - - - - -] Total usable vcpus: 40, total allocated vcpus: 1
2017-02-04 09:08:58.314 5249 INFO nova.compute.resource_tracker [req-fbd3ab90-0fcb-4e4e-8140-a2fd82982ec5 - - - - -] Final resource view: name=mysql-001.vassilevski.com phys_ram=130946MB used_ram=576MB phys_disk=41GB used_disk=1GB total_vcpus=40 used_vcpus=1 pci_stats=[]
2017-02-04 09:08:58.353 5249 INFO nova.compute.resource_tracker [req-fbd3ab90-0fcb-4e4e-8140-a2fd82982ec5 - - - - -] Compute_service record updated for mysql-001.vassilevski.com:mysql-001.vassilevski.com
2017-02-04 09:09:57.473 5249 INFO nova.compute.resource_tracker [req-fbd3ab90-0fcb-4e4e-8140-a2fd82982ec5 - - - - -] Auditing locally available compute resources for node mysql-001.vassilevski.com
2017-02-04 09:09:57.490 5249 WARNING nova.virt.libvirt.driver [req-fbd3ab90-0fcb-4e4e-8140-a2fd82982ec5 - - - - -] couldn't obtain the vcpu count from domain id: f5dbbaeb-720f-4440-b239-f8dffd4922d0, exception: Requested operation is not valid: cpu affinity is not supported
2017-02-04 09:09:58.576 5249 INFO nova.compute.resource_tracker [req-fbd3ab90-0fcb-4e4e-8140-a2fd82982ec5 - - - - -] Total usable vcpus: 40, total allocated vcpus: 1
2017-02-04 09:09:58.577 5249 INFO nova.compute.resource_tracker [req-fbd3ab90-0fcb-4e4e-8140-a2fd82982ec5 - - - - -] Final resource view: name=mysql-001.vassilevski.com phys_ram=130946MB used_ram=576MB phys_disk=41GB used_disk=1GB total_vcpus=40 used_vcpus=1 pci_stats=[]
2017-02-04 09:09:58.619 5249 INFO nova.compute.resource_tracker [req-fbd3ab90-0fcb-4e4e-8140-a2fd82982ec5 - - - - -] Compute_service record updated for mysql-001.vassilevski.com:mysql-001.vassilevski.com
2017-02-04 09:10:58.470 5249 INFO nova.compute.resource_tracker [req-fbd3ab90-0fcb-4e4e-8140-a2fd82982ec5 - - - - -] Auditing locally available compute resources for node mysql-001.vassilevski.com
2017-02-04 09:10:58.487 5249 WARNING nova.virt.libvirt.driver [req-fbd3ab90-0fcb-4e4e-8140-a2fd82982ec5 - - - - -] couldn't obtain the vcpu count from domain id: f5dbbaeb-720f-4440-b239-f8dffd4922d0, exception: Requested operation is not valid: cpu affinity is not supported
2017-02-04 09:10:59.584 5249 INFO nova.compute.resource_tracker [req-fbd3ab90-0fcb-4e4e-8140-a2fd82982ec5 - - - - -] Total usable vcpus: 40, total allocated vcpus: 1
2017-02-04 09:10:59.585 5249 INFO nova.compute.resource_tracker [req-fbd3ab90-0fcb-4e4e-8140-a2fd82982ec5 - - - - -] Final resource view: name=mysql-001.vassilevski.com phys_ram=130946MB used_ram=576MB phys_disk=41GB used_disk=1GB total_vcpus=40 used_vcpus=1 pci_stats=[]
2017-02-04 09:10:59.627 5249 INFO nova.compute.resource_tracker [req-fbd3ab90-0fcb-4e4e-8140-a2fd82982ec5 - - - - -] Compute_service record updated for mysql-001.vassilevski.com:mysql-001.vassilevski.com
2017-02-04 09:12:00.242 5249 INFO nova.compute.resource_tracker [req-fbd3ab90-0fcb-4e4e-8140-a2fd82982ec5 - - - - -] Auditing locally available compute resources for node mysql-001.vassilevski.com
2017-02-04 09:12:00.260 5249 WARNING nova.virt.libvirt.driver [req-fbd3ab90-0fcb-4e4e-8140-a2fd82982ec5 - - - - -] couldn't obtain the vcpu count from domain id: f5dbbaeb-720f-4440-b239-f8dffd4922d0, exception: Requested operation is not valid: cpu affinity is not supported
2017-02-04 09:12:01.241 5249 INFO nova.compute.resource_tracker [req-fbd3ab90-0fcb-4e4e-8140-a2fd82982ec5 - - - - -] Total usable vcpus: 40, total allocated vcpus: 1
2017-02-04 09:12:01.242 5249 INFO nova.compute.resource_tracker [req-fbd3ab90-0fcb-4e4e-8140-a2fd82982ec5 - - - - -] Final resource view: name=mysql-001.vassilevski.com phys_ram=130946MB used_ram=576MB phys_disk=41GB used_disk=1GB total_vcpus=40 used_vcpus=1 pci_stats=[]
2017-02-04 09:12:01.282 5249 INFO nova.compute.resource_tracker [req-fbd3ab90-0fcb-4e4e-8140-a2fd82982ec5 - - - - -] Compute_service record updated for mysql-001.vassilevski.com:mysql-001.vassilevski.com
2017-02-04 09:13:00.475 5249 INFO nova.compute.resource_tracker [req-fbd3ab90-0fcb-4e4e-8140-a2fd82982ec5 - - - - -] Auditing locally available compute resources for node mysql-001.vassilevski.com
2017-02-04 09:13:00.494 5249 WARNING nova.virt.libvirt.driver [req-fbd3ab90-0fcb-4e4e-8140-a2fd82982ec5 - - - - -] couldn't obtain the vcpu count from domain id: f5dbbaeb-720f-4440-b239-f8dffd4922d0, exception: Requested operation is not valid: cpu affinity is not supported
2017-02-04 09:13:01.608 5249 INFO nova.compute.resource_tracker [req-fbd3ab90-0fcb-4e4e-8140-a2fd82982ec5 - - - - -] Total usable vcpus: 40, total allocated vcpus: 1
2017-02-04 09:13:01.608 5249 INFO nova.compute.resource_tracker [req-fbd3ab90-0fcb-4e4e-8140-a2fd82982ec5 - - - - -] Final resource view: name=mysql-001.vassilevski.com phys_ram=130946MB used_ram=576MB phys_disk=41GB used_disk=1GB total_vcpus=40 used_vcpus=1 pci_stats=[]
2017-02-04 09:13:01.651 5249 INFO nova.compute.resource_tracker [req-fbd3ab90-0fcb-4e4e-8140-a2fd82982ec5 - - - - -] Compute_service record updated for mysql-001.vassilevski.com:mysql-001.vassilevski.com
2017-02-04 09:14:01.193 5249 INFO nova.compute.resource_tracker [req-fbd3ab90-0fcb-4e4e-8140-a2fd82982ec5 - - - - -] Auditing locally available compute resources for node mysql-001.vassilevski.com
2017-02-04 09:14:01.210 5249 WARNING nova.virt.libvirt.driver [req-fbd3ab90-0fcb-4e4e-8140-a2fd82982ec5 - - - - -] couldn't obtain the vcpu count from domain id: f5dbbaeb-720f-4440-b239-f8dffd4922d0, exception: Requested operation is not valid: cpu affinity is not supported
2017-02-04 09:14:02.339 5249 INFO nova.compute.resource_tracker [req-fbd3ab90-0fcb-4e4e-8140-a2fd82982ec5 - - - - -] Total usable vcpus: 40, total allocated vcpus: 1
2017-02-04 09:14:02.340 5249 INFO nova.compute.resource_tracker [req-fbd3ab90-0fcb-4e4e-8140-a2fd82982ec5 - - - - -] Final resource view: name=mysql-001.vassilevski.com phys_ram=130946MB used_ram=576MB phys_disk=41GB used_disk=1GB total_vcpus=40 used_vcpus=1 pci_stats=[]
2017-02-04 09:14:02.385 5249 INFO nova.compute.resource_tracker [req-fbd3ab90-0fcb-4e4e-8140-a2fd82982ec5 - - - - -] Compute_service record updated for mysql-001.vassilevski.com:mysql-001.vassilevski.com
2017-02-04 09:15:01.367 5249 INFO nova.compute.resource_tracker [req-fbd3ab90-0fcb-4e4e-8140-a2fd82982ec5 - - - - -] Auditing locally available compute resources for node mysql-001.vassilevski.com
2017-02-04 09:15:01.385 5249 WARNING nova.virt.libvirt.driver [req-fbd3ab90-0fcb-4e4e-8140-a2fd82982ec5 - - - - -] couldn't obtain the vcpu count from domain id: f5dbbaeb-720f-4440-b239-f8dffd4922d0, exception: Requested operation is not valid: cpu affinity is not supported
2017-02-04 09:15:02.522 5249 INFO nova.compute.resource_tracker [req-fbd3ab90-0fcb-4e4e-8140-a2fd82982ec5 - - - - -] Total usable vcpus: 40, total allocated vcpus: 1
2017-02-04 09:15:02.523 5249 INFO nova.compute.resource_tracker [req-fbd3ab90-0fcb-4e4e-8140-a2fd82982ec5 - - - - -] Final resource view: name=mysql-001.vassilevski.com phys_ram=130946MB used_ram=576MB phys_disk=41GB used_disk=1GB total_vcpus=40 used_vcpus=1 pci_stats=[]
2017-02-04 09:15:02.568 5249 INFO nova.compute.resource_tracker [req-fbd3ab90-0fcb-4e4e-8140-a2fd82982ec5 - - - - -] Compute_service record updated for mysql-001.vassilevski.com:mysql-001.vassilevski.com
2017-02-04 09:16:03.238 5249 INFO nova.compute.resource_tracker [req-fbd3ab90-0fcb-4e4e-8140-a2fd82982ec5 - - - - -] Auditing locally available compute resources for node mysql-001.vassilevski.com
2017-02-04 09:16:03.256 5249 WARNING nova.virt.libvirt.driver [req-fbd3ab90-0fcb-4e4e-8140-a2fd82982ec5 - - - - -] couldn't obtain the vcpu count from domain id: f5dbbaeb-720f-4440-b239-f8dffd4922d0, exception: Requested operation is not valid: cpu affinity is not supported
2017-02-04 09:16:04.369 5249 INFO nova.compute.resource_tracker [req-fbd3ab90-0fcb-4e4e-8140-a2fd82982ec5 - - - - -] Total usable vcpus: 40, total allocated vcpus: 1
2017-02-04 09:16:04.370 5249 INFO nova.compute.resource_tracker [req-fbd3ab90-0fcb-4e4e-8140-a2fd82982ec5 - - - - -] Final resource view: name=mysql-001.vassilevski.com phys_ram=130946MB used_ram=576MB phys_disk=41GB used_disk=1GB total_vcpus=40 used_vcpus=1 pci_stats=[]
2017-02-04 09:16:04.414 5249 INFO nova.compute.resource_tracker [req-fbd3ab90-0fcb-4e4e-8140-a2fd82982ec5 - - - - -] Compute_service record updated for mysql-001.vassilevski.com:mysql-001.vassilevski.com
2017-02-04 09:17:04.495 5249 INFO nova.compute.resource_tracker [req-fbd3ab90-0fcb-4e4e-8140-a2fd82982ec5 - - - - -] Auditing locally available compute resources for node mysql-001.vassilevski.com
2017-02-04 09:17:04.512 5249 WARNING nova.virt.libvirt.driver [req-fbd3ab90-0fcb-4e4e-8140-a2fd82982ec5 - - - - -] couldn't obtain the vcpu count from domain id: f5dbbaeb-720f-4440-b239-f8dffd4922d0, exception: Requested operation is not valid: cpu affinity is not supported
2017-02-04 09:17:05.617 5249 INFO nova.compute.resource_tracker [req-fbd3ab90-0fcb-4e4e-8140-a2fd82982ec5 - - - - -] Total usable vcpus: 40, total allocated vcpus: 1
2017-02-04 09:17:05.617 5249 INFO nova.compute.resource_tracker [req-fbd3ab90-0fcb-4e4e-8140-a2fd82982ec5 - - - - -] Final resource view: name=mysql-001.vassilevski.com phys_ram=130946MB used_ram=576MB phys_disk=41GB used_disk=1GB total_vcpus=40 used_vcpus=1 pci_stats=[]
2017-02-04 09:17:05.666 5249 INFO nova.compute.resource_tracker [req-fbd3ab90-0fcb-4e4e-8140-a2fd82982ec5 - - - - -] Compute_service record updated for mysql-001.vassilevski.com:mysql-001.vassilevski.com
2017-02-04 09:18:06.470 5249 INFO nova.compute.resource_tracker [req-fbd3ab90-0fcb-4e4e-8140-a2fd82982ec5 - - - - -] Auditing locally available compute resources for node mysql-001.vassilevski.com
2017-02-04 09:18:06.488 5249 WARNING nova.virt.libvirt.driver [req-fbd3ab90-0fcb-4e4e-8140-a2fd82982ec5 - - - - -] couldn't obtain the vcpu count from domain id: f5dbbaeb-720f-4440-b239-f8dffd4922d0, exception: Requested operation is not valid: cpu affinity is not supported
2017-02-04 09:18:07.545 5249 INFO nova.compute.resource_tracker [req-fbd3ab90-0fcb-4e4e-8140-a2fd82982ec5 - - - - -] Total usable vcpus: 40, total allocated vcpus: 1
2017-02-04 09:18:07.546 5249 INFO nova.compute.resource_tracker [req-fbd3ab90-0fcb-4e4e-8140-a2fd82982ec5 - - - - -] Final resource view: name=mysql-001.vassilevski.com phys_ram=130946MB used_ram=576MB phys_disk=41GB used_disk=1GB total_vcpus=40 used_vcpus=1 pci_stats=[]
2017-02-04 09:18:07.589 5249 INFO nova.compute.resource_tracker [req-fbd3ab90-0fcb-4e4e-8140-a2fd82982ec5 - - - - -] Compute_service record updated for mysql-001.vassilevski.com:mysql-001.vassilevski.com
2017-02-04 09:19:08.478 5249 INFO nova.compute.resource_tracker [req-fbd3ab90-0fcb-4e4e-8140-a2fd82982ec5 - - - - -] Auditing locally available compute resources for node mysql-001.vassilevski.com
2017-02-04 09:19:08.496 5249 WARNING nova.virt.libvirt.driver [req-fbd3ab90-0fcb-4e4e-8140-a2fd82982ec5 - - - - -] couldn't obtain the vcpu count from domain id: f5dbbaeb-720f-4440-b239-f8dffd4922d0, exception: Requested operation is not valid: cpu affinity is not supported
2017-02-04 09:19:09.607 5249 INFO nova.compute.resource_tracker [req-fbd3ab90-0fcb-4e4e-8140-a2fd82982ec5 - - - - -] Total usable vcpus: 40, total allocated vcpus: 1
2017-02-04 09:19:09.608 5249 INFO nova.compute.resource_tracker [req-fbd3ab90-0fcb-4e4e-8140-a2fd82982ec5 - - - - -] Final resource view: name=mysql-001.vassilevski.com phys_ram=130946MB used_ram=576MB phys_disk=41GB used_disk=1GB total_vcpus=40 used_vcpus=1 pci_stats=[]
2017-02-04 09:19:09.653 5249 INFO nova.compute.resource_tracker [req-fbd3ab90-0fcb-4e4e-8140-a2fd82982ec5 - - - - -] Compute_service record updated for mysql-001.vassilevski.com:mysql-001.vassilevski.com
2017-02-04 09:20:08.472 5249 INFO nova.compute.resource_tracker [req-fbd3ab90-0fcb-4e4e-8140-a2fd82982ec5 - - - - -] Auditing locally available compute resources for node mysql-001.vassilevski.com
2017-02-04 09:20:08.489 5249 WARNING nova.virt.libvirt.driver [req-fbd3ab90-0fcb-4e4e-8140-a2fd82982ec5 - - - - -] couldn't obtain the vcpu count from domain id: f5dbbaeb-720f-4440-b239-f8dffd4922d0, exception: Requested operation is not valid: cpu affinity is not supported
2017-02-04 09:20:09.619 5249 INFO nova.compute.resource_tracker [req-fbd3ab90-0fcb-4e4e-8140-a2fd82982ec5 - - - - -] Total usable vcpus: 40, total allocated vcpus: 1
2017-02-04 09:20:09.620 5249 INFO nova.compute.resource_tracker [req-fbd3ab90-0fcb-4e4e-8140-a2fd82982ec5 - - - - -] Final resource view: name=mysql-001.vassilevski.com phys_ram=130946MB used_ram=576MB phys_disk=41GB used_disk=1GB total_vcpus=40 used_vcpus=1 pci_stats=[]
2017-02-04 09:20:09.663 5249 INFO nova.compute.resource_tracker [req-fbd3ab90-0fcb-4e4e-8140-a2fd82982ec5 - - - - -] Compute_service record updated for mysql-001.vassilevski.com:mysql-001.vassilevski.com
2017-02-04 09:21:10.470 5249 INFO nova.compute.resource_tracker [req-fbd3ab90-0fcb-4e4e-8140-a2fd82982ec5 - - - - -] Auditing locally available compute resources for node mysql-001.vassilevski.com
2017-02-04 09:21:10.488 5249 WARNING nova.virt.libvirt.driver [req-fbd3ab90-0fcb-4e4e-8140-a2fd82982ec5 - - - - -] couldn't obtain the vcpu count from domain id: f5dbbaeb-720f-4440-b239-f8dffd4922d0, exception: Requested operation is not valid: cpu affinity is not supported
2017-02-04 09:21:11.609 5249 INFO nova.compute.resource_tracker [req-fbd3ab90-0fcb-4e4e-8140-a2fd82982ec5 - - - - -] Total usable vcpus: 40, total allocated vcpus: 1
2017-02-04 09:21:11.610 5249 INFO nova.compute.resource_tracker [req-fbd3ab90-0fcb-4e4e-8140-a2fd82982ec5 - - - - -] Final resource view: name=mysql-001.vassilevski.com phys_ram=130946MB used_ram=576MB phys_disk=41GB used_disk=1GB total_vcpus=40 used_vcpus=1 pci_stats=[]
2017-02-04 09:21:11.656 5249 INFO nova.compute.resource_tracker [req-fbd3ab90-0fcb-4e4e-8140-a2fd82982ec5 - - - - -] Compute_service record updated for mysql-001.vassilevski.com:mysql-001.vassilevski.com
2017-02-04 09:22:10.489 5249 INFO nova.compute.resource_tracker [req-fbd3ab90-0fcb-4e4e-8140-a2fd82982ec5 - - - - -] Auditing locally available compute resources for node mysql-001.vassilevski.com
2017-02-04 09:22:10.507 5249 WARNING nova.virt.libvirt.driver [req-fbd3ab90-0fcb-4e4e-8140-a2fd82982ec5 - - - - -] couldn't obtain the vcpu count from domain id: f5dbbaeb-720f-4440-b239-f8dffd4922d0, exception: Requested operation is not valid: cpu affinity is not supported
2017-02-04 09:22:11.591 5249 INFO nova.compute.resource_tracker [req-fbd3ab90-0fcb-4e4e-8140-a2fd82982ec5 - - - - -] Total usable vcpus: 40, total allocated vcpus: 1
2017-02-04 09:22:11.592 5249 INFO nova.compute.resource_tracker [req-fbd3ab90-0fcb-4e4e-8140-a2fd82982ec5 - - - - -] Final resource view: name=mysql-001.vassilevski.com phys_ram=130946MB used_ram=576MB phys_disk=41GB used_disk=1GB total_vcpus=40 used_vcpus=1 pci_stats=[]
2017-02-04 09:22:11.632 5249 INFO nova.compute.resource_tracker [req-fbd3ab90-0fcb-4e4e-8140-a2fd82982ec5 - - - - -] Compute_service record updated for mysql-001.vassilevski.com:mysql-001.vassilevski.com
2017-02-04 09:23:11.473 5249 INFO nova.compute.resource_tracker [req-fbd3ab90-0fcb-4e4e-8140-a2fd82982ec5 - - - - -] Auditing locally available compute resources for node mysql-001.vassilevski.com
2017-02-04 09:23:11.491 5249 WARNING nova.virt.libvirt.driver [req-fbd3ab90-0fcb-4e4e-8140-a2fd82982ec5 - - - - -] couldn't obtain the vcpu count from domain id: f5dbbaeb-720f-4440-b239-f8dffd4922d0, exception: Requested operation is not valid: cpu affinity is not supported
2017-02-04 09:23:12.561 5249 INFO nova.compute.resource_tracker [req-fbd3ab90-0fcb-4e4e-8140-a2fd82982ec5 - - - - -] Total usable vcpus: 40, total allocated vcpus: 1
2017-02-04 09:23:12.562 5249 INFO nova.compute.resource_tracker [req-fbd3ab90-0fcb-4e4e-8140-a2fd82982ec5 - - - - -] Final resource view: name=mysql-001.vassilevski.com phys_ram=130946MB used_ram=576MB phys_disk=41GB used_disk=1GB total_vcpus=40 used_vcpus=1 pci_stats=[]
2017-02-04 09:23:12.604 5249 INFO nova.compute.resource_tracker [req-fbd3ab90-0fcb-4e4e-8140-a2fd82982ec5 - - - - -] Compute_service record updated for mysql-001.vassilevski.com:mysql-001.vassilevski.com
2017-02-04 09:24:13.481 5249 INFO nova.compute.resource_tracker [req-fbd3ab90-0fcb-4e4e-8140-a2fd82982ec5 - - - - -] Auditing locally available compute resources for node mysql-001.vassilevski.com
2017-02-04 09:24:13.500 5249 WARNING nova.virt.libvirt.driver [req-fbd3ab90-0fcb-4e4e-8140-a2fd82982ec5 - - - - -] couldn't obtain the vcpu count from domain id: f5dbbaeb-720f-4440-b239-f8dffd4922d0, exception: Requested operation is not valid: cpu affinity is not supported
2017-02-04 09:24:14.620 5249 INFO nova.compute.resource_tracker [req-fbd3ab90-0fcb-4e4e-8140-a2fd82982ec5 - - - - -] Total usable vcpus: 40, total allocated vcpus: 1
2017-02-04 09:24:14.621 5249 INFO nova.compute.resource_tracker [req-fbd3ab90-0fcb-4e4e-8140-a2fd82982ec5 - - - - -] Final resource view: name=mysql-001.vassilevski.com phys_ram=130946MB used_ram=576MB phys_disk=41GB used_disk=1GB total_vcpus=40 used_vcpus=1 pci_stats=[]
2017-02-04 09:24:14.665 5249 INFO nova.compute.resource_tracker [req-fbd3ab90-0fcb-4e4e-8140-a2fd82982ec5 - - - - -] Compute_service record updated for mysql-001.vassilevski.com:mysql-001.vassilevski.com
2017-02-04 09:25:14.469 5249 INFO nova.compute.resource_tracker [req-fbd3ab90-0fcb-4e4e-8140-a2fd82982ec5 - - - - -] Auditing locally available compute resources for node mysql-001.vassilevski.com
2017-02-04 09:25:14.486 5249 WARNING nova.virt.libvirt.driver [req-fbd3ab90-0fcb-4e4e-8140-a2fd82982ec5 - - - - -] couldn't obtain the vcpu count from domain id: f5dbbaeb-720f-4440-b239-f8dffd4922d0, exception: Requested operation is not valid: cpu affinity is not supported
2017-02-04 09:25:15.583 5249 INFO nova.compute.resource_tracker [req-fbd3ab90-0fcb-4e4e-8140-a2fd82982ec5 - - - - -] Total usable vcpus: 40, total allocated vcpus: 1
2017-02-04 09:25:15.584 5249 INFO nova.compute.resource_tracker [req-fbd3ab90-0fcb-4e4e-8140-a2fd82982ec5 - - - - -] Final resource view: name=mysql-001.vassilevski.com phys_ram=130946MB used_ram=576MB phys_disk=41GB used_disk=1GB total_vcpus=40 used_vcpus=1 pci_stats=[]
2017-02-04 09:25:15.632 5249 INFO nova.compute.resource_tracker [req-fbd3ab90-0fcb-4e4e-8140-a2fd82982ec5 - - - - -] Compute_service record updated for mysql-001.vassilevski.com:mysql-001.vassilevski.com
2017-02-04 09:26:17.377 5249 INFO nova.compute.resource_tracker [req-fbd3ab90-0fcb-4e4e-8140-a2fd82982ec5 - - - - -] Auditing locally available compute resources for node mysql-001.vassilevski.com
2017-02-04 09:26:17.395 5249 WARNING nova.virt.libvirt.driver [req-fbd3ab90-0fcb-4e4e-8140-a2fd82982ec5 - - - - -] couldn't obtain the vcpu count from domain id: f5dbbaeb-720f-4440-b239-f8dffd4922d0, exception: Requested operation is not valid: cpu affinity is not supported
2017-02-04 09:26:18.481 5249 INFO nova.compute.resource_tracker [req-fbd3ab90-0fcb-4e4e-8140-a2fd82982ec5 - - - - -] Total usable vcpus: 40, total allocated vcpus: 1
2017-02-04 09:26:18.481 5249 INFO nova.compute.resource_tracker [req-fbd3ab90-0fcb-4e4e-8140-a2fd82982ec5 - - - - -] Final resource view: name=mysql-001.vassilevski.com phys_ram=130946MB used_ram=576MB phys_disk=41GB used_disk=1GB total_vcpus=40 used_vcpus=1 pci_stats=[]
2017-02-04 09:26:18.526 5249 INFO nova.compute.resource_tracker [req-fbd3ab90-0fcb-4e4e-8140-a2fd82982ec5 - - - - -] Compute_service record updated for mysql-001.vassilevski.com:mysql-001.vassilevski.com
2017-02-04 09:27:18.485 5249 INFO nova.compute.resource_tracker [req-fbd3ab90-0fcb-4e4e-8140-a2fd82982ec5 - - - - -] Auditing locally available compute resources for node mysql-001.vassilevski.com
2017-02-04 09:27:18.503 5249 WARNING nova.virt.libvirt.driver [req-fbd3ab90-0fcb-4e4e-8140-a2fd82982ec5 - - - - -] couldn't obtain the vcpu count from domain id: f5dbbaeb-720f-4440-b239-f8dffd4922d0, exception: Requested operation is not valid: cpu affinity is not supported
2017-02-04 09:27:19.629 5249 INFO nova.compute.resource_tracker [req-fbd3ab90-0fcb-4e4e-8140-a2fd82982ec5 - - - - -] Total usable vcpus: 40, total allocated vcpus: 1
2017-02-04 09:27:19.630 5249 INFO nova.compute.resource_tracker [req-fbd3ab90-0fcb-4e4e-8140-a2fd82982ec5 - - - - -] Final resource view: name=mysql-001.vassilevski.com phys_ram=130946MB used_ram=576MB phys_disk=41GB used_disk=1GB total_vcpus=40 used_vcpus=1 pci_stats=[]
2017-02-04 09:27:19.673 5249 INFO nova.compute.resource_tracker [req-fbd3ab90-0fcb-4e4e-8140-a2fd82982ec5 - - - - -] Compute_service record updated for mysql-001.vassilevski.com:mysql-001.vassilevski.com
2017-02-04 09:28:20.246 5249 INFO nova.compute.resource_tracker [req-fbd3ab90-0fcb-4e4e-8140-a2fd82982ec5 - - - - -] Auditing locally available compute resources for node mysql-001.vassilevski.com
2017-02-04 09:28:20.264 5249 WARNING nova.virt.libvirt.driver [req-fbd3ab90-0fcb-4e4e-8140-a2fd82982ec5 - - - - -] couldn't obtain the vcpu count from domain id: f5dbbaeb-720f-4440-b239-f8dffd4922d0, exception: Requested operation is not valid: cpu affinity is not supported
2017-02-04 09:28:21.402 5249 INFO nova.compute.resource_tracker [req-fbd3ab90-0fcb-4e4e-8140-a2fd82982ec5 - - - - -] Total usable vcpus: 40, total allocated vcpus: 1
2017-02-04 09:28:21.403 5249 INFO nova.compute.resource_tracker [req-fbd3ab90-0fcb-4e4e-8140-a2fd82982ec5 - - - - -] Final resource view: name=mysql-001.vassilevski.com phys_ram=130946MB used_ram=576MB phys_disk=41GB used_disk=1GB total_vcpus=40 used_vcpus=1 pci_stats=[]
2017-02-04 09:28:21.448 5249 INFO nova.compute.resource_tracker [req-fbd3ab90-0fcb-4e4e-8140-a2fd82982ec5 - - - - -] Compute_service record updated for mysql-001.vassilevski.com:mysql-001.vassilevski.com
2017-02-04 09:29:21.231 5249 INFO nova.compute.resource_tracker [req-fbd3ab90-0fcb-4e4e-8140-a2fd82982ec5 - - - - -] Auditing locally available compute resources for node mysql-001.vassilevski.com
2017-02-04 09:29:21.246 5249 WARNING nova.virt.libvirt.driver [req-fbd3ab90-0fcb-4e4e-8140-a2fd82982ec5 - - - - -] couldn't obtain the vcpu count from domain id: f5dbbaeb-720f-4440-b239-f8dffd4922d0, exception: Requested operation is not valid: cpu affinity is not supported
2017-02-04 09:29:22.364 5249 INFO nova.compute.resource_tracker [req-fbd3ab90-0fcb-4e4e-8140-a2fd82982ec5 - - - - -] Total usable vcpus: 40, total allocated vcpus: 1
2017-02-04 09:29:22.365 5249 INFO nova.compute.resource_tracker [req-fbd3ab90-0fcb-4e4e-8140-a2fd82982ec5 - - - - -] Final resource view: name=mysql-001.vassilevski.com phys_ram=130946MB used_ram=576MB phys_disk=41GB used_disk=1GB total_vcpus=40 used_vcpus=1 pci_stats=[]
2017-02-04 09:29:22.411 5249 INFO nova.compute.resource_tracker [req-fbd3ab90-0fcb-4e4e-8140-a2fd82982ec5 - - - - -] Compute_service record updated for mysql-001.vassilevski.com:mysql-001.vassilevski.com
2017-02-04 09:31:27.411 5249 INFO nova.compute.resource_tracker [req-fbd3ab90-0fcb-4e4e-8140-a2fd82982ec5 - - - - -] Auditing locally available compute resources for node mysql-001.vassilevski.com
2017-02-04 09:31:27.428 5249 WARNING nova.virt.libvirt.driver [req-fbd3ab90-0fcb-4e4e-8140-a2fd82982ec5 - - - - -] couldn't obtain the vcpu count from domain id: f5dbbaeb-720f-4440-b239-f8dffd4922d0, exception: Requested operation is not valid: cpu affinity is not supported
2017-02-04 09:31:28.544 5249 INFO nova.compute.resource_tracker [req-fbd3ab90-0fcb-4e4e-8140-a2fd82982ec5 - - - - -] Total usable vcpus: 40, total allocated vcpus: 1
2017-02-04 09:31:28.545 5249 INFO nova.compute.resource_tracker [req-fbd3ab90-0fcb-4e4e-8140-a2fd82982ec5 - - - - -] Final resource view: name=mysql-001.vassilevski.com phys_ram=130946MB used_ram=576MB phys_disk=41GB used_disk=1GB total_vcpus=40 used_vcpus=1 pci_stats=[]
2017-02-04 09:31:28.602 5249 INFO nova.compute.resource_tracker [req-fbd3ab90-0fcb-4e4e-8140-a2fd82982ec5 - - - - -] Compute_service record updated for mysql-001.vassilevski.com:mysql-001.vassilevski.com
2017-02-04 09:32:24.235 5249 INFO nova.compute.resource_tracker [req-fbd3ab90-0fcb-4e4e-8140-a2fd82982ec5 - - - - -] Auditing locally available compute resources for node mysql-001.vassilevski.com
2017-02-04 09:32:24.252 5249 WARNING nova.virt.libvirt.driver [req-fbd3ab90-0fcb-4e4e-8140-a2fd82982ec5 - - - - -] couldn't obtain the vcpu count from domain id: f5dbbaeb-720f-4440-b239-f8dffd4922d0, exception: Requested operation is not valid: cpu affinity is not supported
2017-02-04 09:32:25.355 5249 INFO nova.compute.resource_tracker [req-fbd3ab90-0fcb-4e4e-8140-a2fd82982ec5 - - - - -] Total usable vcpus: 40, total allocated vcpus: 1
2017-02-04 09:32:25.356 5249 INFO nova.compute.resource_tracker [req-fbd3ab90-0fcb-4e4e-8140-a2fd82982ec5 - - - - -] Final resource view: name=mysql-001.vassilevski.com phys_ram=130946MB used_ram=576MB phys_disk=41GB used_disk=1GB total_vcpus=40 used_vcpus=1 pci_stats=[]
2017-02-04 09:32:25.399 5249 INFO nova.compute.resource_tracker [req-fbd3ab90-0fcb-4e4e-8140-a2fd82982ec5 - - - - -] Compute_service record updated for mysql-001.vassilevski.com:mysql-001.vassilevski.com
2017-02-04 09:33:24.191 5249 INFO nova.compute.resource_tracker [req-fbd3ab90-0fcb-4e4e-8140-a2fd82982ec5 - - - - -] Auditing locally available compute resources for node mysql-001.vassilevski.com
2017-02-04 09:33:24.207 5249 WARNING nova.virt.libvirt.driver [req-fbd3ab90-0fcb-4e4e-8140-a2fd82982ec5 - - - - -] couldn't obtain the vcpu count from domain id: f5dbbaeb-720f-4440-b239-f8dffd4922d0, exception: Requested operation is not valid: cpu affinity is not supported
2017-02-04 09:33:25.328 5249 INFO nova.compute.resource_tracker [req-fbd3ab90-0fcb-4e4e-8140-a2fd82982ec5 - - - - -] Total usable vcpus: 40, total allocated vcpus: 1
2017-02-04 09:33:25.329 5249 INFO nova.compute.resource_tracker [req-fbd3ab90-0fcb-4e4e-8140-a2fd82982ec5 - - - - -] Final resource view: name=mysql-001.vassilevski.com phys_ram=130946MB used_ram=576MB phys_disk=41GB used_disk=1GB total_vcpus=40 used_vcpus=1 pci_stats=[]
2017-02-04 09:33:25.377 5249 INFO nova.compute.resource_tracker [req-fbd3ab90-0fcb-4e4e-8140-a2fd82982ec5 - - - - -] Compute_service record updated for mysql-001.vassilevski.com:mysql-001.vassilevski.com
2017-02-04 09:34:25.323 5249 INFO nova.compute.resource_tracker [req-fbd3ab90-0fcb-4e4e-8140-a2fd82982ec5 - - - - -] Auditing locally available compute resources for node mysql-001.vassilevski.com
2017-02-04 09:34:25.340 5249 WARNING nova.virt.libvirt.driver [req-fbd3ab90-0fcb-4e4e-8140-a2fd82982ec5 - - - - -] couldn't obtain the vcpu count from domain id: f5dbbaeb-720f-4440-b239-f8dffd4922d0, exception: Requested operation is not valid: cpu affinity is not supported
2017-02-04 09:34:26.510 5249 INFO nova.compute.resource_tracker [req-fbd3ab90-0fcb-4e4e-8140-a2fd82982ec5 - - - - -] Total usable vcpus: 40, total allocated vcpus: 1
2017-02-04 09:34:26.511 5249 INFO nova.compute.resource_tracker [req-fbd3ab90-0fcb-4e4e-8140-a2fd82982ec5 - - - - -] Final resource view: name=mysql-001.vassilevski.com phys_ram=130946MB used_ram=576MB phys_disk=41GB used_disk=1GB total_vcpus=40 used_vcpus=1 pci_stats=[]
2017-02-04 09:34:26.556 5249 INFO nova.compute.resource_tracker [req-fbd3ab90-0fcb-4e4e-8140-a2fd82982ec5 - - - - -] Compute_service record updated for mysql-001.vassilevski.com:mysql-001.vassilevski.com
2017-02-04 09:35:25.190 5249 INFO nova.compute.resource_tracker [req-fbd3ab90-0fcb-4e4e-8140-a2fd82982ec5 - - - - -] Auditing locally available compute resources for node mysql-001.vassilevski.com
2017-02-04 09:35:25.208 5249 WARNING nova.virt.libvirt.driver [req-fbd3ab90-0fcb-4e4e-8140-a2fd82982ec5 - - - - -] couldn't obtain the vcpu count from domain id: f5dbbaeb-720f-4440-b239-f8dffd4922d0, exception: Requested operation is not valid: cpu affinity is not supported
2017-02-04 09:35:26.342 5249 INFO nova.compute.resource_tracker [req-fbd3ab90-0fcb-4e4e-8140-a2fd82982ec5 - - - - -] Total usable vcpus: 40, total allocated vcpus: 1
2017-02-04 09:35:26.343 5249 INFO nova.compute.resource_tracker [req-fbd3ab90-0fcb-4e4e-8140-a2fd82982ec5 - - - - -] Final resource view: name=mysql-001.vassilevski.com phys_ram=130946MB used_ram=576MB phys_disk=41GB used_disk=1GB total_vcpus=40 used_vcpus=1 pci_stats=[]
2017-02-04 09:35:26.389 5249 INFO nova.compute.resource_tracker [req-fbd3ab90-0fcb-4e4e-8140-a2fd82982ec5 - - - - -] Compute_service record updated for mysql-001.vassilevski.com:mysql-001.vassilevski.com
