2017-02-01 02:15:53.815 6489 WARNING oslo_config.cfg [req-3f653f69-d636-46af-90f2-5d5bda3c5121 1cb680f1831042769fa73df344b6b967 eee9f522c68d43e685d2202ca7dbf9bd - default default] Option "sql_connection" from group "DEFAULT" is deprecated. Use option "connection" from group "database".
2017-02-01 02:15:53.966 6489 INFO eventlet.wsgi.server [req-3f653f69-d636-46af-90f2-5d5bda3c5121 1cb680f1831042769fa73df344b6b967 eee9f522c68d43e685d2202ca7dbf9bd - default default] x.x.x.2 - - [01/Feb/2017 02:15:53] "GET /v2/images/cirros HTTP/1.1" 404 263 0.545260
2017-02-01 02:15:54.452 6499 WARNING oslo_config.cfg [req-65549771-8fc0-4480-96a1-e8a649548842 1cb680f1831042769fa73df344b6b967 eee9f522c68d43e685d2202ca7dbf9bd - default default] Option "sql_connection" from group "DEFAULT" is deprecated. Use option "connection" from group "database".
2017-02-01 02:15:54.568 6499 INFO eventlet.wsgi.server [req-65549771-8fc0-4480-96a1-e8a649548842 1cb680f1831042769fa73df344b6b967 eee9f522c68d43e685d2202ca7dbf9bd - default default] x.x.x.2 - - [01/Feb/2017 02:15:54] "GET /v2/images/cirros HTTP/1.1" 404 263 0.513319
2017-02-01 02:15:55.068 6502 WARNING oslo_config.cfg [req-a6dbf80c-2e91-4261-83c7-80214fc9f1f2 1cb680f1831042769fa73df344b6b967 eee9f522c68d43e685d2202ca7dbf9bd - default default] Option "sql_connection" from group "DEFAULT" is deprecated. Use option "connection" from group "database".
2017-02-01 02:15:55.191 6502 INFO eventlet.wsgi.server [req-a6dbf80c-2e91-4261-83c7-80214fc9f1f2 1cb680f1831042769fa73df344b6b967 eee9f522c68d43e685d2202ca7dbf9bd - default default] x.x.x.2 - - [01/Feb/2017 02:15:55] "GET /v2/images?limit=20 HTTP/1.1" 200 876 0.550680
2017-02-01 02:15:55.252 6502 INFO eventlet.wsgi.server [req-85f37cd8-3a54-409f-8c64-6d7d88a646b2 1cb680f1831042769fa73df344b6b967 eee9f522c68d43e685d2202ca7dbf9bd - default default] x.x.x.2 - - [01/Feb/2017 02:15:55] "GET /v2/schemas/image HTTP/1.1" 200 4352 0.056838
2017-02-01 02:15:55.722 6503 WARNING oslo_config.cfg [req-c87021b1-d6e3-4ed1-8cbb-fa2964fdd7fa 1cb680f1831042769fa73df344b6b967 eee9f522c68d43e685d2202ca7dbf9bd - default default] Option "sql_connection" from group "DEFAULT" is deprecated. Use option "connection" from group "database".
2017-02-01 02:15:55.875 6503 INFO eventlet.wsgi.server [req-c87021b1-d6e3-4ed1-8cbb-fa2964fdd7fa 1cb680f1831042769fa73df344b6b967 eee9f522c68d43e685d2202ca7dbf9bd - default default] x.x.x.2 - - [01/Feb/2017 02:15:55] "GET /v2/images/e1e5c8eb-fb63-4a7b-8f39-c69673e634b5 HTTP/1.1" 200 798 0.539287
2017-02-01 02:15:55.934 6503 INFO eventlet.wsgi.server [req-1f33082a-b0c7-485c-818b-f3bcbdcfb7d4 1cb680f1831042769fa73df344b6b967 eee9f522c68d43e685d2202ca7dbf9bd - default default] x.x.x.2 - - [01/Feb/2017 02:15:55] "GET /v2/schemas/image HTTP/1.1" 200 4352 0.052687
2017-02-01 02:17:30.670 6484 WARNING oslo_config.cfg [req-6b7be7b9-255e-4d7e-b0db-c66291a4f902 1cb680f1831042769fa73df344b6b967 eee9f522c68d43e685d2202ca7dbf9bd - default default] Option "sql_connection" from group "DEFAULT" is deprecated. Use option "connection" from group "database".
2017-02-01 02:17:30.822 6484 INFO eventlet.wsgi.server [req-6b7be7b9-255e-4d7e-b0db-c66291a4f902 1cb680f1831042769fa73df344b6b967 eee9f522c68d43e685d2202ca7dbf9bd - default default] x.x.x.2 - - [01/Feb/2017 02:17:30] "GET /v2/images/cirros HTTP/1.1" 404 263 0.567328
2017-02-01 02:17:31.295 6478 WARNING oslo_config.cfg [req-39576c70-e45f-4b79-acd2-a0d0788bd458 1cb680f1831042769fa73df344b6b967 eee9f522c68d43e685d2202ca7dbf9bd - default default] Option "sql_connection" from group "DEFAULT" is deprecated. Use option "connection" from group "database".
2017-02-01 02:17:31.445 6478 INFO eventlet.wsgi.server [req-39576c70-e45f-4b79-acd2-a0d0788bd458 1cb680f1831042769fa73df344b6b967 eee9f522c68d43e685d2202ca7dbf9bd - default default] x.x.x.2 - - [01/Feb/2017 02:17:31] "GET /v2/images/cirros HTTP/1.1" 404 263 0.535288
2017-02-01 02:17:31.620 6478 INFO eventlet.wsgi.server [req-c5c852f1-ed1a-41f2-9109-d2f715ca9fef 1cb680f1831042769fa73df344b6b967 eee9f522c68d43e685d2202ca7dbf9bd - default default] x.x.x.2 - - [01/Feb/2017 02:17:31] "GET /v2/images?limit=20 HTTP/1.1" 200 876 0.100960
2017-02-01 02:17:31.678 6478 INFO eventlet.wsgi.server [req-8c0d1dd0-3341-43b3-b8aa-962094bf7352 1cb680f1831042769fa73df344b6b967 eee9f522c68d43e685d2202ca7dbf9bd - default default] x.x.x.2 - - [01/Feb/2017 02:17:31] "GET /v2/schemas/image HTTP/1.1" 200 4352 0.053338
2017-02-01 02:17:31.827 6502 INFO eventlet.wsgi.server [req-9014c672-b461-44a6-8c02-a67a5f4846cf 1cb680f1831042769fa73df344b6b967 eee9f522c68d43e685d2202ca7dbf9bd - default default] x.x.x.2 - - [01/Feb/2017 02:17:31] "GET /v2/images/e1e5c8eb-fb63-4a7b-8f39-c69673e634b5 HTTP/1.1" 200 798 0.085084
2017-02-01 02:17:31.886 6502 INFO eventlet.wsgi.server [req-f6a485e5-7365-41d2-a77f-bbf87ab4eec1 1cb680f1831042769fa73df344b6b967 eee9f522c68d43e685d2202ca7dbf9bd - default default] x.x.x.2 - - [01/Feb/2017 02:17:31] "GET /v2/schemas/image HTTP/1.1" 200 4352 0.054133
2017-02-01 02:17:40.106 6478 INFO eventlet.wsgi.server [req-650c4d0d-7392-4f59-9d36-47ab5e42ea57 1cb680f1831042769fa73df344b6b967 eee9f522c68d43e685d2202ca7dbf9bd - default default] x.x.x.2 - - [01/Feb/2017 02:17:40] "GET /v2/images/cirros HTTP/1.1" 404 263 0.063641
2017-02-01 02:17:40.266 6478 INFO eventlet.wsgi.server [req-3f29dd64-ba2a-4e2e-ad7b-d148953ed61e 1cb680f1831042769fa73df344b6b967 eee9f522c68d43e685d2202ca7dbf9bd - default default] x.x.x.2 - - [01/Feb/2017 02:17:40] "GET /v2/images/cirros HTTP/1.1" 404 263 0.078437
2017-02-01 02:17:40.450 6502 INFO eventlet.wsgi.server [req-9246608c-022a-49b0-9a12-9a8ba2a7dd8d 1cb680f1831042769fa73df344b6b967 eee9f522c68d43e685d2202ca7dbf9bd - default default] x.x.x.2 - - [01/Feb/2017 02:17:40] "GET /v2/images?limit=20 HTTP/1.1" 200 876 0.106091
2017-02-01 02:17:40.504 6502 INFO eventlet.wsgi.server [req-4e7abc7f-74ac-4633-8ef8-429dd17a03b4 1cb680f1831042769fa73df344b6b967 eee9f522c68d43e685d2202ca7dbf9bd - default default] x.x.x.2 - - [01/Feb/2017 02:17:40] "GET /v2/schemas/image HTTP/1.1" 200 4352 0.050475
2017-02-01 02:17:40.970 6471 WARNING oslo_config.cfg [req-5e169e99-ecc8-4dd5-859f-57e794f8807b 1cb680f1831042769fa73df344b6b967 eee9f522c68d43e685d2202ca7dbf9bd - default default] Option "sql_connection" from group "DEFAULT" is deprecated. Use option "connection" from group "database".
2017-02-01 02:17:41.119 6471 INFO eventlet.wsgi.server [req-5e169e99-ecc8-4dd5-859f-57e794f8807b 1cb680f1831042769fa73df344b6b967 eee9f522c68d43e685d2202ca7dbf9bd - default default] x.x.x.2 - - [01/Feb/2017 02:17:41] "GET /v2/images/e1e5c8eb-fb63-4a7b-8f39-c69673e634b5 HTTP/1.1" 200 798 0.541794
2017-02-01 02:17:41.178 6471 INFO eventlet.wsgi.server [req-a03a3594-a662-47a8-a78a-bda69e479fc0 1cb680f1831042769fa73df344b6b967 eee9f522c68d43e685d2202ca7dbf9bd - default default] x.x.x.2 - - [01/Feb/2017 02:17:41] "GET /v2/schemas/image HTTP/1.1" 200 4352 0.054500
2017-02-01 02:18:18.585 6483 WARNING oslo_config.cfg [req-b7b9cb9c-f5c8-4760-9864-91b7f1c26513 a78f33d5c96f4d8484105a72518ee7b6 e8135f7a0a474193aa9b6d0efc59e644 - default default] Option "sql_connection" from group "DEFAULT" is deprecated. Use option "connection" from group "database".
2017-02-01 02:18:18.717 6483 INFO eventlet.wsgi.server [req-b7b9cb9c-f5c8-4760-9864-91b7f1c26513 a78f33d5c96f4d8484105a72518ee7b6 e8135f7a0a474193aa9b6d0efc59e644 - default default] x.x.x.2 - - [01/Feb/2017 02:18:18] "GET /v2/images/cirros HTTP/1.1" 404 263 0.540856
2017-02-01 02:18:19.188 6481 WARNING oslo_config.cfg [req-c65b5d5d-25ce-48a0-a864-b2cb8554da7c a78f33d5c96f4d8484105a72518ee7b6 e8135f7a0a474193aa9b6d0efc59e644 - default default] Option "sql_connection" from group "DEFAULT" is deprecated. Use option "connection" from group "database".
2017-02-01 02:18:19.335 6481 INFO eventlet.wsgi.server [req-c65b5d5d-25ce-48a0-a864-b2cb8554da7c a78f33d5c96f4d8484105a72518ee7b6 e8135f7a0a474193aa9b6d0efc59e644 - default default] x.x.x.2 - - [01/Feb/2017 02:18:19] "GET /v2/images/cirros HTTP/1.1" 404 263 0.530271
2017-02-01 02:18:19.826 6470 WARNING oslo_config.cfg [req-de718607-7980-4b73-9102-ea54eac0f5bb a78f33d5c96f4d8484105a72518ee7b6 e8135f7a0a474193aa9b6d0efc59e644 - default default] Option "sql_connection" from group "DEFAULT" is deprecated. Use option "connection" from group "database".
2017-02-01 02:18:19.988 6470 INFO eventlet.wsgi.server [req-de718607-7980-4b73-9102-ea54eac0f5bb a78f33d5c96f4d8484105a72518ee7b6 e8135f7a0a474193aa9b6d0efc59e644 - default default] x.x.x.2 - - [01/Feb/2017 02:18:19] "GET /v2/images?limit=20 HTTP/1.1" 200 876 0.573788
2017-02-01 02:18:20.049 6470 INFO eventlet.wsgi.server [req-395b3efe-63f7-4740-933b-6f8e51e8d4f1 a78f33d5c96f4d8484105a72518ee7b6 e8135f7a0a474193aa9b6d0efc59e644 - default default] x.x.x.2 - - [01/Feb/2017 02:18:20] "GET /v2/schemas/image HTTP/1.1" 200 4352 0.056062
2017-02-01 02:18:20.207 6470 INFO eventlet.wsgi.server [req-8bd6dcc1-d84d-4deb-b76d-142a3b41db9c a78f33d5c96f4d8484105a72518ee7b6 e8135f7a0a474193aa9b6d0efc59e644 - default default] x.x.x.2 - - [01/Feb/2017 02:18:20] "GET /v2/images/e1e5c8eb-fb63-4a7b-8f39-c69673e634b5 HTTP/1.1" 200 798 0.079997
2017-02-01 02:18:20.261 6470 INFO eventlet.wsgi.server [req-73f66ee3-fd01-445b-94b2-67a0ca203add a78f33d5c96f4d8484105a72518ee7b6 e8135f7a0a474193aa9b6d0efc59e644 - default default] x.x.x.2 - - [01/Feb/2017 02:18:20] "GET /v2/schemas/image HTTP/1.1" 200 4352 0.050012
2017-02-01 02:18:43.539 6500 WARNING oslo_config.cfg [req-9f7ad78a-112c-4423-95eb-3ec38da89a93 1cb680f1831042769fa73df344b6b967 eee9f522c68d43e685d2202ca7dbf9bd - default default] Option "sql_connection" from group "DEFAULT" is deprecated. Use option "connection" from group "database".
2017-02-01 02:18:43.690 6500 INFO eventlet.wsgi.server [req-9f7ad78a-112c-4423-95eb-3ec38da89a93 1cb680f1831042769fa73df344b6b967 eee9f522c68d43e685d2202ca7dbf9bd - default default] x.x.x.2 - - [01/Feb/2017 02:18:43] "GET /v2/images/cirros HTTP/1.1" 404 263 0.556921
2017-02-01 02:18:44.183 6512 WARNING oslo_config.cfg [req-b17cf452-df58-424f-8f88-fec7ea555620 1cb680f1831042769fa73df344b6b967 eee9f522c68d43e685d2202ca7dbf9bd - default default] Option "sql_connection" from group "DEFAULT" is deprecated. Use option "connection" from group "database".
2017-02-01 02:18:44.319 6512 INFO eventlet.wsgi.server [req-b17cf452-df58-424f-8f88-fec7ea555620 1cb680f1831042769fa73df344b6b967 eee9f522c68d43e685d2202ca7dbf9bd - default default] x.x.x.2 - - [01/Feb/2017 02:18:44] "GET /v2/images/cirros HTTP/1.1" 404 263 0.531568
2017-02-01 02:18:44.498 6512 INFO eventlet.wsgi.server [req-893b0c07-c467-4fc8-afd5-17ae0ca4338d 1cb680f1831042769fa73df344b6b967 eee9f522c68d43e685d2202ca7dbf9bd - default default] x.x.x.2 - - [01/Feb/2017 02:18:44] "GET /v2/images?limit=20 HTTP/1.1" 200 876 0.098135
2017-02-01 02:18:44.556 6512 INFO eventlet.wsgi.server [req-51529ca5-6403-4d6f-ac73-e191be277189 1cb680f1831042769fa73df344b6b967 eee9f522c68d43e685d2202ca7dbf9bd - default default] x.x.x.2 - - [01/Feb/2017 02:18:44] "GET /v2/schemas/image HTTP/1.1" 200 4352 0.052306
2017-02-01 02:18:44.731 6483 INFO eventlet.wsgi.server [req-4599cd56-4e7b-43a1-a93c-34ccd18eab36 1cb680f1831042769fa73df344b6b967 eee9f522c68d43e685d2202ca7dbf9bd - default default] x.x.x.2 - - [01/Feb/2017 02:18:44] "GET /v2/images/e1e5c8eb-fb63-4a7b-8f39-c69673e634b5 HTTP/1.1" 200 798 0.092810
2017-02-01 02:18:44.791 6483 INFO eventlet.wsgi.server [req-a31f0dcb-40bc-42dc-8d42-5c42e2d88262 1cb680f1831042769fa73df344b6b967 eee9f522c68d43e685d2202ca7dbf9bd - default default] x.x.x.2 - - [01/Feb/2017 02:18:44] "GET /v2/schemas/image HTTP/1.1" 200 4352 0.051402
2017-02-01 02:18:45.669 6485 WARNING oslo_config.cfg [req-24cfdd7a-8043-4e7e-acf9-904134b8be7a 1cb680f1831042769fa73df344b6b967 eee9f522c68d43e685d2202ca7dbf9bd - default default] Option "sql_connection" from group "DEFAULT" is deprecated. Use option "connection" from group "database".
2017-02-01 02:18:45.814 6485 INFO eventlet.wsgi.server [req-24cfdd7a-8043-4e7e-acf9-904134b8be7a 1cb680f1831042769fa73df344b6b967 eee9f522c68d43e685d2202ca7dbf9bd - default default] x.x.x.2 - - [01/Feb/2017 02:18:45] "GET /v2/images/e1e5c8eb-fb63-4a7b-8f39-c69673e634b5 HTTP/1.1" 200 798 0.572125
2017-02-01 02:18:45.878 6485 INFO eventlet.wsgi.server [req-46d3aa0e-2311-4b24-a45f-3c9220af4c70 1cb680f1831042769fa73df344b6b967 eee9f522c68d43e685d2202ca7dbf9bd - default default] x.x.x.2 - - [01/Feb/2017 02:18:45] "GET /v2/schemas/image HTTP/1.1" 200 4352 0.058518
2017-02-01 02:18:46.982 6485 INFO eventlet.wsgi.server [req-b22cbe36-6874-482e-9eb1-55aff768b1e7 1cb680f1831042769fa73df344b6b967 eee9f522c68d43e685d2202ca7dbf9bd - default default] x.x.x.2 - - [01/Feb/2017 02:18:46] "GET /v2/images/e1e5c8eb-fb63-4a7b-8f39-c69673e634b5 HTTP/1.1" 200 798 0.084557
2017-02-01 02:18:47.036 6485 INFO eventlet.wsgi.server [req-e6a70b34-a945-4136-bec3-0a166a58e797 1cb680f1831042769fa73df344b6b967 eee9f522c68d43e685d2202ca7dbf9bd - default default] x.x.x.2 - - [01/Feb/2017 02:18:47] "GET /v2/schemas/image HTTP/1.1" 200 4352 0.049378
2017-02-01 02:18:48.925 6491 WARNING oslo_config.cfg [req-87d29b0e-dc1c-4588-8625-404e648037ef 1cb680f1831042769fa73df344b6b967 eee9f522c68d43e685d2202ca7dbf9bd - default default] Option "sql_connection" from group "DEFAULT" is deprecated. Use option "connection" from group "database".
2017-02-01 02:18:49.091 6491 INFO eventlet.wsgi.server [req-87d29b0e-dc1c-4588-8625-404e648037ef 1cb680f1831042769fa73df344b6b967 eee9f522c68d43e685d2202ca7dbf9bd - default default] x.x.x.2 - - [01/Feb/2017 02:18:49] "GET /v2/images/e1e5c8eb-fb63-4a7b-8f39-c69673e634b5/file HTTP/1.1" 200 13288195 0.546126
2017-02-01 02:19:00.763 6485 INFO eventlet.wsgi.server [req-769057ca-45b0-4ec3-a73c-274c28c69143 1cb680f1831042769fa73df344b6b967 eee9f522c68d43e685d2202ca7dbf9bd - default default] x.x.x.2 - - [01/Feb/2017 02:19:00] "GET /v2/images?limit=20 HTTP/1.1" 200 876 0.070022
2017-02-01 02:19:00.814 6485 INFO eventlet.wsgi.server [req-f0c3f70c-0bc4-4b86-9188-2d45116ac827 1cb680f1831042769fa73df344b6b967 eee9f522c68d43e685d2202ca7dbf9bd - default default] x.x.x.2 - - [01/Feb/2017 02:19:00] "GET /v2/schemas/image HTTP/1.1" 200 4352 0.047105
2017-02-01 02:19:49.902 6486 WARNING oslo_config.cfg [req-0ee2af9d-943e-4155-875b-e2a4b31a08ee 1cb680f1831042769fa73df344b6b967 eee9f522c68d43e685d2202ca7dbf9bd - default default] Option "sql_connection" from group "DEFAULT" is deprecated. Use option "connection" from group "database".
2017-02-01 02:19:50.036 6486 INFO eventlet.wsgi.server [req-0ee2af9d-943e-4155-875b-e2a4b31a08ee 1cb680f1831042769fa73df344b6b967 eee9f522c68d43e685d2202ca7dbf9bd - default default] x.x.x.2 - - [01/Feb/2017 02:19:50] "GET /v2/images?limit=20 HTTP/1.1" 200 876 0.537501
2017-02-01 02:19:50.088 6486 INFO eventlet.wsgi.server [req-6c4cc413-3f95-40f5-a8bb-c1eec521915f 1cb680f1831042769fa73df344b6b967 eee9f522c68d43e685d2202ca7dbf9bd - default default] x.x.x.2 - - [01/Feb/2017 02:19:50] "GET /v2/schemas/image HTTP/1.1" 200 4352 0.048600
2017-02-01 02:23:12.669 6479 WARNING oslo_config.cfg [req-47bbfd8c-e176-4dc3-b7b7-4707fd725211 1cb680f1831042769fa73df344b6b967 eee9f522c68d43e685d2202ca7dbf9bd - default default] Option "sql_connection" from group "DEFAULT" is deprecated. Use option "connection" from group "database".
2017-02-01 02:23:12.802 6479 INFO eventlet.wsgi.server [req-47bbfd8c-e176-4dc3-b7b7-4707fd725211 1cb680f1831042769fa73df344b6b967 eee9f522c68d43e685d2202ca7dbf9bd - default default] x.x.x.2 - - [01/Feb/2017 02:23:12] "GET /v2/images?limit=20 HTTP/1.1" 200 876 0.536015
2017-02-01 02:23:12.851 6479 INFO eventlet.wsgi.server [req-d824c662-a121-4e9a-b1cc-266f326b535c 1cb680f1831042769fa73df344b6b967 eee9f522c68d43e685d2202ca7dbf9bd - default default] x.x.x.2 - - [01/Feb/2017 02:23:12] "GET /v2/schemas/image HTTP/1.1" 200 4352 0.044584
2017-02-01 02:26:39.390 6497 WARNING oslo_config.cfg [req-f09c661e-aad4-407a-b735-24c707596bb2 1cb680f1831042769fa73df344b6b967 eee9f522c68d43e685d2202ca7dbf9bd - default default] Option "sql_connection" from group "DEFAULT" is deprecated. Use option "connection" from group "database".
2017-02-01 02:26:39.515 6497 INFO eventlet.wsgi.server [req-f09c661e-aad4-407a-b735-24c707596bb2 1cb680f1831042769fa73df344b6b967 eee9f522c68d43e685d2202ca7dbf9bd - default default] x.x.x.2 - - [01/Feb/2017 02:26:39] "GET /v2/images?limit=20 HTTP/1.1" 200 876 0.537844
2017-02-01 02:26:39.573 6497 INFO eventlet.wsgi.server [req-7c3a9db6-5958-407f-93dd-1f9b69f3ec30 1cb680f1831042769fa73df344b6b967 eee9f522c68d43e685d2202ca7dbf9bd - default default] x.x.x.2 - - [01/Feb/2017 02:26:39] "GET /v2/schemas/image HTTP/1.1" 200 4352 0.052045
2017-02-01 04:26:05.690 6493 WARNING oslo_config.cfg [req-a852396f-121d-400a-81fd-b9f1cb62e7c4 1cb680f1831042769fa73df344b6b967 eee9f522c68d43e685d2202ca7dbf9bd - default default] Option "sql_connection" from group "DEFAULT" is deprecated. Use option "connection" from group "database".
2017-02-01 04:26:05.821 6493 INFO eventlet.wsgi.server [req-a852396f-121d-400a-81fd-b9f1cb62e7c4 1cb680f1831042769fa73df344b6b967 eee9f522c68d43e685d2202ca7dbf9bd - default default] x.x.x.2 - - [01/Feb/2017 04:26:05] "GET /v2/images?limit=20 HTTP/1.1" 200 876 0.574735
2017-02-01 04:26:05.896 6493 INFO eventlet.wsgi.server [req-4388d530-e7b7-4e88-ae47-0963b6f78e99 1cb680f1831042769fa73df344b6b967 eee9f522c68d43e685d2202ca7dbf9bd - default default] x.x.x.2 - - [01/Feb/2017 04:26:05] "GET /v2/schemas/image HTTP/1.1" 200 4352 0.070875
2017-02-01 06:59:33.461 6509 WARNING oslo_config.cfg [req-1d6d2405-abf8-46c1-8d89-f1e1f2d50a9b 1cb680f1831042769fa73df344b6b967 eee9f522c68d43e685d2202ca7dbf9bd - default default] Option "sql_connection" from group "DEFAULT" is deprecated. Use option "connection" from group "database".
2017-02-01 06:59:33.596 6509 INFO eventlet.wsgi.server [req-1d6d2405-abf8-46c1-8d89-f1e1f2d50a9b 1cb680f1831042769fa73df344b6b967 eee9f522c68d43e685d2202ca7dbf9bd - default default] x.x.x.2 - - [01/Feb/2017 06:59:33] "GET /v2/images?limit=20 HTTP/1.1" 200 876 0.537691
2017-02-01 06:59:33.655 6509 INFO eventlet.wsgi.server [req-af42786d-cd2b-4fa2-8094-bf908519feac 1cb680f1831042769fa73df344b6b967 eee9f522c68d43e685d2202ca7dbf9bd - default default] x.x.x.2 - - [01/Feb/2017 06:59:33] "GET /v2/schemas/image HTTP/1.1" 200 4352 0.054819
2017-02-01 07:02:32.459 6497 INFO eventlet.wsgi.server [req-8c10ec87-ef84-4f19-af7f-44493e48b95d 1cb680f1831042769fa73df344b6b967 eee9f522c68d43e685d2202ca7dbf9bd - default default] x.x.x.2 - - [01/Feb/2017 07:02:32] "GET /v2/images?limit=20 HTTP/1.1" 200 876 0.329573
2017-02-01 07:02:32.501 6497 INFO eventlet.wsgi.server [req-f644bd78-afde-4231-a981-64a03ca91637 1cb680f1831042769fa73df344b6b967 eee9f522c68d43e685d2202ca7dbf9bd - default default] x.x.x.2 - - [01/Feb/2017 07:02:32] "GET /v2/schemas/image HTTP/1.1" 200 4352 0.037914
