2017-02-01 01:28:56.350 4710 INFO nova.scheduler.host_manager [req-8c8318e5-50ea-4af3-8faf-cc284040bb05 - - - - -] Successfully synced instances from host 'mysql-001.vassilevski.com'.
2017-02-01 01:31:00.350 4710 INFO nova.scheduler.host_manager [req-02930916-61ea-4099-9c52-13d756a11083 - - - - -] Successfully synced instances from host 'mysql-001.vassilevski.com'.
2017-02-01 01:33:03.350 4710 INFO nova.scheduler.host_manager [req-b2bdcd74-c36b-4221-a06d-89b44fcd930a - - - - -] Successfully synced instances from host 'mysql-001.vassilevski.com'.
2017-02-01 01:35:06.342 4710 INFO nova.scheduler.host_manager [req-d175651e-f5f1-4fd6-974f-39dd6759f9ee - - - - -] Successfully synced instances from host 'mysql-001.vassilevski.com'.
2017-02-01 01:37:07.341 4710 INFO nova.scheduler.host_manager [req-ab117507-f4ce-44ff-aacd-4274938567bf - - - - -] Successfully synced instances from host 'mysql-001.vassilevski.com'.
2017-02-01 01:39:08.344 4710 INFO nova.scheduler.host_manager [req-8e840485-80d1-4e6d-8864-ffc11932c636 - - - - -] Successfully synced instances from host 'mysql-001.vassilevski.com'.
2017-02-01 01:41:08.388 4710 INFO nova.scheduler.host_manager [req-ffd33256-1251-4c88-a8d9-ce7e5c779485 - - - - -] Successfully synced instances from host 'mysql-001.vassilevski.com'.
2017-02-01 01:43:08.383 4710 INFO nova.scheduler.host_manager [req-59553800-cf9c-4494-8089-b97c701f8a6f - - - - -] Successfully synced instances from host 'mysql-001.vassilevski.com'.
2017-02-01 01:45:08.344 4710 INFO nova.scheduler.host_manager [req-0c13aab6-beef-45ad-b85c-055f083df0d3 - - - - -] Successfully synced instances from host 'mysql-001.vassilevski.com'.
2017-02-01 01:47:11.360 4710 INFO nova.scheduler.host_manager [req-f716f76a-a111-40fb-a46c-47736461f058 - - - - -] Successfully synced instances from host 'mysql-001.vassilevski.com'.
2017-02-01 01:49:14.590 4710 INFO nova.scheduler.host_manager [req-07b63472-911d-4adf-9c92-08136e51766f - - - - -] Successfully synced instances from host 'mysql-001.vassilevski.com'.
2017-02-01 01:51:17.384 4710 INFO nova.scheduler.host_manager [req-afe43bde-2624-4d2d-a51d-574890000015 - - - - -] Successfully synced instances from host 'mysql-001.vassilevski.com'.
2017-02-01 01:53:22.346 4710 INFO nova.scheduler.host_manager [req-757760a5-573a-41af-bad3-c2c964d69bb7 - - - - -] Successfully synced instances from host 'mysql-001.vassilevski.com'.
2017-02-01 01:55:26.341 4710 INFO nova.scheduler.host_manager [req-ba4db41f-490f-4e1d-b602-5ae7982bf9ae - - - - -] Successfully synced instances from host 'mysql-001.vassilevski.com'.
2017-02-01 01:57:31.341 4710 INFO nova.scheduler.host_manager [req-7eebf7c2-6950-4747-b782-3a1dd5a920c8 - - - - -] Successfully synced instances from host 'mysql-001.vassilevski.com'.
2017-02-01 01:59:34.342 4710 INFO nova.scheduler.host_manager [req-3d92a6be-2251-497a-bc83-ac0adaafa98d - - - - -] Successfully synced instances from host 'mysql-001.vassilevski.com'.
2017-02-01 02:01:36.347 4710 INFO nova.scheduler.host_manager [req-1bb6253e-d409-40b1-8a88-057d85bb05ac - - - - -] Successfully synced instances from host 'mysql-001.vassilevski.com'.
2017-02-01 02:03:37.340 4710 INFO nova.scheduler.host_manager [req-b1456145-9f0c-40bc-8331-750a5d6537bf - - - - -] Successfully synced instances from host 'mysql-001.vassilevski.com'.
2017-02-01 02:05:39.342 4710 INFO nova.scheduler.host_manager [req-3d0d7e0d-ad79-4a24-9d8b-2361d959ebd9 - - - - -] Successfully synced instances from host 'mysql-001.vassilevski.com'.
2017-02-01 02:07:40.343 4710 INFO nova.scheduler.host_manager [req-26fe0a4d-e4c7-42f8-9db6-3dd2b8b17e9b - - - - -] Successfully synced instances from host 'mysql-001.vassilevski.com'.
2017-02-01 02:09:40.340 4710 INFO nova.scheduler.host_manager [req-77401a86-d45e-4a63-8f22-ffb1dc79fd44 - - - - -] Successfully synced instances from host 'mysql-001.vassilevski.com'.
2017-02-01 02:11:45.349 4710 INFO nova.scheduler.host_manager [req-01cf74dc-1aa1-44f3-a417-56878bb586c2 - - - - -] Successfully synced instances from host 'mysql-001.vassilevski.com'.
2017-02-01 02:13:45.344 4710 INFO nova.scheduler.host_manager [req-bcb86495-3f28-4578-8ff9-4734ca3dd011 - - - - -] Successfully synced instances from host 'mysql-001.vassilevski.com'.
2017-02-01 02:15:47.342 4710 INFO nova.scheduler.host_manager [req-176c150d-7df3-47c7-9e93-de5318826e38 - - - - -] Successfully synced instances from host 'mysql-001.vassilevski.com'.
2017-02-01 02:17:50.343 4710 INFO nova.scheduler.host_manager [req-3a15c6b7-5f7e-4529-94ba-0a1a7e8899e1 - - - - -] Successfully synced instances from host 'mysql-001.vassilevski.com'.
2017-02-01 02:19:51.353 4710 INFO nova.scheduler.host_manager [req-aeadcc86-db3f-4b7e-85a7-20779eddc1f9 - - - - -] Successfully synced instances from host 'mysql-001.vassilevski.com'.
2017-02-01 02:21:58.200 4710 INFO nova.scheduler.host_manager [req-98235640-aa04-4581-acc2-767e74a1e8db - - - - -] Successfully synced instances from host 'mysql-001.vassilevski.com'.
2017-02-01 02:23:53.348 4710 INFO nova.scheduler.host_manager [req-3ef40f55-4c05-4393-bdcd-f07de5dc1188 - - - - -] Successfully synced instances from host 'mysql-001.vassilevski.com'.
2017-02-01 02:25:55.350 4710 INFO nova.scheduler.host_manager [req-d3753b0f-5c3d-4c95-a9d0-85058d0136de - - - - -] Successfully synced instances from host 'mysql-001.vassilevski.com'.
2017-02-01 02:27:57.348 4710 INFO nova.scheduler.host_manager [req-b68198f9-d199-4d28-b3bf-2bb6a4198765 - - - - -] Successfully synced instances from host 'mysql-001.vassilevski.com'.
2017-02-01 02:30:02.350 4710 INFO nova.scheduler.host_manager [req-07f1f812-16e1-43ce-bb6a-7d6bfdeb9ca1 - - - - -] Successfully synced instances from host 'mysql-001.vassilevski.com'.
2017-02-01 02:32:04.345 4710 INFO nova.scheduler.host_manager [req-e6660bf5-7ba7-4029-b7cd-ad99c6a93c51 - - - - -] Successfully synced instances from host 'mysql-001.vassilevski.com'.
2017-02-01 02:34:08.347 4710 INFO nova.scheduler.host_manager [req-26687a99-6277-4f70-85c1-dd438302d218 - - - - -] Successfully synced instances from host 'mysql-001.vassilevski.com'.
2017-02-01 02:36:08.350 4710 INFO nova.scheduler.host_manager [req-305067bd-c0a5-4446-8fd7-6c54ea8dd55f - - - - -] Successfully synced instances from host 'mysql-001.vassilevski.com'.
2017-02-01 02:38:09.346 4710 INFO nova.scheduler.host_manager [req-52dc7448-a091-4d47-99bc-7f908aeca038 - - - - -] Successfully synced instances from host 'mysql-001.vassilevski.com'.
2017-02-01 02:40:11.348 4710 INFO nova.scheduler.host_manager [req-0514011c-61a5-4d0c-9647-cc4b0a6fb92b - - - - -] Successfully synced instances from host 'mysql-001.vassilevski.com'.
2017-02-01 02:42:15.349 4710 INFO nova.scheduler.host_manager [req-901a6d06-2763-4357-aacf-11eb14df4c6a - - - - -] Successfully synced instances from host 'mysql-001.vassilevski.com'.
2017-02-01 02:44:20.599 4710 INFO nova.scheduler.host_manager [req-a3c05749-6a3e-4459-8d2e-4bc2acfab0b6 - - - - -] Successfully synced instances from host 'mysql-001.vassilevski.com'.
2017-02-01 02:46:24.348 4710 INFO nova.scheduler.host_manager [req-2f229d51-12a7-43fd-a13f-4f530a1d49fb - - - - -] Successfully synced instances from host 'mysql-001.vassilevski.com'.
2017-02-01 02:48:28.349 4710 INFO nova.scheduler.host_manager [req-07d99385-e6a6-4924-9543-9f5af092a004 - - - - -] Successfully synced instances from host 'mysql-001.vassilevski.com'.
2017-02-01 02:50:28.352 4710 INFO nova.scheduler.host_manager [req-f82aebaf-f5b1-49f0-aa2b-a36d37a26f5b - - - - -] Successfully synced instances from host 'mysql-001.vassilevski.com'.
2017-02-01 02:52:33.354 4710 INFO nova.scheduler.host_manager [req-8dc82b26-26e6-4963-b568-201f04e42691 - - - - -] Successfully synced instances from host 'mysql-001.vassilevski.com'.
2017-02-01 02:54:36.101 4710 INFO nova.scheduler.host_manager [req-0b141c7f-48eb-4301-b92d-5509e7e21f15 - - - - -] Successfully synced instances from host 'mysql-001.vassilevski.com'.
2017-02-01 02:56:36.346 4710 INFO nova.scheduler.host_manager [req-4e217065-3268-4e16-9464-fb8012c2414c - - - - -] Successfully synced instances from host 'mysql-001.vassilevski.com'.
2017-02-01 02:58:41.092 4710 INFO nova.scheduler.host_manager [req-c41a828a-441a-4170-8e19-748c7c5efd4c - - - - -] Successfully synced instances from host 'mysql-001.vassilevski.com'.
2017-02-01 03:00:43.263 4710 INFO nova.scheduler.host_manager [req-ef1a1b34-6faa-4b2a-8976-198b283e9af2 - - - - -] Successfully synced instances from host 'mysql-001.vassilevski.com'.
2017-02-01 03:02:48.101 4710 INFO nova.scheduler.host_manager [req-fcee5404-888e-433e-a063-e2c2f0a48e86 - - - - -] Successfully synced instances from host 'mysql-001.vassilevski.com'.
2017-02-01 03:04:52.347 4710 INFO nova.scheduler.host_manager [req-2f1e0a0d-6249-4c20-a3fd-085bb56ba99f - - - - -] Successfully synced instances from host 'mysql-001.vassilevski.com'.
2017-02-01 03:06:54.344 4710 INFO nova.scheduler.host_manager [req-d270cdfe-a6ba-43b2-9f8d-0701c8ac8483 - - - - -] Successfully synced instances from host 'mysql-001.vassilevski.com'.
2017-02-01 03:08:57.353 4710 INFO nova.scheduler.host_manager [req-5a86dd55-95b6-451b-8466-1bf050e160d1 - - - - -] Successfully synced instances from host 'mysql-001.vassilevski.com'.
2017-02-01 03:11:25.231 4710 INFO nova.scheduler.host_manager [req-35b12df8-b2c6-449d-9c89-1b07852bb397 - - - - -] Successfully synced instances from host 'mysql-001.vassilevski.com'.
2017-02-01 03:13:02.350 4710 INFO nova.scheduler.host_manager [req-fb850ea1-39a8-418c-9dcb-fbdd868ca9ff - - - - -] Successfully synced instances from host 'mysql-001.vassilevski.com'.
2017-02-01 03:15:07.349 4710 INFO nova.scheduler.host_manager [req-f96f48de-9c8e-44a7-90d2-36311571da9a - - - - -] Successfully synced instances from host 'mysql-001.vassilevski.com'.
2017-02-01 03:17:11.348 4710 INFO nova.scheduler.host_manager [req-33477a89-e5f6-41c4-9c70-5e501cf390b4 - - - - -] Successfully synced instances from host 'mysql-001.vassilevski.com'.
2017-02-01 03:19:12.347 4710 INFO nova.scheduler.host_manager [req-a890f6d3-72d2-4c5b-a912-769f7d8d10ed - - - - -] Successfully synced instances from host 'mysql-001.vassilevski.com'.
2017-02-01 03:21:15.348 4710 INFO nova.scheduler.host_manager [req-94ad85e8-857e-4dff-9c5f-540d69cf36ba - - - - -] Successfully synced instances from host 'mysql-001.vassilevski.com'.
2017-02-01 03:23:20.353 4710 INFO nova.scheduler.host_manager [req-74f45f26-61b6-4be8-a47c-914bd468de7c - - - - -] Successfully synced instances from host 'mysql-001.vassilevski.com'.
2017-02-01 03:25:21.350 4710 INFO nova.scheduler.host_manager [req-ce12d61a-b004-4c2c-b9da-74fd3738d002 - - - - -] Successfully synced instances from host 'mysql-001.vassilevski.com'.
2017-02-01 03:27:32.175 4710 INFO nova.scheduler.host_manager [req-c5c7f396-c30a-492a-bda1-bcbd57a0a3a8 - - - - -] Successfully synced instances from host 'mysql-001.vassilevski.com'.
2017-02-01 03:29:29.348 4710 INFO nova.scheduler.host_manager [req-7257bc40-c556-4bcb-91ac-3a0556b43ff6 - - - - -] Successfully synced instances from host 'mysql-001.vassilevski.com'.
2017-02-01 03:31:30.352 4710 INFO nova.scheduler.host_manager [req-17d48123-9cf9-494e-aa04-0c4acc2c530c - - - - -] Successfully synced instances from host 'mysql-001.vassilevski.com'.
2017-02-01 03:33:34.348 4710 INFO nova.scheduler.host_manager [req-f1cc3047-4f42-4def-92c7-8fcaeb7a1f43 - - - - -] Successfully synced instances from host 'mysql-001.vassilevski.com'.
2017-02-01 03:35:34.348 4710 INFO nova.scheduler.host_manager [req-e5705141-faa7-462c-9f26-a5e5c54d620b - - - - -] Successfully synced instances from host 'mysql-001.vassilevski.com'.
2017-02-01 03:37:36.350 4710 INFO nova.scheduler.host_manager [req-81fb40f2-624b-45a3-ad9f-01aa1feee744 - - - - -] Successfully synced instances from host 'mysql-001.vassilevski.com'.
2017-02-01 03:39:37.348 4710 INFO nova.scheduler.host_manager [req-2cee5a41-8635-4b68-b1dd-6742ed632328 - - - - -] Successfully synced instances from host 'mysql-001.vassilevski.com'.
2017-02-01 03:41:42.350 4710 INFO nova.scheduler.host_manager [req-f9027952-934c-4e44-8760-f53d0d414997 - - - - -] Successfully synced instances from host 'mysql-001.vassilevski.com'.
2017-02-01 03:43:44.352 4710 INFO nova.scheduler.host_manager [req-048b9914-de53-486e-950c-7b94a81b3f78 - - - - -] Successfully synced instances from host 'mysql-001.vassilevski.com'.
2017-02-01 03:45:45.351 4710 INFO nova.scheduler.host_manager [req-768162f7-6900-4b92-a4e3-78a9209428ac - - - - -] Successfully synced instances from host 'mysql-001.vassilevski.com'.
2017-02-01 03:47:47.347 4710 INFO nova.scheduler.host_manager [req-abebe521-3e21-422e-9b9c-cd27038903e1 - - - - -] Successfully synced instances from host 'mysql-001.vassilevski.com'.
2017-02-01 03:49:52.351 4710 INFO nova.scheduler.host_manager [req-d4e9159a-23a6-4bb4-bcdc-b6b0e3dd7484 - - - - -] Successfully synced instances from host 'mysql-001.vassilevski.com'.
2017-02-01 03:51:54.343 4710 INFO nova.scheduler.host_manager [req-189b113e-4866-4e74-ab2a-19407e1a9248 - - - - -] Successfully synced instances from host 'mysql-001.vassilevski.com'.
2017-02-01 03:53:58.343 4710 INFO nova.scheduler.host_manager [req-14684ca8-5f50-4cce-8c37-53a52379a0fb - - - - -] Successfully synced instances from host 'mysql-001.vassilevski.com'.
2017-02-01 03:56:03.348 4710 INFO nova.scheduler.host_manager [req-2af37e5d-e679-4ca7-8ff0-ef9d885c62a9 - - - - -] Successfully synced instances from host 'mysql-001.vassilevski.com'.
2017-02-01 03:58:06.350 4710 INFO nova.scheduler.host_manager [req-a5d66a6c-bc51-471c-becb-1e858ad46e9d - - - - -] Successfully synced instances from host 'mysql-001.vassilevski.com'.
2017-02-01 04:00:08.363 4710 INFO nova.scheduler.host_manager [req-e70075ac-bdc4-46bb-a2ae-1146802319b5 - - - - -] Successfully synced instances from host 'mysql-001.vassilevski.com'.
2017-02-01 04:02:13.351 4710 INFO nova.scheduler.host_manager [req-0e5a5b96-2144-431f-a542-b2f9c728ae27 - - - - -] Successfully synced instances from host 'mysql-001.vassilevski.com'.
2017-02-01 04:04:14.354 4710 INFO nova.scheduler.host_manager [req-29734fa4-4215-4499-9c8c-3cdad1e08f92 - - - - -] Successfully synced instances from host 'mysql-001.vassilevski.com'.
2017-02-01 04:06:17.349 4710 INFO nova.scheduler.host_manager [req-b527a98f-cc38-4c94-bb88-3c8fad462bf8 - - - - -] Successfully synced instances from host 'mysql-001.vassilevski.com'.
2017-02-01 04:08:37.177 4710 INFO nova.scheduler.host_manager [req-7739741b-bed9-40df-8b17-686f5223dbdb - - - - -] Successfully synced instances from host 'mysql-001.vassilevski.com'.
2017-02-01 04:10:18.346 4710 INFO nova.scheduler.host_manager [req-b9961e2c-b5b6-4c8a-a73c-7c662fc653d6 - - - - -] Successfully synced instances from host 'mysql-001.vassilevski.com'.
2017-02-01 04:12:22.346 4710 INFO nova.scheduler.host_manager [req-6c851056-82da-4bb6-b4a5-bf75d5ada49b - - - - -] Successfully synced instances from host 'mysql-001.vassilevski.com'.
2017-02-01 04:14:24.350 4710 INFO nova.scheduler.host_manager [req-2b0cc0f4-bab1-4a0c-9654-2a43871c2081 - - - - -] Successfully synced instances from host 'mysql-001.vassilevski.com'.
2017-02-01 04:16:29.346 4710 INFO nova.scheduler.host_manager [req-1a329cbb-27fd-4f45-a0dd-16e1fdbd2618 - - - - -] Successfully synced instances from host 'mysql-001.vassilevski.com'.
2017-02-01 04:18:31.345 4710 INFO nova.scheduler.host_manager [req-c7f8ea78-ec24-4f0d-bc74-0118944656f6 - - - - -] Successfully synced instances from host 'mysql-001.vassilevski.com'.
2017-02-01 04:20:33.374 4710 INFO nova.scheduler.host_manager [req-dcbdc941-dc69-4a36-b4f4-5f5ac55718c9 - - - - -] Successfully synced instances from host 'mysql-001.vassilevski.com'.
2017-02-01 04:22:33.352 4710 INFO nova.scheduler.host_manager [req-624f495f-8d39-491c-8f32-0c851642df53 - - - - -] Successfully synced instances from host 'mysql-001.vassilevski.com'.
2017-02-01 04:24:35.398 4710 INFO nova.scheduler.host_manager [req-f1888a13-2145-4cce-9891-7870a66215e6 - - - - -] Successfully synced instances from host 'mysql-001.vassilevski.com'.
2017-02-01 04:26:35.354 4710 INFO nova.scheduler.host_manager [req-a1960bd8-9e0b-4a06-ab1d-2517f229a830 - - - - -] Successfully synced instances from host 'mysql-001.vassilevski.com'.
2017-02-01 04:28:36.354 4710 INFO nova.scheduler.host_manager [req-7aa30ff6-da49-4d83-9ce1-305eca0b5294 - - - - -] Successfully synced instances from host 'mysql-001.vassilevski.com'.
2017-02-01 04:30:39.354 4710 INFO nova.scheduler.host_manager [req-1fec5485-9ea9-4113-9755-9517f18dbcdc - - - - -] Successfully synced instances from host 'mysql-001.vassilevski.com'.
2017-02-01 04:32:39.353 4710 INFO nova.scheduler.host_manager [req-313edffd-2410-480d-8b21-6f6190101178 - - - - -] Successfully synced instances from host 'mysql-001.vassilevski.com'.
2017-02-01 04:34:42.345 4710 INFO nova.scheduler.host_manager [req-12d02e14-3277-4bdc-baf6-9c1a0a1ab1a1 - - - - -] Successfully synced instances from host 'mysql-001.vassilevski.com'.
2017-02-01 04:36:46.350 4710 INFO nova.scheduler.host_manager [req-9e4749a1-f91d-499d-b7cb-aa1ad26223d7 - - - - -] Successfully synced instances from host 'mysql-001.vassilevski.com'.
2017-02-01 04:38:46.352 4710 INFO nova.scheduler.host_manager [req-cc97a308-05d2-4f12-aa2c-88b6947ec202 - - - - -] Successfully synced instances from host 'mysql-001.vassilevski.com'.
2017-02-01 04:40:47.344 4710 INFO nova.scheduler.host_manager [req-61d17914-964f-4d87-95d0-16925b05c365 - - - - -] Successfully synced instances from host 'mysql-001.vassilevski.com'.
2017-02-01 04:42:47.347 4710 INFO nova.scheduler.host_manager [req-9b1fed21-a976-4586-bb3d-f9885bee98c2 - - - - -] Successfully synced instances from host 'mysql-001.vassilevski.com'.
2017-02-01 04:44:48.345 4710 INFO nova.scheduler.host_manager [req-dd8c0648-728e-452b-842d-1d40687f7ad1 - - - - -] Successfully synced instances from host 'mysql-001.vassilevski.com'.
2017-02-01 04:46:49.351 4710 INFO nova.scheduler.host_manager [req-c990bce3-a29c-41c5-ba37-6d39cd048b73 - - - - -] Successfully synced instances from host 'mysql-001.vassilevski.com'.
2017-02-01 04:48:51.348 4710 INFO nova.scheduler.host_manager [req-a0d04f2f-dcd7-4eab-b39e-d90a327e3c25 - - - - -] Successfully synced instances from host 'mysql-001.vassilevski.com'.
2017-02-01 04:50:56.348 4710 INFO nova.scheduler.host_manager [req-a18eca84-958f-48a4-9d62-714ffb2d6888 - - - - -] Successfully synced instances from host 'mysql-001.vassilevski.com'.
2017-02-01 04:52:58.349 4710 INFO nova.scheduler.host_manager [req-19b38bd6-5116-4289-b663-c097c91c44bc - - - - -] Successfully synced instances from host 'mysql-001.vassilevski.com'.
2017-02-01 04:55:02.349 4710 INFO nova.scheduler.host_manager [req-2b4a1ded-1a02-4778-b53f-a54aed0057ae - - - - -] Successfully synced instances from host 'mysql-001.vassilevski.com'.
2017-02-01 04:57:07.352 4710 INFO nova.scheduler.host_manager [req-b8a8578b-46e8-4008-9e3b-0d7b94643400 - - - - -] Successfully synced instances from host 'mysql-001.vassilevski.com'.
2017-02-01 04:59:10.355 4710 INFO nova.scheduler.host_manager [req-accd879a-64e9-4e71-b810-35976e2abbbf - - - - -] Successfully synced instances from host 'mysql-001.vassilevski.com'.
2017-02-01 05:01:12.348 4710 INFO nova.scheduler.host_manager [req-797639d6-8c46-4658-95b6-141d106f5096 - - - - -] Successfully synced instances from host 'mysql-001.vassilevski.com'.
2017-02-01 05:03:16.351 4710 INFO nova.scheduler.host_manager [req-cf3708ca-af6f-4246-8c65-4383f1b1b8dd - - - - -] Successfully synced instances from host 'mysql-001.vassilevski.com'.
2017-02-01 05:05:16.346 4710 INFO nova.scheduler.host_manager [req-c64e498d-c4da-4720-a79c-98efd161a556 - - - - -] Successfully synced instances from host 'mysql-001.vassilevski.com'.
2017-02-01 05:07:20.354 4710 INFO nova.scheduler.host_manager [req-3b248c48-a0cd-4f81-a325-7de884c2fc94 - - - - -] Successfully synced instances from host 'mysql-001.vassilevski.com'.
2017-02-01 05:09:20.347 4710 INFO nova.scheduler.host_manager [req-f4825f37-f74f-42a4-94ed-88036cb82ab3 - - - - -] Successfully synced instances from host 'mysql-001.vassilevski.com'.
2017-02-01 05:11:22.348 4710 INFO nova.scheduler.host_manager [req-33bd05c8-e4e1-430e-b774-06c919f5bfd2 - - - - -] Successfully synced instances from host 'mysql-001.vassilevski.com'.
2017-02-01 05:13:22.350 4710 INFO nova.scheduler.host_manager [req-0c744929-fc1a-4cd2-b7af-58a0bcd74523 - - - - -] Successfully synced instances from host 'mysql-001.vassilevski.com'.
2017-02-01 05:15:22.348 4710 INFO nova.scheduler.host_manager [req-a4bb8fe7-2090-460b-99b3-f14bf74fb5e0 - - - - -] Successfully synced instances from host 'mysql-001.vassilevski.com'.
2017-02-01 05:17:27.350 4710 INFO nova.scheduler.host_manager [req-4584993e-1369-4848-aba4-436d6f2e902e - - - - -] Successfully synced instances from host 'mysql-001.vassilevski.com'.
2017-02-01 05:19:27.349 4710 INFO nova.scheduler.host_manager [req-6c2859f7-a8ce-4b7c-9198-01e93ebe7a9c - - - - -] Successfully synced instances from host 'mysql-001.vassilevski.com'.
2017-02-01 05:21:32.350 4710 INFO nova.scheduler.host_manager [req-0d99a7d2-db86-4e90-968f-f090189ba641 - - - - -] Successfully synced instances from host 'mysql-001.vassilevski.com'.
2017-02-01 05:23:33.348 4710 INFO nova.scheduler.host_manager [req-ef4eb481-0836-4cee-9b42-827cb4e93a2f - - - - -] Successfully synced instances from host 'mysql-001.vassilevski.com'.
2017-02-01 05:25:34.351 4710 INFO nova.scheduler.host_manager [req-5a1e9013-c3bf-436a-a330-180557773db0 - - - - -] Successfully synced instances from host 'mysql-001.vassilevski.com'.
2017-02-01 05:27:38.346 4710 INFO nova.scheduler.host_manager [req-8afd6102-e08a-4cba-bf90-14d481db809f - - - - -] Successfully synced instances from host 'mysql-001.vassilevski.com'.
2017-02-01 05:29:41.349 4710 INFO nova.scheduler.host_manager [req-385b5163-595e-475c-a52b-5bf612eaf528 - - - - -] Successfully synced instances from host 'mysql-001.vassilevski.com'.
2017-02-01 05:31:42.350 4710 INFO nova.scheduler.host_manager [req-2ba445c1-cee5-47b8-8dd8-c3df57802517 - - - - -] Successfully synced instances from host 'mysql-001.vassilevski.com'.
2017-02-01 05:33:44.348 4710 INFO nova.scheduler.host_manager [req-bb86bef0-b884-49f5-8f80-9594d941d87b - - - - -] Successfully synced instances from host 'mysql-001.vassilevski.com'.
2017-02-01 05:35:46.350 4710 INFO nova.scheduler.host_manager [req-d906b258-6b51-4411-97ae-45d6a8d40c9f - - - - -] Successfully synced instances from host 'mysql-001.vassilevski.com'.
2017-02-01 05:37:51.348 4710 INFO nova.scheduler.host_manager [req-f17ca9b5-bbb6-46d7-a3a0-d5ff26e482c3 - - - - -] Successfully synced instances from host 'mysql-001.vassilevski.com'.
2017-02-01 05:39:56.349 4710 INFO nova.scheduler.host_manager [req-105c1973-b510-44e7-aa5b-d43969d9b5f4 - - - - -] Successfully synced instances from host 'mysql-001.vassilevski.com'.
2017-02-01 05:41:59.342 4710 INFO nova.scheduler.host_manager [req-052a6859-30ff-4a3d-96be-49012101d317 - - - - -] Successfully synced instances from host 'mysql-001.vassilevski.com'.
2017-02-01 05:44:01.351 4710 INFO nova.scheduler.host_manager [req-2f5ae3cb-9a9b-4e85-b3b0-4ac0e6069f7e - - - - -] Successfully synced instances from host 'mysql-001.vassilevski.com'.
2017-02-01 05:46:06.346 4710 INFO nova.scheduler.host_manager [req-7a6d0c6b-09ac-4534-9e22-eedb59b64111 - - - - -] Successfully synced instances from host 'mysql-001.vassilevski.com'.
2017-02-01 05:48:11.351 4710 INFO nova.scheduler.host_manager [req-d2cd51e9-0445-4766-992c-a1e0a6781c4a - - - - -] Successfully synced instances from host 'mysql-001.vassilevski.com'.
2017-02-01 05:50:16.787 4710 INFO nova.scheduler.host_manager [req-44f4d6b0-869c-454e-9b5b-cd75810a7d94 - - - - -] Successfully synced instances from host 'mysql-001.vassilevski.com'.
2017-02-01 05:52:17.351 4710 INFO nova.scheduler.host_manager [req-fd643482-6cfc-477a-90e1-368c86bc043a - - - - -] Successfully synced instances from host 'mysql-001.vassilevski.com'.
2017-02-01 05:54:19.350 4710 INFO nova.scheduler.host_manager [req-1b814d7d-2762-44b8-8092-a09d0ee26232 - - - - -] Successfully synced instances from host 'mysql-001.vassilevski.com'.
2017-02-01 05:56:28.802 4710 INFO nova.scheduler.host_manager [req-1f2eaad5-c125-4673-8e07-dc43e1749d42 - - - - -] Successfully synced instances from host 'mysql-001.vassilevski.com'.
2017-02-01 05:58:25.344 4710 INFO nova.scheduler.host_manager [req-6f42997e-9140-4f18-88a3-90dda6b11189 - - - - -] Successfully synced instances from host 'mysql-001.vassilevski.com'.
2017-02-01 06:00:27.618 4710 INFO nova.scheduler.host_manager [req-1df3d103-9569-42e2-b449-420241897bb8 - - - - -] Successfully synced instances from host 'mysql-001.vassilevski.com'.
2017-02-01 06:02:28.347 4710 INFO nova.scheduler.host_manager [req-4964ffc0-0b1b-4bda-886b-a65093912d4e - - - - -] Successfully synced instances from host 'mysql-001.vassilevski.com'.
2017-02-01 06:04:30.350 4710 INFO nova.scheduler.host_manager [req-61ace9e8-82d2-4d02-9618-9185c7f2b6fc - - - - -] Successfully synced instances from host 'mysql-001.vassilevski.com'.
2017-02-01 06:06:31.350 4710 INFO nova.scheduler.host_manager [req-4d62f5c0-65fe-42b5-a935-d98a5a6a1c2c - - - - -] Successfully synced instances from host 'mysql-001.vassilevski.com'.
2017-02-01 06:08:33.351 4710 INFO nova.scheduler.host_manager [req-013ca7f4-d7dd-4d25-b840-66957cc6d2db - - - - -] Successfully synced instances from host 'mysql-001.vassilevski.com'.
2017-02-01 06:10:35.349 4710 INFO nova.scheduler.host_manager [req-0a2d5fb1-20b5-4349-b985-bbeef932d3c3 - - - - -] Successfully synced instances from host 'mysql-001.vassilevski.com'.
2017-02-01 06:12:38.663 4710 INFO nova.scheduler.host_manager [req-1a68e70e-fd38-401b-8c7c-5c3d777d1dff - - - - -] Successfully synced instances from host 'mysql-001.vassilevski.com'.
2017-02-01 06:14:42.353 4710 INFO nova.scheduler.host_manager [req-b67f8b3e-b90c-42ca-b1c9-be7119477808 - - - - -] Successfully synced instances from host 'mysql-001.vassilevski.com'.
2017-02-01 06:16:45.345 4710 INFO nova.scheduler.host_manager [req-93b5004c-b6ba-4a03-9d66-3d93676fac6b - - - - -] Successfully synced instances from host 'mysql-001.vassilevski.com'.
2017-02-01 06:18:46.348 4710 INFO nova.scheduler.host_manager [req-f6b65dd6-6c6b-4d7d-a318-a79709278db3 - - - - -] Successfully synced instances from host 'mysql-001.vassilevski.com'.
2017-02-01 06:20:48.346 4710 INFO nova.scheduler.host_manager [req-6fd7c8fb-bcc1-4bf6-a16c-508e0049f35f - - - - -] Successfully synced instances from host 'mysql-001.vassilevski.com'.
2017-02-01 06:22:51.348 4710 INFO nova.scheduler.host_manager [req-33faf902-391a-4560-aa35-d285d1186f7d - - - - -] Successfully synced instances from host 'mysql-001.vassilevski.com'.
2017-02-01 06:24:53.348 4710 INFO nova.scheduler.host_manager [req-26ec01e2-d0a5-47d1-92a5-fa182feacf41 - - - - -] Successfully synced instances from host 'mysql-001.vassilevski.com'.
2017-02-01 06:26:56.345 4710 INFO nova.scheduler.host_manager [req-453321a8-142d-4478-8a23-9f1edd96836f - - - - -] Successfully synced instances from host 'mysql-001.vassilevski.com'.
2017-02-01 06:29:01.076 4710 INFO nova.scheduler.host_manager [req-ca14f999-60c0-4318-b311-493fa89b8e03 - - - - -] Successfully synced instances from host 'mysql-001.vassilevski.com'.
2017-02-01 06:31:00.345 4710 INFO nova.scheduler.host_manager [req-fedd3d8a-f43c-45a9-abf2-165b2e4ea003 - - - - -] Successfully synced instances from host 'mysql-001.vassilevski.com'.
2017-02-01 06:33:01.349 4710 INFO nova.scheduler.host_manager [req-46af00e0-8265-4048-98df-4ab277b2e537 - - - - -] Successfully synced instances from host 'mysql-001.vassilevski.com'.
2017-02-01 06:35:07.065 4710 INFO nova.scheduler.host_manager [req-8d712b8a-7e00-4f55-9934-3267f7482d38 - - - - -] Successfully synced instances from host 'mysql-001.vassilevski.com'.
2017-02-01 06:37:11.051 4710 INFO nova.scheduler.host_manager [req-2c0213ff-9c68-4ec8-94fb-699ab7e4f0f8 - - - - -] Successfully synced instances from host 'mysql-001.vassilevski.com'.
2017-02-01 06:39:13.028 4710 INFO nova.scheduler.host_manager [req-20d7b4e3-9e3d-4307-8d3e-754cccbad34d - - - - -] Successfully synced instances from host 'mysql-001.vassilevski.com'.
2017-02-01 06:41:17.051 4710 INFO nova.scheduler.host_manager [req-3ffda8d0-c918-4264-8b27-8d4c3aceebd9 - - - - -] Successfully synced instances from host 'mysql-001.vassilevski.com'.
2017-02-01 06:43:18.088 4710 INFO nova.scheduler.host_manager [req-5438be24-5710-46f9-bd17-e8e7a137efe5 - - - - -] Successfully synced instances from host 'mysql-001.vassilevski.com'.
2017-02-01 06:45:20.348 4710 INFO nova.scheduler.host_manager [req-80b7b5b3-9c9d-4544-b10a-9004ca87865a - - - - -] Successfully synced instances from host 'mysql-001.vassilevski.com'.
2017-02-01 06:47:24.351 4710 INFO nova.scheduler.host_manager [req-c8b44471-fe59-484f-9c1f-fecb75818660 - - - - -] Successfully synced instances from host 'mysql-001.vassilevski.com'.
2017-02-01 06:49:28.349 4710 INFO nova.scheduler.host_manager [req-6678cda7-6318-4e3b-a2f2-0f2071f8b69d - - - - -] Successfully synced instances from host 'mysql-001.vassilevski.com'.
2017-02-01 06:51:33.351 4710 INFO nova.scheduler.host_manager [req-1b9fed9c-ff7c-4597-bea8-39883b5b4ab0 - - - - -] Successfully synced instances from host 'mysql-001.vassilevski.com'.
2017-02-01 06:53:35.347 4710 INFO nova.scheduler.host_manager [req-6395c9fe-580a-4cda-a070-48e8547f22ab - - - - -] Successfully synced instances from host 'mysql-001.vassilevski.com'.
2017-02-01 06:55:39.347 4710 INFO nova.scheduler.host_manager [req-b7e9915a-0d2a-43fc-8835-d7b0033ce9d7 - - - - -] Successfully synced instances from host 'mysql-001.vassilevski.com'.
2017-02-01 06:57:42.348 4710 INFO nova.scheduler.host_manager [req-50379f26-d79f-4178-a0f0-383c2f9a2050 - - - - -] Successfully synced instances from host 'mysql-001.vassilevski.com'.
2017-02-01 06:59:44.354 4710 INFO nova.scheduler.host_manager [req-adfcb584-af49-4cc2-a0de-8242702a1cf8 - - - - -] Successfully synced instances from host 'mysql-001.vassilevski.com'.
2017-02-01 07:01:49.350 4710 INFO nova.scheduler.host_manager [req-46011b35-2866-425c-a2ac-ecdc58663f21 - - - - -] Successfully synced instances from host 'mysql-001.vassilevski.com'.
2017-02-01 07:03:50.353 4710 INFO nova.scheduler.host_manager [req-8c5bad1e-f956-4fec-94fc-eca9210ad3a4 - - - - -] Successfully synced instances from host 'mysql-001.vassilevski.com'.
2017-02-01 07:05:54.348 4710 INFO nova.scheduler.host_manager [req-60d46221-4ac8-4e19-a19c-e0a8bee43c62 - - - - -] Successfully synced instances from host 'mysql-001.vassilevski.com'.
2017-02-01 07:07:57.349 4710 INFO nova.scheduler.host_manager [req-87b531d8-03cc-48b2-a039-59890ebf213f - - - - -] Successfully synced instances from host 'mysql-001.vassilevski.com'.
2017-02-01 07:09:59.348 4710 INFO nova.scheduler.host_manager [req-6948ee42-317a-4145-ab91-9c36a6b43482 - - - - -] Successfully synced instances from host 'mysql-001.vassilevski.com'.
2017-02-01 07:11:59.366 4710 INFO nova.scheduler.host_manager [req-d862c738-4cca-4e58-86f9-67cc846425fc - - - - -] Successfully synced instances from host 'mysql-001.vassilevski.com'.
2017-02-01 07:14:01.352 4710 INFO nova.scheduler.host_manager [req-6e394945-a7a9-4c41-9675-279c3e1c4976 - - - - -] Successfully synced instances from host 'mysql-001.vassilevski.com'.
2017-02-01 07:16:01.348 4710 INFO nova.scheduler.host_manager [req-898eb967-1514-4230-bd96-740436e79960 - - - - -] Successfully synced instances from host 'mysql-001.vassilevski.com'.
2017-02-01 07:18:02.354 4710 INFO nova.scheduler.host_manager [req-596258d8-f370-4c80-8ab5-61f08a1caeab - - - - -] Successfully synced instances from host 'mysql-001.vassilevski.com'.
2017-02-01 07:20:03.356 4710 INFO nova.scheduler.host_manager [req-01fe12be-f6c8-4811-a23d-ae0e1a79b78c - - - - -] Successfully synced instances from host 'mysql-001.vassilevski.com'.
2017-02-01 07:22:07.345 4710 INFO nova.scheduler.host_manager [req-483ef2de-2b08-4cdf-a97f-aa2d9170b962 - - - - -] Successfully synced instances from host 'mysql-001.vassilevski.com'.
2017-02-01 07:24:12.348 4710 INFO nova.scheduler.host_manager [req-8552bb46-5880-4e2d-a708-c1d317577e79 - - - - -] Successfully synced instances from host 'mysql-001.vassilevski.com'.
2017-02-01 07:26:12.347 4710 INFO nova.scheduler.host_manager [req-d74c590f-1a15-4069-91b3-4fd74c033fec - - - - -] Successfully synced instances from host 'mysql-001.vassilevski.com'.
2017-02-01 07:28:15.348 4710 INFO nova.scheduler.host_manager [req-a2f7cced-12b1-4a38-94fd-ff8338d23e6a - - - - -] Successfully synced instances from host 'mysql-001.vassilevski.com'.
2017-02-01 07:30:16.345 4710 INFO nova.scheduler.host_manager [req-8d8a3d7e-22f2-458c-90f4-7b0d0741f023 - - - - -] Successfully synced instances from host 'mysql-001.vassilevski.com'.
2017-02-01 07:32:20.347 4710 INFO nova.scheduler.host_manager [req-e92abb34-1dac-47f2-b5f1-531b66790341 - - - - -] Successfully synced instances from host 'mysql-001.vassilevski.com'.
2017-02-01 07:34:22.348 4710 INFO nova.scheduler.host_manager [req-52da7ef2-b9ba-41ce-b051-c00cab40e26e - - - - -] Successfully synced instances from host 'mysql-001.vassilevski.com'.
2017-02-01 07:36:27.345 4710 INFO nova.scheduler.host_manager [req-b2aae7f6-22a4-4d11-9ffa-e19abc44e6a2 - - - - -] Successfully synced instances from host 'mysql-001.vassilevski.com'.
2017-02-01 07:38:30.347 4710 INFO nova.scheduler.host_manager [req-3eeffda8-d78b-46eb-a78f-fb96ddcc3b8f - - - - -] Successfully synced instances from host 'mysql-001.vassilevski.com'.
2017-02-01 07:40:31.349 4710 INFO nova.scheduler.host_manager [req-dbd2ce71-2cfd-4bac-aeeb-3068cdb08088 - - - - -] Successfully synced instances from host 'mysql-001.vassilevski.com'.
2017-02-01 07:42:32.349 4710 INFO nova.scheduler.host_manager [req-c84982c6-4f13-4d66-a41e-187ab1c610df - - - - -] Successfully synced instances from host 'mysql-001.vassilevski.com'.
2017-02-01 07:44:33.350 4710 INFO nova.scheduler.host_manager [req-c68fd8c2-2733-4cfa-9eee-05618f927260 - - - - -] Successfully synced instances from host 'mysql-001.vassilevski.com'.
2017-02-01 07:46:34.352 4710 INFO nova.scheduler.host_manager [req-d81dbb66-4426-40c2-9ae8-cc6cdf814000 - - - - -] Successfully synced instances from host 'mysql-001.vassilevski.com'.
2017-02-01 07:48:34.346 4710 INFO nova.scheduler.host_manager [req-6d99d1c2-78cc-4633-ac63-9ca063bbb6ab - - - - -] Successfully synced instances from host 'mysql-001.vassilevski.com'.
2017-02-01 07:50:34.346 4710 INFO nova.scheduler.host_manager [req-4fdbae41-d520-41c8-bd0e-f01f3ad92347 - - - - -] Successfully synced instances from host 'mysql-001.vassilevski.com'.
2017-02-01 07:52:39.350 4710 INFO nova.scheduler.host_manager [req-9d8f8306-8827-41cc-8c80-e57f1b865618 - - - - -] Successfully synced instances from host 'mysql-001.vassilevski.com'.
2017-02-01 07:54:39.348 4710 INFO nova.scheduler.host_manager [req-2e023585-d427-4e5b-b316-28ca5dbd235f - - - - -] Successfully synced instances from host 'mysql-001.vassilevski.com'.
2017-02-01 07:56:43.346 4710 INFO nova.scheduler.host_manager [req-fe994500-7b0e-40cc-9303-8e0bd491010c - - - - -] Successfully synced instances from host 'mysql-001.vassilevski.com'.
2017-02-01 07:58:46.346 4710 INFO nova.scheduler.host_manager [req-2e56bfd9-b162-4cf7-a660-231ad4a88f01 - - - - -] Successfully synced instances from host 'mysql-001.vassilevski.com'.
2017-02-01 08:00:48.346 4710 INFO nova.scheduler.host_manager [req-28301041-ac15-4985-a10f-1d4620b83ade - - - - -] Successfully synced instances from host 'mysql-001.vassilevski.com'.
2017-02-01 08:02:49.346 4710 INFO nova.scheduler.host_manager [req-7e8b6b22-9f29-4325-b504-678f06783352 - - - - -] Successfully synced instances from host 'mysql-001.vassilevski.com'.
2017-02-01 08:04:51.353 4710 INFO nova.scheduler.host_manager [req-c440b80f-0ae4-48ea-90d3-aee196389ac6 - - - - -] Successfully synced instances from host 'mysql-001.vassilevski.com'.
2017-02-01 08:06:51.348 4710 INFO nova.scheduler.host_manager [req-2bc17ebe-41ab-44ae-84b2-d932d4f09817 - - - - -] Successfully synced instances from host 'mysql-001.vassilevski.com'.
2017-02-01 08:08:55.346 4710 INFO nova.scheduler.host_manager [req-31fb9392-722b-4508-9c07-0dd2b3de9adf - - - - -] Successfully synced instances from host 'mysql-001.vassilevski.com'.
2017-02-01 08:10:59.348 4710 INFO nova.scheduler.host_manager [req-3da03f05-d2a1-4816-886d-6d740ad7df7d - - - - -] Successfully synced instances from host 'mysql-001.vassilevski.com'.
2017-02-01 08:13:00.354 4710 INFO nova.scheduler.host_manager [req-3dc331be-6eb7-4d32-bd58-cc348cbd0f51 - - - - -] Successfully synced instances from host 'mysql-001.vassilevski.com'.
2017-02-01 08:15:01.350 4710 INFO nova.scheduler.host_manager [req-c412cd6b-b471-4845-a2ae-de36df4b05ff - - - - -] Successfully synced instances from host 'mysql-001.vassilevski.com'.
2017-02-01 08:17:04.353 4710 INFO nova.scheduler.host_manager [req-e0a9e467-da45-4c60-8d94-2e40170a96ad - - - - -] Successfully synced instances from host 'mysql-001.vassilevski.com'.
2017-02-01 08:19:08.352 4710 INFO nova.scheduler.host_manager [req-be369a24-5bf2-4335-bc5e-042f67c82fee - - - - -] Successfully synced instances from host 'mysql-001.vassilevski.com'.
2017-02-01 08:21:13.349 4710 INFO nova.scheduler.host_manager [req-18d0f134-88ba-49f7-b8b9-7c9df7b01343 - - - - -] Successfully synced instances from host 'mysql-001.vassilevski.com'.
2017-02-01 08:23:17.348 4710 INFO nova.scheduler.host_manager [req-59d2b6e3-6b0a-48e2-ad7b-e260c62ca582 - - - - -] Successfully synced instances from host 'mysql-001.vassilevski.com'.
2017-02-01 08:25:18.347 4710 INFO nova.scheduler.host_manager [req-1b0dbf72-5026-4312-805e-313363c4d636 - - - - -] Successfully synced instances from host 'mysql-001.vassilevski.com'.
2017-02-01 08:27:21.348 4710 INFO nova.scheduler.host_manager [req-8efee4c3-c9f1-4960-814f-3cd3997bdb50 - - - - -] Successfully synced instances from host 'mysql-001.vassilevski.com'.
2017-02-01 08:29:21.349 4710 INFO nova.scheduler.host_manager [req-85db8237-026f-4c28-b857-a3400a689264 - - - - -] Successfully synced instances from host 'mysql-001.vassilevski.com'.
2017-02-01 08:31:24.344 4710 INFO nova.scheduler.host_manager [req-ff22c3f0-bb61-4262-bbbc-1231d8eec7fd - - - - -] Successfully synced instances from host 'mysql-001.vassilevski.com'.
2017-02-01 08:33:29.345 4710 INFO nova.scheduler.host_manager [req-7c736a60-cbc8-4288-b406-5e2b0aa17469 - - - - -] Successfully synced instances from host 'mysql-001.vassilevski.com'.
2017-02-01 08:35:33.350 4710 INFO nova.scheduler.host_manager [req-dabb203d-c4b9-4132-93e1-09008201a730 - - - - -] Successfully synced instances from host 'mysql-001.vassilevski.com'.
2017-02-01 08:37:34.347 4710 INFO nova.scheduler.host_manager [req-0e53ed0f-446c-4f93-b145-ed5a5f22d242 - - - - -] Successfully synced instances from host 'mysql-001.vassilevski.com'.
2017-02-01 08:39:37.347 4710 INFO nova.scheduler.host_manager [req-fab21e58-f30d-4002-92c9-4b3df8fe8845 - - - - -] Successfully synced instances from host 'mysql-001.vassilevski.com'.
2017-02-01 08:41:41.347 4710 INFO nova.scheduler.host_manager [req-1381696c-44fa-4625-accd-08d532a68f6b - - - - -] Successfully synced instances from host 'mysql-001.vassilevski.com'.
2017-02-01 08:43:44.351 4710 INFO nova.scheduler.host_manager [req-f912556f-4435-48f2-8552-07bf04a7fc03 - - - - -] Successfully synced instances from host 'mysql-001.vassilevski.com'.
2017-02-01 08:45:48.352 4710 INFO nova.scheduler.host_manager [req-22abeb91-1837-4373-a27c-22253d53c4d3 - - - - -] Successfully synced instances from host 'mysql-001.vassilevski.com'.
2017-02-01 08:47:52.349 4710 INFO nova.scheduler.host_manager [req-4143f3ee-7e90-42bf-a95e-509506bf9956 - - - - -] Successfully synced instances from host 'mysql-001.vassilevski.com'.
2017-02-01 08:49:57.347 4710 INFO nova.scheduler.host_manager [req-15098187-71d9-4e11-a3fb-476146ce9427 - - - - -] Successfully synced instances from host 'mysql-001.vassilevski.com'.
2017-02-01 08:52:02.352 4710 INFO nova.scheduler.host_manager [req-4574d4c0-368f-47c1-99fb-c3fcaa88d995 - - - - -] Successfully synced instances from host 'mysql-001.vassilevski.com'.
2017-02-01 08:54:05.347 4710 INFO nova.scheduler.host_manager [req-c14027fd-1e63-4110-9542-b0c694b764ef - - - - -] Successfully synced instances from host 'mysql-001.vassilevski.com'.
2017-02-01 08:56:09.353 4710 INFO nova.scheduler.host_manager [req-18d3f37a-4f00-44ae-ba9d-96ac9008becf - - - - -] Successfully synced instances from host 'mysql-001.vassilevski.com'.
2017-02-01 08:58:14.351 4710 INFO nova.scheduler.host_manager [req-1604a426-123d-4667-a89f-eab2979e810b - - - - -] Successfully synced instances from host 'mysql-001.vassilevski.com'.
2017-02-01 09:00:17.349 4710 INFO nova.scheduler.host_manager [req-a9c15a91-6762-4d85-adc3-f0a5fdaaf5d7 - - - - -] Successfully synced instances from host 'mysql-001.vassilevski.com'.
2017-02-01 09:02:19.349 4710 INFO nova.scheduler.host_manager [req-b250052d-63dc-4700-aa0e-3ee0ed248296 - - - - -] Successfully synced instances from host 'mysql-001.vassilevski.com'.
2017-02-01 09:04:22.353 4710 INFO nova.scheduler.host_manager [req-82fea5ac-8a29-4a69-bbb6-85f7d2de5bb8 - - - - -] Successfully synced instances from host 'mysql-001.vassilevski.com'.
2017-02-01 09:06:25.351 4710 INFO nova.scheduler.host_manager [req-013377a6-501f-466a-a50b-a17f1b82d524 - - - - -] Successfully synced instances from host 'mysql-001.vassilevski.com'.
2017-02-01 09:08:28.353 4710 INFO nova.scheduler.host_manager [req-d3d9d23b-8cd8-472c-852b-6b99ce390484 - - - - -] Successfully synced instances from host 'mysql-001.vassilevski.com'.
2017-02-01 09:10:28.348 4710 INFO nova.scheduler.host_manager [req-8f99c1d3-db25-4e77-823f-977241f77ddf - - - - -] Successfully synced instances from host 'mysql-001.vassilevski.com'.
2017-02-01 09:12:28.346 4710 INFO nova.scheduler.host_manager [req-38832537-d953-47c3-9e7e-09b6b758b646 - - - - -] Successfully synced instances from host 'mysql-001.vassilevski.com'.
2017-02-01 09:14:28.348 4710 INFO nova.scheduler.host_manager [req-1218edc0-ccba-48aa-bec4-d01a61f1d531 - - - - -] Successfully synced instances from host 'mysql-001.vassilevski.com'.
2017-02-01 09:16:28.350 4710 INFO nova.scheduler.host_manager [req-d664f400-4fbd-4415-b244-529656219d46 - - - - -] Successfully synced instances from host 'mysql-001.vassilevski.com'.
2017-02-01 09:18:29.354 4710 INFO nova.scheduler.host_manager [req-090e4beb-83f0-4331-b4d8-6a53956df7f2 - - - - -] Successfully synced instances from host 'mysql-001.vassilevski.com'.
2017-02-01 09:20:31.348 4710 INFO nova.scheduler.host_manager [req-4e36000b-772b-480b-a0ab-2722ee574997 - - - - -] Successfully synced instances from host 'mysql-001.vassilevski.com'.
2017-02-01 09:22:34.344 4710 INFO nova.scheduler.host_manager [req-84b7f888-ff52-4249-99f8-1b7ecc43cac0 - - - - -] Successfully synced instances from host 'mysql-001.vassilevski.com'.
2017-02-01 09:24:36.345 4710 INFO nova.scheduler.host_manager [req-9245e0e6-7b5a-4119-a0d9-4908a8ff0aed - - - - -] Successfully synced instances from host 'mysql-001.vassilevski.com'.
2017-02-01 09:26:37.346 4710 INFO nova.scheduler.host_manager [req-203e555d-78e4-43b8-ad28-e131891ba948 - - - - -] Successfully synced instances from host 'mysql-001.vassilevski.com'.
2017-02-01 09:28:41.349 4710 INFO nova.scheduler.host_manager [req-0d3c860b-1ec0-4824-b4cd-25595ebaf420 - - - - -] Successfully synced instances from host 'mysql-001.vassilevski.com'.
2017-02-01 09:30:46.345 4710 INFO nova.scheduler.host_manager [req-04c16b37-52fd-4f85-8f37-94a275ef24b6 - - - - -] Successfully synced instances from host 'mysql-001.vassilevski.com'.
2017-02-01 09:32:46.346 4710 INFO nova.scheduler.host_manager [req-306550e3-b710-44db-8adc-023c32db952b - - - - -] Successfully synced instances from host 'mysql-001.vassilevski.com'.
2017-02-01 09:34:50.346 4710 INFO nova.scheduler.host_manager [req-7cac2b0b-fbf9-40e5-9ee7-8a16325fddb0 - - - - -] Successfully synced instances from host 'mysql-001.vassilevski.com'.
2017-02-01 09:36:52.344 4710 INFO nova.scheduler.host_manager [req-1d6c0ea2-a8f4-487c-a41a-b8a4a6fce50e - - - - -] Successfully synced instances from host 'mysql-001.vassilevski.com'.
2017-02-01 09:38:54.349 4710 INFO nova.scheduler.host_manager [req-dd186b34-0356-4f33-8516-a1d037d7e0ff - - - - -] Successfully synced instances from host 'mysql-001.vassilevski.com'.
2017-02-01 09:40:58.349 4710 INFO nova.scheduler.host_manager [req-d3d133ea-d119-4126-a9c3-af268475fdd3 - - - - -] Successfully synced instances from host 'mysql-001.vassilevski.com'.
2017-02-01 09:42:59.347 4710 INFO nova.scheduler.host_manager [req-58e0afb4-f483-45ed-a124-e5cdce58e1a0 - - - - -] Successfully synced instances from host 'mysql-001.vassilevski.com'.
2017-02-01 09:44:59.347 4710 INFO nova.scheduler.host_manager [req-f12f63b9-529f-4ded-9962-eaf925d4cf8f - - - - -] Successfully synced instances from host 'mysql-001.vassilevski.com'.
2017-02-01 09:47:00.389 4710 INFO nova.scheduler.host_manager [req-4bfe4093-f8b2-4498-a6e9-b969063d7d57 - - - - -] Successfully synced instances from host 'mysql-001.vassilevski.com'.
2017-02-01 09:49:03.352 4710 INFO nova.scheduler.host_manager [req-fd028f0d-3ae2-49bb-a7bb-c2e6bc00e0cd - - - - -] Successfully synced instances from host 'mysql-001.vassilevski.com'.
2017-02-01 09:51:07.348 4710 INFO nova.scheduler.host_manager [req-f93cbbdd-503c-4d86-822a-b35575b4f0fa - - - - -] Successfully synced instances from host 'mysql-001.vassilevski.com'.
2017-02-01 09:53:08.347 4710 INFO nova.scheduler.host_manager [req-8d768f07-8b77-4ca4-88ed-859b38dfc805 - - - - -] Successfully synced instances from host 'mysql-001.vassilevski.com'.
2017-02-01 09:55:09.350 4710 INFO nova.scheduler.host_manager [req-7bff261f-192f-4d23-8fd2-0294c5e208d0 - - - - -] Successfully synced instances from host 'mysql-001.vassilevski.com'.
2017-02-01 09:57:14.350 4710 INFO nova.scheduler.host_manager [req-2b90c385-71ae-4f77-a20a-c10688ee7820 - - - - -] Successfully synced instances from host 'mysql-001.vassilevski.com'.
2017-02-01 09:59:16.345 4710 INFO nova.scheduler.host_manager [req-031aee62-4357-4642-b9be-2eae6e88992d - - - - -] Successfully synced instances from host 'mysql-001.vassilevski.com'.
2017-02-01 10:01:21.569 4710 INFO nova.scheduler.host_manager [req-90f9a766-bb90-4e1d-908b-12012b7e2517 - - - - -] Successfully synced instances from host 'mysql-001.vassilevski.com'.
2017-02-01 10:03:25.348 4710 INFO nova.scheduler.host_manager [req-c2f9fc03-207b-48fe-ac8c-41ddaffc468b - - - - -] Successfully synced instances from host 'mysql-001.vassilevski.com'.
2017-02-01 10:05:28.348 4710 INFO nova.scheduler.host_manager [req-27691a1f-9cd6-4bcf-8c04-f022d1547805 - - - - -] Successfully synced instances from host 'mysql-001.vassilevski.com'.
2017-02-01 10:07:29.346 4710 INFO nova.scheduler.host_manager [req-385c6bb1-61ea-4fde-9089-3378b6271c30 - - - - -] Successfully synced instances from host 'mysql-001.vassilevski.com'.
2017-02-01 10:09:30.348 4710 INFO nova.scheduler.host_manager [req-133adf81-e5ee-4c7a-8abd-6e52f7d636cf - - - - -] Successfully synced instances from host 'mysql-001.vassilevski.com'.
2017-02-01 10:11:32.533 4710 INFO nova.scheduler.host_manager [req-192b6a75-9ac4-40ed-b296-239a0ad3bdfa - - - - -] Successfully synced instances from host 'mysql-001.vassilevski.com'.
2017-02-01 10:13:32.352 4710 INFO nova.scheduler.host_manager [req-af978497-c5dc-404b-97ed-086577ba6d33 - - - - -] Successfully synced instances from host 'mysql-001.vassilevski.com'.
2017-02-01 10:15:34.350 4710 INFO nova.scheduler.host_manager [req-db8a83a1-8726-43e3-8465-6024494f2d6d - - - - -] Successfully synced instances from host 'mysql-001.vassilevski.com'.
2017-02-01 10:16:20.698 4710 WARNING oslo.service.loopingcall [-] Function 'nova.servicegroup.drivers.db.DbDriver._report_state' run outlasted interval by 16.17 sec
2017-02-01 10:17:35.345 4710 INFO nova.scheduler.host_manager [req-f507d136-3d64-4ec5-952f-0846f1bb3c5f - - - - -] Successfully synced instances from host 'mysql-001.vassilevski.com'.
2017-02-01 10:19:39.348 4710 INFO nova.scheduler.host_manager [req-1f1e8095-2b62-4450-b214-469cc058b157 - - - - -] Successfully synced instances from host 'mysql-001.vassilevski.com'.
2017-02-01 10:21:43.347 4710 INFO nova.scheduler.host_manager [req-eb219964-7f73-4afb-b459-81104463324a - - - - -] Successfully synced instances from host 'mysql-001.vassilevski.com'.
2017-02-01 10:23:43.348 4710 INFO nova.scheduler.host_manager [req-e53be5fd-c18f-4b1d-b199-3e4652ab2973 - - - - -] Successfully synced instances from host 'mysql-001.vassilevski.com'.
2017-02-01 10:25:43.346 4710 INFO nova.scheduler.host_manager [req-965517c1-db5e-48d1-b0e9-c04e9b56a5d6 - - - - -] Successfully synced instances from host 'mysql-001.vassilevski.com'.
2017-02-01 10:27:46.349 4710 INFO nova.scheduler.host_manager [req-d02ca4c0-7ff3-4dc8-b4d7-bf516390a3f8 - - - - -] Successfully synced instances from host 'mysql-001.vassilevski.com'.
2017-02-01 10:29:48.352 4710 INFO nova.scheduler.host_manager [req-f7c1eade-2218-423b-8dc6-e940ebbc5eea - - - - -] Successfully synced instances from host 'mysql-001.vassilevski.com'.
2017-02-01 10:31:52.347 4710 INFO nova.scheduler.host_manager [req-3c85cc9c-a959-4dec-9568-2a64fddd8ae0 - - - - -] Successfully synced instances from host 'mysql-001.vassilevski.com'.
2017-02-01 10:33:52.345 4710 INFO nova.scheduler.host_manager [req-42a68c1d-ebd6-4bb9-a787-b8777b7ff63c - - - - -] Successfully synced instances from host 'mysql-001.vassilevski.com'.
2017-02-01 10:35:54.352 4710 INFO nova.scheduler.host_manager [req-6e72514f-3869-4e5c-ad2c-f4b0c5773802 - - - - -] Successfully synced instances from host 'mysql-001.vassilevski.com'.
2017-02-01 10:37:55.347 4710 INFO nova.scheduler.host_manager [req-9b6d90d6-7cd3-4759-bc16-6d524d9c6717 - - - - -] Successfully synced instances from host 'mysql-001.vassilevski.com'.
2017-02-01 10:40:00.349 4710 INFO nova.scheduler.host_manager [req-5fa26dfa-195a-4c00-89cf-ddf97c66c260 - - - - -] Successfully synced instances from host 'mysql-001.vassilevski.com'.
2017-02-01 10:42:04.347 4710 INFO nova.scheduler.host_manager [req-ecfd33c5-ec34-4b10-af7f-ec6cef1b9e58 - - - - -] Successfully synced instances from host 'mysql-001.vassilevski.com'.
2017-02-01 10:44:09.349 4710 INFO nova.scheduler.host_manager [req-578179ba-5b94-418c-ba65-b60a8bd608f2 - - - - -] Successfully synced instances from host 'mysql-001.vassilevski.com'.
2017-02-01 10:46:11.351 4710 INFO nova.scheduler.host_manager [req-cd5ecca0-a0b9-40ca-9094-89136947f713 - - - - -] Successfully synced instances from host 'mysql-001.vassilevski.com'.
2017-02-01 10:48:14.346 4710 INFO nova.scheduler.host_manager [req-11a237df-d28c-4036-aacb-557f5e30ea9a - - - - -] Successfully synced instances from host 'mysql-001.vassilevski.com'.
2017-02-01 10:50:18.349 4710 INFO nova.scheduler.host_manager [req-91c781c9-7e62-492d-9051-5c723a8e3e91 - - - - -] Successfully synced instances from host 'mysql-001.vassilevski.com'.
2017-02-01 10:52:22.349 4710 INFO nova.scheduler.host_manager [req-69dd09ad-a332-4cfc-9836-6732bb5f7ec4 - - - - -] Successfully synced instances from host 'mysql-001.vassilevski.com'.
2017-02-01 10:54:24.349 4710 INFO nova.scheduler.host_manager [req-38f261d0-1343-4e04-ac57-c2008ecf22cf - - - - -] Successfully synced instances from host 'mysql-001.vassilevski.com'.
2017-02-01 10:56:25.346 4710 INFO nova.scheduler.host_manager [req-2a6f6df5-91c2-4794-82d4-850062f80abb - - - - -] Successfully synced instances from host 'mysql-001.vassilevski.com'.
2017-02-01 10:58:29.348 4710 INFO nova.scheduler.host_manager [req-9a34488d-bc4a-463e-ba54-2ad3fe05a71b - - - - -] Successfully synced instances from host 'mysql-001.vassilevski.com'.
2017-02-01 11:00:34.533 4710 INFO nova.scheduler.host_manager [req-8ff512da-6458-471b-948a-078b1ee2d221 - - - - -] Successfully synced instances from host 'mysql-001.vassilevski.com'.
2017-02-01 11:02:39.348 4710 INFO nova.scheduler.host_manager [req-2c3e0894-81d8-4ab4-986e-5024873e6332 - - - - -] Successfully synced instances from host 'mysql-001.vassilevski.com'.
2017-02-01 11:04:39.539 4710 INFO nova.scheduler.host_manager [req-ab632ca8-e32d-4dd5-8150-69d25bd82c5b - - - - -] Successfully synced instances from host 'mysql-001.vassilevski.com'.
2017-02-01 11:06:43.346 4710 INFO nova.scheduler.host_manager [req-ee4de43d-78cd-4d47-81df-05c098560067 - - - - -] Successfully synced instances from host 'mysql-001.vassilevski.com'.
2017-02-01 11:08:49.048 4710 INFO nova.scheduler.host_manager [req-ab520f63-140d-4c33-87c0-fecf29895872 - - - - -] Successfully synced instances from host 'mysql-001.vassilevski.com'.
2017-02-01 11:10:49.347 4710 INFO nova.scheduler.host_manager [req-b56824a8-58af-4132-94a2-517093b60dd7 - - - - -] Successfully synced instances from host 'mysql-001.vassilevski.com'.
2017-02-01 11:12:49.355 4710 INFO nova.scheduler.host_manager [req-ed3d015a-29bf-4ed2-b666-109f2ed5b512 - - - - -] Successfully synced instances from host 'mysql-001.vassilevski.com'.
2017-02-01 11:14:56.234 4710 INFO nova.scheduler.host_manager [req-a8c49feb-7075-4eca-8b57-2c012d5e9f73 - - - - -] Successfully synced instances from host 'mysql-001.vassilevski.com'.
2017-02-01 11:16:58.434 4710 INFO nova.scheduler.host_manager [req-8475d0ca-07c4-413f-8094-b1d3f2316437 - - - - -] Successfully synced instances from host 'mysql-001.vassilevski.com'.
2017-02-01 11:19:02.344 4710 INFO nova.scheduler.host_manager [req-cd3ae162-60c6-45a7-8dd5-97359818b776 - - - - -] Successfully synced instances from host 'mysql-001.vassilevski.com'.
2017-02-01 11:21:06.354 4710 INFO nova.scheduler.host_manager [req-4c639f8b-4ffd-4ca7-bd7d-278c2407189b - - - - -] Successfully synced instances from host 'mysql-001.vassilevski.com'.
2017-02-01 11:23:07.348 4710 INFO nova.scheduler.host_manager [req-bdb389a3-bfc6-4477-8031-b0c87b48bd33 - - - - -] Successfully synced instances from host 'mysql-001.vassilevski.com'.
2017-02-01 11:25:08.344 4710 INFO nova.scheduler.host_manager [req-a16a58b7-573f-4512-b110-4e9c2b46a5b2 - - - - -] Successfully synced instances from host 'mysql-001.vassilevski.com'.
2017-02-01 11:27:13.348 4710 INFO nova.scheduler.host_manager [req-620533a8-ba93-4cab-8f97-03a41d403bc7 - - - - -] Successfully synced instances from host 'mysql-001.vassilevski.com'.
2017-02-01 11:29:14.349 4710 INFO nova.scheduler.host_manager [req-18634348-8bb3-44ec-a9c3-1895dbfbb257 - - - - -] Successfully synced instances from host 'mysql-001.vassilevski.com'.
2017-02-01 11:31:19.345 4710 INFO nova.scheduler.host_manager [req-568c7966-647e-4026-8207-964d556d6303 - - - - -] Successfully synced instances from host 'mysql-001.vassilevski.com'.
2017-02-01 11:33:21.350 4710 INFO nova.scheduler.host_manager [req-97c05746-7d06-475b-a09a-fec333821ce4 - - - - -] Successfully synced instances from host 'mysql-001.vassilevski.com'.
2017-02-01 11:35:22.351 4710 INFO nova.scheduler.host_manager [req-0b3c5c8c-e6f7-49a9-9ec7-be7900fe81cb - - - - -] Successfully synced instances from host 'mysql-001.vassilevski.com'.
2017-02-01 11:37:25.347 4710 INFO nova.scheduler.host_manager [req-012801e3-a285-4ff6-8202-112b36510302 - - - - -] Successfully synced instances from host 'mysql-001.vassilevski.com'.
2017-02-01 11:39:29.346 4710 INFO nova.scheduler.host_manager [req-498d960b-2117-4604-b958-90810484c21d - - - - -] Successfully synced instances from host 'mysql-001.vassilevski.com'.
2017-02-01 11:41:34.346 4710 INFO nova.scheduler.host_manager [req-c3da5455-0092-4437-9c3a-dde630cdb05c - - - - -] Successfully synced instances from host 'mysql-001.vassilevski.com'.
2017-02-01 11:43:37.349 4710 INFO nova.scheduler.host_manager [req-94ba5500-4874-40ae-b420-0f08ce8dd8f2 - - - - -] Successfully synced instances from host 'mysql-001.vassilevski.com'.
2017-02-01 11:45:40.347 4710 INFO nova.scheduler.host_manager [req-9282a79e-a6d2-42dc-ba78-a69632b7aaa1 - - - - -] Successfully synced instances from host 'mysql-001.vassilevski.com'.
2017-02-01 11:47:40.351 4710 INFO nova.scheduler.host_manager [req-f17dddb7-cbc5-4646-af4e-2e32bf54a12e - - - - -] Successfully synced instances from host 'mysql-001.vassilevski.com'.
2017-02-01 11:49:42.345 4710 INFO nova.scheduler.host_manager [req-53e3c079-1306-4fe5-bcd5-0a50a3ff10ed - - - - -] Successfully synced instances from host 'mysql-001.vassilevski.com'.
2017-02-01 11:51:47.347 4710 INFO nova.scheduler.host_manager [req-ba03ccde-f309-4596-866c-fcaa0b944b0c - - - - -] Successfully synced instances from host 'mysql-001.vassilevski.com'.
2017-02-01 11:53:50.344 4710 INFO nova.scheduler.host_manager [req-90a23ac4-977e-4ddd-b1b4-9227637c5cd2 - - - - -] Successfully synced instances from host 'mysql-001.vassilevski.com'.
2017-02-01 11:55:53.346 4710 INFO nova.scheduler.host_manager [req-c1081f70-647e-4d79-b061-968e08b947eb - - - - -] Successfully synced instances from host 'mysql-001.vassilevski.com'.
2017-02-01 11:57:55.350 4710 INFO nova.scheduler.host_manager [req-fa43030b-1bf3-431b-a986-0430f9d7d202 - - - - -] Successfully synced instances from host 'mysql-001.vassilevski.com'.
2017-02-01 12:00:00.345 4710 INFO nova.scheduler.host_manager [req-889de750-d286-441d-ac25-61286889856b - - - - -] Successfully synced instances from host 'mysql-001.vassilevski.com'.
2017-02-01 12:02:05.359 4710 INFO nova.scheduler.host_manager [req-70ddb45d-3245-4ae8-8629-3748572d4a97 - - - - -] Successfully synced instances from host 'mysql-001.vassilevski.com'.
2017-02-01 12:04:05.347 4710 INFO nova.scheduler.host_manager [req-284ae18a-fdc1-426f-8c3d-a99ac3f530a8 - - - - -] Successfully synced instances from host 'mysql-001.vassilevski.com'.
2017-02-01 12:06:10.347 4710 INFO nova.scheduler.host_manager [req-1c1c7251-d2a9-411a-acae-65c9cd61dc7a - - - - -] Successfully synced instances from host 'mysql-001.vassilevski.com'.
2017-02-01 12:08:11.349 4710 INFO nova.scheduler.host_manager [req-e9e330d0-fb2c-46cc-bcbf-b9463a3967ec - - - - -] Successfully synced instances from host 'mysql-001.vassilevski.com'.
2017-02-01 12:10:13.393 4710 INFO nova.scheduler.host_manager [req-8b30fec4-4016-454a-9061-07ca55fbf110 - - - - -] Successfully synced instances from host 'mysql-001.vassilevski.com'.
2017-02-01 12:12:14.345 4710 INFO nova.scheduler.host_manager [req-0b629a14-bf4b-4ae0-bbf1-13bdb8b48ffd - - - - -] Successfully synced instances from host 'mysql-001.vassilevski.com'.
2017-02-01 12:14:19.347 4710 INFO nova.scheduler.host_manager [req-a051eee8-4595-4f8d-9fec-78f18270a611 - - - - -] Successfully synced instances from host 'mysql-001.vassilevski.com'.
2017-02-01 12:16:20.347 4710 INFO nova.scheduler.host_manager [req-bd66e230-92f7-4dd7-9614-619e16d1ea9f - - - - -] Successfully synced instances from host 'mysql-001.vassilevski.com'.
2017-02-01 12:18:24.342 4710 INFO nova.scheduler.host_manager [req-64776a9c-4f30-4b6d-bad5-da70448744dc - - - - -] Successfully synced instances from host 'mysql-001.vassilevski.com'.
2017-02-01 12:20:29.353 4710 INFO nova.scheduler.host_manager [req-933265f4-6460-40b9-9569-6c66ccceef0b - - - - -] Successfully synced instances from host 'mysql-001.vassilevski.com'.
2017-02-01 12:22:29.349 4710 INFO nova.scheduler.host_manager [req-a2d3e4bb-5c2e-4534-9674-e0c919991414 - - - - -] Successfully synced instances from host 'mysql-001.vassilevski.com'.
2017-02-01 12:24:33.345 4710 INFO nova.scheduler.host_manager [req-0d8995fe-9a2c-4990-b421-8da7ca47084e - - - - -] Successfully synced instances from host 'mysql-001.vassilevski.com'.
2017-02-01 12:26:33.358 4710 INFO nova.scheduler.host_manager [req-b5e66a2e-2f64-4b14-ae49-2c25d69d27da - - - - -] Successfully synced instances from host 'mysql-001.vassilevski.com'.
2017-02-01 12:28:34.345 4710 INFO nova.scheduler.host_manager [req-35795254-9cef-4ed6-b930-5946111b1986 - - - - -] Successfully synced instances from host 'mysql-001.vassilevski.com'.
2017-02-01 12:30:36.343 4710 INFO nova.scheduler.host_manager [req-ec9c0af4-89df-4135-9837-4c35306e1629 - - - - -] Successfully synced instances from host 'mysql-001.vassilevski.com'.
2017-02-01 12:32:39.348 4710 INFO nova.scheduler.host_manager [req-7f330db7-1a28-42d1-9ec6-5d42812c8a2a - - - - -] Successfully synced instances from host 'mysql-001.vassilevski.com'.
2017-02-01 12:34:40.344 4710 INFO nova.scheduler.host_manager [req-e209a7a2-be29-49da-83ab-98f6e114540d - - - - -] Successfully synced instances from host 'mysql-001.vassilevski.com'.
2017-02-01 12:36:45.347 4710 INFO nova.scheduler.host_manager [req-726a1905-8d24-4938-8f1e-cf55cd30de8f - - - - -] Successfully synced instances from host 'mysql-001.vassilevski.com'.
2017-02-01 12:38:49.348 4710 INFO nova.scheduler.host_manager [req-b3d1871d-a459-46d8-9303-8fb7cd64c88a - - - - -] Successfully synced instances from host 'mysql-001.vassilevski.com'.
2017-02-01 12:40:51.346 4710 INFO nova.scheduler.host_manager [req-092c2d32-51c7-478c-b865-d5fd7ea4c2db - - - - -] Successfully synced instances from host 'mysql-001.vassilevski.com'.
2017-02-01 12:42:53.353 4710 INFO nova.scheduler.host_manager [req-e1e8b4d2-1582-4c84-beba-397c977ccbcd - - - - -] Successfully synced instances from host 'mysql-001.vassilevski.com'.
2017-02-01 12:44:53.351 4710 INFO nova.scheduler.host_manager [req-b7167618-11ec-434d-882a-44f007841e3f - - - - -] Successfully synced instances from host 'mysql-001.vassilevski.com'.
2017-02-01 12:46:56.346 4710 INFO nova.scheduler.host_manager [req-6be89daf-2986-4c93-85bd-3d6601bffa1a - - - - -] Successfully synced instances from host 'mysql-001.vassilevski.com'.
2017-02-01 12:49:01.361 4710 INFO nova.scheduler.host_manager [req-32379473-f4f3-405c-84e9-d5158b187834 - - - - -] Successfully synced instances from host 'mysql-001.vassilevski.com'.
2017-02-01 12:51:06.350 4710 INFO nova.scheduler.host_manager [req-8a47cc88-4907-4d03-9d4a-bb8742087512 - - - - -] Successfully synced instances from host 'mysql-001.vassilevski.com'.
2017-02-01 12:53:08.346 4710 INFO nova.scheduler.host_manager [req-df90fa06-7753-4c06-8430-f2d680eb02a2 - - - - -] Successfully synced instances from host 'mysql-001.vassilevski.com'.
2017-02-01 12:55:12.347 4710 INFO nova.scheduler.host_manager [req-b921dd7a-6709-4018-9ef2-4084cae387df - - - - -] Successfully synced instances from host 'mysql-001.vassilevski.com'.
2017-02-01 12:57:14.345 4710 INFO nova.scheduler.host_manager [req-ac7ead53-c364-4d5e-909a-15e3a375c94b - - - - -] Successfully synced instances from host 'mysql-001.vassilevski.com'.
2017-02-01 12:59:19.347 4710 INFO nova.scheduler.host_manager [req-11c95d7c-78f5-424b-a7ff-c6a16f4600ab - - - - -] Successfully synced instances from host 'mysql-001.vassilevski.com'.
2017-02-01 13:01:19.353 4710 INFO nova.scheduler.host_manager [req-ff052836-cf5b-4d18-96e5-2f6f96d97daa - - - - -] Successfully synced instances from host 'mysql-001.vassilevski.com'.
2017-02-01 13:03:20.347 4710 INFO nova.scheduler.host_manager [req-3dc9eea6-c356-49a8-bda5-38949ed99441 - - - - -] Successfully synced instances from host 'mysql-001.vassilevski.com'.
2017-02-01 13:05:20.346 4710 INFO nova.scheduler.host_manager [req-fbc041fe-39ad-4822-832f-c6484ee2cf55 - - - - -] Successfully synced instances from host 'mysql-001.vassilevski.com'.
2017-02-01 13:07:25.350 4710 INFO nova.scheduler.host_manager [req-08a5208a-000e-4d6f-abc2-493aee619e8b - - - - -] Successfully synced instances from host 'mysql-001.vassilevski.com'.
2017-02-01 13:09:27.352 4710 INFO nova.scheduler.host_manager [req-c1bcd76d-4aaa-426d-868c-de6913225ae7 - - - - -] Successfully synced instances from host 'mysql-001.vassilevski.com'.
2017-02-01 13:11:30.387 4710 INFO nova.scheduler.host_manager [req-73821e34-10c8-4c3d-8e24-cd13060e7863 - - - - -] Successfully synced instances from host 'mysql-001.vassilevski.com'.
2017-02-01 13:13:35.343 4710 INFO nova.scheduler.host_manager [req-c75146e6-a1b7-48af-974b-37cc65ef5bcf - - - - -] Successfully synced instances from host 'mysql-001.vassilevski.com'.
2017-02-01 13:15:40.346 4710 INFO nova.scheduler.host_manager [req-31861c29-6fe7-4512-bc24-d38640c088a7 - - - - -] Successfully synced instances from host 'mysql-001.vassilevski.com'.
2017-02-01 13:17:40.349 4710 INFO nova.scheduler.host_manager [req-39581f96-c46e-4e7a-9e51-badb92c41a6b - - - - -] Successfully synced instances from host 'mysql-001.vassilevski.com'.
2017-02-01 13:19:41.351 4710 INFO nova.scheduler.host_manager [req-d93ee159-897c-47f0-94c2-f4d3adefd83b - - - - -] Successfully synced instances from host 'mysql-001.vassilevski.com'.
2017-02-01 13:21:43.343 4710 INFO nova.scheduler.host_manager [req-181d5081-0198-4e04-ade7-c04a2cd43e04 - - - - -] Successfully synced instances from host 'mysql-001.vassilevski.com'.
