x.x.x.2 - - [01/Feb/2017:00:04:50 +0000] "GET /v3 HTTP/1.1" 200 284 "-" "osc-lib keystoneauth1/2.12.2 python-requests/2.10.0 CPython/2.7.5"
x.x.x.2 - - [01/Feb/2017:00:04:51 +0000] "POST /v3/auth/tokens HTTP/1.1" 201 1167 "-" "osc-lib keystoneauth1/2.12.2 python-requests/2.10.0 CPython/2.7.5"
x.x.x.2 - - [01/Feb/2017:00:04:52 +0000] "POST /v3/auth/tokens HTTP/1.1" 201 1167 "-" "osc-lib keystoneauth1/2.12.2 python-requests/2.10.0 CPython/2.7.5"
x.x.x.2 - - [01/Feb/2017:00:04:53 +0000] "GET /v3/domains/default HTTP/1.1" 200 201 "-" "python-keystoneclient"
x.x.x.2 - - [01/Feb/2017:00:04:53 +0000] "POST /v3/projects HTTP/1.1" 201 303 "-" "python-keystoneclient"
x.x.x.2 - - [01/Feb/2017:00:04:54 +0000] "GET /v3 HTTP/1.1" 200 284 "-" "osc-lib keystoneauth1/2.12.2 python-requests/2.10.0 CPython/2.7.5"
x.x.x.2 - - [01/Feb/2017:00:04:55 +0000] "POST /v3/auth/tokens HTTP/1.1" 201 1167 "-" "osc-lib keystoneauth1/2.12.2 python-requests/2.10.0 CPython/2.7.5"
x.x.x.2 - - [01/Feb/2017:00:04:55 +0000] "POST /v3/auth/tokens HTTP/1.1" 201 1167 "-" "osc-lib keystoneauth1/2.12.2 python-requests/2.10.0 CPython/2.7.5"
x.x.x.2 - - [01/Feb/2017:00:04:55 +0000] "GET /v3/domains/default HTTP/1.1" 200 201 "-" "python-keystoneclient"
x.x.x.2 - - [01/Feb/2017:00:04:55 +0000] "POST /v3/projects HTTP/1.1" 201 300 "-" "python-keystoneclient"
x.x.x.2 - - [01/Feb/2017:00:04:57 +0000] "GET /v3 HTTP/1.1" 200 284 "-" "osc-lib keystoneauth1/2.12.2 python-requests/2.10.0 CPython/2.7.5"
x.x.x.2 - - [01/Feb/2017:00:04:57 +0000] "POST /v3/auth/tokens HTTP/1.1" 201 1167 "-" "osc-lib keystoneauth1/2.12.2 python-requests/2.10.0 CPython/2.7.5"
x.x.x.2 - - [01/Feb/2017:00:04:57 +0000] "POST /v3/auth/tokens HTTP/1.1" 201 1167 "-" "osc-lib keystoneauth1/2.12.2 python-requests/2.10.0 CPython/2.7.5"
x.x.x.2 - - [01/Feb/2017:00:04:58 +0000] "GET /v3/domains/default HTTP/1.1" 200 201 "-" "python-keystoneclient"
x.x.x.2 - - [01/Feb/2017:00:04:58 +0000] "POST /v3/users HTTP/1.1" 201 260 "-" "python-keystoneclient"
x.x.x.2 - - [01/Feb/2017:00:04:58 +0000] "GET /v3 HTTP/1.1" 200 284 "-" "osc-lib keystoneauth1/2.12.2 python-requests/2.10.0 CPython/2.7.5"
x.x.x.2 - - [01/Feb/2017:00:04:58 +0000] "POST /v3/auth/tokens HTTP/1.1" 201 1167 "-" "osc-lib keystoneauth1/2.12.2 python-requests/2.10.0 CPython/2.7.5"
x.x.x.2 - - [01/Feb/2017:00:05:00 +0000] "POST /v3/auth/tokens HTTP/1.1" 201 1167 "-" "osc-lib keystoneauth1/2.12.2 python-requests/2.10.0 CPython/2.7.5"
x.x.x.2 - - [01/Feb/2017:00:05:00 +0000] "POST /v3/roles HTTP/1.1" 201 209 "-" "python-keystoneclient"
x.x.x.2 - - [01/Feb/2017:00:05:01 +0000] "GET /v3 HTTP/1.1" 200 284 "-" "osc-lib keystoneauth1/2.12.2 python-requests/2.10.0 CPython/2.7.5"
x.x.x.2 - - [01/Feb/2017:00:05:01 +0000] "POST /v3/auth/tokens HTTP/1.1" 201 1167 "-" "osc-lib keystoneauth1/2.12.2 python-requests/2.10.0 CPython/2.7.5"
x.x.x.2 - - [01/Feb/2017:00:05:01 +0000] "POST /v3/auth/tokens HTTP/1.1" 201 1167 "-" "osc-lib keystoneauth1/2.12.2 python-requests/2.10.0 CPython/2.7.5"
x.x.x.2 - - [01/Feb/2017:00:05:01 +0000] "GET /v3/roles/user HTTP/1.1" 404 86 "-" "python-keystoneclient"
x.x.x.2 - - [01/Feb/2017:00:05:01 +0000] "GET /v3/roles?name=user HTTP/1.1" 200 343 "-" "python-keystoneclient"
x.x.x.2 - - [01/Feb/2017:00:05:01 +0000] "GET /v3/users/demo HTTP/1.1" 404 86 "-" "python-keystoneclient"
x.x.x.2 - - [01/Feb/2017:00:05:01 +0000] "GET /v3/users/demo HTTP/1.1" 404 86 "-" "python-keystoneclient"
x.x.x.2 - - [01/Feb/2017:00:05:01 +0000] "GET /v3/users?name=demo HTTP/1.1" 200 394 "-" "python-keystoneclient"
x.x.x.2 - - [01/Feb/2017:00:05:01 +0000] "GET /v3/projects/demo HTTP/1.1" 404 89 "-" "python-keystoneclient"
x.x.x.2 - - [01/Feb/2017:00:05:01 +0000] "GET /v3/projects/demo HTTP/1.1" 404 89 "-" "python-keystoneclient"
x.x.x.2 - - [01/Feb/2017:00:05:02 +0000] "GET /v3/projects?name=demo HTTP/1.1" 200 437 "-" "python-keystoneclient"
x.x.x.2 - - [01/Feb/2017:00:05:02 +0000] "PUT /v3/projects/e8135f7a0a474193aa9b6d0efc59e644/users/a78f33d5c96f4d8484105a72518ee7b6/roles/ed3aa75ac24646ab86dea3a6c30ada19 HTTP/1.1" 204 - "-" "python-keystoneclient"
x.x.x.2 - - [01/Feb/2017:00:05:26 +0000] "GET /v3 HTTP/1.1" 200 284 "-" "osc-lib keystoneauth1/2.12.2 python-requests/2.10.0 CPython/2.7.5"
x.x.x.2 - - [01/Feb/2017:00:05:26 +0000] "POST /v3/auth/tokens HTTP/1.1" 201 1167 "-" "osc-lib keystoneauth1/2.12.2 python-requests/2.10.0 CPython/2.7.5"
x.x.x.2 - - [01/Feb/2017:00:05:27 +0000] "POST /v3/auth/tokens HTTP/1.1" 201 1167 "-" "osc-lib keystoneauth1/2.12.2 python-requests/2.10.0 CPython/2.7.5"
x.x.x.2 - - [01/Feb/2017:00:05:27 +0000] "GET /v3/domains/default HTTP/1.1" 200 201 "-" "python-keystoneclient"
x.x.x.2 - - [01/Feb/2017:00:05:27 +0000] "POST /v3/users HTTP/1.1" 201 262 "-" "python-keystoneclient"
x.x.x.2 - - [01/Feb/2017:00:05:28 +0000] "GET /v3 HTTP/1.1" 200 284 "-" "osc-lib keystoneauth1/2.12.2 python-requests/2.10.0 CPython/2.7.5"
x.x.x.2 - - [01/Feb/2017:00:05:28 +0000] "POST /v3/auth/tokens HTTP/1.1" 201 1167 "-" "osc-lib keystoneauth1/2.12.2 python-requests/2.10.0 CPython/2.7.5"
x.x.x.2 - - [01/Feb/2017:00:05:28 +0000] "POST /v3/auth/tokens HTTP/1.1" 201 1167 "-" "osc-lib keystoneauth1/2.12.2 python-requests/2.10.0 CPython/2.7.5"
x.x.x.2 - - [01/Feb/2017:00:05:28 +0000] "GET /v3/roles/admin HTTP/1.1" 404 87 "-" "python-keystoneclient"
x.x.x.2 - - [01/Feb/2017:00:05:28 +0000] "GET /v3/roles?name=admin HTTP/1.1" 200 345 "-" "python-keystoneclient"
x.x.x.2 - - [01/Feb/2017:00:05:28 +0000] "GET /v3/users/glance HTTP/1.1" 404 88 "-" "python-keystoneclient"
x.x.x.2 - - [01/Feb/2017:00:05:28 +0000] "GET /v3/users/glance HTTP/1.1" 404 88 "-" "python-keystoneclient"
x.x.x.2 - - [01/Feb/2017:00:05:28 +0000] "GET /v3/users?name=glance HTTP/1.1" 200 398 "-" "python-keystoneclient"
x.x.x.2 - - [01/Feb/2017:00:05:28 +0000] "GET /v3/projects/service HTTP/1.1" 404 92 "-" "python-keystoneclient"
x.x.x.2 - - [01/Feb/2017:00:05:28 +0000] "GET /v3/projects/service HTTP/1.1" 404 92 "-" "python-keystoneclient"
x.x.x.2 - - [01/Feb/2017:00:05:28 +0000] "GET /v3/projects?name=service HTTP/1.1" 200 443 "-" "python-keystoneclient"
x.x.x.2 - - [01/Feb/2017:00:05:28 +0000] "PUT /v3/projects/d773392960964a67a77637ab18fe362b/users/8a22cf4a21bb4d188c2e5993aeb7a291/roles/58d33d1ae85e4ff1b59ed7f092458ef7 HTTP/1.1" 204 - "-" "python-keystoneclient"
x.x.x.2 - - [01/Feb/2017:00:05:29 +0000] "GET /v3 HTTP/1.1" 200 284 "-" "osc-lib keystoneauth1/2.12.2 python-requests/2.10.0 CPython/2.7.5"
x.x.x.2 - - [01/Feb/2017:00:05:29 +0000] "POST /v3/auth/tokens HTTP/1.1" 201 1167 "-" "osc-lib keystoneauth1/2.12.2 python-requests/2.10.0 CPython/2.7.5"
x.x.x.2 - - [01/Feb/2017:00:05:29 +0000] "POST /v3/auth/tokens HTTP/1.1" 201 1167 "-" "osc-lib keystoneauth1/2.12.2 python-requests/2.10.0 CPython/2.7.5"
x.x.x.2 - - [01/Feb/2017:00:05:30 +0000] "POST /v3/services HTTP/1.1" 201 232 "-" "python-keystoneclient"
x.x.x.2 - - [01/Feb/2017:00:05:30 +0000] "GET /v3 HTTP/1.1" 200 284 "-" "osc-lib keystoneauth1/2.12.2 python-requests/2.10.0 CPython/2.7.5"
x.x.x.2 - - [01/Feb/2017:00:05:30 +0000] "POST /v3/auth/tokens HTTP/1.1" 201 1263 "-" "osc-lib keystoneauth1/2.12.2 python-requests/2.10.0 CPython/2.7.5"
x.x.x.2 - - [01/Feb/2017:00:05:31 +0000] "POST /v3/auth/tokens HTTP/1.1" 201 1263 "-" "osc-lib keystoneauth1/2.12.2 python-requests/2.10.0 CPython/2.7.5"
x.x.x.2 - - [01/Feb/2017:00:05:31 +0000] "GET /v3/services/image HTTP/1.1" 404 90 "-" "python-keystoneclient"
x.x.x.2 - - [01/Feb/2017:00:05:31 +0000] "GET /v3/services?name=image HTTP/1.1" 200 151 "-" "python-keystoneclient"
x.x.x.2 - - [01/Feb/2017:00:05:31 +0000] "GET /v3/services?type=image HTTP/1.1" 200 370 "-" "python-keystoneclient"
x.x.x.2 - - [01/Feb/2017:00:05:31 +0000] "POST /v3/endpoints HTTP/1.1" 201 388 "-" "python-keystoneclient"
x.x.x.2 - - [01/Feb/2017:00:05:31 +0000] "GET /v3 HTTP/1.1" 200 284 "-" "osc-lib keystoneauth1/2.12.2 python-requests/2.10.0 CPython/2.7.5"
x.x.x.2 - - [01/Feb/2017:00:05:31 +0000] "POST /v3/auth/tokens HTTP/1.1" 201 1444 "-" "osc-lib keystoneauth1/2.12.2 python-requests/2.10.0 CPython/2.7.5"
x.x.x.2 - - [01/Feb/2017:00:05:32 +0000] "POST /v3/auth/tokens HTTP/1.1" 201 1444 "-" "osc-lib keystoneauth1/2.12.2 python-requests/2.10.0 CPython/2.7.5"
x.x.x.2 - - [01/Feb/2017:00:05:32 +0000] "GET /v3/services/image HTTP/1.1" 404 90 "-" "python-keystoneclient"
x.x.x.2 - - [01/Feb/2017:00:05:32 +0000] "GET /v3/services?name=image HTTP/1.1" 200 151 "-" "python-keystoneclient"
x.x.x.2 - - [01/Feb/2017:00:05:32 +0000] "GET /v3/services?type=image HTTP/1.1" 200 370 "-" "python-keystoneclient"
x.x.x.2 - - [01/Feb/2017:00:05:32 +0000] "POST /v3/endpoints HTTP/1.1" 201 390 "-" "python-keystoneclient"
x.x.x.2 - - [01/Feb/2017:00:05:33 +0000] "GET /v3 HTTP/1.1" 200 284 "-" "osc-lib keystoneauth1/2.12.2 python-requests/2.10.0 CPython/2.7.5"
x.x.x.2 - - [01/Feb/2017:00:05:33 +0000] "POST /v3/auth/tokens HTTP/1.1" 201 1629 "-" "osc-lib keystoneauth1/2.12.2 python-requests/2.10.0 CPython/2.7.5"
x.x.x.2 - - [01/Feb/2017:00:05:33 +0000] "POST /v3/auth/tokens HTTP/1.1" 201 1629 "-" "osc-lib keystoneauth1/2.12.2 python-requests/2.10.0 CPython/2.7.5"
x.x.x.2 - - [01/Feb/2017:00:05:33 +0000] "GET /v3/services/image HTTP/1.1" 404 90 "-" "python-keystoneclient"
x.x.x.2 - - [01/Feb/2017:00:05:33 +0000] "GET /v3/services?name=image HTTP/1.1" 200 151 "-" "python-keystoneclient"
x.x.x.2 - - [01/Feb/2017:00:05:33 +0000] "GET /v3/services?type=image HTTP/1.1" 200 370 "-" "python-keystoneclient"
x.x.x.2 - - [01/Feb/2017:00:05:33 +0000] "POST /v3/endpoints HTTP/1.1" 201 387 "-" "python-keystoneclient"
x.x.x.2 - - [01/Feb/2017:00:05:49 +0000] "GET /v3 HTTP/1.1" 200 284 "-" "osc-lib keystoneauth1/2.12.2 python-requests/2.10.0 CPython/2.7.5"
x.x.x.2 - - [01/Feb/2017:00:05:49 +0000] "POST /v3/auth/tokens HTTP/1.1" 201 1811 "-" "osc-lib keystoneauth1/2.12.2 python-requests/2.10.0 CPython/2.7.5"
x.x.x.2 - - [01/Feb/2017:00:05:49 +0000] "POST /v3/auth/tokens HTTP/1.1" 201 1811 "-" "osc-lib keystoneauth1/2.12.2 python-requests/2.10.0 CPython/2.7.5"
x.x.x.2 - - [01/Feb/2017:00:05:50 +0000] "GET / HTTP/1.1" 300 663 "-" "glance/13.0.0 keystonemiddleware.auth_token/4.9.0 keystoneauth1/2.12.2 python-requests/2.10.0 CPython/2.7.5"
x.x.x.2 - - [01/Feb/2017:00:05:50 +0000] "POST /v3/auth/tokens HTTP/1.1" 201 1814 "-" "glance/13.0.0 keystonemiddleware.auth_token/4.9.0 keystoneauth1/2.12.2 python-requests/2.10.0 CPython/2.7.5"
x.x.x.2 - - [01/Feb/2017:00:05:50 +0000] "GET /v3 HTTP/1.1" 200 284 "-" "glance/13.0.0 keystonemiddleware.auth_token/4.9.0 keystoneauth1/2.12.2 python-requests/2.10.0 CPython/2.7.5"
x.x.x.2 - - [01/Feb/2017:00:05:50 +0000] "GET /v3/auth/tokens HTTP/1.1" 200 1811 "-" "python-keystoneclient"
x.x.x.2 - - [01/Feb/2017:00:05:50 +0000] "GET /v3/auth/tokens HTTP/1.1" 200 1811 "-" "python-keystoneclient"
x.x.x.2 - - [01/Feb/2017:00:05:50 +0000] "GET /v3/auth/tokens HTTP/1.1" 200 1811 "-" "python-keystoneclient"
x.x.x.2 - - [01/Feb/2017:00:05:51 +0000] "GET /v3/auth/tokens HTTP/1.1" 200 1811 "-" "python-keystoneclient"
x.x.x.2 - - [01/Feb/2017:00:05:51 +0000] "GET /v3/auth/tokens HTTP/1.1" 200 1811 "-" "python-keystoneclient"
x.x.x.2 - - [01/Feb/2017:00:05:51 +0000] "GET /v3 HTTP/1.1" 200 284 "-" "osc-lib keystoneauth1/2.12.2 python-requests/2.10.0 CPython/2.7.5"
x.x.x.2 - - [01/Feb/2017:00:05:51 +0000] "POST /v3/auth/tokens HTTP/1.1" 201 1811 "-" "osc-lib keystoneauth1/2.12.2 python-requests/2.10.0 CPython/2.7.5"
x.x.x.2 - - [01/Feb/2017:00:05:52 +0000] "POST /v3/auth/tokens HTTP/1.1" 201 1811 "-" "osc-lib keystoneauth1/2.12.2 python-requests/2.10.0 CPython/2.7.5"
x.x.x.2 - - [01/Feb/2017:00:05:52 +0000] "GET / HTTP/1.1" 300 663 "-" "glance/13.0.0 keystonemiddleware.auth_token/4.9.0 keystoneauth1/2.12.2 python-requests/2.10.0 CPython/2.7.5"
x.x.x.2 - - [01/Feb/2017:00:05:52 +0000] "POST /v3/auth/tokens HTTP/1.1" 201 1814 "-" "glance/13.0.0 keystonemiddleware.auth_token/4.9.0 keystoneauth1/2.12.2 python-requests/2.10.0 CPython/2.7.5"
x.x.x.2 - - [01/Feb/2017:00:05:52 +0000] "GET /v3 HTTP/1.1" 200 284 "-" "glance/13.0.0 keystonemiddleware.auth_token/4.9.0 keystoneauth1/2.12.2 python-requests/2.10.0 CPython/2.7.5"
x.x.x.2 - - [01/Feb/2017:00:05:52 +0000] "GET /v3/auth/tokens HTTP/1.1" 200 1811 "-" "python-keystoneclient"
x.x.x.2 - - [01/Feb/2017:00:07:15 +0000] "GET /v3 HTTP/1.1" 200 284 "-" "osc-lib keystoneauth1/2.12.2 python-requests/2.10.0 CPython/2.7.5"
x.x.x.2 - - [01/Feb/2017:00:07:15 +0000] "POST /v3/auth/tokens HTTP/1.1" 201 1811 "-" "osc-lib keystoneauth1/2.12.2 python-requests/2.10.0 CPython/2.7.5"
x.x.x.2 - - [01/Feb/2017:00:07:15 +0000] "POST /v3/auth/tokens HTTP/1.1" 201 1811 "-" "osc-lib keystoneauth1/2.12.2 python-requests/2.10.0 CPython/2.7.5"
x.x.x.2 - - [01/Feb/2017:00:12:55 +0000] "GET /v3 HTTP/1.1" 200 284 "-" "osc-lib keystoneauth1/2.12.2 python-requests/2.10.0 CPython/2.7.5"
x.x.x.2 - - [01/Feb/2017:00:12:55 +0000] "POST /v3/auth/tokens HTTP/1.1" 201 1811 "-" "osc-lib keystoneauth1/2.12.2 python-requests/2.10.0 CPython/2.7.5"
x.x.x.2 - - [01/Feb/2017:00:12:55 +0000] "POST /v3/auth/tokens HTTP/1.1" 201 1811 "-" "osc-lib keystoneauth1/2.12.2 python-requests/2.10.0 CPython/2.7.5"
x.x.x.2 - - [01/Feb/2017:00:12:56 +0000] "GET / HTTP/1.1" 300 663 "-" "glance/13.0.0 keystonemiddleware.auth_token/4.9.0 keystoneauth1/2.12.2 python-requests/2.10.0 CPython/2.7.5"
x.x.x.2 - - [01/Feb/2017:00:12:56 +0000] "POST /v3/auth/tokens HTTP/1.1" 201 1814 "-" "glance/13.0.0 keystonemiddleware.auth_token/4.9.0 keystoneauth1/2.12.2 python-requests/2.10.0 CPython/2.7.5"
x.x.x.2 - - [01/Feb/2017:00:12:56 +0000] "GET /v3 HTTP/1.1" 200 284 "-" "glance/13.0.0 keystonemiddleware.auth_token/4.9.0 keystoneauth1/2.12.2 python-requests/2.10.0 CPython/2.7.5"
x.x.x.2 - - [01/Feb/2017:00:12:56 +0000] "GET /v3/auth/tokens HTTP/1.1" 200 1811 "-" "python-keystoneclient"
x.x.x.2 - - [01/Feb/2017:00:13:10 +0000] "GET /v3 HTTP/1.1" 200 284 "-" "osc-lib keystoneauth1/2.12.2 python-requests/2.10.0 CPython/2.7.5"
x.x.x.2 - - [01/Feb/2017:00:13:10 +0000] "POST /v3/auth/tokens HTTP/1.1" 201 1811 "-" "osc-lib keystoneauth1/2.12.2 python-requests/2.10.0 CPython/2.7.5"
x.x.x.2 - - [01/Feb/2017:00:13:10 +0000] "POST /v3/auth/tokens HTTP/1.1" 201 1811 "-" "osc-lib keystoneauth1/2.12.2 python-requests/2.10.0 CPython/2.7.5"
x.x.x.2 - - [01/Feb/2017:00:13:10 +0000] "GET /v3/domains/default HTTP/1.1" 200 201 "-" "python-keystoneclient"
x.x.x.2 - - [01/Feb/2017:00:13:10 +0000] "POST /v3/users HTTP/1.1" 201 260 "-" "python-keystoneclient"
x.x.x.2 - - [01/Feb/2017:00:13:11 +0000] "GET /v3 HTTP/1.1" 200 284 "-" "osc-lib keystoneauth1/2.12.2 python-requests/2.10.0 CPython/2.7.5"
x.x.x.2 - - [01/Feb/2017:00:13:11 +0000] "POST /v3/auth/tokens HTTP/1.1" 201 1811 "-" "osc-lib keystoneauth1/2.12.2 python-requests/2.10.0 CPython/2.7.5"
x.x.x.2 - - [01/Feb/2017:00:13:11 +0000] "POST /v3/auth/tokens HTTP/1.1" 201 1811 "-" "osc-lib keystoneauth1/2.12.2 python-requests/2.10.0 CPython/2.7.5"
x.x.x.2 - - [01/Feb/2017:00:13:11 +0000] "GET /v3/roles/admin HTTP/1.1" 404 87 "-" "python-keystoneclient"
x.x.x.2 - - [01/Feb/2017:00:13:11 +0000] "GET /v3/roles?name=admin HTTP/1.1" 200 345 "-" "python-keystoneclient"
x.x.x.2 - - [01/Feb/2017:00:13:11 +0000] "GET /v3/users/nova HTTP/1.1" 404 86 "-" "python-keystoneclient"
x.x.x.2 - - [01/Feb/2017:00:13:11 +0000] "GET /v3/users/nova HTTP/1.1" 404 86 "-" "python-keystoneclient"
x.x.x.2 - - [01/Feb/2017:00:13:11 +0000] "GET /v3/users?name=nova HTTP/1.1" 200 394 "-" "python-keystoneclient"
x.x.x.2 - - [01/Feb/2017:00:13:11 +0000] "GET /v3/projects/service HTTP/1.1" 404 92 "-" "python-keystoneclient"
x.x.x.2 - - [01/Feb/2017:00:13:11 +0000] "GET /v3/projects/service HTTP/1.1" 404 92 "-" "python-keystoneclient"
x.x.x.2 - - [01/Feb/2017:00:13:11 +0000] "GET /v3/projects?name=service HTTP/1.1" 200 443 "-" "python-keystoneclient"
x.x.x.2 - - [01/Feb/2017:00:13:12 +0000] "PUT /v3/projects/d773392960964a67a77637ab18fe362b/users/f9c46da42edf49ae8ea9f9faa3bdb5f9/roles/58d33d1ae85e4ff1b59ed7f092458ef7 HTTP/1.1" 204 - "-" "python-keystoneclient"
x.x.x.2 - - [01/Feb/2017:00:13:12 +0000] "GET /v3 HTTP/1.1" 200 284 "-" "osc-lib keystoneauth1/2.12.2 python-requests/2.10.0 CPython/2.7.5"
x.x.x.2 - - [01/Feb/2017:00:13:12 +0000] "POST /v3/auth/tokens HTTP/1.1" 201 1811 "-" "osc-lib keystoneauth1/2.12.2 python-requests/2.10.0 CPython/2.7.5"
x.x.x.2 - - [01/Feb/2017:00:13:13 +0000] "POST /v3/auth/tokens HTTP/1.1" 201 1811 "-" "osc-lib keystoneauth1/2.12.2 python-requests/2.10.0 CPython/2.7.5"
x.x.x.2 - - [01/Feb/2017:00:13:13 +0000] "POST /v3/services HTTP/1.1" 201 232 "-" "python-keystoneclient"
x.x.x.2 - - [01/Feb/2017:00:13:14 +0000] "GET /v3 HTTP/1.1" 200 284 "-" "osc-lib keystoneauth1/2.12.2 python-requests/2.10.0 CPython/2.7.5"
x.x.x.2 - - [01/Feb/2017:00:13:14 +0000] "POST /v3/auth/tokens HTTP/1.1" 201 1907 "-" "osc-lib keystoneauth1/2.12.2 python-requests/2.10.0 CPython/2.7.5"
x.x.x.2 - - [01/Feb/2017:00:13:14 +0000] "POST /v3/auth/tokens HTTP/1.1" 201 1907 "-" "osc-lib keystoneauth1/2.12.2 python-requests/2.10.0 CPython/2.7.5"
x.x.x.2 - - [01/Feb/2017:00:13:14 +0000] "GET /v3/services/compute HTTP/1.1" 404 92 "-" "python-keystoneclient"
x.x.x.2 - - [01/Feb/2017:00:13:14 +0000] "GET /v3/services?name=compute HTTP/1.1" 200 153 "-" "python-keystoneclient"
x.x.x.2 - - [01/Feb/2017:00:13:14 +0000] "GET /v3/services?type=compute HTTP/1.1" 200 372 "-" "python-keystoneclient"
x.x.x.2 - - [01/Feb/2017:00:13:14 +0000] "POST /v3/endpoints HTTP/1.1" 201 407 "-" "python-keystoneclient"
x.x.x.2 - - [01/Feb/2017:00:13:15 +0000] "GET /v3 HTTP/1.1" 200 284 "-" "osc-lib keystoneauth1/2.12.2 python-requests/2.10.0 CPython/2.7.5"
x.x.x.2 - - [01/Feb/2017:00:13:15 +0000] "POST /v3/auth/tokens HTTP/1.1" 201 2126 "-" "osc-lib keystoneauth1/2.12.2 python-requests/2.10.0 CPython/2.7.5"
x.x.x.2 - - [01/Feb/2017:00:13:15 +0000] "POST /v3/auth/tokens HTTP/1.1" 201 2126 "-" "osc-lib keystoneauth1/2.12.2 python-requests/2.10.0 CPython/2.7.5"
x.x.x.2 - - [01/Feb/2017:00:13:15 +0000] "GET /v3/services/compute HTTP/1.1" 404 92 "-" "python-keystoneclient"
x.x.x.2 - - [01/Feb/2017:00:13:15 +0000] "GET /v3/services?name=compute HTTP/1.1" 200 153 "-" "python-keystoneclient"
x.x.x.2 - - [01/Feb/2017:00:13:15 +0000] "GET /v3/services?type=compute HTTP/1.1" 200 372 "-" "python-keystoneclient"
x.x.x.2 - - [01/Feb/2017:00:13:15 +0000] "POST /v3/endpoints HTTP/1.1" 201 409 "-" "python-keystoneclient"
x.x.x.2 - - [01/Feb/2017:00:13:16 +0000] "GET /v3 HTTP/1.1" 200 284 "-" "osc-lib keystoneauth1/2.12.2 python-requests/2.10.0 CPython/2.7.5"
x.x.x.2 - - [01/Feb/2017:00:13:16 +0000] "POST /v3/auth/tokens HTTP/1.1" 201 2349 "-" "osc-lib keystoneauth1/2.12.2 python-requests/2.10.0 CPython/2.7.5"
x.x.x.2 - - [01/Feb/2017:00:13:16 +0000] "POST /v3/auth/tokens HTTP/1.1" 201 2349 "-" "osc-lib keystoneauth1/2.12.2 python-requests/2.10.0 CPython/2.7.5"
x.x.x.2 - - [01/Feb/2017:00:13:17 +0000] "GET /v3/services/compute HTTP/1.1" 404 92 "-" "python-keystoneclient"
x.x.x.2 - - [01/Feb/2017:00:13:17 +0000] "GET /v3/services?name=compute HTTP/1.1" 200 153 "-" "python-keystoneclient"
x.x.x.2 - - [01/Feb/2017:00:13:17 +0000] "GET /v3/services?type=compute HTTP/1.1" 200 372 "-" "python-keystoneclient"
x.x.x.2 - - [01/Feb/2017:00:13:17 +0000] "POST /v3/endpoints HTTP/1.1" 201 406 "-" "python-keystoneclient"
::1 - - [01/Feb/2017:00:13:46 +0000] "OPTIONS * HTTP/1.0" 200 - "-" "Apache/2.4.6 (CentOS) mod_wsgi/3.4 Python/2.7.5 (internal dummy connection)"
x.x.x.2 - - [01/Feb/2017:00:14:09 +0000] "GET /v3 HTTP/1.1" 200 284 "-" "osc-lib keystoneauth1/2.12.2 python-requests/2.10.0 CPython/2.7.5"
x.x.x.2 - - [01/Feb/2017:00:14:11 +0000] "POST /v3/auth/tokens HTTP/1.1" 201 2569 "-" "osc-lib keystoneauth1/2.12.2 python-requests/2.10.0 CPython/2.7.5"
x.x.x.2 - - [01/Feb/2017:00:14:12 +0000] "POST /v3/auth/tokens HTTP/1.1" 201 2569 "-" "osc-lib keystoneauth1/2.12.2 python-requests/2.10.0 CPython/2.7.5"
x.x.x.2 - - [01/Feb/2017:00:14:14 +0000] "GET / HTTP/1.1" 300 663 "-" "nova/14.0.2 keystonemiddleware.auth_token/4.9.0 keystoneauth1/2.12.2 python-requests/2.10.0 CPython/2.7.5"
x.x.x.2 - - [01/Feb/2017:00:14:14 +0000] "POST /v3/auth/tokens HTTP/1.1" 201 2570 "-" "nova/14.0.2 keystonemiddleware.auth_token/4.9.0 keystoneauth1/2.12.2 python-requests/2.10.0 CPython/2.7.5"
x.x.x.2 - - [01/Feb/2017:00:14:15 +0000] "GET /v3 HTTP/1.1" 200 284 "-" "nova/14.0.2 keystonemiddleware.auth_token/4.9.0 keystoneauth1/2.12.2 python-requests/2.10.0 CPython/2.7.5"
x.x.x.2 - - [01/Feb/2017:00:14:17 +0000] "GET /v3/auth/tokens HTTP/1.1" 200 2569 "-" "python-keystoneclient"
x.x.x.2 - - [01/Feb/2017:00:21:01 +0000] "GET /v3 HTTP/1.1" 200 284 "-" "osc-lib keystoneauth1/2.12.2 python-requests/2.10.0 CPython/2.7.5"
x.x.x.2 - - [01/Feb/2017:00:21:02 +0000] "POST /v3/auth/tokens HTTP/1.1" 201 2569 "-" "osc-lib keystoneauth1/2.12.2 python-requests/2.10.0 CPython/2.7.5"
x.x.x.2 - - [01/Feb/2017:00:21:03 +0000] "POST /v3/auth/tokens HTTP/1.1" 201 2569 "-" "osc-lib keystoneauth1/2.12.2 python-requests/2.10.0 CPython/2.7.5"
x.x.x.2 - - [01/Feb/2017:00:21:04 +0000] "GET /v3/domains/default HTTP/1.1" 200 201 "-" "python-keystoneclient"
x.x.x.2 - - [01/Feb/2017:00:21:04 +0000] "POST /v3/users HTTP/1.1" 201 263 "-" "python-keystoneclient"
x.x.x.2 - - [01/Feb/2017:00:21:05 +0000] "GET /v3 HTTP/1.1" 200 284 "-" "osc-lib keystoneauth1/2.12.2 python-requests/2.10.0 CPython/2.7.5"
x.x.x.2 - - [01/Feb/2017:00:21:05 +0000] "POST /v3/auth/tokens HTTP/1.1" 201 2569 "-" "osc-lib keystoneauth1/2.12.2 python-requests/2.10.0 CPython/2.7.5"
x.x.x.2 - - [01/Feb/2017:00:21:06 +0000] "POST /v3/auth/tokens HTTP/1.1" 201 2569 "-" "osc-lib keystoneauth1/2.12.2 python-requests/2.10.0 CPython/2.7.5"
x.x.x.2 - - [01/Feb/2017:00:21:08 +0000] "GET /v3/roles/admin HTTP/1.1" 404 87 "-" "python-keystoneclient"
x.x.x.2 - - [01/Feb/2017:00:21:08 +0000] "GET /v3/roles?name=admin HTTP/1.1" 200 345 "-" "python-keystoneclient"
x.x.x.2 - - [01/Feb/2017:00:21:08 +0000] "GET /v3/users/neutron HTTP/1.1" 404 89 "-" "python-keystoneclient"
x.x.x.2 - - [01/Feb/2017:00:21:08 +0000] "GET /v3/users/neutron HTTP/1.1" 404 89 "-" "python-keystoneclient"
x.x.x.2 - - [01/Feb/2017:00:21:08 +0000] "GET /v3/users?name=neutron HTTP/1.1" 200 400 "-" "python-keystoneclient"
x.x.x.2 - - [01/Feb/2017:00:21:08 +0000] "GET /v3/projects/service HTTP/1.1" 404 92 "-" "python-keystoneclient"
x.x.x.2 - - [01/Feb/2017:00:21:08 +0000] "GET /v3/projects/service HTTP/1.1" 404 92 "-" "python-keystoneclient"
x.x.x.2 - - [01/Feb/2017:00:21:08 +0000] "GET /v3/projects?name=service HTTP/1.1" 200 443 "-" "python-keystoneclient"
x.x.x.2 - - [01/Feb/2017:00:21:10 +0000] "PUT /v3/projects/d773392960964a67a77637ab18fe362b/users/2d38d1bb9d864c99a519ae2000b1e049/roles/58d33d1ae85e4ff1b59ed7f092458ef7 HTTP/1.1" 204 - "-" "python-keystoneclient"
x.x.x.2 - - [01/Feb/2017:00:21:10 +0000] "GET /v3 HTTP/1.1" 200 284 "-" "osc-lib keystoneauth1/2.12.2 python-requests/2.10.0 CPython/2.7.5"
x.x.x.2 - - [01/Feb/2017:00:21:10 +0000] "POST /v3/auth/tokens HTTP/1.1" 201 2569 "-" "osc-lib keystoneauth1/2.12.2 python-requests/2.10.0 CPython/2.7.5"
x.x.x.2 - - [01/Feb/2017:00:21:11 +0000] "POST /v3/auth/tokens HTTP/1.1" 201 2569 "-" "osc-lib keystoneauth1/2.12.2 python-requests/2.10.0 CPython/2.7.5"
x.x.x.2 - - [01/Feb/2017:00:21:11 +0000] "POST /v3/services HTTP/1.1" 201 235 "-" "python-keystoneclient"
x.x.x.2 - - [01/Feb/2017:00:21:12 +0000] "GET /v3 HTTP/1.1" 200 284 "-" "osc-lib keystoneauth1/2.12.2 python-requests/2.10.0 CPython/2.7.5"
x.x.x.2 - - [01/Feb/2017:00:21:12 +0000] "POST /v3/auth/tokens HTTP/1.1" 201 2668 "-" "osc-lib keystoneauth1/2.12.2 python-requests/2.10.0 CPython/2.7.5"
x.x.x.2 - - [01/Feb/2017:00:21:12 +0000] "POST /v3/auth/tokens HTTP/1.1" 201 2668 "-" "osc-lib keystoneauth1/2.12.2 python-requests/2.10.0 CPython/2.7.5"
x.x.x.2 - - [01/Feb/2017:00:21:12 +0000] "GET /v3/services/network HTTP/1.1" 404 92 "-" "python-keystoneclient"
x.x.x.2 - - [01/Feb/2017:00:21:12 +0000] "GET /v3/services?name=network HTTP/1.1" 200 153 "-" "python-keystoneclient"
x.x.x.2 - - [01/Feb/2017:00:21:12 +0000] "GET /v3/services?type=network HTTP/1.1" 200 375 "-" "python-keystoneclient"
x.x.x.2 - - [01/Feb/2017:00:21:12 +0000] "POST /v3/endpoints HTTP/1.1" 201 388 "-" "python-keystoneclient"
x.x.x.2 - - [01/Feb/2017:00:21:13 +0000] "GET /v3 HTTP/1.1" 200 284 "-" "osc-lib keystoneauth1/2.12.2 python-requests/2.10.0 CPython/2.7.5"
x.x.x.2 - - [01/Feb/2017:00:21:13 +0000] "POST /v3/auth/tokens HTTP/1.1" 201 2849 "-" "osc-lib keystoneauth1/2.12.2 python-requests/2.10.0 CPython/2.7.5"
x.x.x.2 - - [01/Feb/2017:00:21:13 +0000] "POST /v3/auth/tokens HTTP/1.1" 201 2849 "-" "osc-lib keystoneauth1/2.12.2 python-requests/2.10.0 CPython/2.7.5"
x.x.x.2 - - [01/Feb/2017:00:21:13 +0000] "GET /v3/services/network HTTP/1.1" 404 92 "-" "python-keystoneclient"
x.x.x.2 - - [01/Feb/2017:00:21:13 +0000] "GET /v3/services?name=network HTTP/1.1" 200 153 "-" "python-keystoneclient"
x.x.x.2 - - [01/Feb/2017:00:21:13 +0000] "GET /v3/services?type=network HTTP/1.1" 200 375 "-" "python-keystoneclient"
x.x.x.2 - - [01/Feb/2017:00:21:14 +0000] "POST /v3/endpoints HTTP/1.1" 201 390 "-" "python-keystoneclient"
x.x.x.2 - - [01/Feb/2017:00:21:14 +0000] "GET /v3 HTTP/1.1" 200 284 "-" "osc-lib keystoneauth1/2.12.2 python-requests/2.10.0 CPython/2.7.5"
x.x.x.2 - - [01/Feb/2017:00:21:14 +0000] "POST /v3/auth/tokens HTTP/1.1" 201 3034 "-" "osc-lib keystoneauth1/2.12.2 python-requests/2.10.0 CPython/2.7.5"
x.x.x.2 - - [01/Feb/2017:00:21:15 +0000] "POST /v3/auth/tokens HTTP/1.1" 201 3034 "-" "osc-lib keystoneauth1/2.12.2 python-requests/2.10.0 CPython/2.7.5"
x.x.x.2 - - [01/Feb/2017:00:21:15 +0000] "GET /v3/services/network HTTP/1.1" 404 92 "-" "python-keystoneclient"
x.x.x.2 - - [01/Feb/2017:00:21:15 +0000] "GET /v3/services?name=network HTTP/1.1" 200 153 "-" "python-keystoneclient"
x.x.x.2 - - [01/Feb/2017:00:21:15 +0000] "GET /v3/services?type=network HTTP/1.1" 200 375 "-" "python-keystoneclient"
x.x.x.2 - - [01/Feb/2017:00:21:15 +0000] "POST /v3/endpoints HTTP/1.1" 201 387 "-" "python-keystoneclient"
::1 - - [01/Feb/2017:00:21:26 +0000] "OPTIONS * HTTP/1.0" 200 - "-" "Apache/2.4.6 (CentOS) mod_wsgi/3.4 Python/2.7.5 (internal dummy connection)"
x.x.x.2 - - [01/Feb/2017:01:07:53 +0000] "GET /v3 HTTP/1.1" 200 284 "-" "python-keystoneclient"
x.x.x.2 - - [01/Feb/2017:01:07:55 +0000] "POST /v3/auth/tokens HTTP/1.1" 201 3216 "-" "python-keystoneclient"
x.x.x.2 - - [01/Feb/2017:01:07:56 +0000] "GET / HTTP/1.1" 300 663 "-" "glance/13.0.0 keystonemiddleware.auth_token/4.9.0 keystoneauth1/2.12.2 python-requests/2.10.0 CPython/2.7.5"
x.x.x.2 - - [01/Feb/2017:01:07:56 +0000] "POST /v3/auth/tokens HTTP/1.1" 201 3219 "-" "glance/13.0.0 keystonemiddleware.auth_token/4.9.0 keystoneauth1/2.12.2 python-requests/2.10.0 CPython/2.7.5"
x.x.x.2 - - [01/Feb/2017:01:07:58 +0000] "GET /v3 HTTP/1.1" 200 284 "-" "glance/13.0.0 keystonemiddleware.auth_token/4.9.0 keystoneauth1/2.12.2 python-requests/2.10.0 CPython/2.7.5"
x.x.x.2 - - [01/Feb/2017:01:07:58 +0000] "GET /v3/auth/tokens HTTP/1.1" 200 3216 "-" "python-keystoneclient"
x.x.x.2 - - [01/Feb/2017:01:07:58 +0000] "GET /v3/auth/tokens HTTP/1.1" 200 3216 "-" "python-keystoneclient"
x.x.x.2 - - [01/Feb/2017:01:07:59 +0000] "GET /v3 HTTP/1.1" 200 284 "-" "nova keystoneauth1/2.12.2 python-requests/2.10.0 CPython/2.7.5"
x.x.x.2 - - [01/Feb/2017:01:08:00 +0000] "POST /v3/auth/tokens HTTP/1.1" 201 3216 "-" "nova keystoneauth1/2.12.2 python-requests/2.10.0 CPython/2.7.5"
x.x.x.2 - - [01/Feb/2017:01:08:02 +0000] "GET / HTTP/1.1" 300 663 "-" "nova/14.0.2 keystonemiddleware.auth_token/4.9.0 keystoneauth1/2.12.2 python-requests/2.10.0 CPython/2.7.5"
x.x.x.2 - - [01/Feb/2017:01:08:02 +0000] "POST /v3/auth/tokens HTTP/1.1" 201 3217 "-" "nova/14.0.2 keystonemiddleware.auth_token/4.9.0 keystoneauth1/2.12.2 python-requests/2.10.0 CPython/2.7.5"
x.x.x.2 - - [01/Feb/2017:01:08:02 +0000] "GET /v3 HTTP/1.1" 200 284 "-" "nova/14.0.2 keystonemiddleware.auth_token/4.9.0 keystoneauth1/2.12.2 python-requests/2.10.0 CPython/2.7.5"
x.x.x.2 - - [01/Feb/2017:01:08:02 +0000] "GET /v3/auth/tokens HTTP/1.1" 200 3216 "-" "python-keystoneclient"
x.x.x.2 - - [01/Feb/2017:01:08:03 +0000] "GET /v3/auth/tokens HTTP/1.1" 200 3216 "-" "python-keystoneclient"
x.x.x.2 - - [01/Feb/2017:01:08:04 +0000] "GET /v3/auth/tokens HTTP/1.1" 200 3216 "-" "python-keystoneclient"
x.x.x.2 - - [01/Feb/2017:01:08:05 +0000] "GET /v3 HTTP/1.1" 200 284 "-" "nova keystoneauth1/2.12.2 python-requests/2.10.0 CPython/2.7.5"
x.x.x.2 - - [01/Feb/2017:01:08:05 +0000] "POST /v3/auth/tokens HTTP/1.1" 201 3216 "-" "nova keystoneauth1/2.12.2 python-requests/2.10.0 CPython/2.7.5"
x.x.x.2 - - [01/Feb/2017:01:08:05 +0000] "GET / HTTP/1.1" 300 663 "-" "nova/14.0.2 keystonemiddleware.auth_token/4.9.0 keystoneauth1/2.12.2 python-requests/2.10.0 CPython/2.7.5"
x.x.x.2 - - [01/Feb/2017:01:08:05 +0000] "POST /v3/auth/tokens HTTP/1.1" 201 3217 "-" "nova/14.0.2 keystonemiddleware.auth_token/4.9.0 keystoneauth1/2.12.2 python-requests/2.10.0 CPython/2.7.5"
x.x.x.2 - - [01/Feb/2017:01:08:05 +0000] "GET /v3 HTTP/1.1" 200 284 "-" "nova/14.0.2 keystonemiddleware.auth_token/4.9.0 keystoneauth1/2.12.2 python-requests/2.10.0 CPython/2.7.5"
x.x.x.2 - - [01/Feb/2017:01:08:05 +0000] "GET /v3/auth/tokens HTTP/1.1" 200 3216 "-" "python-keystoneclient"
x.x.x.2 - - [01/Feb/2017:01:08:06 +0000] "GET /v3/auth/tokens HTTP/1.1" 200 3216 "-" "python-keystoneclient"
x.x.x.2 - - [01/Feb/2017:01:08:07 +0000] "GET /v3/auth/tokens HTTP/1.1" 200 3216 "-" "python-keystoneclient"
x.x.x.2 - - [01/Feb/2017:01:08:07 +0000] "GET / HTTP/1.1" 300 663 "-" "neutron/9.1.1 keystonemiddleware.auth_token/4.9.0 keystoneauth1/2.12.2 python-requests/2.10.0 CPython/2.7.5"
x.x.x.2 - - [01/Feb/2017:01:08:07 +0000] "POST /v3/auth/tokens HTTP/1.1" 201 3220 "-" "neutron/9.1.1 keystonemiddleware.auth_token/4.9.0 keystoneauth1/2.12.2 python-requests/2.10.0 CPython/2.7.5"
x.x.x.2 - - [01/Feb/2017:01:08:07 +0000] "GET /v3 HTTP/1.1" 200 284 "-" "neutron/9.1.1 keystonemiddleware.auth_token/4.9.0 keystoneauth1/2.12.2 python-requests/2.10.0 CPython/2.7.5"
x.x.x.2 - - [01/Feb/2017:01:08:07 +0000] "GET /v3/auth/tokens HTTP/1.1" 200 3216 "-" "python-keystoneclient"
x.x.x.2 - - [01/Feb/2017:01:08:08 +0000] "GET /v3 HTTP/1.1" 200 284 "-" "nova keystoneauth1/2.12.2 python-requests/2.10.0 CPython/2.7.5"
x.x.x.2 - - [01/Feb/2017:01:08:08 +0000] "POST /v3/auth/tokens HTTP/1.1" 201 3216 "-" "nova keystoneauth1/2.12.2 python-requests/2.10.0 CPython/2.7.5"
x.x.x.2 - - [01/Feb/2017:01:08:08 +0000] "GET /v3/auth/tokens HTTP/1.1" 200 3216 "-" "python-keystoneclient"
x.x.x.2 - - [01/Feb/2017:01:08:09 +0000] "GET /v3/auth/tokens HTTP/1.1" 200 3216 "-" "python-keystoneclient"
x.x.x.2 - - [01/Feb/2017:01:08:09 +0000] "GET /v3/auth/tokens HTTP/1.1" 200 3216 "-" "python-keystoneclient"
x.x.x.2 - - [01/Feb/2017:01:08:09 +0000] "GET /v3 HTTP/1.1" 200 284 "-" "nova keystoneauth1/2.12.2 python-requests/2.10.0 CPython/2.7.5"
x.x.x.2 - - [01/Feb/2017:01:08:10 +0000] "POST /v3/auth/tokens HTTP/1.1" 201 3216 "-" "nova keystoneauth1/2.12.2 python-requests/2.10.0 CPython/2.7.5"
x.x.x.2 - - [01/Feb/2017:01:08:10 +0000] "GET / HTTP/1.1" 300 663 "-" "nova/14.0.2 keystonemiddleware.auth_token/4.9.0 keystoneauth1/2.12.2 python-requests/2.10.0 CPython/2.7.5"
x.x.x.2 - - [01/Feb/2017:01:08:10 +0000] "POST /v3/auth/tokens HTTP/1.1" 201 3217 "-" "nova/14.0.2 keystonemiddleware.auth_token/4.9.0 keystoneauth1/2.12.2 python-requests/2.10.0 CPython/2.7.5"
x.x.x.2 - - [01/Feb/2017:01:08:10 +0000] "GET /v3 HTTP/1.1" 200 284 "-" "nova/14.0.2 keystonemiddleware.auth_token/4.9.0 keystoneauth1/2.12.2 python-requests/2.10.0 CPython/2.7.5"
x.x.x.2 - - [01/Feb/2017:01:08:10 +0000] "GET /v3/auth/tokens HTTP/1.1" 200 3216 "-" "python-keystoneclient"
x.x.x.2 - - [01/Feb/2017:01:08:11 +0000] "GET /v3/auth/tokens HTTP/1.1" 200 3216 "-" "python-keystoneclient"
x.x.x.2 - - [01/Feb/2017:01:08:11 +0000] "GET /v3/auth/tokens HTTP/1.1" 200 3216 "-" "python-keystoneclient"
x.x.x.2 - - [01/Feb/2017:01:08:26 +0000] "GET /v3 HTTP/1.1" 200 284 "-" "osc-lib keystoneauth1/2.12.2 python-requests/2.10.0 CPython/2.7.5"
x.x.x.2 - - [01/Feb/2017:01:08:26 +0000] "POST /v3/auth/tokens HTTP/1.1" 201 3216 "-" "osc-lib keystoneauth1/2.12.2 python-requests/2.10.0 CPython/2.7.5"
x.x.x.2 - - [01/Feb/2017:01:08:27 +0000] "POST /v3/auth/tokens HTTP/1.1" 201 3216 "-" "openstacksdk/0.9.5 keystoneauth1/2.12.2 python-requests/2.10.0 CPython/2.7.5"
x.x.x.2 - - [01/Feb/2017:01:08:27 +0000] "GET / HTTP/1.1" 300 663 "-" "neutron/9.1.1 keystonemiddleware.auth_token/4.9.0 keystoneauth1/2.12.2 python-requests/2.10.0 CPython/2.7.5"
x.x.x.2 - - [01/Feb/2017:01:08:27 +0000] "POST /v3/auth/tokens HTTP/1.1" 201 3220 "-" "neutron/9.1.1 keystonemiddleware.auth_token/4.9.0 keystoneauth1/2.12.2 python-requests/2.10.0 CPython/2.7.5"
x.x.x.2 - - [01/Feb/2017:01:08:27 +0000] "GET /v3 HTTP/1.1" 200 284 "-" "neutron/9.1.1 keystonemiddleware.auth_token/4.9.0 keystoneauth1/2.12.2 python-requests/2.10.0 CPython/2.7.5"
x.x.x.2 - - [01/Feb/2017:01:08:27 +0000] "GET /v3/auth/tokens HTTP/1.1" 200 3216 "-" "python-keystoneclient"
x.x.x.2 - - [01/Feb/2017:01:11:35 +0000] "GET /v3 HTTP/1.1" 200 284 "-" "neutron keystoneauth1/2.12.2 python-requests/2.10.0 CPython/2.7.5"
x.x.x.2 - - [01/Feb/2017:01:11:35 +0000] "POST /v3/auth/tokens HTTP/1.1" 201 3216 "-" "neutron keystoneauth1/2.12.2 python-requests/2.10.0 CPython/2.7.5"
x.x.x.2 - - [01/Feb/2017:01:11:36 +0000] "GET / HTTP/1.1" 300 663 "-" "neutron/9.1.1 keystonemiddleware.auth_token/4.9.0 keystoneauth1/2.12.2 python-requests/2.10.0 CPython/2.7.5"
x.x.x.2 - - [01/Feb/2017:01:11:36 +0000] "POST /v3/auth/tokens HTTP/1.1" 201 3220 "-" "neutron/9.1.1 keystonemiddleware.auth_token/4.9.0 keystoneauth1/2.12.2 python-requests/2.10.0 CPython/2.7.5"
x.x.x.2 - - [01/Feb/2017:01:11:36 +0000] "GET /v3 HTTP/1.1" 200 284 "-" "neutron/9.1.1 keystonemiddleware.auth_token/4.9.0 keystoneauth1/2.12.2 python-requests/2.10.0 CPython/2.7.5"
x.x.x.2 - - [01/Feb/2017:01:11:36 +0000] "GET /v3/auth/tokens HTTP/1.1" 200 3216 "-" "python-keystoneclient"
x.x.x.2 - - [01/Feb/2017:01:12:45 +0000] "GET /v3 HTTP/1.1" 200 284 "-" "neutron keystoneauth1/2.12.2 python-requests/2.10.0 CPython/2.7.5"
x.x.x.2 - - [01/Feb/2017:01:12:45 +0000] "POST /v3/auth/tokens HTTP/1.1" 201 3216 "-" "neutron keystoneauth1/2.12.2 python-requests/2.10.0 CPython/2.7.5"
x.x.x.2 - - [01/Feb/2017:01:12:50 +0000] "GET /v3 HTTP/1.1" 200 284 "-" "neutron keystoneauth1/2.12.2 python-requests/2.10.0 CPython/2.7.5"
x.x.x.2 - - [01/Feb/2017:01:12:50 +0000] "POST /v3/auth/tokens HTTP/1.1" 201 3216 "-" "neutron keystoneauth1/2.12.2 python-requests/2.10.0 CPython/2.7.5"
x.x.x.2 - - [01/Feb/2017:01:12:55 +0000] "GET /v3 HTTP/1.1" 200 284 "-" "neutron keystoneauth1/2.12.2 python-requests/2.10.0 CPython/2.7.5"
x.x.x.2 - - [01/Feb/2017:01:12:55 +0000] "POST /v3/auth/tokens HTTP/1.1" 201 3216 "-" "neutron keystoneauth1/2.12.2 python-requests/2.10.0 CPython/2.7.5"
x.x.x.2 - - [01/Feb/2017:01:13:13 +0000] "GET /v3 HTTP/1.1" 200 284 "-" "neutron keystoneauth1/2.12.2 python-requests/2.10.0 CPython/2.7.5"
x.x.x.2 - - [01/Feb/2017:01:13:13 +0000] "POST /v3/auth/tokens HTTP/1.1" 201 3216 "-" "neutron keystoneauth1/2.12.2 python-requests/2.10.0 CPython/2.7.5"
x.x.x.2 - - [01/Feb/2017:01:13:50 +0000] "GET /v3 HTTP/1.1" 200 284 "-" "neutron keystoneauth1/2.12.2 python-requests/2.10.0 CPython/2.7.5"
x.x.x.2 - - [01/Feb/2017:01:13:50 +0000] "POST /v3/auth/tokens HTTP/1.1" 201 3216 "-" "neutron keystoneauth1/2.12.2 python-requests/2.10.0 CPython/2.7.5"
x.x.x.2 - - [01/Feb/2017:01:13:57 +0000] "GET /v3 HTTP/1.1" 200 284 "-" "neutron keystoneauth1/2.12.2 python-requests/2.10.0 CPython/2.7.5"
x.x.x.2 - - [01/Feb/2017:01:13:57 +0000] "POST /v3/auth/tokens HTTP/1.1" 201 3216 "-" "neutron keystoneauth1/2.12.2 python-requests/2.10.0 CPython/2.7.5"
x.x.x.2 - - [01/Feb/2017:01:14:02 +0000] "GET /v3 HTTP/1.1" 200 284 "-" "osc-lib keystoneauth1/2.12.2 python-requests/2.10.0 CPython/2.7.5"
x.x.x.2 - - [01/Feb/2017:01:14:02 +0000] "POST /v3/auth/tokens HTTP/1.1" 201 3216 "-" "osc-lib keystoneauth1/2.12.2 python-requests/2.10.0 CPython/2.7.5"
x.x.x.2 - - [01/Feb/2017:01:14:03 +0000] "POST /v3/auth/tokens HTTP/1.1" 201 3216 "-" "openstacksdk/0.9.5 keystoneauth1/2.12.2 python-requests/2.10.0 CPython/2.7.5"
x.x.x.2 - - [01/Feb/2017:01:14:03 +0000] "GET / HTTP/1.1" 300 663 "-" "neutron/9.1.1 keystonemiddleware.auth_token/4.9.0 keystoneauth1/2.12.2 python-requests/2.10.0 CPython/2.7.5"
x.x.x.2 - - [01/Feb/2017:01:14:03 +0000] "POST /v3/auth/tokens HTTP/1.1" 201 3220 "-" "neutron/9.1.1 keystonemiddleware.auth_token/4.9.0 keystoneauth1/2.12.2 python-requests/2.10.0 CPython/2.7.5"
x.x.x.2 - - [01/Feb/2017:01:14:03 +0000] "GET /v3 HTTP/1.1" 200 284 "-" "neutron/9.1.1 keystonemiddleware.auth_token/4.9.0 keystoneauth1/2.12.2 python-requests/2.10.0 CPython/2.7.5"
x.x.x.2 - - [01/Feb/2017:01:14:03 +0000] "GET /v3/auth/tokens HTTP/1.1" 200 3216 "-" "python-keystoneclient"
x.x.x.2 - - [01/Feb/2017:01:15:30 +0000] "GET /v3 HTTP/1.1" 200 284 "-" "neutron keystoneauth1/2.12.2 python-requests/2.10.0 CPython/2.7.5"
x.x.x.2 - - [01/Feb/2017:01:15:30 +0000] "POST /v3/auth/tokens HTTP/1.1" 201 3216 "-" "neutron keystoneauth1/2.12.2 python-requests/2.10.0 CPython/2.7.5"
x.x.x.2 - - [01/Feb/2017:01:15:31 +0000] "GET / HTTP/1.1" 300 663 "-" "neutron/9.1.1 keystonemiddleware.auth_token/4.9.0 keystoneauth1/2.12.2 python-requests/2.10.0 CPython/2.7.5"
x.x.x.2 - - [01/Feb/2017:01:15:31 +0000] "POST /v3/auth/tokens HTTP/1.1" 201 3220 "-" "neutron/9.1.1 keystonemiddleware.auth_token/4.9.0 keystoneauth1/2.12.2 python-requests/2.10.0 CPython/2.7.5"
x.x.x.2 - - [01/Feb/2017:01:15:31 +0000] "GET /v3 HTTP/1.1" 200 284 "-" "neutron/9.1.1 keystonemiddleware.auth_token/4.9.0 keystoneauth1/2.12.2 python-requests/2.10.0 CPython/2.7.5"
x.x.x.2 - - [01/Feb/2017:01:15:31 +0000] "GET /v3/auth/tokens HTTP/1.1" 200 3216 "-" "python-keystoneclient"
x.x.x.2 - - [01/Feb/2017:01:15:32 +0000] "GET /v3/auth/tokens HTTP/1.1" 200 3216 "-" "python-keystoneclient"
x.x.x.2 - - [01/Feb/2017:01:15:42 +0000] "GET /v3 HTTP/1.1" 200 284 "-" "neutron keystoneauth1/2.12.2 python-requests/2.10.0 CPython/2.7.5"
x.x.x.2 - - [01/Feb/2017:01:15:42 +0000] "POST /v3/auth/tokens HTTP/1.1" 201 3216 "-" "neutron keystoneauth1/2.12.2 python-requests/2.10.0 CPython/2.7.5"
x.x.x.2 - - [01/Feb/2017:01:15:43 +0000] "GET / HTTP/1.1" 300 663 "-" "neutron/9.1.1 keystonemiddleware.auth_token/4.9.0 keystoneauth1/2.12.2 python-requests/2.10.0 CPython/2.7.5"
x.x.x.2 - - [01/Feb/2017:01:15:43 +0000] "POST /v3/auth/tokens HTTP/1.1" 201 3220 "-" "neutron/9.1.1 keystonemiddleware.auth_token/4.9.0 keystoneauth1/2.12.2 python-requests/2.10.0 CPython/2.7.5"
x.x.x.2 - - [01/Feb/2017:01:15:43 +0000] "GET /v3 HTTP/1.1" 200 284 "-" "neutron/9.1.1 keystonemiddleware.auth_token/4.9.0 keystoneauth1/2.12.2 python-requests/2.10.0 CPython/2.7.5"
x.x.x.2 - - [01/Feb/2017:01:15:43 +0000] "GET /v3/auth/tokens HTTP/1.1" 200 3216 "-" "python-keystoneclient"
x.x.x.2 - - [01/Feb/2017:01:15:43 +0000] "GET /v3/auth/tokens HTTP/1.1" 200 3216 "-" "python-keystoneclient"
