2017-02-01 00:13:26.898 12664 INFO migrate.versioning.api [-] 0 -> 1... 
2017-02-01 00:13:26.920 12664 INFO migrate.versioning.api [-] done
2017-02-01 00:13:26.920 12664 INFO migrate.versioning.api [-] 1 -> 2... 
2017-02-01 00:13:26.950 12664 INFO migrate.versioning.api [-] done
2017-02-01 00:13:26.950 12664 INFO migrate.versioning.api [-] 2 -> 3... 
2017-02-01 00:13:26.975 12664 INFO migrate.versioning.api [-] done
2017-02-01 00:13:26.976 12664 INFO migrate.versioning.api [-] 3 -> 4... 
2017-02-01 00:13:26.996 12664 INFO migrate.versioning.api [-] done
2017-02-01 00:13:26.996 12664 INFO migrate.versioning.api [-] 4 -> 5... 
2017-02-01 00:13:27.040 12664 INFO migrate.versioning.api [-] done
2017-02-01 00:13:27.041 12664 INFO migrate.versioning.api [-] 5 -> 6... 
2017-02-01 00:13:27.071 12664 INFO migrate.versioning.api [-] done
2017-02-01 00:13:27.071 12664 INFO migrate.versioning.api [-] 6 -> 7... 
2017-02-01 00:13:27.096 12664 INFO migrate.versioning.api [-] done
2017-02-01 00:13:27.096 12664 INFO migrate.versioning.api [-] 7 -> 8... 
2017-02-01 00:13:27.102 12664 INFO migrate.versioning.api [-] done
2017-02-01 00:13:27.102 12664 INFO migrate.versioning.api [-] 8 -> 9... 
2017-02-01 00:13:27.109 12664 INFO migrate.versioning.api [-] done
2017-02-01 00:13:27.109 12664 INFO migrate.versioning.api [-] 9 -> 10... 
2017-02-01 00:13:27.116 12664 INFO migrate.versioning.api [-] done
2017-02-01 00:13:27.116 12664 INFO migrate.versioning.api [-] 10 -> 11... 
2017-02-01 00:13:27.123 12664 INFO migrate.versioning.api [-] done
2017-02-01 00:13:27.123 12664 INFO migrate.versioning.api [-] 11 -> 12... 
2017-02-01 00:13:27.129 12664 INFO migrate.versioning.api [-] done
2017-02-01 00:13:27.130 12664 INFO migrate.versioning.api [-] 12 -> 13... 
2017-02-01 00:13:27.181 12664 INFO migrate.versioning.api [-] done
2017-02-01 00:13:27.182 12664 INFO migrate.versioning.api [-] 13 -> 14... 
2017-02-01 00:13:27.200 12664 INFO migrate.versioning.api [-] done
2017-02-01 00:13:27.200 12664 INFO migrate.versioning.api [-] 14 -> 15... 
2017-02-01 00:13:27.283 12664 INFO migrate.versioning.api [-] done
2017-02-01 00:13:27.283 12664 INFO migrate.versioning.api [-] 15 -> 16... 
2017-02-01 00:13:27.389 12664 INFO migrate.versioning.api [-] done
2017-02-01 00:13:27.389 12664 INFO migrate.versioning.api [-] 16 -> 17... 
2017-02-01 00:13:27.445 12664 INFO migrate.versioning.api [-] done
2017-02-01 00:13:27.445 12664 INFO migrate.versioning.api [-] 17 -> 18... 
2017-02-01 00:13:27.502 12664 INFO migrate.versioning.api [-] done
2017-02-01 00:13:27.502 12664 INFO migrate.versioning.api [-] 18 -> 19... 
2017-02-01 00:13:27.533 12664 INFO migrate.versioning.api [-] done
2017-02-01 00:13:27.533 12664 INFO migrate.versioning.api [-] 19 -> 20... 
2017-02-01 00:13:27.567 12664 INFO migrate.versioning.api [-] done
2017-02-01 00:13:27.567 12664 INFO migrate.versioning.api [-] 20 -> 21... 
2017-02-01 00:13:27.599 12664 INFO migrate.versioning.api [-] done
2017-02-01 00:13:31.199 12674 INFO migrate.versioning.api [req-2308ec32-8915-4d24-914e-27948d018d89 - - - - -] 215 -> 216... 
2017-02-01 00:13:33.719 12674 INFO migrate.versioning.api [req-2308ec32-8915-4d24-914e-27948d018d89 - - - - -] done
2017-02-01 00:13:33.720 12674 INFO migrate.versioning.api [req-2308ec32-8915-4d24-914e-27948d018d89 - - - - -] 216 -> 217... 
2017-02-01 00:13:33.724 12674 INFO migrate.versioning.api [req-2308ec32-8915-4d24-914e-27948d018d89 - - - - -] done
2017-02-01 00:13:33.725 12674 INFO migrate.versioning.api [req-2308ec32-8915-4d24-914e-27948d018d89 - - - - -] 217 -> 218... 
2017-02-01 00:13:33.729 12674 INFO migrate.versioning.api [req-2308ec32-8915-4d24-914e-27948d018d89 - - - - -] done
2017-02-01 00:13:33.729 12674 INFO migrate.versioning.api [req-2308ec32-8915-4d24-914e-27948d018d89 - - - - -] 218 -> 219... 
2017-02-01 00:13:33.733 12674 INFO migrate.versioning.api [req-2308ec32-8915-4d24-914e-27948d018d89 - - - - -] done
2017-02-01 00:13:33.734 12674 INFO migrate.versioning.api [req-2308ec32-8915-4d24-914e-27948d018d89 - - - - -] 219 -> 220... 
2017-02-01 00:13:33.738 12674 INFO migrate.versioning.api [req-2308ec32-8915-4d24-914e-27948d018d89 - - - - -] done
2017-02-01 00:13:33.738 12674 INFO migrate.versioning.api [req-2308ec32-8915-4d24-914e-27948d018d89 - - - - -] 220 -> 221... 
2017-02-01 00:13:33.743 12674 INFO migrate.versioning.api [req-2308ec32-8915-4d24-914e-27948d018d89 - - - - -] done
2017-02-01 00:13:33.743 12674 INFO migrate.versioning.api [req-2308ec32-8915-4d24-914e-27948d018d89 - - - - -] 221 -> 222... 
2017-02-01 00:13:33.748 12674 INFO migrate.versioning.api [req-2308ec32-8915-4d24-914e-27948d018d89 - - - - -] done
2017-02-01 00:13:33.748 12674 INFO migrate.versioning.api [req-2308ec32-8915-4d24-914e-27948d018d89 - - - - -] 222 -> 223... 
2017-02-01 00:13:33.752 12674 INFO migrate.versioning.api [req-2308ec32-8915-4d24-914e-27948d018d89 - - - - -] done
2017-02-01 00:13:33.752 12674 INFO migrate.versioning.api [req-2308ec32-8915-4d24-914e-27948d018d89 - - - - -] 223 -> 224... 
2017-02-01 00:13:33.756 12674 INFO migrate.versioning.api [req-2308ec32-8915-4d24-914e-27948d018d89 - - - - -] done
2017-02-01 00:13:33.757 12674 INFO migrate.versioning.api [req-2308ec32-8915-4d24-914e-27948d018d89 - - - - -] 224 -> 225... 
2017-02-01 00:13:33.761 12674 INFO migrate.versioning.api [req-2308ec32-8915-4d24-914e-27948d018d89 - - - - -] done
2017-02-01 00:13:33.761 12674 INFO migrate.versioning.api [req-2308ec32-8915-4d24-914e-27948d018d89 - - - - -] 225 -> 226... 
2017-02-01 00:13:33.765 12674 INFO migrate.versioning.api [req-2308ec32-8915-4d24-914e-27948d018d89 - - - - -] done
2017-02-01 00:13:33.765 12674 INFO migrate.versioning.api [req-2308ec32-8915-4d24-914e-27948d018d89 - - - - -] 226 -> 227... 
2017-02-01 00:13:33.772 12674 INFO migrate.versioning.api [req-2308ec32-8915-4d24-914e-27948d018d89 - - - - -] done
2017-02-01 00:13:33.772 12674 INFO migrate.versioning.api [req-2308ec32-8915-4d24-914e-27948d018d89 - - - - -] 227 -> 228... 
2017-02-01 00:13:33.805 12674 INFO migrate.versioning.api [req-2308ec32-8915-4d24-914e-27948d018d89 - - - - -] done
2017-02-01 00:13:33.805 12674 INFO migrate.versioning.api [req-2308ec32-8915-4d24-914e-27948d018d89 - - - - -] 228 -> 229... 
2017-02-01 00:13:33.846 12674 INFO migrate.versioning.api [req-2308ec32-8915-4d24-914e-27948d018d89 - - - - -] done
2017-02-01 00:13:33.846 12674 INFO migrate.versioning.api [req-2308ec32-8915-4d24-914e-27948d018d89 - - - - -] 229 -> 230... 
2017-02-01 00:13:33.903 12674 INFO migrate.versioning.api [req-2308ec32-8915-4d24-914e-27948d018d89 - - - - -] done
2017-02-01 00:13:33.903 12674 INFO migrate.versioning.api [req-2308ec32-8915-4d24-914e-27948d018d89 - - - - -] 230 -> 231... 
2017-02-01 00:13:33.956 12674 INFO migrate.versioning.api [req-2308ec32-8915-4d24-914e-27948d018d89 - - - - -] done
2017-02-01 00:13:33.956 12674 INFO migrate.versioning.api [req-2308ec32-8915-4d24-914e-27948d018d89 - - - - -] 231 -> 232... 
2017-02-01 00:13:34.226 12674 INFO migrate.versioning.api [req-2308ec32-8915-4d24-914e-27948d018d89 - - - - -] done
2017-02-01 00:13:34.226 12674 INFO migrate.versioning.api [req-2308ec32-8915-4d24-914e-27948d018d89 - - - - -] 232 -> 233... 
2017-02-01 00:13:34.275 12674 INFO migrate.versioning.api [req-2308ec32-8915-4d24-914e-27948d018d89 - - - - -] done
2017-02-01 00:13:34.275 12674 INFO migrate.versioning.api [req-2308ec32-8915-4d24-914e-27948d018d89 - - - - -] 233 -> 234... 
2017-02-01 00:13:34.290 12674 INFO migrate.versioning.api [req-2308ec32-8915-4d24-914e-27948d018d89 - - - - -] done
2017-02-01 00:13:34.291 12674 INFO migrate.versioning.api [req-2308ec32-8915-4d24-914e-27948d018d89 - - - - -] 234 -> 235... 
2017-02-01 00:13:34.295 12674 INFO migrate.versioning.api [req-2308ec32-8915-4d24-914e-27948d018d89 - - - - -] done
2017-02-01 00:13:34.295 12674 INFO migrate.versioning.api [req-2308ec32-8915-4d24-914e-27948d018d89 - - - - -] 235 -> 236... 
2017-02-01 00:13:34.300 12674 INFO migrate.versioning.api [req-2308ec32-8915-4d24-914e-27948d018d89 - - - - -] done
2017-02-01 00:13:34.300 12674 INFO migrate.versioning.api [req-2308ec32-8915-4d24-914e-27948d018d89 - - - - -] 236 -> 237... 
2017-02-01 00:13:34.304 12674 INFO migrate.versioning.api [req-2308ec32-8915-4d24-914e-27948d018d89 - - - - -] done
2017-02-01 00:13:34.304 12674 INFO migrate.versioning.api [req-2308ec32-8915-4d24-914e-27948d018d89 - - - - -] 237 -> 238... 
2017-02-01 00:13:34.308 12674 INFO migrate.versioning.api [req-2308ec32-8915-4d24-914e-27948d018d89 - - - - -] done
2017-02-01 00:13:34.308 12674 INFO migrate.versioning.api [req-2308ec32-8915-4d24-914e-27948d018d89 - - - - -] 238 -> 239... 
2017-02-01 00:13:34.312 12674 INFO migrate.versioning.api [req-2308ec32-8915-4d24-914e-27948d018d89 - - - - -] done
2017-02-01 00:13:34.313 12674 INFO migrate.versioning.api [req-2308ec32-8915-4d24-914e-27948d018d89 - - - - -] 239 -> 240... 
2017-02-01 00:13:34.317 12674 INFO migrate.versioning.api [req-2308ec32-8915-4d24-914e-27948d018d89 - - - - -] done
2017-02-01 00:13:34.317 12674 INFO migrate.versioning.api [req-2308ec32-8915-4d24-914e-27948d018d89 - - - - -] 240 -> 241... 
2017-02-01 00:13:34.321 12674 INFO migrate.versioning.api [req-2308ec32-8915-4d24-914e-27948d018d89 - - - - -] done
2017-02-01 00:13:34.322 12674 INFO migrate.versioning.api [req-2308ec32-8915-4d24-914e-27948d018d89 - - - - -] 241 -> 242... 
2017-02-01 00:13:34.326 12674 INFO migrate.versioning.api [req-2308ec32-8915-4d24-914e-27948d018d89 - - - - -] done
2017-02-01 00:13:34.326 12674 INFO migrate.versioning.api [req-2308ec32-8915-4d24-914e-27948d018d89 - - - - -] 242 -> 243... 
2017-02-01 00:13:34.330 12674 INFO migrate.versioning.api [req-2308ec32-8915-4d24-914e-27948d018d89 - - - - -] done
2017-02-01 00:13:34.330 12674 INFO migrate.versioning.api [req-2308ec32-8915-4d24-914e-27948d018d89 - - - - -] 243 -> 244... 
2017-02-01 00:13:34.349 12674 INFO migrate.versioning.api [req-2308ec32-8915-4d24-914e-27948d018d89 - - - - -] done
2017-02-01 00:13:34.349 12674 INFO migrate.versioning.api [req-2308ec32-8915-4d24-914e-27948d018d89 - - - - -] 244 -> 245... 
2017-02-01 00:13:34.480 12674 INFO migrate.versioning.api [req-2308ec32-8915-4d24-914e-27948d018d89 - - - - -] done
2017-02-01 00:13:34.480 12674 INFO migrate.versioning.api [req-2308ec32-8915-4d24-914e-27948d018d89 - - - - -] 245 -> 246... 
2017-02-01 00:13:34.514 12674 INFO migrate.versioning.api [req-2308ec32-8915-4d24-914e-27948d018d89 - - - - -] done
2017-02-01 00:13:34.515 12674 INFO migrate.versioning.api [req-2308ec32-8915-4d24-914e-27948d018d89 - - - - -] 246 -> 247... 
2017-02-01 00:13:34.598 12674 INFO migrate.versioning.api [req-2308ec32-8915-4d24-914e-27948d018d89 - - - - -] done
2017-02-01 00:13:34.598 12674 INFO migrate.versioning.api [req-2308ec32-8915-4d24-914e-27948d018d89 - - - - -] 247 -> 248... 
2017-02-01 00:13:34.607 12674 INFO 248_add_expire_reservations_index [req-2308ec32-8915-4d24-914e-27948d018d89 - - - - -] Skipped adding reservations_deleted_expire_idx because an equivalent index already exists.
2017-02-01 00:13:34.612 12674 INFO migrate.versioning.api [req-2308ec32-8915-4d24-914e-27948d018d89 - - - - -] done
2017-02-01 00:13:34.612 12674 INFO migrate.versioning.api [req-2308ec32-8915-4d24-914e-27948d018d89 - - - - -] 248 -> 249... 
2017-02-01 00:13:34.638 12674 INFO migrate.versioning.api [req-2308ec32-8915-4d24-914e-27948d018d89 - - - - -] done
2017-02-01 00:13:34.638 12674 INFO migrate.versioning.api [req-2308ec32-8915-4d24-914e-27948d018d89 - - - - -] 249 -> 250... 
2017-02-01 00:13:34.667 12674 INFO migrate.versioning.api [req-2308ec32-8915-4d24-914e-27948d018d89 - - - - -] done
2017-02-01 00:13:34.668 12674 INFO migrate.versioning.api [req-2308ec32-8915-4d24-914e-27948d018d89 - - - - -] 250 -> 251... 
2017-02-01 00:13:34.708 12674 INFO migrate.versioning.api [req-2308ec32-8915-4d24-914e-27948d018d89 - - - - -] done
2017-02-01 00:13:34.709 12674 INFO migrate.versioning.api [req-2308ec32-8915-4d24-914e-27948d018d89 - - - - -] 251 -> 252... 
2017-02-01 00:13:34.780 12674 INFO migrate.versioning.api [req-2308ec32-8915-4d24-914e-27948d018d89 - - - - -] done
2017-02-01 00:13:34.781 12674 INFO migrate.versioning.api [req-2308ec32-8915-4d24-914e-27948d018d89 - - - - -] 252 -> 253... 
2017-02-01 00:13:34.821 12674 INFO migrate.versioning.api [req-2308ec32-8915-4d24-914e-27948d018d89 - - - - -] done
2017-02-01 00:13:34.821 12674 INFO migrate.versioning.api [req-2308ec32-8915-4d24-914e-27948d018d89 - - - - -] 253 -> 254... 
2017-02-01 00:13:34.909 12674 INFO migrate.versioning.api [req-2308ec32-8915-4d24-914e-27948d018d89 - - - - -] done
2017-02-01 00:13:34.909 12674 INFO migrate.versioning.api [req-2308ec32-8915-4d24-914e-27948d018d89 - - - - -] 254 -> 255... 
2017-02-01 00:13:34.915 12674 INFO migrate.versioning.api [req-2308ec32-8915-4d24-914e-27948d018d89 - - - - -] done
2017-02-01 00:13:34.916 12674 INFO migrate.versioning.api [req-2308ec32-8915-4d24-914e-27948d018d89 - - - - -] 255 -> 256... 
2017-02-01 00:13:34.922 12674 INFO migrate.versioning.api [req-2308ec32-8915-4d24-914e-27948d018d89 - - - - -] done
2017-02-01 00:13:34.923 12674 INFO migrate.versioning.api [req-2308ec32-8915-4d24-914e-27948d018d89 - - - - -] 256 -> 257... 
2017-02-01 00:13:34.928 12674 INFO migrate.versioning.api [req-2308ec32-8915-4d24-914e-27948d018d89 - - - - -] done
2017-02-01 00:13:34.928 12674 INFO migrate.versioning.api [req-2308ec32-8915-4d24-914e-27948d018d89 - - - - -] 257 -> 258... 
2017-02-01 00:13:34.934 12674 INFO migrate.versioning.api [req-2308ec32-8915-4d24-914e-27948d018d89 - - - - -] done
2017-02-01 00:13:34.935 12674 INFO migrate.versioning.api [req-2308ec32-8915-4d24-914e-27948d018d89 - - - - -] 258 -> 259... 
2017-02-01 00:13:34.940 12674 INFO migrate.versioning.api [req-2308ec32-8915-4d24-914e-27948d018d89 - - - - -] done
2017-02-01 00:13:34.940 12674 INFO migrate.versioning.api [req-2308ec32-8915-4d24-914e-27948d018d89 - - - - -] 259 -> 260... 
2017-02-01 00:13:34.946 12674 INFO migrate.versioning.api [req-2308ec32-8915-4d24-914e-27948d018d89 - - - - -] done
2017-02-01 00:13:34.946 12674 INFO migrate.versioning.api [req-2308ec32-8915-4d24-914e-27948d018d89 - - - - -] 260 -> 261... 
2017-02-01 00:13:34.951 12674 INFO migrate.versioning.api [req-2308ec32-8915-4d24-914e-27948d018d89 - - - - -] done
2017-02-01 00:13:34.952 12674 INFO migrate.versioning.api [req-2308ec32-8915-4d24-914e-27948d018d89 - - - - -] 261 -> 262... 
2017-02-01 00:13:34.957 12674 INFO migrate.versioning.api [req-2308ec32-8915-4d24-914e-27948d018d89 - - - - -] done
2017-02-01 00:13:34.957 12674 INFO migrate.versioning.api [req-2308ec32-8915-4d24-914e-27948d018d89 - - - - -] 262 -> 263... 
2017-02-01 00:13:34.962 12674 INFO migrate.versioning.api [req-2308ec32-8915-4d24-914e-27948d018d89 - - - - -] done
2017-02-01 00:13:34.963 12674 INFO migrate.versioning.api [req-2308ec32-8915-4d24-914e-27948d018d89 - - - - -] 263 -> 264... 
2017-02-01 00:13:34.968 12674 INFO migrate.versioning.api [req-2308ec32-8915-4d24-914e-27948d018d89 - - - - -] done
2017-02-01 00:13:34.968 12674 INFO migrate.versioning.api [req-2308ec32-8915-4d24-914e-27948d018d89 - - - - -] 264 -> 265... 
2017-02-01 00:13:35.004 12674 INFO migrate.versioning.api [req-2308ec32-8915-4d24-914e-27948d018d89 - - - - -] done
2017-02-01 00:13:35.004 12674 INFO migrate.versioning.api [req-2308ec32-8915-4d24-914e-27948d018d89 - - - - -] 265 -> 266... 
2017-02-01 00:13:35.022 12674 INFO migrate.versioning.api [req-2308ec32-8915-4d24-914e-27948d018d89 - - - - -] done
2017-02-01 00:13:35.023 12674 INFO migrate.versioning.api [req-2308ec32-8915-4d24-914e-27948d018d89 - - - - -] 266 -> 267... 
2017-02-01 00:13:35.381 12674 INFO migrate.versioning.api [req-2308ec32-8915-4d24-914e-27948d018d89 - - - - -] done
2017-02-01 00:13:35.382 12674 INFO migrate.versioning.api [req-2308ec32-8915-4d24-914e-27948d018d89 - - - - -] 267 -> 268... 
2017-02-01 00:13:35.433 12674 INFO migrate.versioning.api [req-2308ec32-8915-4d24-914e-27948d018d89 - - - - -] done
2017-02-01 00:13:35.434 12674 INFO migrate.versioning.api [req-2308ec32-8915-4d24-914e-27948d018d89 - - - - -] 268 -> 269... 
2017-02-01 00:13:35.488 12674 INFO migrate.versioning.api [req-2308ec32-8915-4d24-914e-27948d018d89 - - - - -] done
2017-02-01 00:13:35.489 12674 INFO migrate.versioning.api [req-2308ec32-8915-4d24-914e-27948d018d89 - - - - -] 269 -> 270... 
2017-02-01 00:13:35.535 12674 INFO migrate.versioning.api [req-2308ec32-8915-4d24-914e-27948d018d89 - - - - -] done
2017-02-01 00:13:35.536 12674 INFO migrate.versioning.api [req-2308ec32-8915-4d24-914e-27948d018d89 - - - - -] 270 -> 271... 
2017-02-01 00:13:35.625 12674 INFO migrate.versioning.api [req-2308ec32-8915-4d24-914e-27948d018d89 - - - - -] done
2017-02-01 00:13:35.626 12674 INFO migrate.versioning.api [req-2308ec32-8915-4d24-914e-27948d018d89 - - - - -] 271 -> 272... 
2017-02-01 00:13:35.632 12674 INFO migrate.versioning.api [req-2308ec32-8915-4d24-914e-27948d018d89 - - - - -] done
2017-02-01 00:13:35.632 12674 INFO migrate.versioning.api [req-2308ec32-8915-4d24-914e-27948d018d89 - - - - -] 272 -> 273... 
2017-02-01 00:13:35.639 12674 INFO migrate.versioning.api [req-2308ec32-8915-4d24-914e-27948d018d89 - - - - -] done
2017-02-01 00:13:35.640 12674 INFO migrate.versioning.api [req-2308ec32-8915-4d24-914e-27948d018d89 - - - - -] 273 -> 274... 
2017-02-01 00:13:35.675 12674 INFO migrate.versioning.api [req-2308ec32-8915-4d24-914e-27948d018d89 - - - - -] done
2017-02-01 00:13:35.675 12674 INFO migrate.versioning.api [req-2308ec32-8915-4d24-914e-27948d018d89 - - - - -] 274 -> 275... 
2017-02-01 00:13:35.711 12674 INFO migrate.versioning.api [req-2308ec32-8915-4d24-914e-27948d018d89 - - - - -] done
2017-02-01 00:13:35.712 12674 INFO migrate.versioning.api [req-2308ec32-8915-4d24-914e-27948d018d89 - - - - -] 275 -> 276... 
2017-02-01 00:13:35.757 12674 INFO migrate.versioning.api [req-2308ec32-8915-4d24-914e-27948d018d89 - - - - -] done
2017-02-01 00:13:35.757 12674 INFO migrate.versioning.api [req-2308ec32-8915-4d24-914e-27948d018d89 - - - - -] 276 -> 277... 
2017-02-01 00:13:35.784 12674 INFO migrate.versioning.api [req-2308ec32-8915-4d24-914e-27948d018d89 - - - - -] done
2017-02-01 00:13:35.785 12674 INFO migrate.versioning.api [req-2308ec32-8915-4d24-914e-27948d018d89 - - - - -] 277 -> 278... 
2017-02-01 00:13:35.840 12674 INFO migrate.versioning.api [req-2308ec32-8915-4d24-914e-27948d018d89 - - - - -] done
2017-02-01 00:13:35.840 12674 INFO migrate.versioning.api [req-2308ec32-8915-4d24-914e-27948d018d89 - - - - -] 278 -> 279... 
2017-02-01 00:13:35.864 12674 INFO migrate.versioning.api [req-2308ec32-8915-4d24-914e-27948d018d89 - - - - -] done
2017-02-01 00:13:35.865 12674 INFO migrate.versioning.api [req-2308ec32-8915-4d24-914e-27948d018d89 - - - - -] 279 -> 280... 
2017-02-01 00:13:35.897 12674 INFO migrate.versioning.api [req-2308ec32-8915-4d24-914e-27948d018d89 - - - - -] done
2017-02-01 00:13:35.898 12674 INFO migrate.versioning.api [req-2308ec32-8915-4d24-914e-27948d018d89 - - - - -] 280 -> 281... 
2017-02-01 00:13:35.903 12674 INFO migrate.versioning.api [req-2308ec32-8915-4d24-914e-27948d018d89 - - - - -] done
2017-02-01 00:13:35.904 12674 INFO migrate.versioning.api [req-2308ec32-8915-4d24-914e-27948d018d89 - - - - -] 281 -> 282... 
2017-02-01 00:13:35.910 12674 INFO migrate.versioning.api [req-2308ec32-8915-4d24-914e-27948d018d89 - - - - -] done
2017-02-01 00:13:35.910 12674 INFO migrate.versioning.api [req-2308ec32-8915-4d24-914e-27948d018d89 - - - - -] 282 -> 283... 
2017-02-01 00:13:35.916 12674 INFO migrate.versioning.api [req-2308ec32-8915-4d24-914e-27948d018d89 - - - - -] done
2017-02-01 00:13:35.916 12674 INFO migrate.versioning.api [req-2308ec32-8915-4d24-914e-27948d018d89 - - - - -] 283 -> 284... 
2017-02-01 00:13:35.922 12674 INFO migrate.versioning.api [req-2308ec32-8915-4d24-914e-27948d018d89 - - - - -] done
2017-02-01 00:13:35.922 12674 INFO migrate.versioning.api [req-2308ec32-8915-4d24-914e-27948d018d89 - - - - -] 284 -> 285... 
2017-02-01 00:13:35.927 12674 INFO migrate.versioning.api [req-2308ec32-8915-4d24-914e-27948d018d89 - - - - -] done
2017-02-01 00:13:35.928 12674 INFO migrate.versioning.api [req-2308ec32-8915-4d24-914e-27948d018d89 - - - - -] 285 -> 286... 
2017-02-01 00:13:35.933 12674 INFO migrate.versioning.api [req-2308ec32-8915-4d24-914e-27948d018d89 - - - - -] done
2017-02-01 00:13:35.933 12674 INFO migrate.versioning.api [req-2308ec32-8915-4d24-914e-27948d018d89 - - - - -] 286 -> 287... 
2017-02-01 00:13:35.939 12674 INFO migrate.versioning.api [req-2308ec32-8915-4d24-914e-27948d018d89 - - - - -] done
2017-02-01 00:13:35.940 12674 INFO migrate.versioning.api [req-2308ec32-8915-4d24-914e-27948d018d89 - - - - -] 287 -> 288... 
2017-02-01 00:13:35.945 12674 INFO migrate.versioning.api [req-2308ec32-8915-4d24-914e-27948d018d89 - - - - -] done
2017-02-01 00:13:35.945 12674 INFO migrate.versioning.api [req-2308ec32-8915-4d24-914e-27948d018d89 - - - - -] 288 -> 289... 
2017-02-01 00:13:35.950 12674 INFO migrate.versioning.api [req-2308ec32-8915-4d24-914e-27948d018d89 - - - - -] done
2017-02-01 00:13:35.950 12674 INFO migrate.versioning.api [req-2308ec32-8915-4d24-914e-27948d018d89 - - - - -] 289 -> 290... 
2017-02-01 00:13:35.956 12674 INFO migrate.versioning.api [req-2308ec32-8915-4d24-914e-27948d018d89 - - - - -] done
2017-02-01 00:13:35.956 12674 INFO migrate.versioning.api [req-2308ec32-8915-4d24-914e-27948d018d89 - - - - -] 290 -> 291... 
2017-02-01 00:13:35.975 12674 INFO migrate.versioning.api [req-2308ec32-8915-4d24-914e-27948d018d89 - - - - -] done
2017-02-01 00:13:35.975 12674 INFO migrate.versioning.api [req-2308ec32-8915-4d24-914e-27948d018d89 - - - - -] 291 -> 292... 
2017-02-01 00:13:36.042 12674 INFO migrate.versioning.api [req-2308ec32-8915-4d24-914e-27948d018d89 - - - - -] done
2017-02-01 00:13:36.042 12674 INFO migrate.versioning.api [req-2308ec32-8915-4d24-914e-27948d018d89 - - - - -] 292 -> 293... 
2017-02-01 00:13:36.121 12674 INFO migrate.versioning.api [req-2308ec32-8915-4d24-914e-27948d018d89 - - - - -] done
2017-02-01 00:13:36.121 12674 INFO migrate.versioning.api [req-2308ec32-8915-4d24-914e-27948d018d89 - - - - -] 293 -> 294... 
2017-02-01 00:13:36.157 12674 INFO migrate.versioning.api [req-2308ec32-8915-4d24-914e-27948d018d89 - - - - -] done
2017-02-01 00:13:36.157 12674 INFO migrate.versioning.api [req-2308ec32-8915-4d24-914e-27948d018d89 - - - - -] 294 -> 295... 
2017-02-01 00:13:36.181 12674 INFO migrate.versioning.api [req-2308ec32-8915-4d24-914e-27948d018d89 - - - - -] done
2017-02-01 00:13:36.181 12674 INFO migrate.versioning.api [req-2308ec32-8915-4d24-914e-27948d018d89 - - - - -] 295 -> 296... 
2017-02-01 00:13:36.186 12674 INFO migrate.versioning.api [req-2308ec32-8915-4d24-914e-27948d018d89 - - - - -] done
2017-02-01 00:13:36.187 12674 INFO migrate.versioning.api [req-2308ec32-8915-4d24-914e-27948d018d89 - - - - -] 296 -> 297... 
2017-02-01 00:13:36.228 12674 INFO migrate.versioning.api [req-2308ec32-8915-4d24-914e-27948d018d89 - - - - -] done
2017-02-01 00:13:36.228 12674 INFO migrate.versioning.api [req-2308ec32-8915-4d24-914e-27948d018d89 - - - - -] 297 -> 298... 
2017-02-01 00:13:36.248 12674 INFO migrate.versioning.api [req-2308ec32-8915-4d24-914e-27948d018d89 - - - - -] done
2017-02-01 00:13:36.249 12674 INFO migrate.versioning.api [req-2308ec32-8915-4d24-914e-27948d018d89 - - - - -] 298 -> 299... 
2017-02-01 00:13:36.289 12674 INFO migrate.versioning.api [req-2308ec32-8915-4d24-914e-27948d018d89 - - - - -] done
2017-02-01 00:13:36.290 12674 INFO migrate.versioning.api [req-2308ec32-8915-4d24-914e-27948d018d89 - - - - -] 299 -> 300... 
2017-02-01 00:13:36.330 12674 INFO migrate.versioning.api [req-2308ec32-8915-4d24-914e-27948d018d89 - - - - -] done
2017-02-01 00:13:36.331 12674 INFO migrate.versioning.api [req-2308ec32-8915-4d24-914e-27948d018d89 - - - - -] 300 -> 301... 
2017-02-01 00:13:36.394 12674 INFO migrate.versioning.api [req-2308ec32-8915-4d24-914e-27948d018d89 - - - - -] done
2017-02-01 00:13:36.395 12674 INFO migrate.versioning.api [req-2308ec32-8915-4d24-914e-27948d018d89 - - - - -] 301 -> 302... 
2017-02-01 00:13:36.400 12674 INFO migrate.versioning.api [req-2308ec32-8915-4d24-914e-27948d018d89 - - - - -] done
2017-02-01 00:13:36.401 12674 INFO migrate.versioning.api [req-2308ec32-8915-4d24-914e-27948d018d89 - - - - -] 302 -> 303... 
2017-02-01 00:13:36.406 12674 INFO migrate.versioning.api [req-2308ec32-8915-4d24-914e-27948d018d89 - - - - -] done
2017-02-01 00:13:36.407 12674 INFO migrate.versioning.api [req-2308ec32-8915-4d24-914e-27948d018d89 - - - - -] 303 -> 304... 
2017-02-01 00:13:36.412 12674 INFO migrate.versioning.api [req-2308ec32-8915-4d24-914e-27948d018d89 - - - - -] done
2017-02-01 00:13:36.413 12674 INFO migrate.versioning.api [req-2308ec32-8915-4d24-914e-27948d018d89 - - - - -] 304 -> 305... 
2017-02-01 00:13:36.419 12674 INFO migrate.versioning.api [req-2308ec32-8915-4d24-914e-27948d018d89 - - - - -] done
2017-02-01 00:13:36.419 12674 INFO migrate.versioning.api [req-2308ec32-8915-4d24-914e-27948d018d89 - - - - -] 305 -> 306... 
2017-02-01 00:13:36.424 12674 INFO migrate.versioning.api [req-2308ec32-8915-4d24-914e-27948d018d89 - - - - -] done
2017-02-01 00:13:36.425 12674 INFO migrate.versioning.api [req-2308ec32-8915-4d24-914e-27948d018d89 - - - - -] 306 -> 307... 
2017-02-01 00:13:36.430 12674 INFO migrate.versioning.api [req-2308ec32-8915-4d24-914e-27948d018d89 - - - - -] done
2017-02-01 00:13:36.430 12674 INFO migrate.versioning.api [req-2308ec32-8915-4d24-914e-27948d018d89 - - - - -] 307 -> 308... 
2017-02-01 00:13:36.435 12674 INFO migrate.versioning.api [req-2308ec32-8915-4d24-914e-27948d018d89 - - - - -] done
2017-02-01 00:13:36.435 12674 INFO migrate.versioning.api [req-2308ec32-8915-4d24-914e-27948d018d89 - - - - -] 308 -> 309... 
2017-02-01 00:13:36.440 12674 INFO migrate.versioning.api [req-2308ec32-8915-4d24-914e-27948d018d89 - - - - -] done
2017-02-01 00:13:36.441 12674 INFO migrate.versioning.api [req-2308ec32-8915-4d24-914e-27948d018d89 - - - - -] 309 -> 310... 
2017-02-01 00:13:36.446 12674 INFO migrate.versioning.api [req-2308ec32-8915-4d24-914e-27948d018d89 - - - - -] done
2017-02-01 00:13:36.446 12674 INFO migrate.versioning.api [req-2308ec32-8915-4d24-914e-27948d018d89 - - - - -] 310 -> 311... 
2017-02-01 00:13:36.451 12674 INFO migrate.versioning.api [req-2308ec32-8915-4d24-914e-27948d018d89 - - - - -] done
2017-02-01 00:13:36.452 12674 INFO migrate.versioning.api [req-2308ec32-8915-4d24-914e-27948d018d89 - - - - -] 311 -> 312... 
2017-02-01 00:13:36.457 12674 INFO migrate.versioning.api [req-2308ec32-8915-4d24-914e-27948d018d89 - - - - -] done
2017-02-01 00:13:36.457 12674 INFO migrate.versioning.api [req-2308ec32-8915-4d24-914e-27948d018d89 - - - - -] 312 -> 313... 
2017-02-01 00:13:36.506 12674 INFO migrate.versioning.api [req-2308ec32-8915-4d24-914e-27948d018d89 - - - - -] done
2017-02-01 00:13:36.506 12674 INFO migrate.versioning.api [req-2308ec32-8915-4d24-914e-27948d018d89 - - - - -] 313 -> 314... 
2017-02-01 00:13:36.598 12674 INFO migrate.versioning.api [req-2308ec32-8915-4d24-914e-27948d018d89 - - - - -] done
2017-02-01 00:13:36.598 12674 INFO migrate.versioning.api [req-2308ec32-8915-4d24-914e-27948d018d89 - - - - -] 314 -> 315... 
2017-02-01 00:13:36.777 12674 INFO migrate.versioning.api [req-2308ec32-8915-4d24-914e-27948d018d89 - - - - -] done
2017-02-01 00:13:36.778 12674 INFO migrate.versioning.api [req-2308ec32-8915-4d24-914e-27948d018d89 - - - - -] 315 -> 316... 
2017-02-01 00:13:36.973 12674 INFO migrate.versioning.api [req-2308ec32-8915-4d24-914e-27948d018d89 - - - - -] done
2017-02-01 00:13:36.974 12674 INFO migrate.versioning.api [req-2308ec32-8915-4d24-914e-27948d018d89 - - - - -] 316 -> 317... 
2017-02-01 00:13:37.024 12674 INFO migrate.versioning.api [req-2308ec32-8915-4d24-914e-27948d018d89 - - - - -] done
2017-02-01 00:13:37.025 12674 INFO migrate.versioning.api [req-2308ec32-8915-4d24-914e-27948d018d89 - - - - -] 317 -> 318... 
2017-02-01 00:13:37.212 12674 INFO migrate.versioning.api [req-2308ec32-8915-4d24-914e-27948d018d89 - - - - -] done
2017-02-01 00:13:37.213 12674 INFO migrate.versioning.api [req-2308ec32-8915-4d24-914e-27948d018d89 - - - - -] 318 -> 319... 
2017-02-01 00:13:37.248 12674 INFO migrate.versioning.api [req-2308ec32-8915-4d24-914e-27948d018d89 - - - - -] done
2017-02-01 00:13:37.249 12674 INFO migrate.versioning.api [req-2308ec32-8915-4d24-914e-27948d018d89 - - - - -] 319 -> 320... 
2017-02-01 00:13:37.258 12674 INFO migrate.versioning.api [req-2308ec32-8915-4d24-914e-27948d018d89 - - - - -] done
2017-02-01 00:13:37.259 12674 INFO migrate.versioning.api [req-2308ec32-8915-4d24-914e-27948d018d89 - - - - -] 320 -> 321... 
2017-02-01 00:13:37.267 12674 INFO migrate.versioning.api [req-2308ec32-8915-4d24-914e-27948d018d89 - - - - -] done
2017-02-01 00:13:37.267 12674 INFO migrate.versioning.api [req-2308ec32-8915-4d24-914e-27948d018d89 - - - - -] 321 -> 322... 
2017-02-01 00:13:37.275 12674 INFO migrate.versioning.api [req-2308ec32-8915-4d24-914e-27948d018d89 - - - - -] done
2017-02-01 00:13:37.275 12674 INFO migrate.versioning.api [req-2308ec32-8915-4d24-914e-27948d018d89 - - - - -] 322 -> 323... 
2017-02-01 00:13:37.283 12674 INFO migrate.versioning.api [req-2308ec32-8915-4d24-914e-27948d018d89 - - - - -] done
2017-02-01 00:13:37.284 12674 INFO migrate.versioning.api [req-2308ec32-8915-4d24-914e-27948d018d89 - - - - -] 323 -> 324... 
2017-02-01 00:13:37.291 12674 INFO migrate.versioning.api [req-2308ec32-8915-4d24-914e-27948d018d89 - - - - -] done
2017-02-01 00:13:37.292 12674 INFO migrate.versioning.api [req-2308ec32-8915-4d24-914e-27948d018d89 - - - - -] 324 -> 325... 
2017-02-01 00:13:37.300 12674 INFO migrate.versioning.api [req-2308ec32-8915-4d24-914e-27948d018d89 - - - - -] done
2017-02-01 00:13:37.301 12674 INFO migrate.versioning.api [req-2308ec32-8915-4d24-914e-27948d018d89 - - - - -] 325 -> 326... 
2017-02-01 00:13:37.310 12674 INFO migrate.versioning.api [req-2308ec32-8915-4d24-914e-27948d018d89 - - - - -] done
2017-02-01 00:13:37.310 12674 INFO migrate.versioning.api [req-2308ec32-8915-4d24-914e-27948d018d89 - - - - -] 326 -> 327... 
2017-02-01 00:13:37.319 12674 INFO migrate.versioning.api [req-2308ec32-8915-4d24-914e-27948d018d89 - - - - -] done
2017-02-01 00:13:37.320 12674 INFO migrate.versioning.api [req-2308ec32-8915-4d24-914e-27948d018d89 - - - - -] 327 -> 328... 
2017-02-01 00:13:37.328 12674 INFO migrate.versioning.api [req-2308ec32-8915-4d24-914e-27948d018d89 - - - - -] done
2017-02-01 00:13:37.328 12674 INFO migrate.versioning.api [req-2308ec32-8915-4d24-914e-27948d018d89 - - - - -] 328 -> 329... 
2017-02-01 00:13:37.336 12674 INFO migrate.versioning.api [req-2308ec32-8915-4d24-914e-27948d018d89 - - - - -] done
2017-02-01 00:13:37.337 12674 INFO migrate.versioning.api [req-2308ec32-8915-4d24-914e-27948d018d89 - - - - -] 329 -> 330... 
2017-02-01 00:13:37.370 12674 INFO migrate.versioning.api [req-2308ec32-8915-4d24-914e-27948d018d89 - - - - -] done
2017-02-01 00:13:37.371 12674 INFO migrate.versioning.api [req-2308ec32-8915-4d24-914e-27948d018d89 - - - - -] 330 -> 331... 
2017-02-01 00:13:37.468 12674 INFO migrate.versioning.api [req-2308ec32-8915-4d24-914e-27948d018d89 - - - - -] done
2017-02-01 00:13:37.469 12674 INFO migrate.versioning.api [req-2308ec32-8915-4d24-914e-27948d018d89 - - - - -] 331 -> 332... 
2017-02-01 00:13:37.515 12674 INFO migrate.versioning.api [req-2308ec32-8915-4d24-914e-27948d018d89 - - - - -] done
2017-02-01 00:13:37.515 12674 INFO migrate.versioning.api [req-2308ec32-8915-4d24-914e-27948d018d89 - - - - -] 332 -> 333... 
2017-02-01 00:13:37.553 12674 INFO migrate.versioning.api [req-2308ec32-8915-4d24-914e-27948d018d89 - - - - -] done
2017-02-01 00:13:37.553 12674 INFO migrate.versioning.api [req-2308ec32-8915-4d24-914e-27948d018d89 - - - - -] 333 -> 334... 
2017-02-01 00:13:37.600 12674 INFO migrate.versioning.api [req-2308ec32-8915-4d24-914e-27948d018d89 - - - - -] done
