2017-02-09 07:43:47.125 14577 WARNING oslo_reports.guru_meditation_report [-] Guru meditation now registers SIGUSR1 and SIGUSR2 by default for backward compatibility. SIGUSR1 will no longer be registered in a future release, so please use SIGUSR2 to generate reports.
2017-02-09 07:43:47.460 14577 INFO nova.service [-] Starting scheduler node (version 14.0.2-1.el7)
2017-02-09 07:45:56.156 14577 INFO nova.scheduler.host_manager [req-38e39b8c-af7b-4956-b87a-afa78db71eee - - - - -] Successfully synced instances from host 'mysql-001.vassilevski.com'.
2017-02-09 07:47:48.107 14577 INFO nova.scheduler.host_manager [req-16839846-79e0-4f6b-b5cc-27726db0cf4c - - - - -] Successfully synced instances from host 'mysql-001.vassilevski.com'.
2017-02-09 07:49:47.102 14577 INFO nova.scheduler.host_manager [req-bbfaee26-13b4-429d-b0dc-f4e21cd041bd - - - - -] Successfully synced instances from host 'mysql-001.vassilevski.com'.
2017-02-09 07:51:50.092 14577 INFO nova.scheduler.host_manager [req-cd5c5ea2-fa9e-4b91-8f6b-799b4fe804aa - - - - -] Successfully synced instances from host 'mysql-001.vassilevski.com'.
2017-02-09 07:53:51.160 14577 INFO nova.scheduler.host_manager [req-edfc4e45-940c-4490-be96-bb69b8bc8eb0 - - - - -] Successfully synced instances from host 'mysql-001.vassilevski.com'.
2017-02-09 07:55:52.090 14577 INFO nova.scheduler.host_manager [req-2440e5d2-a3e8-4a80-92ee-2a3c0fbce928 - - - - -] Successfully synced instances from host 'mysql-001.vassilevski.com'.
2017-02-09 07:57:53.086 14577 INFO nova.scheduler.host_manager [req-e786e2ac-e296-490d-b659-3bfcfdd82d6e - - - - -] Successfully synced instances from host 'mysql-001.vassilevski.com'.
2017-02-09 07:59:58.081 14577 INFO nova.scheduler.host_manager [req-5c2e8157-0b61-4725-ab2b-341a4872d023 - - - - -] Successfully synced instances from host 'mysql-001.vassilevski.com'.
2017-02-09 08:02:00.077 14577 INFO nova.scheduler.host_manager [req-7b51b8e5-d6fd-4b44-bf46-7566e1fc24b4 - - - - -] Successfully synced instances from host 'mysql-001.vassilevski.com'.
2017-02-09 08:04:00.083 14577 INFO nova.scheduler.host_manager [req-1333658c-5fc9-483e-b678-b07879506d8c - - - - -] Successfully synced instances from host 'mysql-001.vassilevski.com'.
2017-02-09 08:06:03.082 14577 INFO nova.scheduler.host_manager [req-4854abb1-b701-451b-9a04-835e7d5e6f88 - - - - -] Successfully synced instances from host 'mysql-001.vassilevski.com'.
2017-02-09 08:08:05.078 14577 INFO nova.scheduler.host_manager [req-0fd6dbef-870a-4424-ba8f-c5906c042e81 - - - - -] Successfully synced instances from host 'mysql-001.vassilevski.com'.
2017-02-09 08:10:06.127 14577 INFO nova.scheduler.host_manager [req-e8a6c065-8a17-411f-a59a-cdfc77e18101 - - - - -] Successfully synced instances from host 'mysql-001.vassilevski.com'.
2017-02-09 08:12:06.084 14577 INFO nova.scheduler.host_manager [req-35023a3d-22a4-4894-b91d-2759656ec8c0 - - - - -] Successfully synced instances from host 'mysql-001.vassilevski.com'.
2017-02-09 08:14:10.079 14577 INFO nova.scheduler.host_manager [req-c251e6ea-91fd-4014-ba08-2110b49f5c40 - - - - -] Successfully synced instances from host 'mysql-001.vassilevski.com'.
2017-02-09 08:16:15.257 14577 INFO nova.scheduler.host_manager [req-543bbc7f-c62a-42c4-84a7-740f4387a209 - - - - -] Successfully synced instances from host 'mysql-001.vassilevski.com'.
2017-02-09 08:18:19.380 14577 INFO nova.scheduler.host_manager [req-c98919ae-16f5-48a6-8c62-cffa48f64882 - - - - -] Successfully synced instances from host 'mysql-001.vassilevski.com'.
2017-02-09 08:20:25.101 14577 INFO nova.scheduler.host_manager [req-60a7f3eb-d387-4056-a071-924e70763618 - - - - -] Successfully synced instances from host 'mysql-001.vassilevski.com'.
2017-02-09 08:23:32.692 14577 ERROR oslo.messaging._drivers.impl_rabbit [-] [8b6d4351-e4c7-4ab2-a70c-8d76015a2f8d] AMQP server on mysql-001.vassilevski.com:5672 is unreachable: Too many heartbeats missed. Trying again in 1 seconds. Client port: 33956
2017-02-09 08:24:33.776 14577 INFO oslo.messaging._drivers.impl_rabbit [-] [8b6d4351-e4c7-4ab2-a70c-8d76015a2f8d] Reconnected to AMQP server on mysql-001.vassilevski.com:5672 via [amqp] clientwith port 60198.
2017-02-09 08:30:27.278 23807 WARNING oslo_reports.guru_meditation_report [-] Guru meditation now registers SIGUSR1 and SIGUSR2 by default for backward compatibility. SIGUSR1 will no longer be registered in a future release, so please use SIGUSR2 to generate reports.
2017-02-09 08:30:27.838 23807 INFO nova.service [-] Starting scheduler node (version 14.0.2-1.el7)
2017-02-09 08:30:49.173 23807 INFO nova.scheduler.host_manager [req-2037e678-f643-4c39-aa14-6d7cb11a834d - - - - -] Received an update from an unknown host 'mysql-002.vassilevski.com'. Re-created its InstanceList.
2017-02-09 08:31:50.506 23807 INFO nova.scheduler.host_manager [req-d7f62059-5d41-4716-b486-ac5a20b43873 - - - - -] Successfully synced instances from host 'mysql-002.vassilevski.com'.
2017-02-09 08:32:36.150 23807 INFO nova.scheduler.host_manager [req-a4e52563-876c-4aad-a9fa-d1ef27a42199 - - - - -] Successfully synced instances from host 'mysql-001.vassilevski.com'.
2017-02-09 08:33:48.954 23807 INFO nova.scheduler.host_manager [req-8281c911-8b32-49d7-b6d5-95bb32434500 - - - - -] Successfully synced instances from host 'mysql-002.vassilevski.com'.
2017-02-09 08:34:29.379 23807 INFO nova.scheduler.host_manager [req-ec4fa29a-1c70-48e1-97df-7dbcb72d733c - - - - -] Successfully synced instances from host 'mysql-001.vassilevski.com'.
2017-02-09 08:35:53.882 23807 INFO nova.scheduler.host_manager [req-7d8c1495-fd29-4d37-9009-7745e1613af9 - - - - -] Successfully synced instances from host 'mysql-002.vassilevski.com'.
2017-02-09 08:36:32.476 23807 INFO nova.scheduler.host_manager [req-fe161acd-8463-40c0-b13b-6e4087a070aa - - - - -] Successfully synced instances from host 'mysql-001.vassilevski.com'.
2017-02-09 08:37:53.935 23807 INFO nova.scheduler.host_manager [req-56c87c0f-4167-42a6-8dbb-df92ee457136 - - - - -] Successfully synced instances from host 'mysql-002.vassilevski.com'.
2017-02-09 08:38:37.288 23807 INFO nova.scheduler.host_manager [req-ae2ac498-085f-4baa-9fb4-2955cf7dd9fa - - - - -] Successfully synced instances from host 'mysql-001.vassilevski.com'.
2017-02-09 08:39:58.878 23807 INFO nova.scheduler.host_manager [req-144d500a-72ce-4a8f-a282-0e6a40f7281e - - - - -] Successfully synced instances from host 'mysql-002.vassilevski.com'.
2017-02-09 08:40:41.463 23807 INFO nova.scheduler.host_manager [req-3643b585-4be4-46b4-91de-1933ae2ab898 - - - - -] Successfully synced instances from host 'mysql-001.vassilevski.com'.
2017-02-09 08:42:03.877 23807 INFO nova.scheduler.host_manager [req-ddf15716-28f0-4e10-85a7-9bd1c25c4925 - - - - -] Successfully synced instances from host 'mysql-002.vassilevski.com'.
2017-02-09 08:42:42.468 23807 INFO nova.scheduler.host_manager [req-d2f9fc10-e223-44c0-acb1-348f69b96a5a - - - - -] Successfully synced instances from host 'mysql-001.vassilevski.com'.
2017-02-09 08:44:03.880 23807 INFO nova.scheduler.host_manager [req-829da66f-d84a-4958-b32e-9dfbe6163999 - - - - -] Successfully synced instances from host 'mysql-002.vassilevski.com'.
2017-02-09 08:44:46.466 23807 INFO nova.scheduler.host_manager [req-8e1db821-9068-4aa0-b542-ee9db414a554 - - - - -] Successfully synced instances from host 'mysql-001.vassilevski.com'.
2017-02-09 08:46:05.879 23807 INFO nova.scheduler.host_manager [req-988db1be-25ad-4fdd-b6cd-d4e2206590d8 - - - - -] Successfully synced instances from host 'mysql-002.vassilevski.com'.
2017-02-09 08:46:48.464 23807 INFO nova.scheduler.host_manager [req-5ca75e7d-7885-4e69-b906-674fbfcc9db4 - - - - -] Successfully synced instances from host 'mysql-001.vassilevski.com'.
2017-02-09 08:48:05.888 23807 INFO nova.scheduler.host_manager [req-4bc9b23d-a30e-494f-9e93-c665c38d5a55 - - - - -] Successfully synced instances from host 'mysql-002.vassilevski.com'.
2017-02-09 08:48:49.469 23807 INFO nova.scheduler.host_manager [req-0f56e1a0-2a70-4a17-b54c-798740ccc229 - - - - -] Successfully synced instances from host 'mysql-001.vassilevski.com'.
2017-02-09 08:50:08.894 23807 INFO nova.scheduler.host_manager [req-2318f73b-1fd9-4546-903d-a9b50bba3aa6 - - - - -] Successfully synced instances from host 'mysql-002.vassilevski.com'.
2017-02-09 08:50:50.455 23807 INFO nova.scheduler.host_manager [req-ea45e019-e843-4641-9bf9-8548a53817e2 - - - - -] Successfully synced instances from host 'mysql-001.vassilevski.com'.
2017-02-09 08:52:10.884 23807 INFO nova.scheduler.host_manager [req-fd2b48ad-f994-4945-9d93-cec1d54d8d11 - - - - -] Successfully synced instances from host 'mysql-002.vassilevski.com'.
2017-02-09 08:52:53.465 23807 INFO nova.scheduler.host_manager [req-994b3a4b-d937-4d41-a7d4-bb1c92040145 - - - - -] Successfully synced instances from host 'mysql-001.vassilevski.com'.
2017-02-09 08:54:16.048 23807 INFO nova.scheduler.host_manager [req-10eb3c30-aef3-470a-97f3-fabdf00a1a12 - - - - -] Successfully synced instances from host 'mysql-002.vassilevski.com'.
2017-02-09 08:54:56.471 23807 INFO nova.scheduler.host_manager [req-85509624-4f15-44b8-afca-7a3bcf560fa5 - - - - -] Successfully synced instances from host 'mysql-001.vassilevski.com'.
2017-02-09 08:56:15.879 23807 INFO nova.scheduler.host_manager [req-315236b0-58da-4a36-a0b1-a98aec79d556 - - - - -] Successfully synced instances from host 'mysql-002.vassilevski.com'.
2017-02-09 08:57:00.463 23807 INFO nova.scheduler.host_manager [req-4b8f0266-f5cc-4d46-aabc-b0fd7a21d50b - - - - -] Successfully synced instances from host 'mysql-001.vassilevski.com'.
2017-02-09 08:58:17.877 23807 INFO nova.scheduler.host_manager [req-b84b1bba-ffcf-452e-8743-c561e68e0ce2 - - - - -] Successfully synced instances from host 'mysql-002.vassilevski.com'.
2017-02-09 08:59:04.472 23807 INFO nova.scheduler.host_manager [req-7a3371f0-1133-4266-92a4-6f716eada623 - - - - -] Successfully synced instances from host 'mysql-001.vassilevski.com'.
2017-02-09 09:00:23.065 23807 INFO nova.scheduler.host_manager [req-d23c4c77-7880-4e09-b6e2-bc1d8d6c204a - - - - -] Successfully synced instances from host 'mysql-002.vassilevski.com'.
2017-02-09 09:01:08.466 23807 INFO nova.scheduler.host_manager [req-35dd81b0-ae16-464e-b9f2-d6a2508ca493 - - - - -] Successfully synced instances from host 'mysql-001.vassilevski.com'.
2017-02-09 09:02:25.881 23807 INFO nova.scheduler.host_manager [req-fc24ba7e-a2a0-463b-a72c-7a84aa8a01c9 - - - - -] Successfully synced instances from host 'mysql-002.vassilevski.com'.
2017-02-09 09:03:11.464 23807 INFO nova.scheduler.host_manager [req-b8710c44-4160-4990-a386-79cf64074be9 - - - - -] Successfully synced instances from host 'mysql-001.vassilevski.com'.
2017-02-09 09:04:30.880 23807 INFO nova.scheduler.host_manager [req-e9720948-b1c8-41c4-b44c-e8f6aeebaf1e - - - - -] Successfully synced instances from host 'mysql-002.vassilevski.com'.
2017-02-09 09:05:12.462 23807 INFO nova.scheduler.host_manager [req-7774a66a-fe18-451d-9dd6-01b0ea974b57 - - - - -] Successfully synced instances from host 'mysql-001.vassilevski.com'.
2017-02-09 09:06:34.888 23807 INFO nova.scheduler.host_manager [req-71696156-2486-4f07-964f-339ed4b3a0fc - - - - -] Successfully synced instances from host 'mysql-002.vassilevski.com'.
2017-02-09 09:07:15.467 23807 INFO nova.scheduler.host_manager [req-d02f72ff-1400-4070-ac6f-58c9c79464ae - - - - -] Successfully synced instances from host 'mysql-001.vassilevski.com'.
2017-02-09 09:08:34.887 23807 INFO nova.scheduler.host_manager [req-11a08c15-5d87-4246-b941-e8ac3afa56df - - - - -] Successfully synced instances from host 'mysql-002.vassilevski.com'.
2017-02-09 09:09:16.468 23807 INFO nova.scheduler.host_manager [req-bf49d024-38c8-4508-aefc-5c03aaf34c87 - - - - -] Successfully synced instances from host 'mysql-001.vassilevski.com'.
2017-02-09 09:10:38.885 23807 INFO nova.scheduler.host_manager [req-b622a30b-ed81-4e09-a157-c6e59fef6526 - - - - -] Successfully synced instances from host 'mysql-002.vassilevski.com'.
2017-02-09 09:11:17.519 23807 INFO nova.scheduler.host_manager [req-b94ed73c-a6d2-4280-a547-75d8077bccb5 - - - - -] Successfully synced instances from host 'mysql-001.vassilevski.com'.
2017-02-09 09:12:42.882 23807 INFO nova.scheduler.host_manager [req-ad993e92-65c7-4680-abae-d0fe6d69a2ad - - - - -] Successfully synced instances from host 'mysql-002.vassilevski.com'.
2017-02-09 09:13:19.472 23807 INFO nova.scheduler.host_manager [req-92ac099f-1310-4be9-bcbb-0141e994fdf3 - - - - -] Successfully synced instances from host 'mysql-001.vassilevski.com'.
2017-02-09 09:14:44.884 23807 INFO nova.scheduler.host_manager [req-1ead6583-4484-44c7-ae9b-98548cc7a603 - - - - -] Successfully synced instances from host 'mysql-002.vassilevski.com'.
2017-02-09 09:15:22.471 23807 INFO nova.scheduler.host_manager [req-291bec2a-c3c9-4be9-a275-e125e4ec8302 - - - - -] Successfully synced instances from host 'mysql-001.vassilevski.com'.
2017-02-09 09:16:48.881 23807 INFO nova.scheduler.host_manager [req-6b755194-d5c1-4d25-b95a-684d8753f618 - - - - -] Successfully synced instances from host 'mysql-002.vassilevski.com'.
2017-02-09 09:17:26.465 23807 INFO nova.scheduler.host_manager [req-fc598244-acbb-4d0b-942d-9488906ee1b1 - - - - -] Successfully synced instances from host 'mysql-001.vassilevski.com'.
2017-02-09 09:18:53.883 23807 INFO nova.scheduler.host_manager [req-7ef8ee5f-d14f-41cc-9702-f50a837544a3 - - - - -] Successfully synced instances from host 'mysql-002.vassilevski.com'.
2017-02-09 09:19:30.468 23807 INFO nova.scheduler.host_manager [req-2f8b6952-0b06-4fa6-aeac-0851ab8239d9 - - - - -] Successfully synced instances from host 'mysql-001.vassilevski.com'.
2017-02-09 09:20:58.885 23807 INFO nova.scheduler.host_manager [req-9118c900-d2e5-4d12-9221-ebaffe10052e - - - - -] Successfully synced instances from host 'mysql-002.vassilevski.com'.
2017-02-09 09:21:34.467 23807 INFO nova.scheduler.host_manager [req-72f2f245-10b6-42c8-a621-9b1acd1c002f - - - - -] Successfully synced instances from host 'mysql-001.vassilevski.com'.
2017-02-09 09:22:59.887 23807 INFO nova.scheduler.host_manager [req-1eb0f91b-635c-42fb-9aab-b4350f1393f2 - - - - -] Successfully synced instances from host 'mysql-002.vassilevski.com'.
2017-02-09 09:23:35.463 23807 INFO nova.scheduler.host_manager [req-4dfffc7e-de5e-4260-87cc-fd3bc49aee89 - - - - -] Successfully synced instances from host 'mysql-001.vassilevski.com'.
2017-02-09 09:25:03.897 23807 INFO nova.scheduler.host_manager [req-b349db91-8828-4ffa-b839-b23fba35dc43 - - - - -] Successfully synced instances from host 'mysql-002.vassilevski.com'.
2017-02-09 09:25:37.472 23807 INFO nova.scheduler.host_manager [req-3a5c2b9c-0c05-4991-90ec-9627d03e82eb - - - - -] Successfully synced instances from host 'mysql-001.vassilevski.com'.
2017-02-09 09:27:07.881 23807 INFO nova.scheduler.host_manager [req-1d71af43-5d06-47f5-905c-946826c9381d - - - - -] Successfully synced instances from host 'mysql-002.vassilevski.com'.
2017-02-09 09:27:38.481 23807 INFO nova.scheduler.host_manager [req-b270b6d0-f545-4642-9b50-bf8a0ded080b - - - - -] Successfully synced instances from host 'mysql-001.vassilevski.com'.
2017-02-09 09:29:08.881 23807 INFO nova.scheduler.host_manager [req-6fbc3948-64c9-4f56-8dfb-ae273402975a - - - - -] Successfully synced instances from host 'mysql-002.vassilevski.com'.
2017-02-09 09:29:40.473 23807 INFO nova.scheduler.host_manager [req-0983ce1c-e948-4ee0-a5a3-257462071a60 - - - - -] Successfully synced instances from host 'mysql-001.vassilevski.com'.
2017-02-09 09:31:11.880 23807 INFO nova.scheduler.host_manager [req-b2ee5721-6419-43a5-8c8a-545da04b65ce - - - - -] Successfully synced instances from host 'mysql-002.vassilevski.com'.
2017-02-09 09:31:42.471 23807 INFO nova.scheduler.host_manager [req-0818f0c9-9525-40d5-a20c-4630e5b20bcc - - - - -] Successfully synced instances from host 'mysql-001.vassilevski.com'.
2017-02-09 09:33:11.885 23807 INFO nova.scheduler.host_manager [req-640360d9-d6f6-4022-9086-7128bf18b24e - - - - -] Successfully synced instances from host 'mysql-002.vassilevski.com'.
2017-02-09 09:33:46.469 23807 INFO nova.scheduler.host_manager [req-e1dfa850-0e1d-4995-afb4-df423eb730f2 - - - - -] Successfully synced instances from host 'mysql-001.vassilevski.com'.
2017-02-09 09:35:14.927 23807 INFO nova.scheduler.host_manager [req-ddca4995-2971-425f-a7bf-86f7f28a3d08 - - - - -] Successfully synced instances from host 'mysql-002.vassilevski.com'.
2017-02-09 09:35:49.471 23807 INFO nova.scheduler.host_manager [req-38d6fc8f-04d1-4a66-9779-f1ebedeb4a28 - - - - -] Successfully synced instances from host 'mysql-001.vassilevski.com'.
2017-02-09 09:37:16.879 23807 INFO nova.scheduler.host_manager [req-9211e486-9d38-412e-9e13-365457d6347a - - - - -] Successfully synced instances from host 'mysql-002.vassilevski.com'.
2017-02-09 09:37:49.466 23807 INFO nova.scheduler.host_manager [req-51d8753e-c76f-43e0-b5d6-09607cc53cfe - - - - -] Successfully synced instances from host 'mysql-001.vassilevski.com'.
2017-02-09 09:39:21.880 23807 INFO nova.scheduler.host_manager [req-bc74f974-641e-4885-ba12-57565d3c446c - - - - -] Successfully synced instances from host 'mysql-002.vassilevski.com'.
2017-02-09 09:39:53.462 23807 INFO nova.scheduler.host_manager [req-f100feae-b2c6-4e19-9241-3f59ee6fa9b5 - - - - -] Successfully synced instances from host 'mysql-001.vassilevski.com'.
2017-02-09 09:41:23.878 23807 INFO nova.scheduler.host_manager [req-0cbd3772-76c7-4810-890c-ef6373b8d4d3 - - - - -] Successfully synced instances from host 'mysql-002.vassilevski.com'.
2017-02-09 09:41:56.512 23807 INFO nova.scheduler.host_manager [req-8b5a7cb5-be7b-48f8-80e0-36b995d911c8 - - - - -] Successfully synced instances from host 'mysql-001.vassilevski.com'.
2017-02-09 09:43:23.883 23807 INFO nova.scheduler.host_manager [req-ea0fd857-aacd-4f12-895e-764b3b47bbc7 - - - - -] Successfully synced instances from host 'mysql-002.vassilevski.com'.
2017-02-09 09:43:56.466 23807 INFO nova.scheduler.host_manager [req-137f5ca6-ffd0-4a0f-a1a8-18c3876fc7c2 - - - - -] Successfully synced instances from host 'mysql-001.vassilevski.com'.
2017-02-09 09:45:27.877 23807 INFO nova.scheduler.host_manager [req-a55944bf-1a4b-42f5-9f4b-c8020716d7d1 - - - - -] Successfully synced instances from host 'mysql-002.vassilevski.com'.
2017-02-09 09:46:01.465 23807 INFO nova.scheduler.host_manager [req-ddb7669a-1a1a-4ec2-aaa9-2587c6515b6d - - - - -] Successfully synced instances from host 'mysql-001.vassilevski.com'.
2017-02-09 09:47:27.882 23807 INFO nova.scheduler.host_manager [req-47bf6c0a-3d63-473a-8aa0-c690d259a0c7 - - - - -] Successfully synced instances from host 'mysql-002.vassilevski.com'.
2017-02-09 09:48:02.464 23807 INFO nova.scheduler.host_manager [req-8dafc959-e85e-40e6-b1bd-7ea30dba5d24 - - - - -] Successfully synced instances from host 'mysql-001.vassilevski.com'.
2017-02-09 09:49:28.880 23807 INFO nova.scheduler.host_manager [req-82b7f326-8115-4074-b994-51b4a83f576f - - - - -] Successfully synced instances from host 'mysql-002.vassilevski.com'.
2017-02-09 09:50:04.461 23807 INFO nova.scheduler.host_manager [req-36a8be05-b08b-4f7e-bb62-84124b8ad7d1 - - - - -] Successfully synced instances from host 'mysql-001.vassilevski.com'.
2017-02-09 09:51:30.885 23807 INFO nova.scheduler.host_manager [req-2a9e8c04-ab97-4d8b-ac7e-e287f5c2da93 - - - - -] Successfully synced instances from host 'mysql-002.vassilevski.com'.
2017-02-09 09:52:04.469 23807 INFO nova.scheduler.host_manager [req-520894b5-600d-44dd-a86c-74f2c4af61f3 - - - - -] Successfully synced instances from host 'mysql-001.vassilevski.com'.
2017-02-09 09:53:30.879 23807 INFO nova.scheduler.host_manager [req-2a05de1a-3a9b-47f4-b2b9-f23c50b842be - - - - -] Successfully synced instances from host 'mysql-002.vassilevski.com'.
2017-02-09 09:54:07.469 23807 INFO nova.scheduler.host_manager [req-c3603e3e-1d05-4015-abf3-5b4b51aabf66 - - - - -] Successfully synced instances from host 'mysql-001.vassilevski.com'.
2017-02-09 09:55:31.880 23807 INFO nova.scheduler.host_manager [req-2c726d35-affb-4035-b816-6ce7db27ef67 - - - - -] Successfully synced instances from host 'mysql-002.vassilevski.com'.
2017-02-09 09:56:12.467 23807 INFO nova.scheduler.host_manager [req-9631eaf1-7765-4f38-875a-2cf01ae7eece - - - - -] Successfully synced instances from host 'mysql-001.vassilevski.com'.
2017-02-09 09:57:32.883 23807 INFO nova.scheduler.host_manager [req-eb6433e3-b2eb-43b4-80b3-f7c784f8245e - - - - -] Successfully synced instances from host 'mysql-002.vassilevski.com'.
2017-02-09 09:58:12.468 23807 INFO nova.scheduler.host_manager [req-6d1b0a70-b335-4c3b-bff5-0221ba74c27f - - - - -] Successfully synced instances from host 'mysql-001.vassilevski.com'.
2017-02-09 09:59:37.884 23807 INFO nova.scheduler.host_manager [req-bf3ee564-23f6-4693-ad64-954cb03338d9 - - - - -] Successfully synced instances from host 'mysql-002.vassilevski.com'.
2017-02-09 10:00:13.467 23807 INFO nova.scheduler.host_manager [req-995e8a57-cf0e-40b4-8d08-7b9568b13b00 - - - - -] Successfully synced instances from host 'mysql-001.vassilevski.com'.
2017-02-09 10:01:37.887 23807 INFO nova.scheduler.host_manager [req-ba1e7772-a77a-4514-b20c-2c21d448577c - - - - -] Successfully synced instances from host 'mysql-002.vassilevski.com'.
2017-02-09 10:02:15.517 23807 INFO nova.scheduler.host_manager [req-e1dccd4e-6ac8-49a6-b28c-186b6cc3ed3b - - - - -] Successfully synced instances from host 'mysql-001.vassilevski.com'.
2017-02-09 10:03:42.882 23807 INFO nova.scheduler.host_manager [req-b857d66a-0b16-4048-b1c3-8edf62424d6e - - - - -] Successfully synced instances from host 'mysql-002.vassilevski.com'.
2017-02-09 10:04:16.468 23807 INFO nova.scheduler.host_manager [req-296272c6-5b86-42b5-a5d3-14eef6b26b55 - - - - -] Successfully synced instances from host 'mysql-001.vassilevski.com'.
2017-02-09 10:05:45.879 23807 INFO nova.scheduler.host_manager [req-e61a77d8-5510-4b2f-bfea-f69e080c4550 - - - - -] Successfully synced instances from host 'mysql-002.vassilevski.com'.
2017-02-09 10:06:20.467 23807 INFO nova.scheduler.host_manager [req-6d624226-e861-4ebb-b1b5-b46a588840c6 - - - - -] Successfully synced instances from host 'mysql-001.vassilevski.com'.
2017-02-09 10:07:47.881 23807 INFO nova.scheduler.host_manager [req-bd87236e-f003-4d1b-b194-078af1284f82 - - - - -] Successfully synced instances from host 'mysql-002.vassilevski.com'.
2017-02-09 10:08:20.471 23807 INFO nova.scheduler.host_manager [req-ee931c90-cb18-4319-b8c8-13e70c777511 - - - - -] Successfully synced instances from host 'mysql-001.vassilevski.com'.
2017-02-09 10:09:48.881 23807 INFO nova.scheduler.host_manager [req-e17b7a83-a8a4-42f3-8a1e-455972507e2f - - - - -] Successfully synced instances from host 'mysql-002.vassilevski.com'.
2017-02-09 10:10:22.465 23807 INFO nova.scheduler.host_manager [req-5bc91ff0-e5bb-46e3-988e-d69727c6db46 - - - - -] Successfully synced instances from host 'mysql-001.vassilevski.com'.
2017-02-09 10:11:48.877 23807 INFO nova.scheduler.host_manager [req-91f21bf5-3d78-42f5-855b-7427e7654dac - - - - -] Successfully synced instances from host 'mysql-002.vassilevski.com'.
2017-02-09 10:12:26.468 23807 INFO nova.scheduler.host_manager [req-c3799d7c-c610-41f8-8f26-e305cbc2c6c2 - - - - -] Successfully synced instances from host 'mysql-001.vassilevski.com'.
2017-02-09 10:13:52.881 23807 INFO nova.scheduler.host_manager [req-9dc53e15-39de-4f88-9e7c-7ca896c2ce51 - - - - -] Successfully synced instances from host 'mysql-002.vassilevski.com'.
2017-02-09 10:14:26.469 23807 INFO nova.scheduler.host_manager [req-b8f16bcf-cc93-418d-8622-a6c8c1ac5bb5 - - - - -] Successfully synced instances from host 'mysql-001.vassilevski.com'.
2017-02-09 10:15:56.879 23807 INFO nova.scheduler.host_manager [req-510a2f87-88c2-45f9-8611-6bc5c352e6c6 - - - - -] Successfully synced instances from host 'mysql-002.vassilevski.com'.
2017-02-09 10:16:28.466 23807 INFO nova.scheduler.host_manager [req-63d85b28-a1ba-4a5e-af73-f1b7a312780b - - - - -] Successfully synced instances from host 'mysql-001.vassilevski.com'.
2017-02-09 10:18:01.882 23807 INFO nova.scheduler.host_manager [req-cdb5ae89-f759-4936-9f85-ae6d7a5512d1 - - - - -] Successfully synced instances from host 'mysql-002.vassilevski.com'.
2017-02-09 10:18:33.473 23807 INFO nova.scheduler.host_manager [req-c7adfeb8-e9cc-43e8-a6ee-78f2f84e5270 - - - - -] Successfully synced instances from host 'mysql-001.vassilevski.com'.
2017-02-09 10:20:05.880 23807 INFO nova.scheduler.host_manager [req-4fac6440-2516-4f80-9718-4cc41dac0bb9 - - - - -] Successfully synced instances from host 'mysql-002.vassilevski.com'.
2017-02-09 10:20:33.473 23807 INFO nova.scheduler.host_manager [req-3507d93b-cda0-4f3f-8269-b2b3466e69d5 - - - - -] Successfully synced instances from host 'mysql-001.vassilevski.com'.
2017-02-09 10:22:09.876 23807 INFO nova.scheduler.host_manager [req-6e330319-12b6-44a6-8b8d-79fb5a20c030 - - - - -] Successfully synced instances from host 'mysql-002.vassilevski.com'.
2017-02-09 10:22:38.465 23807 INFO nova.scheduler.host_manager [req-efa25061-a40b-42ce-8f12-8e1fb135a913 - - - - -] Successfully synced instances from host 'mysql-001.vassilevski.com'.
2017-02-09 10:24:13.878 23807 INFO nova.scheduler.host_manager [req-30d42e58-4225-4bd1-9f85-0e426108f349 - - - - -] Successfully synced instances from host 'mysql-002.vassilevski.com'.
2017-02-09 10:24:39.469 23807 INFO nova.scheduler.host_manager [req-fd8b0080-c4a8-4cda-82ee-156fe9d79cbe - - - - -] Successfully synced instances from host 'mysql-001.vassilevski.com'.
2017-02-09 10:26:18.880 23807 INFO nova.scheduler.host_manager [req-24b341fa-e980-443f-a358-9efa17f90c85 - - - - -] Successfully synced instances from host 'mysql-002.vassilevski.com'.
2017-02-09 10:26:44.493 23807 INFO nova.scheduler.host_manager [req-56d9b05c-db06-435a-89a0-d8016f4bc82a - - - - -] Successfully synced instances from host 'mysql-001.vassilevski.com'.
2017-02-09 10:28:23.882 23807 INFO nova.scheduler.host_manager [req-06a8ba5b-8c25-4c1b-b45a-e8c802bc18e2 - - - - -] Successfully synced instances from host 'mysql-002.vassilevski.com'.
2017-02-09 10:28:46.466 23807 INFO nova.scheduler.host_manager [req-23c35013-57eb-438b-8ffd-5f3e1e629203 - - - - -] Successfully synced instances from host 'mysql-001.vassilevski.com'.
2017-02-09 10:30:25.881 23807 INFO nova.scheduler.host_manager [req-5c786327-413b-4148-a3ef-17242c880b34 - - - - -] Successfully synced instances from host 'mysql-002.vassilevski.com'.
2017-02-09 10:30:48.469 23807 INFO nova.scheduler.host_manager [req-b0cb52c0-8338-40f9-9e26-1f6a7b45f5c4 - - - - -] Successfully synced instances from host 'mysql-001.vassilevski.com'.
2017-02-09 10:32:29.879 23807 INFO nova.scheduler.host_manager [req-8583378e-5b81-4254-8a38-630d1485ee9b - - - - -] Successfully synced instances from host 'mysql-002.vassilevski.com'.
2017-02-09 10:32:53.494 23807 INFO nova.scheduler.host_manager [req-7bb1dfb6-0188-41bc-b2d2-8149e10e391a - - - - -] Successfully synced instances from host 'mysql-001.vassilevski.com'.
2017-02-09 10:34:29.877 23807 INFO nova.scheduler.host_manager [req-a1cf0c22-74f8-4bc3-ad1d-21e015cf9e80 - - - - -] Successfully synced instances from host 'mysql-002.vassilevski.com'.
2017-02-09 10:34:53.467 23807 INFO nova.scheduler.host_manager [req-fc156cad-dd07-4041-b0d2-6a7aad1ce11d - - - - -] Successfully synced instances from host 'mysql-001.vassilevski.com'.
2017-02-09 10:36:34.903 23807 INFO nova.scheduler.host_manager [req-e142beb4-695d-4b04-9be3-caa13529ece3 - - - - -] Successfully synced instances from host 'mysql-002.vassilevski.com'.
2017-02-09 10:36:56.469 23807 INFO nova.scheduler.host_manager [req-b56e7756-bf00-4023-a771-a9f69a8df2d6 - - - - -] Successfully synced instances from host 'mysql-001.vassilevski.com'.
2017-02-09 10:38:38.881 23807 INFO nova.scheduler.host_manager [req-69ea2290-f169-41ef-bcbc-88ae9744d627 - - - - -] Successfully synced instances from host 'mysql-002.vassilevski.com'.
2017-02-09 10:38:59.465 23807 INFO nova.scheduler.host_manager [req-f946e0df-6e0d-4492-a37e-a51429dafdd6 - - - - -] Successfully synced instances from host 'mysql-001.vassilevski.com'.
2017-02-09 10:40:42.879 23807 INFO nova.scheduler.host_manager [req-6d4151bf-28d9-4ff6-9713-b1a05d578313 - - - - -] Successfully synced instances from host 'mysql-002.vassilevski.com'.
2017-02-09 10:41:00.464 23807 INFO nova.scheduler.host_manager [req-25fc7146-f13f-42ef-ae88-74ed223f42aa - - - - -] Successfully synced instances from host 'mysql-001.vassilevski.com'.
2017-02-09 10:42:46.879 23807 INFO nova.scheduler.host_manager [req-437762aa-0d8d-4329-9970-1f231975910c - - - - -] Successfully synced instances from host 'mysql-002.vassilevski.com'.
2017-02-09 10:43:04.466 23807 INFO nova.scheduler.host_manager [req-34787768-5264-48c2-ab48-11731d1090fe - - - - -] Successfully synced instances from host 'mysql-001.vassilevski.com'.
2017-02-09 10:44:49.876 23807 INFO nova.scheduler.host_manager [req-b1f19f6e-da89-471c-bbcf-9baa39ff4d02 - - - - -] Successfully synced instances from host 'mysql-002.vassilevski.com'.
2017-02-09 10:45:04.467 23807 INFO nova.scheduler.host_manager [req-13b4e93a-903f-4376-8a5e-52c1e8f62241 - - - - -] Successfully synced instances from host 'mysql-001.vassilevski.com'.
2017-02-09 10:46:49.882 23807 INFO nova.scheduler.host_manager [req-0b6e52b4-d50c-4ce5-8d84-bb38723cdaf9 - - - - -] Successfully synced instances from host 'mysql-002.vassilevski.com'.
2017-02-09 10:47:06.467 23807 INFO nova.scheduler.host_manager [req-79f82dc4-8ea2-486a-804c-050b82c13525 - - - - -] Successfully synced instances from host 'mysql-001.vassilevski.com'.
2017-02-09 10:49:06.468 23807 INFO nova.scheduler.host_manager [req-f5c171da-3b36-429f-9ae2-d6e89602e848 - - - - -] Successfully synced instances from host 'mysql-001.vassilevski.com'.
2017-02-09 10:51:08.467 23807 INFO nova.scheduler.host_manager [req-be494ef9-136c-462d-ace9-caf247e82987 - - - - -] Successfully synced instances from host 'mysql-001.vassilevski.com'.
2017-02-09 10:53:08.468 23807 INFO nova.scheduler.host_manager [req-2274cb09-de3b-48c2-8302-6a7e065e115f - - - - -] Successfully synced instances from host 'mysql-001.vassilevski.com'.
2017-02-09 10:55:13.468 23807 INFO nova.scheduler.host_manager [req-f558d11d-4af1-44ef-b881-889594b418db - - - - -] Successfully synced instances from host 'mysql-001.vassilevski.com'.
2017-02-09 10:57:17.461 23807 INFO nova.scheduler.host_manager [req-4bf875f6-8c65-473f-8382-80e144acb560 - - - - -] Successfully synced instances from host 'mysql-001.vassilevski.com'.
2017-02-09 10:59:22.468 23807 INFO nova.scheduler.host_manager [req-1f28e717-4e0a-4795-b3af-6d2f1c1f4331 - - - - -] Successfully synced instances from host 'mysql-001.vassilevski.com'.
2017-02-09 11:01:26.468 23807 INFO nova.scheduler.host_manager [req-9f95fe8e-c267-4554-97fb-3f1739c114e6 - - - - -] Successfully synced instances from host 'mysql-001.vassilevski.com'.
2017-02-09 11:03:26.467 23807 INFO nova.scheduler.host_manager [req-3a5df8b0-7143-4037-9192-b5d1677a7f79 - - - - -] Successfully synced instances from host 'mysql-001.vassilevski.com'.
2017-02-09 11:05:29.466 23807 INFO nova.scheduler.host_manager [req-49069ff8-5a83-4d88-9bb6-8bb47482844f - - - - -] Successfully synced instances from host 'mysql-001.vassilevski.com'.
2017-02-09 11:07:34.464 23807 INFO nova.scheduler.host_manager [req-b17a4e92-9fe2-4cce-a510-69be39a5fe15 - - - - -] Successfully synced instances from host 'mysql-001.vassilevski.com'.
2017-02-09 11:09:37.466 23807 INFO nova.scheduler.host_manager [req-8802ee7f-6e7d-4a87-b65e-e668d118ebeb - - - - -] Successfully synced instances from host 'mysql-001.vassilevski.com'.
2017-02-09 11:11:41.467 23807 INFO nova.scheduler.host_manager [req-21b26059-dafd-4415-abcf-c2c92ad1d24c - - - - -] Successfully synced instances from host 'mysql-001.vassilevski.com'.
2017-02-09 11:13:43.471 23807 INFO nova.scheduler.host_manager [req-e3873e13-b0a5-46b3-9f0b-e972006ecae5 - - - - -] Successfully synced instances from host 'mysql-001.vassilevski.com'.
2017-02-09 11:15:48.464 23807 INFO nova.scheduler.host_manager [req-4eb7c6f9-503e-43da-8f1c-b19cda72db26 - - - - -] Successfully synced instances from host 'mysql-001.vassilevski.com'.
2017-02-09 11:17:53.470 23807 INFO nova.scheduler.host_manager [req-79bca575-4b3e-450c-b8fa-905c7537dea2 - - - - -] Successfully synced instances from host 'mysql-001.vassilevski.com'.
2017-02-09 11:19:55.467 23807 INFO nova.scheduler.host_manager [req-371c6b6f-dd38-4cd6-ba55-f2c7fe95a4c5 - - - - -] Successfully synced instances from host 'mysql-001.vassilevski.com'.
2017-02-09 11:21:56.471 23807 INFO nova.scheduler.host_manager [req-c7c19c2d-ee6a-468d-b517-a7828354baae - - - - -] Successfully synced instances from host 'mysql-001.vassilevski.com'.
2017-02-09 11:23:58.468 23807 INFO nova.scheduler.host_manager [req-8353dabd-5ae3-4bfc-b5a1-e5a4b791bc08 - - - - -] Successfully synced instances from host 'mysql-001.vassilevski.com'.
2017-02-09 11:25:59.464 23807 INFO nova.scheduler.host_manager [req-1d156355-d834-4a11-8d82-ee9752a6dc68 - - - - -] Successfully synced instances from host 'mysql-001.vassilevski.com'.
2017-02-09 11:28:01.465 23807 INFO nova.scheduler.host_manager [req-9215833b-8c44-49c9-a004-11df1a0a2e66 - - - - -] Successfully synced instances from host 'mysql-001.vassilevski.com'.
2017-02-09 11:30:02.470 23807 INFO nova.scheduler.host_manager [req-e64c7197-110f-4461-b3b8-9298f8c13e13 - - - - -] Successfully synced instances from host 'mysql-001.vassilevski.com'.
2017-02-09 11:32:07.470 23807 INFO nova.scheduler.host_manager [req-24e06ef0-7914-4e3e-b4f5-1a52e46b422b - - - - -] Successfully synced instances from host 'mysql-001.vassilevski.com'.
2017-02-09 11:34:08.469 23807 INFO nova.scheduler.host_manager [req-18e56ee2-d61f-4a2c-a5db-9bbafacf9ed8 - - - - -] Successfully synced instances from host 'mysql-001.vassilevski.com'.
2017-02-09 11:36:11.470 23807 INFO nova.scheduler.host_manager [req-03ec0e5d-acf2-4aae-9661-5b14fd5a55cb - - - - -] Successfully synced instances from host 'mysql-001.vassilevski.com'.
2017-02-09 11:38:15.465 23807 INFO nova.scheduler.host_manager [req-7f673d9d-8e3b-4b40-ad16-a056c7780cb7 - - - - -] Successfully synced instances from host 'mysql-001.vassilevski.com'.
2017-02-09 11:40:17.472 23807 INFO nova.scheduler.host_manager [req-0cf6b30c-91a9-47f4-a195-5ed13a0b1c16 - - - - -] Successfully synced instances from host 'mysql-001.vassilevski.com'.
2017-02-09 11:42:20.465 23807 INFO nova.scheduler.host_manager [req-5116e764-fd34-44fe-960c-16833d141d1b - - - - -] Successfully synced instances from host 'mysql-001.vassilevski.com'.
2017-02-09 11:44:23.463 23807 INFO nova.scheduler.host_manager [req-616e656e-6cc3-45cc-8d7a-722e9d7ca7ab - - - - -] Successfully synced instances from host 'mysql-001.vassilevski.com'.
2017-02-09 11:46:25.465 23807 INFO nova.scheduler.host_manager [req-6c9c9b51-fe43-44c1-acd9-b00c369c0a2a - - - - -] Successfully synced instances from host 'mysql-001.vassilevski.com'.
2017-02-09 11:48:28.462 23807 INFO nova.scheduler.host_manager [req-c831ad1c-caa1-442b-86cb-e3fd7a38d9c7 - - - - -] Successfully synced instances from host 'mysql-001.vassilevski.com'.
2017-02-09 11:50:29.465 23807 INFO nova.scheduler.host_manager [req-a81600c6-421c-48c6-8915-d309e9b1cc3f - - - - -] Successfully synced instances from host 'mysql-001.vassilevski.com'.
2017-02-09 11:52:29.466 23807 INFO nova.scheduler.host_manager [req-e285ec9e-3b86-4263-a0c4-0e8fc6ec27d6 - - - - -] Successfully synced instances from host 'mysql-001.vassilevski.com'.
2017-02-09 11:54:29.485 23807 INFO nova.scheduler.host_manager [req-5c90d034-dd8b-42c8-a0f8-da6c78c7ba69 - - - - -] Successfully synced instances from host 'mysql-001.vassilevski.com'.
2017-02-09 11:56:30.465 23807 INFO nova.scheduler.host_manager [req-130c439a-a37d-4b18-b229-f76b33437caf - - - - -] Successfully synced instances from host 'mysql-001.vassilevski.com'.
2017-02-09 11:58:30.469 23807 INFO nova.scheduler.host_manager [req-88a757e4-0b13-460a-8613-f80e548c9be6 - - - - -] Successfully synced instances from host 'mysql-001.vassilevski.com'.
2017-02-09 12:00:31.471 23807 INFO nova.scheduler.host_manager [req-f1017ba3-d3b8-4e50-9b4a-33621ef4d063 - - - - -] Successfully synced instances from host 'mysql-001.vassilevski.com'.
2017-02-09 12:02:31.467 23807 INFO nova.scheduler.host_manager [req-12c2fe93-3805-4226-839b-fb9e8e206d75 - - - - -] Successfully synced instances from host 'mysql-001.vassilevski.com'.
2017-02-09 12:04:33.470 23807 INFO nova.scheduler.host_manager [req-759c7dff-8180-42fe-b464-63b98c4b7bb7 - - - - -] Successfully synced instances from host 'mysql-001.vassilevski.com'.
2017-02-09 12:06:34.468 23807 INFO nova.scheduler.host_manager [req-d968291a-42a9-4db1-ba43-e7d16d6b4063 - - - - -] Successfully synced instances from host 'mysql-001.vassilevski.com'.
2017-02-09 12:08:39.460 23807 INFO nova.scheduler.host_manager [req-bcad2fda-16c7-47c0-9246-b83cf0946771 - - - - -] Successfully synced instances from host 'mysql-001.vassilevski.com'.
2017-02-09 12:10:44.467 23807 INFO nova.scheduler.host_manager [req-41257ef5-1a8d-4c2d-9bf8-9699e9ae5a91 - - - - -] Successfully synced instances from host 'mysql-001.vassilevski.com'.
2017-02-09 12:12:44.465 23807 INFO nova.scheduler.host_manager [req-8eefe4eb-885f-439a-98f9-7279b41cf866 - - - - -] Successfully synced instances from host 'mysql-001.vassilevski.com'.
2017-02-09 12:14:49.469 23807 INFO nova.scheduler.host_manager [req-84251eed-91df-4faf-b991-da085425adfe - - - - -] Successfully synced instances from host 'mysql-001.vassilevski.com'.
2017-02-09 12:16:49.466 23807 INFO nova.scheduler.host_manager [req-45925588-35a9-4d95-8d28-d02a24437ed9 - - - - -] Successfully synced instances from host 'mysql-001.vassilevski.com'.
2017-02-09 12:18:49.470 23807 INFO nova.scheduler.host_manager [req-6f3a3347-51ca-42d1-b167-6189243602ba - - - - -] Successfully synced instances from host 'mysql-001.vassilevski.com'.
2017-02-09 12:20:53.473 23807 INFO nova.scheduler.host_manager [req-1edd38b6-7324-48bb-b06d-fc822e05715f - - - - -] Successfully synced instances from host 'mysql-001.vassilevski.com'.
2017-02-09 12:22:56.470 23807 INFO nova.scheduler.host_manager [req-36b80812-0a14-4828-aac8-01c18e2653bb - - - - -] Successfully synced instances from host 'mysql-001.vassilevski.com'.
2017-02-09 12:25:00.466 23807 INFO nova.scheduler.host_manager [req-2ec2b5af-3507-4cb3-a46e-dfca0f20900f - - - - -] Successfully synced instances from host 'mysql-001.vassilevski.com'.
2017-02-09 12:27:00.467 23807 INFO nova.scheduler.host_manager [req-9abe27a7-2dad-43a2-bd9c-6bca9db3af8a - - - - -] Successfully synced instances from host 'mysql-001.vassilevski.com'.
2017-02-09 12:29:00.466 23807 INFO nova.scheduler.host_manager [req-8de1ee4a-cd1b-4520-9456-c135f8018ccf - - - - -] Successfully synced instances from host 'mysql-001.vassilevski.com'.
2017-02-09 12:31:04.465 23807 INFO nova.scheduler.host_manager [req-759aefc0-77ea-4e77-8e7f-4452dba501c7 - - - - -] Successfully synced instances from host 'mysql-001.vassilevski.com'.
2017-02-09 12:33:06.471 23807 INFO nova.scheduler.host_manager [req-67fb6174-8db7-431f-8675-26f7f9a3c973 - - - - -] Successfully synced instances from host 'mysql-001.vassilevski.com'.
2017-02-09 12:35:10.470 23807 INFO nova.scheduler.host_manager [req-4576195e-a775-40b7-8b57-6cf4d8cc4008 - - - - -] Successfully synced instances from host 'mysql-001.vassilevski.com'.
2017-02-09 12:37:15.468 23807 INFO nova.scheduler.host_manager [req-82d436c3-2eba-4875-9da0-b08e3afd1834 - - - - -] Successfully synced instances from host 'mysql-001.vassilevski.com'.
2017-02-09 12:39:20.466 23807 INFO nova.scheduler.host_manager [req-8eebd783-4e35-4c34-aa15-4ffd7dce46c5 - - - - -] Successfully synced instances from host 'mysql-001.vassilevski.com'.
2017-02-09 12:41:24.180 23807 INFO nova.scheduler.host_manager [req-0fe5106c-1ba6-4c16-b748-06454d399db8 - - - - -] Successfully synced instances from host 'mysql-001.vassilevski.com'.
2017-02-09 12:43:27.465 23807 INFO nova.scheduler.host_manager [req-e1b2d294-eeac-4220-b84c-c3d81429b306 - - - - -] Successfully synced instances from host 'mysql-001.vassilevski.com'.
2017-02-09 12:45:31.464 23807 INFO nova.scheduler.host_manager [req-682c7d53-1f2a-4880-9585-8043c167e113 - - - - -] Successfully synced instances from host 'mysql-001.vassilevski.com'.
2017-02-09 12:47:32.471 23807 INFO nova.scheduler.host_manager [req-2747d721-4915-451d-b0a3-806b3a8e9936 - - - - -] Successfully synced instances from host 'mysql-001.vassilevski.com'.
2017-02-09 12:49:36.468 23807 INFO nova.scheduler.host_manager [req-4eb1f886-f9b1-4ab6-b581-8fcb8b7d541f - - - - -] Successfully synced instances from host 'mysql-001.vassilevski.com'.
2017-02-09 12:51:36.469 23807 INFO nova.scheduler.host_manager [req-5c58e84a-bf9a-48ea-b46f-90adca1bee11 - - - - -] Successfully synced instances from host 'mysql-001.vassilevski.com'.
2017-02-09 12:53:40.466 23807 INFO nova.scheduler.host_manager [req-6aedb508-be7d-44b0-ad42-4ec4970de379 - - - - -] Successfully synced instances from host 'mysql-001.vassilevski.com'.
2017-02-09 12:55:43.474 23807 INFO nova.scheduler.host_manager [req-3c683a9d-5648-4dca-9470-2d85fe888e26 - - - - -] Successfully synced instances from host 'mysql-001.vassilevski.com'.
2017-02-09 12:57:43.469 23807 INFO nova.scheduler.host_manager [req-1ea05b1e-e81e-4c61-9e12-dba2d5ac9bb3 - - - - -] Successfully synced instances from host 'mysql-001.vassilevski.com'.
2017-02-09 12:59:48.465 23807 INFO nova.scheduler.host_manager [req-cf9471b8-aa30-4da8-8261-c9c6b2d3875c - - - - -] Successfully synced instances from host 'mysql-001.vassilevski.com'.
2017-02-09 13:01:53.473 23807 INFO nova.scheduler.host_manager [req-ded0aa59-dc70-4a03-9e39-0e54b386dbe5 - - - - -] Successfully synced instances from host 'mysql-001.vassilevski.com'.
2017-02-09 13:03:56.468 23807 INFO nova.scheduler.host_manager [req-47f397af-d96c-4024-abe8-da84466ba666 - - - - -] Successfully synced instances from host 'mysql-001.vassilevski.com'.
2017-02-09 13:06:01.465 23807 INFO nova.scheduler.host_manager [req-52d787a5-0a26-4252-a34d-165c24ba417d - - - - -] Successfully synced instances from host 'mysql-001.vassilevski.com'.
2017-02-09 13:08:01.462 23807 INFO nova.scheduler.host_manager [req-c31f77b5-19e3-4edc-a511-210a4260148f - - - - -] Successfully synced instances from host 'mysql-001.vassilevski.com'.
2017-02-09 13:10:06.467 23807 INFO nova.scheduler.host_manager [req-9ab44abd-4036-46ac-a9af-0ee36f7a3aa6 - - - - -] Successfully synced instances from host 'mysql-001.vassilevski.com'.
2017-02-09 13:12:09.468 23807 INFO nova.scheduler.host_manager [req-d43ce41a-680b-4047-9d59-73f99877d238 - - - - -] Successfully synced instances from host 'mysql-001.vassilevski.com'.
2017-02-09 13:14:12.469 23807 INFO nova.scheduler.host_manager [req-86b9a31f-72e8-42ef-90f3-bfe8024db9fc - - - - -] Successfully synced instances from host 'mysql-001.vassilevski.com'.
2017-02-09 13:16:14.487 23807 INFO nova.scheduler.host_manager [req-68d72ea8-228a-40b1-bcaa-7d23df8a3c7c - - - - -] Successfully synced instances from host 'mysql-001.vassilevski.com'.
2017-02-09 13:18:16.466 23807 INFO nova.scheduler.host_manager [req-fb95feca-3d50-4615-9421-febeec7b9db0 - - - - -] Successfully synced instances from host 'mysql-001.vassilevski.com'.
2017-02-09 13:20:17.466 23807 INFO nova.scheduler.host_manager [req-8605a247-95eb-4b31-a0fd-f1faaf917b1b - - - - -] Successfully synced instances from host 'mysql-001.vassilevski.com'.
2017-02-09 13:22:18.465 23807 INFO nova.scheduler.host_manager [req-d319349f-326c-4538-bff8-f4366636cfe4 - - - - -] Successfully synced instances from host 'mysql-001.vassilevski.com'.
2017-02-09 13:24:18.473 23807 INFO nova.scheduler.host_manager [req-4657f0c7-8e09-4a83-aabc-869231274571 - - - - -] Successfully synced instances from host 'mysql-001.vassilevski.com'.
2017-02-09 13:35:09.343 23016 WARNING oslo_reports.guru_meditation_report [-] Guru meditation now registers SIGUSR1 and SIGUSR2 by default for backward compatibility. SIGUSR1 will no longer be registered in a future release, so please use SIGUSR2 to generate reports.
2017-02-09 13:35:09.369 23016 WARNING oslo_db.sqlalchemy.engines [req-b19b2ed8-e31c-45ca-925d-135d02e19c0d - - - - -] SQL connection failed. 10 attempts left.
2017-02-09 13:35:19.980 23016 INFO nova.service [-] Starting scheduler node (version 14.0.2-1.el7)
2017-02-09 13:37:19.233 23016 INFO nova.scheduler.host_manager [req-0b81a927-7c05-479a-9d52-e03a52c9d2c6 - - - - -] Successfully synced instances from host 'mysql-001.vassilevski.com'.
2017-02-09 13:39:13.444 23016 INFO nova.scheduler.host_manager [req-dc766669-5b65-48d1-a8d3-b9dc256c0468 - - - - -] Successfully synced instances from host 'mysql-001.vassilevski.com'.
2017-02-09 13:41:16.328 23016 INFO nova.scheduler.host_manager [req-416a6ac2-44ca-4295-8e86-b509e4c19016 - - - - -] Successfully synced instances from host 'mysql-001.vassilevski.com'.
2017-02-09 14:00:03.445 30518 WARNING oslo_reports.guru_meditation_report [-] Guru meditation now registers SIGUSR1 and SIGUSR2 by default for backward compatibility. SIGUSR1 will no longer be registered in a future release, so please use SIGUSR2 to generate reports.
2017-02-09 14:00:03.764 30518 INFO nova.service [-] Starting scheduler node (version 14.0.2-1.el7)
2017-02-09 14:01:34.173 30518 INFO nova.scheduler.host_manager [req-94fc1ed3-aed1-420b-8854-a17ea61dedb9 - - - - -] Received an update from an unknown host 'mysql-002.vassilevski.com'. Re-created its InstanceList.
2017-02-09 14:02:13.079 30518 INFO nova.scheduler.host_manager [req-4a206e61-cacb-4b1c-95ed-1f761ace6d0f - - - - -] Successfully synced instances from host 'mysql-001.vassilevski.com'.
2017-02-09 14:03:33.757 30518 INFO nova.scheduler.host_manager [req-38e9a217-7c41-439a-baeb-9799409c9ee0 - - - - -] Successfully synced instances from host 'mysql-002.vassilevski.com'.
2017-02-09 14:04:05.411 30518 INFO nova.scheduler.host_manager [req-0e49353a-7ec1-4ad0-aa9a-c9711f0ffbce - - - - -] Successfully synced instances from host 'mysql-001.vassilevski.com'.
2017-02-09 14:05:38.688 30518 INFO nova.scheduler.host_manager [req-f8d44be5-b8f5-497b-90b6-12eea62863db - - - - -] Successfully synced instances from host 'mysql-002.vassilevski.com'.
2017-02-09 14:06:10.171 30518 INFO nova.scheduler.host_manager [req-4cb9fbc9-6de3-439f-ab56-23023976b95c - - - - -] Successfully synced instances from host 'mysql-001.vassilevski.com'.
2017-02-09 14:07:40.683 30518 INFO nova.scheduler.host_manager [req-8c023f91-bdb7-4af5-94be-46e6e77e67bc - - - - -] Successfully synced instances from host 'mysql-002.vassilevski.com'.
2017-02-09 14:08:11.430 30518 INFO nova.scheduler.host_manager [req-21f2dc6b-074d-4686-8611-8f89c1b8a937 - - - - -] Successfully synced instances from host 'mysql-001.vassilevski.com'.
2017-02-09 14:10:15.434 30518 INFO nova.scheduler.host_manager [req-7af91e7e-1890-497a-ad84-f4e498e05edc - - - - -] Successfully synced instances from host 'mysql-001.vassilevski.com'.
2017-02-09 14:12:15.437 30518 INFO nova.scheduler.host_manager [req-83dec6a8-d4e3-4207-8f70-46e8230f7761 - - - - -] Successfully synced instances from host 'mysql-001.vassilevski.com'.
2017-02-09 14:14:15.488 30518 ERROR oslo.messaging._drivers.impl_rabbit [-] [0fc976b8-d2ed-4e46-8b8f-fc8751a71323] AMQP server on mysql-001.vassilevski.com:5672 is unreachable: Too many heartbeats missed. Trying again in 1 seconds. Client port: 41274
2017-02-09 14:15:16.570 30518 INFO oslo.messaging._drivers.impl_rabbit [-] [0fc976b8-d2ed-4e46-8b8f-fc8751a71323] Reconnected to AMQP server on mysql-001.vassilevski.com:5672 via [amqp] clientwith port 38970.
2017-02-09 14:16:31.117 35671 WARNING oslo_reports.guru_meditation_report [-] Guru meditation now registers SIGUSR1 and SIGUSR2 by default for backward compatibility. SIGUSR1 will no longer be registered in a future release, so please use SIGUSR2 to generate reports.
2017-02-09 14:16:31.594 35671 INFO nova.service [-] Starting scheduler node (version 14.0.2-1.el7)
2017-02-09 14:18:35.894 35671 INFO nova.scheduler.host_manager [req-7e1f1eb4-0fa7-4f45-840c-0e931363c9d0 - - - - -] Successfully synced instances from host 'mysql-001.vassilevski.com'.
2017-02-09 14:19:07.345 35671 INFO nova.scheduler.host_manager [req-d86402a3-105c-48b9-9d41-2075e1ca215b - - - - -] Received a sync request from an unknown host 'mysql-002.vassilevski.com'. Re-created its InstanceList.
2017-02-09 14:20:33.487 35671 INFO nova.scheduler.host_manager [req-63d69492-0b12-47b6-b6b0-cee0b2db14a0 - - - - -] Successfully synced instances from host 'mysql-001.vassilevski.com'.
2017-02-09 14:22:37.775 35671 INFO nova.scheduler.host_manager [req-688750b0-450b-4575-add2-feefa543064c - - - - -] Successfully synced instances from host 'mysql-001.vassilevski.com'.
2017-02-09 14:22:56.951 35671 INFO nova.scheduler.host_manager [req-f5cc5fa9-c986-4b75-937c-01f47a57b401 - - - - -] Successfully synced instances from host 'mysql-002.vassilevski.com'.
2017-02-09 14:24:42.748 35671 INFO nova.scheduler.host_manager [req-3149b2bd-e560-42ed-a886-5bfdc2ccc896 - - - - -] Successfully synced instances from host 'mysql-001.vassilevski.com'.
2017-02-09 14:24:57.946 35671 INFO nova.scheduler.host_manager [req-97be35d2-1fbf-4df1-bb41-beec414abac9 - - - - -] Successfully synced instances from host 'mysql-002.vassilevski.com'.
2017-02-09 14:26:46.779 35671 INFO nova.scheduler.host_manager [req-844741f6-dadc-434a-b716-32b64ca01b7b - - - - -] Successfully synced instances from host 'mysql-001.vassilevski.com'.
2017-02-09 14:27:02.946 35671 INFO nova.scheduler.host_manager [req-1439fc86-dba7-4822-8fde-91f290db7a73 - - - - -] Successfully synced instances from host 'mysql-002.vassilevski.com'.
2017-02-09 14:28:46.751 35671 INFO nova.scheduler.host_manager [req-e5c62d13-1d51-4be1-88e1-1022dc312fb9 - - - - -] Successfully synced instances from host 'mysql-001.vassilevski.com'.
2017-02-09 14:29:02.982 35671 INFO nova.scheduler.host_manager [req-15c94dde-e5ad-4b29-a416-756f9a0dbbf6 - - - - -] Successfully synced instances from host 'mysql-002.vassilevski.com'.
2017-02-09 14:30:50.742 35671 INFO nova.scheduler.host_manager [req-d86369a6-0562-4b0e-b50c-d32664772628 - - - - -] Successfully synced instances from host 'mysql-001.vassilevski.com'.
2017-02-09 14:31:03.958 35671 INFO nova.scheduler.host_manager [req-0a61656b-f310-4169-80eb-5d5a329cf2b5 - - - - -] Successfully synced instances from host 'mysql-002.vassilevski.com'.
2017-02-09 14:32:52.749 35671 INFO nova.scheduler.host_manager [req-b86ef1bd-a577-485d-ac31-bdda13c96905 - - - - -] Successfully synced instances from host 'mysql-001.vassilevski.com'.
2017-02-09 14:33:06.947 35671 INFO nova.scheduler.host_manager [req-5cd0eb77-c840-4934-95e0-f6b08458bc8d - - - - -] Successfully synced instances from host 'mysql-002.vassilevski.com'.
2017-02-09 14:34:54.753 35671 INFO nova.scheduler.host_manager [req-09c543df-6be7-447c-8cd7-3d44c7ff1c7f - - - - -] Successfully synced instances from host 'mysql-001.vassilevski.com'.
2017-02-09 14:35:10.953 35671 INFO nova.scheduler.host_manager [req-2194f4d9-d049-4680-a29f-c54a5847d6c3 - - - - -] Successfully synced instances from host 'mysql-002.vassilevski.com'.
2017-02-09 14:36:59.770 35671 INFO nova.scheduler.host_manager [req-21b73d63-3c1c-49c3-b565-51780976bb63 - - - - -] Successfully synced instances from host 'mysql-001.vassilevski.com'.
2017-02-09 14:37:14.946 35671 INFO nova.scheduler.host_manager [req-4a883e19-e724-4831-964c-05937c6320a2 - - - - -] Successfully synced instances from host 'mysql-002.vassilevski.com'.
2017-02-09 14:39:00.745 35671 INFO nova.scheduler.host_manager [req-253fca3e-421c-49dd-b327-211c0151261a - - - - -] Successfully synced instances from host 'mysql-001.vassilevski.com'.
2017-02-09 14:39:16.946 35671 INFO nova.scheduler.host_manager [req-2e7edef0-9768-4ab1-885e-81ebfcf3ac0a - - - - -] Successfully synced instances from host 'mysql-002.vassilevski.com'.
2017-02-09 14:41:03.745 35671 INFO nova.scheduler.host_manager [req-c9fa2168-70af-4719-89e2-21038b81485c - - - - -] Successfully synced instances from host 'mysql-001.vassilevski.com'.
2017-02-09 14:41:16.946 35671 INFO nova.scheduler.host_manager [req-de1b23f3-f172-4233-bd55-cbb612cfa6a7 - - - - -] Successfully synced instances from host 'mysql-002.vassilevski.com'.
2017-02-09 14:43:03.746 35671 INFO nova.scheduler.host_manager [req-62fe4323-1a76-4f07-bbc2-cf3d0c348daa - - - - -] Successfully synced instances from host 'mysql-001.vassilevski.com'.
2017-02-09 14:43:19.944 35671 INFO nova.scheduler.host_manager [req-92918d44-c620-4374-aefd-0a1191fa5565 - - - - -] Successfully synced instances from host 'mysql-002.vassilevski.com'.
2017-02-09 14:45:05.752 35671 INFO nova.scheduler.host_manager [req-77d2553e-63fa-43e5-a218-707b94704215 - - - - -] Successfully synced instances from host 'mysql-001.vassilevski.com'.
2017-02-09 14:45:23.945 35671 INFO nova.scheduler.host_manager [req-fc56f8ae-169e-4c0d-87b6-61a7a09f141c - - - - -] Successfully synced instances from host 'mysql-002.vassilevski.com'.
2017-02-09 14:47:06.742 35671 INFO nova.scheduler.host_manager [req-bca0ffda-2200-404f-aaef-e337aabaae6a - - - - -] Successfully synced instances from host 'mysql-001.vassilevski.com'.
2017-02-09 14:47:24.089 35671 INFO nova.scheduler.host_manager [req-4903b4ef-6c4e-4c48-8018-49c1fdd2084a - - - - -] Successfully synced instances from host 'mysql-002.vassilevski.com'.
2017-02-09 14:49:10.749 35671 INFO nova.scheduler.host_manager [req-a767a63b-4b93-44c3-9079-b17112c8241c - - - - -] Successfully synced instances from host 'mysql-001.vassilevski.com'.
2017-02-09 14:49:23.942 35671 INFO nova.scheduler.host_manager [req-ff257945-a333-4ad7-8706-872be80fe471 - - - - -] Successfully synced instances from host 'mysql-002.vassilevski.com'.
2017-02-09 14:51:10.746 35671 INFO nova.scheduler.host_manager [req-04d04c27-13cc-4215-aeea-46da923d7add - - - - -] Successfully synced instances from host 'mysql-001.vassilevski.com'.
2017-02-09 14:51:24.133 35671 INFO nova.scheduler.host_manager [req-763ccd5f-86eb-4278-9653-effc9812bed1 - - - - -] Successfully synced instances from host 'mysql-002.vassilevski.com'.
2017-02-09 14:53:11.624 35671 INFO nova.scheduler.host_manager [req-e00d08fa-5dae-437a-97fd-07b86412214c - - - - -] Successfully synced instances from host 'mysql-001.vassilevski.com'.
2017-02-09 14:53:25.944 35671 INFO nova.scheduler.host_manager [req-545acb49-dc69-4527-a489-89b4b02c80e5 - - - - -] Successfully synced instances from host 'mysql-002.vassilevski.com'.
2017-02-09 14:55:13.518 35671 INFO nova.scheduler.host_manager [req-2507ae3c-a580-455b-8706-7495eb909906 - - - - -] Successfully synced instances from host 'mysql-001.vassilevski.com'.
2017-02-09 14:55:26.944 35671 INFO nova.scheduler.host_manager [req-2fd785f6-5c18-4ee6-9ee0-addf44c95bc8 - - - - -] Successfully synced instances from host 'mysql-002.vassilevski.com'.
2017-02-09 14:57:16.761 35671 INFO nova.scheduler.host_manager [req-fa53a844-b3c2-49fb-977b-c0edbddf0ef7 - - - - -] Successfully synced instances from host 'mysql-001.vassilevski.com'.
2017-02-09 14:57:30.946 35671 INFO nova.scheduler.host_manager [req-91a5a732-f7a5-4aac-ad71-837370b3f385 - - - - -] Successfully synced instances from host 'mysql-002.vassilevski.com'.
2017-02-09 14:59:21.745 35671 INFO nova.scheduler.host_manager [req-cc62ef11-de0c-4b2a-bc6a-a177a7341edb - - - - -] Successfully synced instances from host 'mysql-001.vassilevski.com'.
2017-02-09 14:59:35.947 35671 INFO nova.scheduler.host_manager [req-2c53e5f9-ce46-4a1a-a8d3-43029d310888 - - - - -] Successfully synced instances from host 'mysql-002.vassilevski.com'.
2017-02-09 15:01:25.750 35671 INFO nova.scheduler.host_manager [req-f6e6aed6-c5c2-4c3d-a9e2-68959eed0246 - - - - -] Successfully synced instances from host 'mysql-001.vassilevski.com'.
2017-02-09 15:01:36.943 35671 INFO nova.scheduler.host_manager [req-1c19965c-fcf0-40fb-901a-e9de89dceb2c - - - - -] Successfully synced instances from host 'mysql-002.vassilevski.com'.
2017-02-09 15:03:28.752 35671 INFO nova.scheduler.host_manager [req-177a39f2-84ab-4700-b200-5b9d64a85110 - - - - -] Successfully synced instances from host 'mysql-001.vassilevski.com'.
2017-02-09 15:09:52.699 4728 WARNING oslo_reports.guru_meditation_report [-] Guru meditation now registers SIGUSR1 and SIGUSR2 by default for backward compatibility. SIGUSR1 will no longer be registered in a future release, so please use SIGUSR2 to generate reports.
2017-02-09 15:09:58.387 4728 INFO nova.service [-] Starting scheduler node (version 14.0.2-1.el7)
2017-02-09 15:09:58.441 4728 ERROR oslo.messaging._drivers.impl_rabbit [req-42442b3d-d305-416b-891f-2f367944492b - - - - -] [65930cf0-cbdf-48ff-bf32-6199abcc8e0a] AMQP server on mysql-001.vassilevski.com:5672 is unreachable: [Errno 111] ECONNREFUSED. Trying again in 1 seconds. Client port: None
2017-02-09 15:09:59.718 4728 ERROR oslo.messaging._drivers.impl_rabbit [req-42442b3d-d305-416b-891f-2f367944492b - - - - -] [65930cf0-cbdf-48ff-bf32-6199abcc8e0a] AMQP server on mysql-001.vassilevski.com:5672 is unreachable: [Errno 111] ECONNREFUSED. Trying again in 2 seconds. Client port: None
2017-02-09 15:10:01.741 4728 INFO oslo.messaging._drivers.impl_rabbit [req-42442b3d-d305-416b-891f-2f367944492b - - - - -] [65930cf0-cbdf-48ff-bf32-6199abcc8e0a] Reconnected to AMQP server on mysql-001.vassilevski.com:5672 via [amqp] clientwith port 46954.
2017-02-09 15:10:54.555 4728 INFO nova.scheduler.host_manager [req-58e2b447-c51f-4313-8793-da91a69d8f26 - - - - -] Received an update from an unknown host 'mysql-002.vassilevski.com'. Re-created its InstanceList.
2017-02-09 15:12:03.876 4728 INFO nova.scheduler.host_manager [req-77fb2efa-f425-4ded-b859-94697b7e4c7f - - - - -] Successfully synced instances from host 'mysql-001.vassilevski.com'.
2017-02-09 15:12:54.624 4728 INFO nova.scheduler.host_manager [req-896c0c94-18c6-4868-92d6-c3d1b6abd6b5 - - - - -] Successfully synced instances from host 'mysql-002.vassilevski.com'.
2017-02-09 15:13:55.456 4728 INFO nova.scheduler.host_manager [req-bfd53b0b-086a-4a85-8831-53e71631d7eb - - - - -] Successfully synced instances from host 'mysql-001.vassilevski.com'.
2017-02-09 15:14:57.575 4728 INFO nova.scheduler.host_manager [req-25ed7073-8798-4cc7-8f2d-d8a41ee3f08c - - - - -] Successfully synced instances from host 'mysql-002.vassilevski.com'.
2017-02-09 15:15:57.471 4728 INFO nova.scheduler.host_manager [req-62fda337-f8c2-470b-b004-968a55c7b4e2 - - - - -] Successfully synced instances from host 'mysql-001.vassilevski.com'.
2017-02-09 15:17:02.553 4728 INFO nova.scheduler.host_manager [req-b94711c8-d342-4779-9e65-9d389f8b59bb - - - - -] Successfully synced instances from host 'mysql-002.vassilevski.com'.
2017-02-09 15:17:57.475 4728 INFO nova.scheduler.host_manager [req-e3123712-2b90-4666-9b10-962ea06ec4ee - - - - -] Successfully synced instances from host 'mysql-001.vassilevski.com'.
2017-02-09 15:19:58.525 4728 INFO nova.scheduler.host_manager [req-e66a7ebf-2d25-4f25-94b8-5a00ad777aa3 - - - - -] Successfully synced instances from host 'mysql-001.vassilevski.com'.
2017-02-09 15:22:00.483 4728 INFO nova.scheduler.host_manager [req-2aaf4ed8-3101-4048-8973-115391e65a45 - - - - -] Successfully synced instances from host 'mysql-001.vassilevski.com'.
2017-02-09 15:25:46.851 4728 ERROR oslo.messaging._drivers.impl_rabbit [-] [65930cf0-cbdf-48ff-bf32-6199abcc8e0a] AMQP server on mysql-001.vassilevski.com:5672 is unreachable: Too many heartbeats missed. Trying again in 1 seconds. Client port: 46954
2017-02-09 15:26:47.937 4728 INFO oslo.messaging._drivers.impl_rabbit [-] [65930cf0-cbdf-48ff-bf32-6199abcc8e0a] Reconnected to AMQP server on mysql-001.vassilevski.com:5672 via [amqp] clientwith port 39376.
2017-02-09 15:27:55.402 4728 INFO nova.scheduler.host_manager [req-cbb71c8a-9d13-4a1d-bb2b-598d9aa52224 - - - - -] Successfully synced instances from host 'mysql-001.vassilevski.com'.
2017-02-09 15:29:06.338 4728 INFO nova.scheduler.host_manager [req-b41468ae-bd55-45cf-ae46-bee392bf7c56 - - - - -] Successfully synced instances from host 'mysql-001.vassilevski.com'.
2017-02-09 15:32:36.704 4706 WARNING oslo_reports.guru_meditation_report [-] Guru meditation now registers SIGUSR1 and SIGUSR2 by default for backward compatibility. SIGUSR1 will no longer be registered in a future release, so please use SIGUSR2 to generate reports.
2017-02-09 15:32:42.335 4706 INFO nova.service [-] Starting scheduler node (version 14.0.2-1.el7)
2017-02-09 15:34:48.120 4706 INFO nova.scheduler.host_manager [req-7521899d-ae4c-4d69-befa-09007866f7fc - - - - -] Successfully synced instances from host 'mysql-001.vassilevski.com'.
2017-02-09 15:35:36.439 4706 INFO nova.scheduler.host_manager [req-b9cf4376-1907-4315-953a-88056d7d217d - - - - -] Received an update from an unknown host 'mysql-002.vassilevski.com'. Re-created its InstanceList.
2017-02-09 15:36:41.164 4706 INFO nova.scheduler.host_manager [req-f17004b8-760c-41e4-bc60-a42628190ada - - - - -] Successfully synced instances from host 'mysql-001.vassilevski.com'.
2017-02-09 15:37:36.062 4706 INFO nova.scheduler.host_manager [req-ff771ac6-05eb-4c73-a7d7-1b0b85dcb6c9 - - - - -] Successfully synced instances from host 'mysql-002.vassilevski.com'.
2017-02-09 15:38:43.246 4706 INFO nova.scheduler.host_manager [req-be2feb16-771c-4aad-a096-9799aceca150 - - - - -] Successfully synced instances from host 'mysql-001.vassilevski.com'.
2017-02-09 15:39:36.078 4706 INFO nova.scheduler.host_manager [req-2124472d-2013-471f-a991-acb6c37b5b0d - - - - -] Successfully synced instances from host 'mysql-002.vassilevski.com'.
2017-02-09 15:40:48.122 4706 INFO nova.scheduler.host_manager [req-c3b81fef-3c00-4c81-8f99-93d251732b02 - - - - -] Successfully synced instances from host 'mysql-001.vassilevski.com'.
2017-02-09 15:41:38.080 4706 INFO nova.scheduler.host_manager [req-032f8184-5106-43cf-be8c-2469c6a8009e - - - - -] Successfully synced instances from host 'mysql-002.vassilevski.com'.
2017-02-09 15:42:50.967 4706 INFO nova.scheduler.host_manager [req-83f940a3-b6f8-4775-ad7a-7eecebd58815 - - - - -] Successfully synced instances from host 'mysql-001.vassilevski.com'.
2017-02-09 15:43:38.087 4706 INFO nova.scheduler.host_manager [req-7d8563d9-f63f-44c4-92e1-5c8b28cc26d5 - - - - -] Successfully synced instances from host 'mysql-002.vassilevski.com'.
2017-02-09 15:44:54.245 4706 INFO nova.scheduler.host_manager [req-bb0ab6b8-4d93-4ef9-8077-c9619f06b89a - - - - -] Successfully synced instances from host 'mysql-001.vassilevski.com'.
2017-02-09 15:45:42.094 4706 INFO nova.scheduler.host_manager [req-a6c394f3-9a8d-4721-b78b-0ec2cd69d1cd - - - - -] Successfully synced instances from host 'mysql-002.vassilevski.com'.
2017-02-09 15:46:56.237 4706 INFO nova.scheduler.host_manager [req-13be96a6-4038-457f-9a44-c2397d7fdf04 - - - - -] Successfully synced instances from host 'mysql-001.vassilevski.com'.
2017-02-09 15:47:46.087 4706 INFO nova.scheduler.host_manager [req-83a26a5a-6f60-4555-ad5f-df7b0e236a2d - - - - -] Successfully synced instances from host 'mysql-002.vassilevski.com'.
2017-02-09 15:48:58.240 4706 INFO nova.scheduler.host_manager [req-015a7a93-8940-42b4-8c95-5baddec122e6 - - - - -] Successfully synced instances from host 'mysql-001.vassilevski.com'.
2017-02-09 15:49:47.086 4706 INFO nova.scheduler.host_manager [req-9574b38c-e490-4d3b-8734-51ac945291a2 - - - - -] Successfully synced instances from host 'mysql-002.vassilevski.com'.
2017-02-09 15:51:01.239 4706 INFO nova.scheduler.host_manager [req-9e946328-147a-456d-b0b0-d8b61d651894 - - - - -] Successfully synced instances from host 'mysql-001.vassilevski.com'.
2017-02-09 15:51:52.081 4706 INFO nova.scheduler.host_manager [req-874e9efd-c240-4d5e-80e1-bbceda25b99c - - - - -] Successfully synced instances from host 'mysql-002.vassilevski.com'.
2017-02-09 15:53:02.287 4706 INFO nova.scheduler.host_manager [req-b1896f61-a46f-4958-8acc-69f967a57ee1 - - - - -] Successfully synced instances from host 'mysql-001.vassilevski.com'.
2017-02-09 15:53:57.077 4706 INFO nova.scheduler.host_manager [req-21b7e2b8-d6cb-442c-8ede-b7745d1eb658 - - - - -] Successfully synced instances from host 'mysql-002.vassilevski.com'.
2017-02-09 15:55:04.244 4706 INFO nova.scheduler.host_manager [req-5c720179-8dc9-41ca-83a5-3220a581a612 - - - - -] Successfully synced instances from host 'mysql-001.vassilevski.com'.
2017-02-09 15:56:00.072 4706 INFO nova.scheduler.host_manager [req-884c0e3b-568b-460f-9773-25126495f8fc - - - - -] Successfully synced instances from host 'mysql-002.vassilevski.com'.
2017-02-09 15:57:06.242 4706 INFO nova.scheduler.host_manager [req-e1be1fca-4981-47be-a5da-8630f4f54418 - - - - -] Successfully synced instances from host 'mysql-001.vassilevski.com'.
2017-02-09 15:58:02.098 4706 INFO nova.scheduler.host_manager [req-88f39118-2857-48d5-b703-45ec92fb74b5 - - - - -] Successfully synced instances from host 'mysql-002.vassilevski.com'.
2017-02-09 15:59:06.247 4706 INFO nova.scheduler.host_manager [req-5824d84f-af74-4505-8fa6-5714e588ead3 - - - - -] Successfully synced instances from host 'mysql-001.vassilevski.com'.
2017-02-09 16:00:03.083 4706 INFO nova.scheduler.host_manager [req-0a50990b-0e60-438f-8fab-2578e01b0094 - - - - -] Successfully synced instances from host 'mysql-002.vassilevski.com'.
2017-02-09 16:01:11.242 4706 INFO nova.scheduler.host_manager [req-b96a41e9-c42a-414a-b1c9-68e983c68aff - - - - -] Successfully synced instances from host 'mysql-001.vassilevski.com'.
2017-02-09 16:02:05.073 4706 INFO nova.scheduler.host_manager [req-98c2a78c-216d-4aa0-bcb2-33f4bf9b7539 - - - - -] Successfully synced instances from host 'mysql-002.vassilevski.com'.
2017-02-09 16:03:11.241 4706 INFO nova.scheduler.host_manager [req-fe8fce77-da47-4e72-b0c7-169d214aca99 - - - - -] Successfully synced instances from host 'mysql-001.vassilevski.com'.
2017-02-09 16:04:06.077 4706 INFO nova.scheduler.host_manager [req-3634e398-0f0d-4ec6-b92a-cb38e4f8d9e9 - - - - -] Successfully synced instances from host 'mysql-002.vassilevski.com'.
2017-02-09 16:05:11.539 4706 INFO nova.scheduler.host_manager [req-71276cda-242e-418f-92ef-b5ee1cbcb8bc - - - - -] Successfully synced instances from host 'mysql-001.vassilevski.com'.
2017-02-09 16:06:09.073 4706 INFO nova.scheduler.host_manager [req-c56adc26-2bce-4178-86c8-56116128af2e - - - - -] Successfully synced instances from host 'mysql-002.vassilevski.com'.
2017-02-09 16:07:14.240 4706 INFO nova.scheduler.host_manager [req-34b01110-228a-4e06-a2fe-eb52f34f393d - - - - -] Successfully synced instances from host 'mysql-001.vassilevski.com'.
2017-02-09 16:08:13.079 4706 INFO nova.scheduler.host_manager [req-8410b2d6-70ad-4735-8c30-05e3896147f5 - - - - -] Successfully synced instances from host 'mysql-002.vassilevski.com'.
2017-02-09 16:09:18.239 4706 INFO nova.scheduler.host_manager [req-1990c613-05e5-43df-aa60-591654b96b89 - - - - -] Successfully synced instances from host 'mysql-001.vassilevski.com'.
2017-02-09 16:10:16.077 4706 INFO nova.scheduler.host_manager [req-b50dba95-6f3e-43f7-884c-6dd20c63cc2e - - - - -] Successfully synced instances from host 'mysql-002.vassilevski.com'.
2017-02-09 16:11:22.248 4706 INFO nova.scheduler.host_manager [req-f15bbef8-739f-40e8-a34a-6910d82ef1d1 - - - - -] Successfully synced instances from host 'mysql-001.vassilevski.com'.
2017-02-09 16:12:21.076 4706 INFO nova.scheduler.host_manager [req-2bc5b79f-d917-4450-ba0c-f08b452ad1a4 - - - - -] Successfully synced instances from host 'mysql-002.vassilevski.com'.
2017-02-09 16:13:24.286 4706 INFO nova.scheduler.host_manager [req-08933d56-b8d6-4701-9c96-88f2c066e465 - - - - -] Successfully synced instances from host 'mysql-001.vassilevski.com'.
2017-02-09 16:14:25.084 4706 INFO nova.scheduler.host_manager [req-b2677755-ccba-4229-bf4a-f6445bf91139 - - - - -] Successfully synced instances from host 'mysql-002.vassilevski.com'.
2017-02-09 16:15:24.241 4706 INFO nova.scheduler.host_manager [req-70d2e806-2f77-496b-825c-9996bb2474db - - - - -] Successfully synced instances from host 'mysql-001.vassilevski.com'.
2017-02-09 16:16:28.109 4706 INFO nova.scheduler.host_manager [req-c5da7b86-6971-4487-9565-a893b7e6066b - - - - -] Successfully synced instances from host 'mysql-002.vassilevski.com'.
2017-02-09 16:17:28.238 4706 INFO nova.scheduler.host_manager [req-2e981d6b-dabf-4653-ab6e-19ed6dbdc899 - - - - -] Successfully synced instances from host 'mysql-001.vassilevski.com'.
2017-02-09 16:18:28.070 4706 INFO nova.scheduler.host_manager [req-52c40aed-a250-4f76-aa1c-4a253d32ede6 - - - - -] Successfully synced instances from host 'mysql-002.vassilevski.com'.
2017-02-09 16:19:28.239 4706 INFO nova.scheduler.host_manager [req-336acad6-874e-4d64-b880-41fac96467b4 - - - - -] Successfully synced instances from host 'mysql-001.vassilevski.com'.
2017-02-09 16:20:28.070 4706 INFO nova.scheduler.host_manager [req-f5799c3a-073a-4657-8b42-4b39396ffe2a - - - - -] Successfully synced instances from host 'mysql-002.vassilevski.com'.
2017-02-09 16:21:33.236 4706 INFO nova.scheduler.host_manager [req-a8df4b90-0505-42ad-b1cd-76ad481f931e - - - - -] Successfully synced instances from host 'mysql-001.vassilevski.com'.
2017-02-09 16:22:32.076 4706 INFO nova.scheduler.host_manager [req-3d02431e-6578-4b5f-9966-35f83a1ce38a - - - - -] Successfully synced instances from host 'mysql-002.vassilevski.com'.
2017-02-09 16:23:35.238 4706 INFO nova.scheduler.host_manager [req-f6c6f43f-c7e0-4e2c-8200-ac61e3e84a74 - - - - -] Successfully synced instances from host 'mysql-001.vassilevski.com'.
2017-02-09 16:24:33.071 4706 INFO nova.scheduler.host_manager [req-64b038aa-46cc-459b-b9e9-23e024a6c8ef - - - - -] Successfully synced instances from host 'mysql-002.vassilevski.com'.
2017-02-09 16:25:39.239 4706 INFO nova.scheduler.host_manager [req-9f24b7b1-0445-4414-8b22-a25110bec12f - - - - -] Successfully synced instances from host 'mysql-001.vassilevski.com'.
2017-02-09 16:26:35.069 4706 INFO nova.scheduler.host_manager [req-8223a0fa-57a3-41d2-afde-8aea239ae3bd - - - - -] Successfully synced instances from host 'mysql-002.vassilevski.com'.
2017-02-09 16:27:44.238 4706 INFO nova.scheduler.host_manager [req-80adbc04-a529-4fcc-88b7-874ef0a78af2 - - - - -] Successfully synced instances from host 'mysql-001.vassilevski.com'.
2017-02-09 16:28:35.113 4706 INFO nova.scheduler.host_manager [req-86c0a89f-323b-4032-a60e-6f625ba30340 - - - - -] Successfully synced instances from host 'mysql-002.vassilevski.com'.
2017-02-09 16:29:49.234 4706 INFO nova.scheduler.host_manager [req-ab2da7ee-a79d-4d8e-a434-b1b3215ecc0c - - - - -] Successfully synced instances from host 'mysql-001.vassilevski.com'.
2017-02-09 16:30:36.073 4706 INFO nova.scheduler.host_manager [req-afc792b7-95ac-4ab9-8366-4b410498726c - - - - -] Successfully synced instances from host 'mysql-002.vassilevski.com'.
2017-02-09 16:31:50.248 4706 INFO nova.scheduler.host_manager [req-d149523f-01be-45cc-92c6-9fd43decac79 - - - - -] Successfully synced instances from host 'mysql-001.vassilevski.com'.
2017-02-09 16:32:38.073 4706 INFO nova.scheduler.host_manager [req-9b79393b-ee9b-46d2-9a29-986a75ba490c - - - - -] Successfully synced instances from host 'mysql-002.vassilevski.com'.
2017-02-09 16:33:54.239 4706 INFO nova.scheduler.host_manager [req-39c005fd-aff9-4798-a1ec-d4593c87a49e - - - - -] Successfully synced instances from host 'mysql-001.vassilevski.com'.
2017-02-09 16:34:40.072 4706 INFO nova.scheduler.host_manager [req-375613e0-1489-4311-bf29-809bb9179f48 - - - - -] Successfully synced instances from host 'mysql-002.vassilevski.com'.
2017-02-09 16:35:59.239 4706 INFO nova.scheduler.host_manager [req-4e6f57cf-4a89-4100-95bf-7fb229cde773 - - - - -] Successfully synced instances from host 'mysql-001.vassilevski.com'.
2017-02-09 16:36:43.113 4706 INFO nova.scheduler.host_manager [req-815554a8-1740-4cc2-9b9c-407a9cc20693 - - - - -] Successfully synced instances from host 'mysql-002.vassilevski.com'.
2017-02-09 16:38:01.237 4706 INFO nova.scheduler.host_manager [req-a5c7c57d-f12c-49fe-b5f9-8d5fa7c71bb3 - - - - -] Successfully synced instances from host 'mysql-001.vassilevski.com'.
2017-02-09 16:38:44.071 4706 INFO nova.scheduler.host_manager [req-2a1814d5-0ec4-4c49-bbb5-a78fdefb0e6c - - - - -] Successfully synced instances from host 'mysql-002.vassilevski.com'.
2017-02-09 16:40:02.247 4706 INFO nova.scheduler.host_manager [req-a104a841-965c-4eb0-b97c-3bd581d7504d - - - - -] Successfully synced instances from host 'mysql-001.vassilevski.com'.
2017-02-09 16:40:45.115 4706 INFO nova.scheduler.host_manager [req-cf34ccee-c604-4ccd-90ba-7b1f1de57a7b - - - - -] Successfully synced instances from host 'mysql-002.vassilevski.com'.
2017-02-09 16:42:07.247 4706 INFO nova.scheduler.host_manager [req-193e0127-c981-4ca4-b817-6464415ad014 - - - - -] Successfully synced instances from host 'mysql-001.vassilevski.com'.
2017-02-09 16:42:47.068 4706 INFO nova.scheduler.host_manager [req-5307af0b-c5de-4bba-8de2-c6dda4521524 - - - - -] Successfully synced instances from host 'mysql-002.vassilevski.com'.
2017-02-09 16:44:08.293 4706 INFO nova.scheduler.host_manager [req-30246e0a-6214-4657-9a41-7491ce609c2c - - - - -] Successfully synced instances from host 'mysql-001.vassilevski.com'.
2017-02-09 16:44:52.070 4706 INFO nova.scheduler.host_manager [req-d78cee75-3a56-43e9-83df-51f5488e1c3b - - - - -] Successfully synced instances from host 'mysql-002.vassilevski.com'.
2017-02-09 16:46:08.240 4706 INFO nova.scheduler.host_manager [req-3257aa4b-c7d3-446c-9647-5d370b4918a4 - - - - -] Successfully synced instances from host 'mysql-001.vassilevski.com'.
2017-02-09 16:46:54.117 4706 INFO nova.scheduler.host_manager [req-ccffb94b-1c0e-481f-a88e-93003ecfc997 - - - - -] Successfully synced instances from host 'mysql-002.vassilevski.com'.
2017-02-09 16:48:08.251 4706 INFO nova.scheduler.host_manager [req-4eb179be-899c-46a7-936e-3f036022882d - - - - -] Successfully synced instances from host 'mysql-001.vassilevski.com'.
2017-02-09 16:48:57.110 4706 INFO nova.scheduler.host_manager [req-b304201f-af47-4f35-b60e-05041506a28f - - - - -] Successfully synced instances from host 'mysql-002.vassilevski.com'.
2017-02-09 16:50:09.246 4706 INFO nova.scheduler.host_manager [req-dfa5fe60-567e-4c99-85d2-e59dd0a37595 - - - - -] Successfully synced instances from host 'mysql-001.vassilevski.com'.
2017-02-09 16:50:58.128 4706 INFO nova.scheduler.host_manager [req-7f1e3683-8133-4e28-b235-b940dcf61f58 - - - - -] Successfully synced instances from host 'mysql-002.vassilevski.com'.
2017-02-09 16:52:12.246 4706 INFO nova.scheduler.host_manager [req-935330bd-9bd3-47f9-80ac-1d9cdd6ea7c3 - - - - -] Successfully synced instances from host 'mysql-001.vassilevski.com'.
2017-02-09 16:53:01.115 4706 INFO nova.scheduler.host_manager [req-ac643ed3-415c-4325-bdeb-cfe16f4a8ae7 - - - - -] Successfully synced instances from host 'mysql-002.vassilevski.com'.
2017-02-09 16:54:13.256 4706 INFO nova.scheduler.host_manager [req-f51fd6e7-aed2-44a1-bfed-25dbdf94309f - - - - -] Successfully synced instances from host 'mysql-001.vassilevski.com'.
2017-02-09 16:54:56.114 4706 INFO nova.scheduler.filters.retry_filter [req-0d63c98d-6d71-42fc-8363-8368f84e23c0 f5f1375023474534b0935a8bd6dd6d95 c674ba8aac9545daa2b9184cd2e984f7 - - -] Host [u'mysql-002.vassilevski.com', u'mysql-002.vassilevski.com'] fails.  Previously tried hosts: [[u'mysql-002.vassilevski.com', u'mysql-002.vassilevski.com']]
2017-02-09 16:55:05.115 4706 INFO nova.scheduler.host_manager [req-a018ef8f-6fd8-4954-81af-cd1c7249dc6f - - - - -] Successfully synced instances from host 'mysql-002.vassilevski.com'.
2017-02-09 16:56:15.249 4706 INFO nova.scheduler.host_manager [req-5e97b6d4-4208-4e90-816a-03ac35495b88 - - - - -] Successfully synced instances from host 'mysql-001.vassilevski.com'.
2017-02-09 16:57:06.117 4706 INFO nova.scheduler.host_manager [req-75133821-2c52-4978-a5fe-d0b9d5d04816 - - - - -] Successfully synced instances from host 'mysql-002.vassilevski.com'.
2017-02-09 16:57:53.549 4706 INFO nova.scheduler.filters.retry_filter [req-7a4d42ac-577c-43b4-93db-7739c9199c21 f5f1375023474534b0935a8bd6dd6d95 c674ba8aac9545daa2b9184cd2e984f7 - - -] Host [u'mysql-002.vassilevski.com', u'mysql-002.vassilevski.com'] fails.  Previously tried hosts: [[u'mysql-002.vassilevski.com', u'mysql-002.vassilevski.com']]
2017-02-09 16:58:19.254 4706 INFO nova.scheduler.host_manager [req-58f3c038-4711-4b86-87d6-7352be3d0d2d - - - - -] Successfully synced instances from host 'mysql-001.vassilevski.com'.
2017-02-09 16:59:02.682 4706 INFO nova.scheduler.filters.retry_filter [req-d55c4b4b-2058-46f0-8e5e-6b84fb25b9ac f5f1375023474534b0935a8bd6dd6d95 c674ba8aac9545daa2b9184cd2e984f7 - - -] Host [u'mysql-002.vassilevski.com', u'mysql-002.vassilevski.com'] fails.  Previously tried hosts: [[u'mysql-002.vassilevski.com', u'mysql-002.vassilevski.com']]
2017-02-09 16:59:11.072 4706 INFO nova.scheduler.host_manager [req-eddfd095-cc6b-4c17-b207-63108908d597 - - - - -] Successfully synced instances from host 'mysql-002.vassilevski.com'.
2017-02-09 17:00:21.254 4706 INFO nova.scheduler.host_manager [req-c395b1ff-d635-4765-97da-99b790168dbe - - - - -] Successfully synced instances from host 'mysql-001.vassilevski.com'.
2017-02-09 17:01:15.080 4706 INFO nova.scheduler.host_manager [req-681a897e-8de1-439c-ac02-2238400bcce9 - - - - -] Successfully synced instances from host 'mysql-002.vassilevski.com'.
2017-02-09 17:02:21.257 4706 INFO nova.scheduler.host_manager [req-63c9f31a-3178-4a99-be77-a3edc9f65f64 - - - - -] Successfully synced instances from host 'mysql-001.vassilevski.com'.
2017-02-09 17:03:17.103 4706 INFO nova.scheduler.host_manager [req-f26c6e84-2145-4d5e-b618-9503f558c36f - - - - -] Successfully synced instances from host 'mysql-002.vassilevski.com'.
2017-02-09 17:04:26.257 4706 INFO nova.scheduler.host_manager [req-9859aee8-c281-4eb8-930c-aad53f6d562e - - - - -] Successfully synced instances from host 'mysql-001.vassilevski.com'.
2017-02-09 17:05:21.077 4706 INFO nova.scheduler.host_manager [req-93e08629-3bc4-495c-85a2-7a38611c3bfa - - - - -] Successfully synced instances from host 'mysql-002.vassilevski.com'.
2017-02-09 17:06:31.254 4706 INFO nova.scheduler.host_manager [req-a82b7063-b150-4111-a92f-c30240bc0775 - - - - -] Successfully synced instances from host 'mysql-001.vassilevski.com'.
2017-02-09 17:07:22.079 4706 INFO nova.scheduler.host_manager [req-74609655-ab64-461d-8bc2-855b578f624a - - - - -] Successfully synced instances from host 'mysql-002.vassilevski.com'.
2017-02-09 17:08:34.258 4706 INFO nova.scheduler.host_manager [req-24949fac-cb6b-496f-b91e-ddc50b8959ad - - - - -] Successfully synced instances from host 'mysql-001.vassilevski.com'.
2017-02-09 17:09:25.073 4706 INFO nova.scheduler.host_manager [req-e23c134e-3706-4f0e-8f5c-05d5393ac78d - - - - -] Successfully synced instances from host 'mysql-002.vassilevski.com'.
2017-02-09 17:10:34.253 4706 INFO nova.scheduler.host_manager [req-a089a608-87c7-4ba7-8006-bef7ba01ae0a - - - - -] Successfully synced instances from host 'mysql-001.vassilevski.com'.
2017-02-09 17:11:29.078 4706 INFO nova.scheduler.host_manager [req-fe074a0c-9ce2-45a9-b1ce-af72b9c0329f - - - - -] Successfully synced instances from host 'mysql-002.vassilevski.com'.
2017-02-09 17:12:36.258 4706 INFO nova.scheduler.host_manager [req-2fb37027-18e0-4b07-b69a-3859aa4857bc - - - - -] Successfully synced instances from host 'mysql-001.vassilevski.com'.
2017-02-09 17:13:29.077 4706 INFO nova.scheduler.host_manager [req-5c61e032-403b-48e6-acd5-50539e5b1398 - - - - -] Successfully synced instances from host 'mysql-002.vassilevski.com'.
2017-02-09 17:14:40.252 4706 INFO nova.scheduler.host_manager [req-d638b762-f5ff-40c9-91bc-d137e77d36b3 - - - - -] Successfully synced instances from host 'mysql-001.vassilevski.com'.
2017-02-09 17:15:30.076 4706 INFO nova.scheduler.host_manager [req-adcc392d-6855-42aa-85dc-9dbabbde4305 - - - - -] Successfully synced instances from host 'mysql-002.vassilevski.com'.
2017-02-09 17:17:21.836 4706 INFO nova.scheduler.host_manager [req-0a66b08f-b3e1-458b-9d16-21ad3783aabf - - - - -] Successfully synced instances from host 'mysql-001.vassilevski.com'.
2017-02-09 17:17:35.125 4706 INFO nova.scheduler.host_manager [req-9b4229ba-9062-4241-84ad-4749bb47ee26 - - - - -] Successfully synced instances from host 'mysql-002.vassilevski.com'.
2017-02-09 17:19:18.344 4706 INFO nova.scheduler.host_manager [req-6114aa80-fd88-404f-9ceb-5e599dd762a8 - - - - -] Successfully synced instances from host 'mysql-001.vassilevski.com'.
2017-02-09 17:19:39.077 4706 INFO nova.scheduler.host_manager [req-b60f06b7-bfd8-4325-a5bd-ac732698f707 - - - - -] Successfully synced instances from host 'mysql-002.vassilevski.com'.
2017-02-09 17:21:19.350 4706 INFO nova.scheduler.host_manager [req-552e885e-a577-4e0b-b931-15658309ab47 - - - - -] Successfully synced instances from host 'mysql-001.vassilevski.com'.
2017-02-09 17:21:44.074 4706 INFO nova.scheduler.host_manager [req-1888decb-8f56-4d33-9868-2086a4c1664b - - - - -] Successfully synced instances from host 'mysql-002.vassilevski.com'.
2017-02-09 17:23:20.347 4706 INFO nova.scheduler.host_manager [req-2c8186de-333f-403d-bfa3-420222b1a816 - - - - -] Successfully synced instances from host 'mysql-001.vassilevski.com'.
2017-02-09 17:23:44.094 4706 INFO nova.scheduler.host_manager [req-9775e7f4-c397-48bc-8997-267c54c88351 - - - - -] Successfully synced instances from host 'mysql-002.vassilevski.com'.
2017-02-09 17:25:20.419 4706 INFO nova.scheduler.host_manager [req-79515029-92f0-4f20-b677-4f86ba312263 - - - - -] Successfully synced instances from host 'mysql-001.vassilevski.com'.
2017-02-09 17:25:47.076 4706 INFO nova.scheduler.host_manager [req-969c706b-6582-4335-96a3-5113647cbcfc - - - - -] Successfully synced instances from host 'mysql-002.vassilevski.com'.
2017-02-09 17:27:22.351 4706 INFO nova.scheduler.host_manager [req-e575d2ef-f0d2-498b-a63a-6c48121ce4ae - - - - -] Successfully synced instances from host 'mysql-001.vassilevski.com'.
2017-02-09 17:27:50.074 4706 INFO nova.scheduler.host_manager [req-7193f7cb-6b09-4894-b22b-f1036ace8011 - - - - -] Successfully synced instances from host 'mysql-002.vassilevski.com'.
2017-02-09 17:29:25.353 4706 INFO nova.scheduler.host_manager [req-1aef10fc-97b3-4b5a-bd57-3f6bcd2550d9 - - - - -] Successfully synced instances from host 'mysql-001.vassilevski.com'.
2017-02-09 17:29:50.074 4706 INFO nova.scheduler.host_manager [req-85a4697d-0716-4112-a480-a89107440988 - - - - -] Successfully synced instances from host 'mysql-002.vassilevski.com'.
2017-02-09 17:31:30.351 4706 INFO nova.scheduler.host_manager [req-96f1dc13-3729-4cc4-9158-3f68b3907301 - - - - -] Successfully synced instances from host 'mysql-001.vassilevski.com'.
2017-02-09 17:31:54.098 4706 INFO nova.scheduler.host_manager [req-42ce9194-636d-4b99-81c1-9bff2046cb3b - - - - -] Successfully synced instances from host 'mysql-002.vassilevski.com'.
2017-02-09 17:33:34.350 4706 INFO nova.scheduler.host_manager [req-1d0025e1-9692-47cb-9d50-ccea0cdfadba - - - - -] Successfully synced instances from host 'mysql-001.vassilevski.com'.
2017-02-09 17:33:59.079 4706 INFO nova.scheduler.host_manager [req-0c6910f7-d62a-4dbc-970e-e27d8438a19e - - - - -] Successfully synced instances from host 'mysql-002.vassilevski.com'.
2017-02-09 17:35:34.356 4706 INFO nova.scheduler.host_manager [req-24c9c173-f1ce-4a5d-8581-a4b858b830eb - - - - -] Successfully synced instances from host 'mysql-001.vassilevski.com'.
2017-02-09 17:36:00.076 4706 INFO nova.scheduler.host_manager [req-eec5d7c1-7ad9-429e-abaf-b8e27a4a1f63 - - - - -] Successfully synced instances from host 'mysql-002.vassilevski.com'.
2017-02-09 17:37:39.356 4706 INFO nova.scheduler.host_manager [req-c1422763-dcc1-426d-b311-fb1f93700abb - - - - -] Successfully synced instances from host 'mysql-001.vassilevski.com'.
2017-02-09 17:38:03.081 4706 INFO nova.scheduler.host_manager [req-7f2bf695-ece3-49ad-a3c2-56f403e5a6fd - - - - -] Successfully synced instances from host 'mysql-002.vassilevski.com'.
2017-02-09 17:39:41.340 4706 INFO nova.scheduler.host_manager [req-d6ae5eb4-0e97-4ab6-b096-443ed7e1ce67 - - - - -] Successfully synced instances from host 'mysql-001.vassilevski.com'.
2017-02-09 17:40:03.075 4706 INFO nova.scheduler.host_manager [req-a763f295-54ff-472e-aaea-68bb3a7fc370 - - - - -] Successfully synced instances from host 'mysql-002.vassilevski.com'.
2017-02-09 17:41:46.351 4706 INFO nova.scheduler.host_manager [req-0d9e2909-0f40-4017-aa0d-5567ead0a264 - - - - -] Successfully synced instances from host 'mysql-001.vassilevski.com'.
2017-02-09 17:42:04.080 4706 INFO nova.scheduler.host_manager [req-83bbb057-6fce-4f59-9f3d-8efc331abc8d - - - - -] Successfully synced instances from host 'mysql-002.vassilevski.com'.
2017-02-09 17:43:46.356 4706 INFO nova.scheduler.host_manager [req-a2f510ba-21b2-48b8-8ffe-bc68758e74f7 - - - - -] Successfully synced instances from host 'mysql-001.vassilevski.com'.
2017-02-09 17:44:04.083 4706 INFO nova.scheduler.host_manager [req-df59468d-1bc6-49f4-ab9e-382f274342be - - - - -] Successfully synced instances from host 'mysql-002.vassilevski.com'.
2017-02-09 17:45:51.350 4706 INFO nova.scheduler.host_manager [req-71ec9048-5c3b-4643-acbd-494e6b2535c5 - - - - -] Successfully synced instances from host 'mysql-001.vassilevski.com'.
2017-02-09 17:46:08.087 4706 INFO nova.scheduler.host_manager [req-d13b559d-4b15-4d27-938a-bb80039a1cff - - - - -] Successfully synced instances from host 'mysql-002.vassilevski.com'.
2017-02-09 17:47:53.354 4706 INFO nova.scheduler.host_manager [req-6e9dbf13-bad4-4f8e-a35b-43c457251d1e - - - - -] Successfully synced instances from host 'mysql-001.vassilevski.com'.
2017-02-09 17:48:10.127 4706 INFO nova.scheduler.host_manager [req-3cf74d4b-e113-4a65-9fd3-6a536395fe34 - - - - -] Successfully synced instances from host 'mysql-002.vassilevski.com'.
2017-02-09 17:49:58.505 4706 INFO nova.scheduler.host_manager [req-57e9b0f1-afa9-4c2c-9cf8-bd396b9be0a9 - - - - -] Successfully synced instances from host 'mysql-001.vassilevski.com'.
2017-02-09 17:50:10.086 4706 INFO nova.scheduler.host_manager [req-ddc0886b-c440-43bf-89ba-c2d42b81c711 - - - - -] Successfully synced instances from host 'mysql-002.vassilevski.com'.
2017-02-09 17:52:02.354 4706 INFO nova.scheduler.host_manager [req-b735e2af-41f0-4249-809d-e6eb1f4bbae1 - - - - -] Successfully synced instances from host 'mysql-001.vassilevski.com'.
2017-02-09 17:52:10.074 4706 INFO nova.scheduler.host_manager [req-5f128fd5-44ec-44e8-bcdf-36856b96fcc4 - - - - -] Successfully synced instances from host 'mysql-002.vassilevski.com'.
2017-02-09 17:54:06.352 4706 INFO nova.scheduler.host_manager [req-7a24840f-04bf-492c-b4a4-4181fd7c0556 - - - - -] Successfully synced instances from host 'mysql-001.vassilevski.com'.
2017-02-09 17:54:11.082 4706 INFO nova.scheduler.host_manager [req-b8e76663-0b73-4123-b768-43b6405f6c09 - - - - -] Successfully synced instances from host 'mysql-002.vassilevski.com'.
2017-02-09 17:56:07.349 4706 INFO nova.scheduler.host_manager [req-f13d4920-2b10-42cb-bc40-4291680bcdb4 - - - - -] Successfully synced instances from host 'mysql-001.vassilevski.com'.
2017-02-09 17:56:16.081 4706 INFO nova.scheduler.host_manager [req-1690f56e-e300-48b6-be97-855a92f8fa12 - - - - -] Successfully synced instances from host 'mysql-002.vassilevski.com'.
2017-02-09 17:58:09.349 4706 INFO nova.scheduler.host_manager [req-4231a39b-4d68-4616-aef8-62c74140a498 - - - - -] Successfully synced instances from host 'mysql-001.vassilevski.com'.
2017-02-09 17:58:19.081 4706 INFO nova.scheduler.host_manager [req-c36f9dd6-1660-46eb-b6c0-0a6cf9f2e00d - - - - -] Successfully synced instances from host 'mysql-002.vassilevski.com'.
2017-02-09 18:00:10.367 4706 INFO nova.scheduler.host_manager [req-bb4d9a45-3dba-47e6-9c64-51502a27b302 - - - - -] Successfully synced instances from host 'mysql-001.vassilevski.com'.
2017-02-09 18:00:23.080 4706 INFO nova.scheduler.host_manager [req-af19400f-8a4e-409d-bdf1-ddc94c9ef38f - - - - -] Successfully synced instances from host 'mysql-002.vassilevski.com'.
2017-02-09 18:02:11.309 4706 INFO nova.scheduler.host_manager [req-3d940623-8911-4e7a-ae1a-14820b9456dd - - - - -] Successfully synced instances from host 'mysql-001.vassilevski.com'.
2017-02-09 18:02:28.086 4706 INFO nova.scheduler.host_manager [req-56567b20-6f7c-4d34-8f6a-0159016a60d6 - - - - -] Successfully synced instances from host 'mysql-002.vassilevski.com'.
2017-02-09 18:04:15.459 4706 INFO nova.scheduler.host_manager [req-6dad2b49-1127-440a-a7d4-d52f114a365c - - - - -] Successfully synced instances from host 'mysql-001.vassilevski.com'.
2017-02-09 18:04:28.082 4706 INFO nova.scheduler.host_manager [req-664fd951-fd39-49ad-8727-e6343909fb74 - - - - -] Successfully synced instances from host 'mysql-002.vassilevski.com'.
2017-02-09 18:06:14.349 4706 INFO nova.scheduler.host_manager [req-60266fd7-e958-4a66-884b-d0a5d7ac5a97 - - - - -] Successfully synced instances from host 'mysql-001.vassilevski.com'.
2017-02-09 18:06:31.088 4706 INFO nova.scheduler.host_manager [req-ba23e788-532d-4cac-9776-1db2196eaad2 - - - - -] Successfully synced instances from host 'mysql-002.vassilevski.com'.
2017-02-09 18:08:14.439 4706 INFO nova.scheduler.host_manager [req-7a5e8d8a-d0d3-447e-8947-aa2d4fef5619 - - - - -] Successfully synced instances from host 'mysql-001.vassilevski.com'.
2017-02-09 18:08:35.089 4706 INFO nova.scheduler.host_manager [req-ccbb59f9-a1f5-42a7-9a42-0b9a03ab4565 - - - - -] Successfully synced instances from host 'mysql-002.vassilevski.com'.
2017-02-09 18:10:17.480 4706 INFO nova.scheduler.host_manager [req-16d675b2-aa67-4386-9d84-7adb6a297f79 - - - - -] Successfully synced instances from host 'mysql-001.vassilevski.com'.
2017-02-09 18:10:37.089 4706 INFO nova.scheduler.host_manager [req-849d118c-2825-4d89-b972-abecff7f3e20 - - - - -] Successfully synced instances from host 'mysql-002.vassilevski.com'.
2017-02-09 18:12:21.349 4706 INFO nova.scheduler.host_manager [req-6b9112d2-8584-492a-9573-25609271c3fc - - - - -] Successfully synced instances from host 'mysql-001.vassilevski.com'.
2017-02-09 18:12:37.083 4706 INFO nova.scheduler.host_manager [req-c1abd215-dab8-4a0a-976e-3b559d2a4a1c - - - - -] Successfully synced instances from host 'mysql-002.vassilevski.com'.
2017-02-09 18:14:26.353 4706 INFO nova.scheduler.host_manager [req-725b0956-f066-475e-b3ea-8349f7ca040c - - - - -] Successfully synced instances from host 'mysql-001.vassilevski.com'.
2017-02-09 18:14:38.083 4706 INFO nova.scheduler.host_manager [req-15f1f3cd-62d2-4987-95c4-32f90fb7abb5 - - - - -] Successfully synced instances from host 'mysql-002.vassilevski.com'.
2017-02-09 18:16:28.350 4706 INFO nova.scheduler.host_manager [req-47ddafd9-a00f-4164-9c96-8a42c2a8f230 - - - - -] Successfully synced instances from host 'mysql-001.vassilevski.com'.
2017-02-09 18:16:43.079 4706 INFO nova.scheduler.host_manager [req-0f1f6af3-57a7-4693-b3ee-d8b6763453e0 - - - - -] Successfully synced instances from host 'mysql-002.vassilevski.com'.
2017-02-09 18:18:28.352 4706 INFO nova.scheduler.host_manager [req-f94b726b-007e-44d6-9bdf-a3459821d2b0 - - - - -] Successfully synced instances from host 'mysql-001.vassilevski.com'.
2017-02-09 18:18:43.080 4706 INFO nova.scheduler.host_manager [req-4d900a3c-1d81-471a-ae9c-9cf11b826dbf - - - - -] Successfully synced instances from host 'mysql-002.vassilevski.com'.
2017-02-09 18:20:31.347 4706 INFO nova.scheduler.host_manager [req-a07b5b3c-378e-4a1b-b419-7042a7f2957c - - - - -] Successfully synced instances from host 'mysql-001.vassilevski.com'.
2017-02-09 18:20:48.083 4706 INFO nova.scheduler.host_manager [req-264b66bb-a353-46b7-9bc0-9421072c8c92 - - - - -] Successfully synced instances from host 'mysql-002.vassilevski.com'.
2017-02-09 18:22:32.314 4706 INFO nova.scheduler.host_manager [req-19cb1d42-2f98-4a23-b92d-56906365b6fa - - - - -] Successfully synced instances from host 'mysql-001.vassilevski.com'.
2017-02-09 18:22:53.083 4706 INFO nova.scheduler.host_manager [req-f53e9661-79f0-4fa1-a096-edd6533bbc94 - - - - -] Successfully synced instances from host 'mysql-002.vassilevski.com'.
2017-02-09 18:24:34.351 4706 INFO nova.scheduler.host_manager [req-e8afd5e7-c682-4aa5-a51a-31dae0908b2a - - - - -] Successfully synced instances from host 'mysql-001.vassilevski.com'.
2017-02-09 18:24:57.087 4706 INFO nova.scheduler.host_manager [req-830024f5-8a57-4fcf-8016-1f29fefef19e - - - - -] Successfully synced instances from host 'mysql-002.vassilevski.com'.
2017-02-09 18:26:35.350 4706 INFO nova.scheduler.host_manager [req-38455cc8-ccde-4b14-a918-8cf7e8b04b62 - - - - -] Successfully synced instances from host 'mysql-001.vassilevski.com'.
2017-02-09 18:26:58.085 4706 INFO nova.scheduler.host_manager [req-c6cccb5a-1a9b-45fd-aa18-a2fed79c22fc - - - - -] Successfully synced instances from host 'mysql-002.vassilevski.com'.
2017-02-09 18:28:37.307 4706 INFO nova.scheduler.host_manager [req-4fb99d13-247f-4ede-af03-9c571fe20ce9 - - - - -] Successfully synced instances from host 'mysql-001.vassilevski.com'.
2017-02-09 18:29:00.080 4706 INFO nova.scheduler.host_manager [req-442fbd78-cd00-49ba-ba5c-240a241d06d7 - - - - -] Successfully synced instances from host 'mysql-002.vassilevski.com'.
2017-02-09 18:30:36.362 4706 INFO nova.scheduler.host_manager [req-fd1f1fef-2547-41a7-ad60-a531da4d81d0 - - - - -] Successfully synced instances from host 'mysql-001.vassilevski.com'.
2017-02-09 18:31:02.082 4706 INFO nova.scheduler.host_manager [req-d3c9ea01-38d7-4171-8b90-8c3f9e20677c - - - - -] Successfully synced instances from host 'mysql-002.vassilevski.com'.
2017-02-09 18:32:41.601 4706 INFO nova.scheduler.host_manager [req-dc2b6bf8-f035-44a4-bfee-4ec4744316fd - - - - -] Successfully synced instances from host 'mysql-001.vassilevski.com'.
2017-02-09 18:33:03.087 4706 INFO nova.scheduler.host_manager [req-1fddcb35-17ba-4751-b951-19759b3ffc87 - - - - -] Successfully synced instances from host 'mysql-002.vassilevski.com'.
2017-02-09 18:34:42.347 4706 INFO nova.scheduler.host_manager [req-35d530c0-5f69-4627-ac5e-e934b8a7e83f - - - - -] Successfully synced instances from host 'mysql-001.vassilevski.com'.
2017-02-09 18:35:04.082 4706 INFO nova.scheduler.host_manager [req-ff67f1fc-ccd4-44d9-9c68-b770087e2e23 - - - - -] Successfully synced instances from host 'mysql-002.vassilevski.com'.
2017-02-09 18:36:43.347 4706 INFO nova.scheduler.host_manager [req-ac78c9a6-7bcd-4c44-bba3-27632035f9f2 - - - - -] Successfully synced instances from host 'mysql-001.vassilevski.com'.
2017-02-09 18:37:08.082 4706 INFO nova.scheduler.host_manager [req-ae8f7b41-9fe4-4b69-b203-0f0aa9c12dd5 - - - - -] Successfully synced instances from host 'mysql-002.vassilevski.com'.
2017-02-09 18:38:47.372 4706 INFO nova.scheduler.host_manager [req-01949267-2a42-412a-b27d-4d4b3e5afc6f - - - - -] Successfully synced instances from host 'mysql-001.vassilevski.com'.
2017-02-09 18:39:09.085 4706 INFO nova.scheduler.host_manager [req-e9a1c6b1-b535-40f8-af96-87d7df301686 - - - - -] Successfully synced instances from host 'mysql-002.vassilevski.com'.
2017-02-09 18:40:48.425 4706 INFO nova.scheduler.host_manager [req-9f3a0c17-2e76-4bc4-97d6-67f926808f9a - - - - -] Successfully synced instances from host 'mysql-001.vassilevski.com'.
2017-02-09 18:41:10.085 4706 INFO nova.scheduler.host_manager [req-32437588-fde3-4406-a045-91594d1005c0 - - - - -] Successfully synced instances from host 'mysql-002.vassilevski.com'.
2017-02-09 18:42:50.352 4706 INFO nova.scheduler.host_manager [req-2772314a-260b-443f-8f11-06bb3c54df45 - - - - -] Successfully synced instances from host 'mysql-001.vassilevski.com'.
2017-02-09 18:43:12.082 4706 INFO nova.scheduler.host_manager [req-db212e40-a588-4fd7-b8f6-df9c0be4aa60 - - - - -] Successfully synced instances from host 'mysql-002.vassilevski.com'.
2017-02-09 18:44:52.284 4706 INFO nova.scheduler.host_manager [req-8efeeae8-c1e0-4332-be6c-6b63ebe536ef - - - - -] Successfully synced instances from host 'mysql-001.vassilevski.com'.
2017-02-09 18:45:12.077 4706 INFO nova.scheduler.host_manager [req-33ac9cba-506b-47ce-96d6-ec1db9f2e29b - - - - -] Successfully synced instances from host 'mysql-002.vassilevski.com'.
2017-02-09 18:46:52.354 4706 INFO nova.scheduler.host_manager [req-a9a34647-00ae-4399-ae8e-27069b48ed95 - - - - -] Successfully synced instances from host 'mysql-001.vassilevski.com'.
2017-02-09 18:47:12.085 4706 INFO nova.scheduler.host_manager [req-8d47ae3d-27f7-4280-9c40-c4ee80be8c87 - - - - -] Successfully synced instances from host 'mysql-002.vassilevski.com'.
2017-02-09 18:48:55.349 4706 INFO nova.scheduler.host_manager [req-eb925836-bf2f-4abd-a7a1-9fedba5c6c49 - - - - -] Successfully synced instances from host 'mysql-001.vassilevski.com'.
2017-02-09 18:49:17.088 4706 INFO nova.scheduler.host_manager [req-fdaefdb2-966f-40a4-890b-d88b74c18a2e - - - - -] Successfully synced instances from host 'mysql-002.vassilevski.com'.
2017-02-09 18:51:01.926 4706 INFO nova.scheduler.host_manager [req-709ae641-4241-4cd3-927a-3b93718f6681 - - - - -] Successfully synced instances from host 'mysql-001.vassilevski.com'.
2017-02-09 18:51:19.089 4706 INFO nova.scheduler.host_manager [req-7b48aac3-1734-49eb-9bde-b8673aad025e - - - - -] Successfully synced instances from host 'mysql-002.vassilevski.com'.
2017-02-09 18:52:59.346 4706 INFO nova.scheduler.host_manager [req-0a72bd0b-0fee-4199-a692-75d2f142c72d - - - - -] Successfully synced instances from host 'mysql-001.vassilevski.com'.
2017-02-09 18:53:19.087 4706 INFO nova.scheduler.host_manager [req-440941dd-e51c-44f8-a45b-94f3829e5c6e - - - - -] Successfully synced instances from host 'mysql-002.vassilevski.com'.
2017-02-09 18:55:01.344 4706 INFO nova.scheduler.host_manager [req-c665203c-1aa3-4b34-8592-b1818e2a7ece - - - - -] Successfully synced instances from host 'mysql-001.vassilevski.com'.
2017-02-09 18:55:23.087 4706 INFO nova.scheduler.host_manager [req-2b7fcec4-8f62-4406-8500-ec1669e29abd - - - - -] Successfully synced instances from host 'mysql-002.vassilevski.com'.
