2017-02-09 07:43:47.125 14577 WARNING oslo_reports.guru_meditation_report [-] Guru meditation now registers SIGUSR1 and SIGUSR2 by default for backward compatibility. SIGUSR1 will no longer be registered in a future release, so please use SIGUSR2 to generate reports.
2017-02-09 07:43:47.460 14577 INFO nova.service [-] Starting scheduler node (version 14.0.2-1.el7)
2017-02-09 07:45:56.156 14577 INFO nova.scheduler.host_manager [req-38e39b8c-af7b-4956-b87a-afa78db71eee - - - - -] Successfully synced instances from host 'mysql-001.vassilevski.com'.
2017-02-09 07:47:48.107 14577 INFO nova.scheduler.host_manager [req-16839846-79e0-4f6b-b5cc-27726db0cf4c - - - - -] Successfully synced instances from host 'mysql-001.vassilevski.com'.
2017-02-09 07:49:47.102 14577 INFO nova.scheduler.host_manager [req-bbfaee26-13b4-429d-b0dc-f4e21cd041bd - - - - -] Successfully synced instances from host 'mysql-001.vassilevski.com'.
2017-02-09 07:51:50.092 14577 INFO nova.scheduler.host_manager [req-cd5c5ea2-fa9e-4b91-8f6b-799b4fe804aa - - - - -] Successfully synced instances from host 'mysql-001.vassilevski.com'.
2017-02-09 07:53:51.160 14577 INFO nova.scheduler.host_manager [req-edfc4e45-940c-4490-be96-bb69b8bc8eb0 - - - - -] Successfully synced instances from host 'mysql-001.vassilevski.com'.
2017-02-09 07:55:52.090 14577 INFO nova.scheduler.host_manager [req-2440e5d2-a3e8-4a80-92ee-2a3c0fbce928 - - - - -] Successfully synced instances from host 'mysql-001.vassilevski.com'.
2017-02-09 07:57:53.086 14577 INFO nova.scheduler.host_manager [req-e786e2ac-e296-490d-b659-3bfcfdd82d6e - - - - -] Successfully synced instances from host 'mysql-001.vassilevski.com'.
2017-02-09 07:59:58.081 14577 INFO nova.scheduler.host_manager [req-5c2e8157-0b61-4725-ab2b-341a4872d023 - - - - -] Successfully synced instances from host 'mysql-001.vassilevski.com'.
2017-02-09 08:02:00.077 14577 INFO nova.scheduler.host_manager [req-7b51b8e5-d6fd-4b44-bf46-7566e1fc24b4 - - - - -] Successfully synced instances from host 'mysql-001.vassilevski.com'.
2017-02-09 08:04:00.083 14577 INFO nova.scheduler.host_manager [req-1333658c-5fc9-483e-b678-b07879506d8c - - - - -] Successfully synced instances from host 'mysql-001.vassilevski.com'.
2017-02-09 08:06:03.082 14577 INFO nova.scheduler.host_manager [req-4854abb1-b701-451b-9a04-835e7d5e6f88 - - - - -] Successfully synced instances from host 'mysql-001.vassilevski.com'.
2017-02-09 08:08:05.078 14577 INFO nova.scheduler.host_manager [req-0fd6dbef-870a-4424-ba8f-c5906c042e81 - - - - -] Successfully synced instances from host 'mysql-001.vassilevski.com'.
2017-02-09 08:10:06.127 14577 INFO nova.scheduler.host_manager [req-e8a6c065-8a17-411f-a59a-cdfc77e18101 - - - - -] Successfully synced instances from host 'mysql-001.vassilevski.com'.
2017-02-09 08:12:06.084 14577 INFO nova.scheduler.host_manager [req-35023a3d-22a4-4894-b91d-2759656ec8c0 - - - - -] Successfully synced instances from host 'mysql-001.vassilevski.com'.
2017-02-09 08:14:10.079 14577 INFO nova.scheduler.host_manager [req-c251e6ea-91fd-4014-ba08-2110b49f5c40 - - - - -] Successfully synced instances from host 'mysql-001.vassilevski.com'.
2017-02-09 08:16:15.257 14577 INFO nova.scheduler.host_manager [req-543bbc7f-c62a-42c4-84a7-740f4387a209 - - - - -] Successfully synced instances from host 'mysql-001.vassilevski.com'.
2017-02-09 08:18:19.380 14577 INFO nova.scheduler.host_manager [req-c98919ae-16f5-48a6-8c62-cffa48f64882 - - - - -] Successfully synced instances from host 'mysql-001.vassilevski.com'.
2017-02-09 08:20:25.101 14577 INFO nova.scheduler.host_manager [req-60a7f3eb-d387-4056-a071-924e70763618 - - - - -] Successfully synced instances from host 'mysql-001.vassilevski.com'.
2017-02-09 08:23:32.692 14577 ERROR oslo.messaging._drivers.impl_rabbit [-] [8b6d4351-e4c7-4ab2-a70c-8d76015a2f8d] AMQP server on mysql-001.vassilevski.com:5672 is unreachable: Too many heartbeats missed. Trying again in 1 seconds. Client port: 33956
2017-02-09 08:24:33.776 14577 INFO oslo.messaging._drivers.impl_rabbit [-] [8b6d4351-e4c7-4ab2-a70c-8d76015a2f8d] Reconnected to AMQP server on mysql-001.vassilevski.com:5672 via [amqp] clientwith port 60198.
2017-02-09 08:30:27.278 23807 WARNING oslo_reports.guru_meditation_report [-] Guru meditation now registers SIGUSR1 and SIGUSR2 by default for backward compatibility. SIGUSR1 will no longer be registered in a future release, so please use SIGUSR2 to generate reports.
2017-02-09 08:30:27.838 23807 INFO nova.service [-] Starting scheduler node (version 14.0.2-1.el7)
2017-02-09 08:30:49.173 23807 INFO nova.scheduler.host_manager [req-2037e678-f643-4c39-aa14-6d7cb11a834d - - - - -] Received an update from an unknown host 'mysql-002.vassilevski.com'. Re-created its InstanceList.
2017-02-09 08:31:50.506 23807 INFO nova.scheduler.host_manager [req-d7f62059-5d41-4716-b486-ac5a20b43873 - - - - -] Successfully synced instances from host 'mysql-002.vassilevski.com'.
2017-02-09 08:32:36.150 23807 INFO nova.scheduler.host_manager [req-a4e52563-876c-4aad-a9fa-d1ef27a42199 - - - - -] Successfully synced instances from host 'mysql-001.vassilevski.com'.
2017-02-09 08:33:48.954 23807 INFO nova.scheduler.host_manager [req-8281c911-8b32-49d7-b6d5-95bb32434500 - - - - -] Successfully synced instances from host 'mysql-002.vassilevski.com'.
2017-02-09 08:34:29.379 23807 INFO nova.scheduler.host_manager [req-ec4fa29a-1c70-48e1-97df-7dbcb72d733c - - - - -] Successfully synced instances from host 'mysql-001.vassilevski.com'.
2017-02-09 08:35:53.882 23807 INFO nova.scheduler.host_manager [req-7d8c1495-fd29-4d37-9009-7745e1613af9 - - - - -] Successfully synced instances from host 'mysql-002.vassilevski.com'.
2017-02-09 08:36:32.476 23807 INFO nova.scheduler.host_manager [req-fe161acd-8463-40c0-b13b-6e4087a070aa - - - - -] Successfully synced instances from host 'mysql-001.vassilevski.com'.
2017-02-09 08:37:53.935 23807 INFO nova.scheduler.host_manager [req-56c87c0f-4167-42a6-8dbb-df92ee457136 - - - - -] Successfully synced instances from host 'mysql-002.vassilevski.com'.
2017-02-09 08:38:37.288 23807 INFO nova.scheduler.host_manager [req-ae2ac498-085f-4baa-9fb4-2955cf7dd9fa - - - - -] Successfully synced instances from host 'mysql-001.vassilevski.com'.
2017-02-09 08:39:58.878 23807 INFO nova.scheduler.host_manager [req-144d500a-72ce-4a8f-a282-0e6a40f7281e - - - - -] Successfully synced instances from host 'mysql-002.vassilevski.com'.
2017-02-09 08:40:41.463 23807 INFO nova.scheduler.host_manager [req-3643b585-4be4-46b4-91de-1933ae2ab898 - - - - -] Successfully synced instances from host 'mysql-001.vassilevski.com'.
2017-02-09 08:42:03.877 23807 INFO nova.scheduler.host_manager [req-ddf15716-28f0-4e10-85a7-9bd1c25c4925 - - - - -] Successfully synced instances from host 'mysql-002.vassilevski.com'.
2017-02-09 08:42:42.468 23807 INFO nova.scheduler.host_manager [req-d2f9fc10-e223-44c0-acb1-348f69b96a5a - - - - -] Successfully synced instances from host 'mysql-001.vassilevski.com'.
2017-02-09 08:44:03.880 23807 INFO nova.scheduler.host_manager [req-829da66f-d84a-4958-b32e-9dfbe6163999 - - - - -] Successfully synced instances from host 'mysql-002.vassilevski.com'.
2017-02-09 08:44:46.466 23807 INFO nova.scheduler.host_manager [req-8e1db821-9068-4aa0-b542-ee9db414a554 - - - - -] Successfully synced instances from host 'mysql-001.vassilevski.com'.
2017-02-09 08:46:05.879 23807 INFO nova.scheduler.host_manager [req-988db1be-25ad-4fdd-b6cd-d4e2206590d8 - - - - -] Successfully synced instances from host 'mysql-002.vassilevski.com'.
2017-02-09 08:46:48.464 23807 INFO nova.scheduler.host_manager [req-5ca75e7d-7885-4e69-b906-674fbfcc9db4 - - - - -] Successfully synced instances from host 'mysql-001.vassilevski.com'.
2017-02-09 08:48:05.888 23807 INFO nova.scheduler.host_manager [req-4bc9b23d-a30e-494f-9e93-c665c38d5a55 - - - - -] Successfully synced instances from host 'mysql-002.vassilevski.com'.
2017-02-09 08:48:49.469 23807 INFO nova.scheduler.host_manager [req-0f56e1a0-2a70-4a17-b54c-798740ccc229 - - - - -] Successfully synced instances from host 'mysql-001.vassilevski.com'.
2017-02-09 08:50:08.894 23807 INFO nova.scheduler.host_manager [req-2318f73b-1fd9-4546-903d-a9b50bba3aa6 - - - - -] Successfully synced instances from host 'mysql-002.vassilevski.com'.
2017-02-09 08:50:50.455 23807 INFO nova.scheduler.host_manager [req-ea45e019-e843-4641-9bf9-8548a53817e2 - - - - -] Successfully synced instances from host 'mysql-001.vassilevski.com'.
2017-02-09 08:52:10.884 23807 INFO nova.scheduler.host_manager [req-fd2b48ad-f994-4945-9d93-cec1d54d8d11 - - - - -] Successfully synced instances from host 'mysql-002.vassilevski.com'.
2017-02-09 08:52:53.465 23807 INFO nova.scheduler.host_manager [req-994b3a4b-d937-4d41-a7d4-bb1c92040145 - - - - -] Successfully synced instances from host 'mysql-001.vassilevski.com'.
2017-02-09 08:54:16.048 23807 INFO nova.scheduler.host_manager [req-10eb3c30-aef3-470a-97f3-fabdf00a1a12 - - - - -] Successfully synced instances from host 'mysql-002.vassilevski.com'.
2017-02-09 08:54:56.471 23807 INFO nova.scheduler.host_manager [req-85509624-4f15-44b8-afca-7a3bcf560fa5 - - - - -] Successfully synced instances from host 'mysql-001.vassilevski.com'.
2017-02-09 08:56:15.879 23807 INFO nova.scheduler.host_manager [req-315236b0-58da-4a36-a0b1-a98aec79d556 - - - - -] Successfully synced instances from host 'mysql-002.vassilevski.com'.
2017-02-09 08:57:00.463 23807 INFO nova.scheduler.host_manager [req-4b8f0266-f5cc-4d46-aabc-b0fd7a21d50b - - - - -] Successfully synced instances from host 'mysql-001.vassilevski.com'.
2017-02-09 08:58:17.877 23807 INFO nova.scheduler.host_manager [req-b84b1bba-ffcf-452e-8743-c561e68e0ce2 - - - - -] Successfully synced instances from host 'mysql-002.vassilevski.com'.
2017-02-09 08:59:04.472 23807 INFO nova.scheduler.host_manager [req-7a3371f0-1133-4266-92a4-6f716eada623 - - - - -] Successfully synced instances from host 'mysql-001.vassilevski.com'.
2017-02-09 09:00:23.065 23807 INFO nova.scheduler.host_manager [req-d23c4c77-7880-4e09-b6e2-bc1d8d6c204a - - - - -] Successfully synced instances from host 'mysql-002.vassilevski.com'.
2017-02-09 09:01:08.466 23807 INFO nova.scheduler.host_manager [req-35dd81b0-ae16-464e-b9f2-d6a2508ca493 - - - - -] Successfully synced instances from host 'mysql-001.vassilevski.com'.
2017-02-09 09:02:25.881 23807 INFO nova.scheduler.host_manager [req-fc24ba7e-a2a0-463b-a72c-7a84aa8a01c9 - - - - -] Successfully synced instances from host 'mysql-002.vassilevski.com'.
2017-02-09 09:03:11.464 23807 INFO nova.scheduler.host_manager [req-b8710c44-4160-4990-a386-79cf64074be9 - - - - -] Successfully synced instances from host 'mysql-001.vassilevski.com'.
2017-02-09 09:04:30.880 23807 INFO nova.scheduler.host_manager [req-e9720948-b1c8-41c4-b44c-e8f6aeebaf1e - - - - -] Successfully synced instances from host 'mysql-002.vassilevski.com'.
2017-02-09 09:05:12.462 23807 INFO nova.scheduler.host_manager [req-7774a66a-fe18-451d-9dd6-01b0ea974b57 - - - - -] Successfully synced instances from host 'mysql-001.vassilevski.com'.
2017-02-09 09:06:34.888 23807 INFO nova.scheduler.host_manager [req-71696156-2486-4f07-964f-339ed4b3a0fc - - - - -] Successfully synced instances from host 'mysql-002.vassilevski.com'.
2017-02-09 09:07:15.467 23807 INFO nova.scheduler.host_manager [req-d02f72ff-1400-4070-ac6f-58c9c79464ae - - - - -] Successfully synced instances from host 'mysql-001.vassilevski.com'.
2017-02-09 09:08:34.887 23807 INFO nova.scheduler.host_manager [req-11a08c15-5d87-4246-b941-e8ac3afa56df - - - - -] Successfully synced instances from host 'mysql-002.vassilevski.com'.
2017-02-09 09:09:16.468 23807 INFO nova.scheduler.host_manager [req-bf49d024-38c8-4508-aefc-5c03aaf34c87 - - - - -] Successfully synced instances from host 'mysql-001.vassilevski.com'.
2017-02-09 09:10:38.885 23807 INFO nova.scheduler.host_manager [req-b622a30b-ed81-4e09-a157-c6e59fef6526 - - - - -] Successfully synced instances from host 'mysql-002.vassilevski.com'.
2017-02-09 09:11:17.519 23807 INFO nova.scheduler.host_manager [req-b94ed73c-a6d2-4280-a547-75d8077bccb5 - - - - -] Successfully synced instances from host 'mysql-001.vassilevski.com'.
2017-02-09 09:12:42.882 23807 INFO nova.scheduler.host_manager [req-ad993e92-65c7-4680-abae-d0fe6d69a2ad - - - - -] Successfully synced instances from host 'mysql-002.vassilevski.com'.
2017-02-09 09:13:19.472 23807 INFO nova.scheduler.host_manager [req-92ac099f-1310-4be9-bcbb-0141e994fdf3 - - - - -] Successfully synced instances from host 'mysql-001.vassilevski.com'.
2017-02-09 09:14:44.884 23807 INFO nova.scheduler.host_manager [req-1ead6583-4484-44c7-ae9b-98548cc7a603 - - - - -] Successfully synced instances from host 'mysql-002.vassilevski.com'.
2017-02-09 09:15:22.471 23807 INFO nova.scheduler.host_manager [req-291bec2a-c3c9-4be9-a275-e125e4ec8302 - - - - -] Successfully synced instances from host 'mysql-001.vassilevski.com'.
2017-02-09 09:16:48.881 23807 INFO nova.scheduler.host_manager [req-6b755194-d5c1-4d25-b95a-684d8753f618 - - - - -] Successfully synced instances from host 'mysql-002.vassilevski.com'.
2017-02-09 09:17:26.465 23807 INFO nova.scheduler.host_manager [req-fc598244-acbb-4d0b-942d-9488906ee1b1 - - - - -] Successfully synced instances from host 'mysql-001.vassilevski.com'.
2017-02-09 09:18:53.883 23807 INFO nova.scheduler.host_manager [req-7ef8ee5f-d14f-41cc-9702-f50a837544a3 - - - - -] Successfully synced instances from host 'mysql-002.vassilevski.com'.
2017-02-09 09:19:30.468 23807 INFO nova.scheduler.host_manager [req-2f8b6952-0b06-4fa6-aeac-0851ab8239d9 - - - - -] Successfully synced instances from host 'mysql-001.vassilevski.com'.
2017-02-09 09:20:58.885 23807 INFO nova.scheduler.host_manager [req-9118c900-d2e5-4d12-9221-ebaffe10052e - - - - -] Successfully synced instances from host 'mysql-002.vassilevski.com'.
2017-02-09 09:21:34.467 23807 INFO nova.scheduler.host_manager [req-72f2f245-10b6-42c8-a621-9b1acd1c002f - - - - -] Successfully synced instances from host 'mysql-001.vassilevski.com'.
2017-02-09 09:22:59.887 23807 INFO nova.scheduler.host_manager [req-1eb0f91b-635c-42fb-9aab-b4350f1393f2 - - - - -] Successfully synced instances from host 'mysql-002.vassilevski.com'.
2017-02-09 09:23:35.463 23807 INFO nova.scheduler.host_manager [req-4dfffc7e-de5e-4260-87cc-fd3bc49aee89 - - - - -] Successfully synced instances from host 'mysql-001.vassilevski.com'.
2017-02-09 09:25:03.897 23807 INFO nova.scheduler.host_manager [req-b349db91-8828-4ffa-b839-b23fba35dc43 - - - - -] Successfully synced instances from host 'mysql-002.vassilevski.com'.
2017-02-09 09:25:37.472 23807 INFO nova.scheduler.host_manager [req-3a5c2b9c-0c05-4991-90ec-9627d03e82eb - - - - -] Successfully synced instances from host 'mysql-001.vassilevski.com'.
2017-02-09 09:27:07.881 23807 INFO nova.scheduler.host_manager [req-1d71af43-5d06-47f5-905c-946826c9381d - - - - -] Successfully synced instances from host 'mysql-002.vassilevski.com'.
2017-02-09 09:27:38.481 23807 INFO nova.scheduler.host_manager [req-b270b6d0-f545-4642-9b50-bf8a0ded080b - - - - -] Successfully synced instances from host 'mysql-001.vassilevski.com'.
2017-02-09 09:29:08.881 23807 INFO nova.scheduler.host_manager [req-6fbc3948-64c9-4f56-8dfb-ae273402975a - - - - -] Successfully synced instances from host 'mysql-002.vassilevski.com'.
2017-02-09 09:29:40.473 23807 INFO nova.scheduler.host_manager [req-0983ce1c-e948-4ee0-a5a3-257462071a60 - - - - -] Successfully synced instances from host 'mysql-001.vassilevski.com'.
2017-02-09 09:31:11.880 23807 INFO nova.scheduler.host_manager [req-b2ee5721-6419-43a5-8c8a-545da04b65ce - - - - -] Successfully synced instances from host 'mysql-002.vassilevski.com'.
2017-02-09 09:31:42.471 23807 INFO nova.scheduler.host_manager [req-0818f0c9-9525-40d5-a20c-4630e5b20bcc - - - - -] Successfully synced instances from host 'mysql-001.vassilevski.com'.
2017-02-09 09:33:11.885 23807 INFO nova.scheduler.host_manager [req-640360d9-d6f6-4022-9086-7128bf18b24e - - - - -] Successfully synced instances from host 'mysql-002.vassilevski.com'.
2017-02-09 09:33:46.469 23807 INFO nova.scheduler.host_manager [req-e1dfa850-0e1d-4995-afb4-df423eb730f2 - - - - -] Successfully synced instances from host 'mysql-001.vassilevski.com'.
2017-02-09 09:35:14.927 23807 INFO nova.scheduler.host_manager [req-ddca4995-2971-425f-a7bf-86f7f28a3d08 - - - - -] Successfully synced instances from host 'mysql-002.vassilevski.com'.
2017-02-09 09:35:49.471 23807 INFO nova.scheduler.host_manager [req-38d6fc8f-04d1-4a66-9779-f1ebedeb4a28 - - - - -] Successfully synced instances from host 'mysql-001.vassilevski.com'.
2017-02-09 09:37:16.879 23807 INFO nova.scheduler.host_manager [req-9211e486-9d38-412e-9e13-365457d6347a - - - - -] Successfully synced instances from host 'mysql-002.vassilevski.com'.
2017-02-09 09:37:49.466 23807 INFO nova.scheduler.host_manager [req-51d8753e-c76f-43e0-b5d6-09607cc53cfe - - - - -] Successfully synced instances from host 'mysql-001.vassilevski.com'.
2017-02-09 09:39:21.880 23807 INFO nova.scheduler.host_manager [req-bc74f974-641e-4885-ba12-57565d3c446c - - - - -] Successfully synced instances from host 'mysql-002.vassilevski.com'.
2017-02-09 09:39:53.462 23807 INFO nova.scheduler.host_manager [req-f100feae-b2c6-4e19-9241-3f59ee6fa9b5 - - - - -] Successfully synced instances from host 'mysql-001.vassilevski.com'.
2017-02-09 09:41:23.878 23807 INFO nova.scheduler.host_manager [req-0cbd3772-76c7-4810-890c-ef6373b8d4d3 - - - - -] Successfully synced instances from host 'mysql-002.vassilevski.com'.
2017-02-09 09:41:56.512 23807 INFO nova.scheduler.host_manager [req-8b5a7cb5-be7b-48f8-80e0-36b995d911c8 - - - - -] Successfully synced instances from host 'mysql-001.vassilevski.com'.
2017-02-09 09:43:23.883 23807 INFO nova.scheduler.host_manager [req-ea0fd857-aacd-4f12-895e-764b3b47bbc7 - - - - -] Successfully synced instances from host 'mysql-002.vassilevski.com'.
2017-02-09 09:43:56.466 23807 INFO nova.scheduler.host_manager [req-137f5ca6-ffd0-4a0f-a1a8-18c3876fc7c2 - - - - -] Successfully synced instances from host 'mysql-001.vassilevski.com'.
2017-02-09 09:45:27.877 23807 INFO nova.scheduler.host_manager [req-a55944bf-1a4b-42f5-9f4b-c8020716d7d1 - - - - -] Successfully synced instances from host 'mysql-002.vassilevski.com'.
2017-02-09 09:46:01.465 23807 INFO nova.scheduler.host_manager [req-ddb7669a-1a1a-4ec2-aaa9-2587c6515b6d - - - - -] Successfully synced instances from host 'mysql-001.vassilevski.com'.
2017-02-09 09:47:27.882 23807 INFO nova.scheduler.host_manager [req-47bf6c0a-3d63-473a-8aa0-c690d259a0c7 - - - - -] Successfully synced instances from host 'mysql-002.vassilevski.com'.
2017-02-09 09:48:02.464 23807 INFO nova.scheduler.host_manager [req-8dafc959-e85e-40e6-b1bd-7ea30dba5d24 - - - - -] Successfully synced instances from host 'mysql-001.vassilevski.com'.
2017-02-09 09:49:28.880 23807 INFO nova.scheduler.host_manager [req-82b7f326-8115-4074-b994-51b4a83f576f - - - - -] Successfully synced instances from host 'mysql-002.vassilevski.com'.
2017-02-09 09:50:04.461 23807 INFO nova.scheduler.host_manager [req-36a8be05-b08b-4f7e-bb62-84124b8ad7d1 - - - - -] Successfully synced instances from host 'mysql-001.vassilevski.com'.
2017-02-09 09:51:30.885 23807 INFO nova.scheduler.host_manager [req-2a9e8c04-ab97-4d8b-ac7e-e287f5c2da93 - - - - -] Successfully synced instances from host 'mysql-002.vassilevski.com'.
2017-02-09 09:52:04.469 23807 INFO nova.scheduler.host_manager [req-520894b5-600d-44dd-a86c-74f2c4af61f3 - - - - -] Successfully synced instances from host 'mysql-001.vassilevski.com'.
2017-02-09 09:53:30.879 23807 INFO nova.scheduler.host_manager [req-2a05de1a-3a9b-47f4-b2b9-f23c50b842be - - - - -] Successfully synced instances from host 'mysql-002.vassilevski.com'.
2017-02-09 09:54:07.469 23807 INFO nova.scheduler.host_manager [req-c3603e3e-1d05-4015-abf3-5b4b51aabf66 - - - - -] Successfully synced instances from host 'mysql-001.vassilevski.com'.
2017-02-09 09:55:31.880 23807 INFO nova.scheduler.host_manager [req-2c726d35-affb-4035-b816-6ce7db27ef67 - - - - -] Successfully synced instances from host 'mysql-002.vassilevski.com'.
2017-02-09 09:56:12.467 23807 INFO nova.scheduler.host_manager [req-9631eaf1-7765-4f38-875a-2cf01ae7eece - - - - -] Successfully synced instances from host 'mysql-001.vassilevski.com'.
2017-02-09 09:57:32.883 23807 INFO nova.scheduler.host_manager [req-eb6433e3-b2eb-43b4-80b3-f7c784f8245e - - - - -] Successfully synced instances from host 'mysql-002.vassilevski.com'.
2017-02-09 09:58:12.468 23807 INFO nova.scheduler.host_manager [req-6d1b0a70-b335-4c3b-bff5-0221ba74c27f - - - - -] Successfully synced instances from host 'mysql-001.vassilevski.com'.
2017-02-09 09:59:37.884 23807 INFO nova.scheduler.host_manager [req-bf3ee564-23f6-4693-ad64-954cb03338d9 - - - - -] Successfully synced instances from host 'mysql-002.vassilevski.com'.
2017-02-09 10:00:13.467 23807 INFO nova.scheduler.host_manager [req-995e8a57-cf0e-40b4-8d08-7b9568b13b00 - - - - -] Successfully synced instances from host 'mysql-001.vassilevski.com'.
2017-02-09 10:01:37.887 23807 INFO nova.scheduler.host_manager [req-ba1e7772-a77a-4514-b20c-2c21d448577c - - - - -] Successfully synced instances from host 'mysql-002.vassilevski.com'.
2017-02-09 10:02:15.517 23807 INFO nova.scheduler.host_manager [req-e1dccd4e-6ac8-49a6-b28c-186b6cc3ed3b - - - - -] Successfully synced instances from host 'mysql-001.vassilevski.com'.
2017-02-09 10:03:42.882 23807 INFO nova.scheduler.host_manager [req-b857d66a-0b16-4048-b1c3-8edf62424d6e - - - - -] Successfully synced instances from host 'mysql-002.vassilevski.com'.
2017-02-09 10:04:16.468 23807 INFO nova.scheduler.host_manager [req-296272c6-5b86-42b5-a5d3-14eef6b26b55 - - - - -] Successfully synced instances from host 'mysql-001.vassilevski.com'.
2017-02-09 10:05:45.879 23807 INFO nova.scheduler.host_manager [req-e61a77d8-5510-4b2f-bfea-f69e080c4550 - - - - -] Successfully synced instances from host 'mysql-002.vassilevski.com'.
2017-02-09 10:06:20.467 23807 INFO nova.scheduler.host_manager [req-6d624226-e861-4ebb-b1b5-b46a588840c6 - - - - -] Successfully synced instances from host 'mysql-001.vassilevski.com'.
2017-02-09 10:07:47.881 23807 INFO nova.scheduler.host_manager [req-bd87236e-f003-4d1b-b194-078af1284f82 - - - - -] Successfully synced instances from host 'mysql-002.vassilevski.com'.
2017-02-09 10:08:20.471 23807 INFO nova.scheduler.host_manager [req-ee931c90-cb18-4319-b8c8-13e70c777511 - - - - -] Successfully synced instances from host 'mysql-001.vassilevski.com'.
2017-02-09 10:09:48.881 23807 INFO nova.scheduler.host_manager [req-e17b7a83-a8a4-42f3-8a1e-455972507e2f - - - - -] Successfully synced instances from host 'mysql-002.vassilevski.com'.
2017-02-09 10:10:22.465 23807 INFO nova.scheduler.host_manager [req-5bc91ff0-e5bb-46e3-988e-d69727c6db46 - - - - -] Successfully synced instances from host 'mysql-001.vassilevski.com'.
2017-02-09 10:11:48.877 23807 INFO nova.scheduler.host_manager [req-91f21bf5-3d78-42f5-855b-7427e7654dac - - - - -] Successfully synced instances from host 'mysql-002.vassilevski.com'.
2017-02-09 10:12:26.468 23807 INFO nova.scheduler.host_manager [req-c3799d7c-c610-41f8-8f26-e305cbc2c6c2 - - - - -] Successfully synced instances from host 'mysql-001.vassilevski.com'.
2017-02-09 10:13:52.881 23807 INFO nova.scheduler.host_manager [req-9dc53e15-39de-4f88-9e7c-7ca896c2ce51 - - - - -] Successfully synced instances from host 'mysql-002.vassilevski.com'.
2017-02-09 10:14:26.469 23807 INFO nova.scheduler.host_manager [req-b8f16bcf-cc93-418d-8622-a6c8c1ac5bb5 - - - - -] Successfully synced instances from host 'mysql-001.vassilevski.com'.
2017-02-09 10:15:56.879 23807 INFO nova.scheduler.host_manager [req-510a2f87-88c2-45f9-8611-6bc5c352e6c6 - - - - -] Successfully synced instances from host 'mysql-002.vassilevski.com'.
2017-02-09 10:16:28.466 23807 INFO nova.scheduler.host_manager [req-63d85b28-a1ba-4a5e-af73-f1b7a312780b - - - - -] Successfully synced instances from host 'mysql-001.vassilevski.com'.
2017-02-09 10:18:01.882 23807 INFO nova.scheduler.host_manager [req-cdb5ae89-f759-4936-9f85-ae6d7a5512d1 - - - - -] Successfully synced instances from host 'mysql-002.vassilevski.com'.
2017-02-09 10:18:33.473 23807 INFO nova.scheduler.host_manager [req-c7adfeb8-e9cc-43e8-a6ee-78f2f84e5270 - - - - -] Successfully synced instances from host 'mysql-001.vassilevski.com'.
2017-02-09 10:20:05.880 23807 INFO nova.scheduler.host_manager [req-4fac6440-2516-4f80-9718-4cc41dac0bb9 - - - - -] Successfully synced instances from host 'mysql-002.vassilevski.com'.
2017-02-09 10:20:33.473 23807 INFO nova.scheduler.host_manager [req-3507d93b-cda0-4f3f-8269-b2b3466e69d5 - - - - -] Successfully synced instances from host 'mysql-001.vassilevski.com'.
2017-02-09 10:22:09.876 23807 INFO nova.scheduler.host_manager [req-6e330319-12b6-44a6-8b8d-79fb5a20c030 - - - - -] Successfully synced instances from host 'mysql-002.vassilevski.com'.
2017-02-09 10:22:38.465 23807 INFO nova.scheduler.host_manager [req-efa25061-a40b-42ce-8f12-8e1fb135a913 - - - - -] Successfully synced instances from host 'mysql-001.vassilevski.com'.
2017-02-09 10:24:13.878 23807 INFO nova.scheduler.host_manager [req-30d42e58-4225-4bd1-9f85-0e426108f349 - - - - -] Successfully synced instances from host 'mysql-002.vassilevski.com'.
2017-02-09 10:24:39.469 23807 INFO nova.scheduler.host_manager [req-fd8b0080-c4a8-4cda-82ee-156fe9d79cbe - - - - -] Successfully synced instances from host 'mysql-001.vassilevski.com'.
2017-02-09 10:26:18.880 23807 INFO nova.scheduler.host_manager [req-24b341fa-e980-443f-a358-9efa17f90c85 - - - - -] Successfully synced instances from host 'mysql-002.vassilevski.com'.
2017-02-09 10:26:44.493 23807 INFO nova.scheduler.host_manager [req-56d9b05c-db06-435a-89a0-d8016f4bc82a - - - - -] Successfully synced instances from host 'mysql-001.vassilevski.com'.
2017-02-09 10:28:23.882 23807 INFO nova.scheduler.host_manager [req-06a8ba5b-8c25-4c1b-b45a-e8c802bc18e2 - - - - -] Successfully synced instances from host 'mysql-002.vassilevski.com'.
2017-02-09 10:28:46.466 23807 INFO nova.scheduler.host_manager [req-23c35013-57eb-438b-8ffd-5f3e1e629203 - - - - -] Successfully synced instances from host 'mysql-001.vassilevski.com'.
2017-02-09 10:30:25.881 23807 INFO nova.scheduler.host_manager [req-5c786327-413b-4148-a3ef-17242c880b34 - - - - -] Successfully synced instances from host 'mysql-002.vassilevski.com'.
2017-02-09 10:30:48.469 23807 INFO nova.scheduler.host_manager [req-b0cb52c0-8338-40f9-9e26-1f6a7b45f5c4 - - - - -] Successfully synced instances from host 'mysql-001.vassilevski.com'.
2017-02-09 10:32:29.879 23807 INFO nova.scheduler.host_manager [req-8583378e-5b81-4254-8a38-630d1485ee9b - - - - -] Successfully synced instances from host 'mysql-002.vassilevski.com'.
2017-02-09 10:32:53.494 23807 INFO nova.scheduler.host_manager [req-7bb1dfb6-0188-41bc-b2d2-8149e10e391a - - - - -] Successfully synced instances from host 'mysql-001.vassilevski.com'.
2017-02-09 10:34:29.877 23807 INFO nova.scheduler.host_manager [req-a1cf0c22-74f8-4bc3-ad1d-21e015cf9e80 - - - - -] Successfully synced instances from host 'mysql-002.vassilevski.com'.
2017-02-09 10:34:53.467 23807 INFO nova.scheduler.host_manager [req-fc156cad-dd07-4041-b0d2-6a7aad1ce11d - - - - -] Successfully synced instances from host 'mysql-001.vassilevski.com'.
2017-02-09 10:36:34.903 23807 INFO nova.scheduler.host_manager [req-e142beb4-695d-4b04-9be3-caa13529ece3 - - - - -] Successfully synced instances from host 'mysql-002.vassilevski.com'.
2017-02-09 10:36:56.469 23807 INFO nova.scheduler.host_manager [req-b56e7756-bf00-4023-a771-a9f69a8df2d6 - - - - -] Successfully synced instances from host 'mysql-001.vassilevski.com'.
2017-02-09 10:38:38.881 23807 INFO nova.scheduler.host_manager [req-69ea2290-f169-41ef-bcbc-88ae9744d627 - - - - -] Successfully synced instances from host 'mysql-002.vassilevski.com'.
2017-02-09 10:38:59.465 23807 INFO nova.scheduler.host_manager [req-f946e0df-6e0d-4492-a37e-a51429dafdd6 - - - - -] Successfully synced instances from host 'mysql-001.vassilevski.com'.
2017-02-09 10:40:42.879 23807 INFO nova.scheduler.host_manager [req-6d4151bf-28d9-4ff6-9713-b1a05d578313 - - - - -] Successfully synced instances from host 'mysql-002.vassilevski.com'.
2017-02-09 10:41:00.464 23807 INFO nova.scheduler.host_manager [req-25fc7146-f13f-42ef-ae88-74ed223f42aa - - - - -] Successfully synced instances from host 'mysql-001.vassilevski.com'.
2017-02-09 10:42:46.879 23807 INFO nova.scheduler.host_manager [req-437762aa-0d8d-4329-9970-1f231975910c - - - - -] Successfully synced instances from host 'mysql-002.vassilevski.com'.
2017-02-09 10:43:04.466 23807 INFO nova.scheduler.host_manager [req-34787768-5264-48c2-ab48-11731d1090fe - - - - -] Successfully synced instances from host 'mysql-001.vassilevski.com'.
2017-02-09 10:44:49.876 23807 INFO nova.scheduler.host_manager [req-b1f19f6e-da89-471c-bbcf-9baa39ff4d02 - - - - -] Successfully synced instances from host 'mysql-002.vassilevski.com'.
2017-02-09 10:45:04.467 23807 INFO nova.scheduler.host_manager [req-13b4e93a-903f-4376-8a5e-52c1e8f62241 - - - - -] Successfully synced instances from host 'mysql-001.vassilevski.com'.
2017-02-09 10:46:49.882 23807 INFO nova.scheduler.host_manager [req-0b6e52b4-d50c-4ce5-8d84-bb38723cdaf9 - - - - -] Successfully synced instances from host 'mysql-002.vassilevski.com'.
2017-02-09 10:47:06.467 23807 INFO nova.scheduler.host_manager [req-79f82dc4-8ea2-486a-804c-050b82c13525 - - - - -] Successfully synced instances from host 'mysql-001.vassilevski.com'.
2017-02-09 10:49:06.468 23807 INFO nova.scheduler.host_manager [req-f5c171da-3b36-429f-9ae2-d6e89602e848 - - - - -] Successfully synced instances from host 'mysql-001.vassilevski.com'.
2017-02-09 10:51:08.467 23807 INFO nova.scheduler.host_manager [req-be494ef9-136c-462d-ace9-caf247e82987 - - - - -] Successfully synced instances from host 'mysql-001.vassilevski.com'.
2017-02-09 10:53:08.468 23807 INFO nova.scheduler.host_manager [req-2274cb09-de3b-48c2-8302-6a7e065e115f - - - - -] Successfully synced instances from host 'mysql-001.vassilevski.com'.
2017-02-09 10:55:13.468 23807 INFO nova.scheduler.host_manager [req-f558d11d-4af1-44ef-b881-889594b418db - - - - -] Successfully synced instances from host 'mysql-001.vassilevski.com'.
2017-02-09 10:57:17.461 23807 INFO nova.scheduler.host_manager [req-4bf875f6-8c65-473f-8382-80e144acb560 - - - - -] Successfully synced instances from host 'mysql-001.vassilevski.com'.
2017-02-09 10:59:22.468 23807 INFO nova.scheduler.host_manager [req-1f28e717-4e0a-4795-b3af-6d2f1c1f4331 - - - - -] Successfully synced instances from host 'mysql-001.vassilevski.com'.
2017-02-09 11:01:26.468 23807 INFO nova.scheduler.host_manager [req-9f95fe8e-c267-4554-97fb-3f1739c114e6 - - - - -] Successfully synced instances from host 'mysql-001.vassilevski.com'.
2017-02-09 11:03:26.467 23807 INFO nova.scheduler.host_manager [req-3a5df8b0-7143-4037-9192-b5d1677a7f79 - - - - -] Successfully synced instances from host 'mysql-001.vassilevski.com'.
2017-02-09 11:05:29.466 23807 INFO nova.scheduler.host_manager [req-49069ff8-5a83-4d88-9bb6-8bb47482844f - - - - -] Successfully synced instances from host 'mysql-001.vassilevski.com'.
2017-02-09 11:07:34.464 23807 INFO nova.scheduler.host_manager [req-b17a4e92-9fe2-4cce-a510-69be39a5fe15 - - - - -] Successfully synced instances from host 'mysql-001.vassilevski.com'.
2017-02-09 11:09:37.466 23807 INFO nova.scheduler.host_manager [req-8802ee7f-6e7d-4a87-b65e-e668d118ebeb - - - - -] Successfully synced instances from host 'mysql-001.vassilevski.com'.
2017-02-09 11:11:41.467 23807 INFO nova.scheduler.host_manager [req-21b26059-dafd-4415-abcf-c2c92ad1d24c - - - - -] Successfully synced instances from host 'mysql-001.vassilevski.com'.
2017-02-09 11:13:43.471 23807 INFO nova.scheduler.host_manager [req-e3873e13-b0a5-46b3-9f0b-e972006ecae5 - - - - -] Successfully synced instances from host 'mysql-001.vassilevski.com'.
2017-02-09 11:15:48.464 23807 INFO nova.scheduler.host_manager [req-4eb7c6f9-503e-43da-8f1c-b19cda72db26 - - - - -] Successfully synced instances from host 'mysql-001.vassilevski.com'.
2017-02-09 11:17:53.470 23807 INFO nova.scheduler.host_manager [req-79bca575-4b3e-450c-b8fa-905c7537dea2 - - - - -] Successfully synced instances from host 'mysql-001.vassilevski.com'.
2017-02-09 11:19:55.467 23807 INFO nova.scheduler.host_manager [req-371c6b6f-dd38-4cd6-ba55-f2c7fe95a4c5 - - - - -] Successfully synced instances from host 'mysql-001.vassilevski.com'.
2017-02-09 11:21:56.471 23807 INFO nova.scheduler.host_manager [req-c7c19c2d-ee6a-468d-b517-a7828354baae - - - - -] Successfully synced instances from host 'mysql-001.vassilevski.com'.
2017-02-09 11:23:58.468 23807 INFO nova.scheduler.host_manager [req-8353dabd-5ae3-4bfc-b5a1-e5a4b791bc08 - - - - -] Successfully synced instances from host 'mysql-001.vassilevski.com'.
2017-02-09 11:25:59.464 23807 INFO nova.scheduler.host_manager [req-1d156355-d834-4a11-8d82-ee9752a6dc68 - - - - -] Successfully synced instances from host 'mysql-001.vassilevski.com'.
2017-02-09 11:28:01.465 23807 INFO nova.scheduler.host_manager [req-9215833b-8c44-49c9-a004-11df1a0a2e66 - - - - -] Successfully synced instances from host 'mysql-001.vassilevski.com'.
2017-02-09 11:30:02.470 23807 INFO nova.scheduler.host_manager [req-e64c7197-110f-4461-b3b8-9298f8c13e13 - - - - -] Successfully synced instances from host 'mysql-001.vassilevski.com'.
2017-02-09 11:32:07.470 23807 INFO nova.scheduler.host_manager [req-24e06ef0-7914-4e3e-b4f5-1a52e46b422b - - - - -] Successfully synced instances from host 'mysql-001.vassilevski.com'.
2017-02-09 11:34:08.469 23807 INFO nova.scheduler.host_manager [req-18e56ee2-d61f-4a2c-a5db-9bbafacf9ed8 - - - - -] Successfully synced instances from host 'mysql-001.vassilevski.com'.
2017-02-09 11:36:11.470 23807 INFO nova.scheduler.host_manager [req-03ec0e5d-acf2-4aae-9661-5b14fd5a55cb - - - - -] Successfully synced instances from host 'mysql-001.vassilevski.com'.
2017-02-09 11:38:15.465 23807 INFO nova.scheduler.host_manager [req-7f673d9d-8e3b-4b40-ad16-a056c7780cb7 - - - - -] Successfully synced instances from host 'mysql-001.vassilevski.com'.
2017-02-09 11:40:17.472 23807 INFO nova.scheduler.host_manager [req-0cf6b30c-91a9-47f4-a195-5ed13a0b1c16 - - - - -] Successfully synced instances from host 'mysql-001.vassilevski.com'.
2017-02-09 11:42:20.465 23807 INFO nova.scheduler.host_manager [req-5116e764-fd34-44fe-960c-16833d141d1b - - - - -] Successfully synced instances from host 'mysql-001.vassilevski.com'.
2017-02-09 11:44:23.463 23807 INFO nova.scheduler.host_manager [req-616e656e-6cc3-45cc-8d7a-722e9d7ca7ab - - - - -] Successfully synced instances from host 'mysql-001.vassilevski.com'.
2017-02-09 11:46:25.465 23807 INFO nova.scheduler.host_manager [req-6c9c9b51-fe43-44c1-acd9-b00c369c0a2a - - - - -] Successfully synced instances from host 'mysql-001.vassilevski.com'.
2017-02-09 11:48:28.462 23807 INFO nova.scheduler.host_manager [req-c831ad1c-caa1-442b-86cb-e3fd7a38d9c7 - - - - -] Successfully synced instances from host 'mysql-001.vassilevski.com'.
2017-02-09 11:50:29.465 23807 INFO nova.scheduler.host_manager [req-a81600c6-421c-48c6-8915-d309e9b1cc3f - - - - -] Successfully synced instances from host 'mysql-001.vassilevski.com'.
2017-02-09 11:52:29.466 23807 INFO nova.scheduler.host_manager [req-e285ec9e-3b86-4263-a0c4-0e8fc6ec27d6 - - - - -] Successfully synced instances from host 'mysql-001.vassilevski.com'.
2017-02-09 11:54:29.485 23807 INFO nova.scheduler.host_manager [req-5c90d034-dd8b-42c8-a0f8-da6c78c7ba69 - - - - -] Successfully synced instances from host 'mysql-001.vassilevski.com'.
2017-02-09 11:56:30.465 23807 INFO nova.scheduler.host_manager [req-130c439a-a37d-4b18-b229-f76b33437caf - - - - -] Successfully synced instances from host 'mysql-001.vassilevski.com'.
2017-02-09 11:58:30.469 23807 INFO nova.scheduler.host_manager [req-88a757e4-0b13-460a-8613-f80e548c9be6 - - - - -] Successfully synced instances from host 'mysql-001.vassilevski.com'.
2017-02-09 12:00:31.471 23807 INFO nova.scheduler.host_manager [req-f1017ba3-d3b8-4e50-9b4a-33621ef4d063 - - - - -] Successfully synced instances from host 'mysql-001.vassilevski.com'.
2017-02-09 12:02:31.467 23807 INFO nova.scheduler.host_manager [req-12c2fe93-3805-4226-839b-fb9e8e206d75 - - - - -] Successfully synced instances from host 'mysql-001.vassilevski.com'.
2017-02-09 12:04:33.470 23807 INFO nova.scheduler.host_manager [req-759c7dff-8180-42fe-b464-63b98c4b7bb7 - - - - -] Successfully synced instances from host 'mysql-001.vassilevski.com'.
2017-02-09 12:06:34.468 23807 INFO nova.scheduler.host_manager [req-d968291a-42a9-4db1-ba43-e7d16d6b4063 - - - - -] Successfully synced instances from host 'mysql-001.vassilevski.com'.
2017-02-09 12:08:39.460 23807 INFO nova.scheduler.host_manager [req-bcad2fda-16c7-47c0-9246-b83cf0946771 - - - - -] Successfully synced instances from host 'mysql-001.vassilevski.com'.
2017-02-09 12:10:44.467 23807 INFO nova.scheduler.host_manager [req-41257ef5-1a8d-4c2d-9bf8-9699e9ae5a91 - - - - -] Successfully synced instances from host 'mysql-001.vassilevski.com'.
2017-02-09 12:12:44.465 23807 INFO nova.scheduler.host_manager [req-8eefe4eb-885f-439a-98f9-7279b41cf866 - - - - -] Successfully synced instances from host 'mysql-001.vassilevski.com'.
2017-02-09 12:14:49.469 23807 INFO nova.scheduler.host_manager [req-84251eed-91df-4faf-b991-da085425adfe - - - - -] Successfully synced instances from host 'mysql-001.vassilevski.com'.
2017-02-09 12:16:49.466 23807 INFO nova.scheduler.host_manager [req-45925588-35a9-4d95-8d28-d02a24437ed9 - - - - -] Successfully synced instances from host 'mysql-001.vassilevski.com'.
2017-02-09 12:18:49.470 23807 INFO nova.scheduler.host_manager [req-6f3a3347-51ca-42d1-b167-6189243602ba - - - - -] Successfully synced instances from host 'mysql-001.vassilevski.com'.
2017-02-09 12:20:53.473 23807 INFO nova.scheduler.host_manager [req-1edd38b6-7324-48bb-b06d-fc822e05715f - - - - -] Successfully synced instances from host 'mysql-001.vassilevski.com'.
2017-02-09 12:22:56.470 23807 INFO nova.scheduler.host_manager [req-36b80812-0a14-4828-aac8-01c18e2653bb - - - - -] Successfully synced instances from host 'mysql-001.vassilevski.com'.
2017-02-09 12:25:00.466 23807 INFO nova.scheduler.host_manager [req-2ec2b5af-3507-4cb3-a46e-dfca0f20900f - - - - -] Successfully synced instances from host 'mysql-001.vassilevski.com'.
2017-02-09 12:27:00.467 23807 INFO nova.scheduler.host_manager [req-9abe27a7-2dad-43a2-bd9c-6bca9db3af8a - - - - -] Successfully synced instances from host 'mysql-001.vassilevski.com'.
2017-02-09 12:29:00.466 23807 INFO nova.scheduler.host_manager [req-8de1ee4a-cd1b-4520-9456-c135f8018ccf - - - - -] Successfully synced instances from host 'mysql-001.vassilevski.com'.
2017-02-09 12:31:04.465 23807 INFO nova.scheduler.host_manager [req-759aefc0-77ea-4e77-8e7f-4452dba501c7 - - - - -] Successfully synced instances from host 'mysql-001.vassilevski.com'.
2017-02-09 12:33:06.471 23807 INFO nova.scheduler.host_manager [req-67fb6174-8db7-431f-8675-26f7f9a3c973 - - - - -] Successfully synced instances from host 'mysql-001.vassilevski.com'.
2017-02-09 12:35:10.470 23807 INFO nova.scheduler.host_manager [req-4576195e-a775-40b7-8b57-6cf4d8cc4008 - - - - -] Successfully synced instances from host 'mysql-001.vassilevski.com'.
2017-02-09 12:37:15.468 23807 INFO nova.scheduler.host_manager [req-82d436c3-2eba-4875-9da0-b08e3afd1834 - - - - -] Successfully synced instances from host 'mysql-001.vassilevski.com'.
2017-02-09 12:39:20.466 23807 INFO nova.scheduler.host_manager [req-8eebd783-4e35-4c34-aa15-4ffd7dce46c5 - - - - -] Successfully synced instances from host 'mysql-001.vassilevski.com'.
2017-02-09 12:41:24.180 23807 INFO nova.scheduler.host_manager [req-0fe5106c-1ba6-4c16-b748-06454d399db8 - - - - -] Successfully synced instances from host 'mysql-001.vassilevski.com'.
2017-02-09 12:43:27.465 23807 INFO nova.scheduler.host_manager [req-e1b2d294-eeac-4220-b84c-c3d81429b306 - - - - -] Successfully synced instances from host 'mysql-001.vassilevski.com'.
2017-02-09 12:45:31.464 23807 INFO nova.scheduler.host_manager [req-682c7d53-1f2a-4880-9585-8043c167e113 - - - - -] Successfully synced instances from host 'mysql-001.vassilevski.com'.
2017-02-09 12:47:32.471 23807 INFO nova.scheduler.host_manager [req-2747d721-4915-451d-b0a3-806b3a8e9936 - - - - -] Successfully synced instances from host 'mysql-001.vassilevski.com'.
2017-02-09 12:49:36.468 23807 INFO nova.scheduler.host_manager [req-4eb1f886-f9b1-4ab6-b581-8fcb8b7d541f - - - - -] Successfully synced instances from host 'mysql-001.vassilevski.com'.
2017-02-09 12:51:36.469 23807 INFO nova.scheduler.host_manager [req-5c58e84a-bf9a-48ea-b46f-90adca1bee11 - - - - -] Successfully synced instances from host 'mysql-001.vassilevski.com'.
2017-02-09 12:53:40.466 23807 INFO nova.scheduler.host_manager [req-6aedb508-be7d-44b0-ad42-4ec4970de379 - - - - -] Successfully synced instances from host 'mysql-001.vassilevski.com'.
2017-02-09 12:55:43.474 23807 INFO nova.scheduler.host_manager [req-3c683a9d-5648-4dca-9470-2d85fe888e26 - - - - -] Successfully synced instances from host 'mysql-001.vassilevski.com'.
2017-02-09 12:57:43.469 23807 INFO nova.scheduler.host_manager [req-1ea05b1e-e81e-4c61-9e12-dba2d5ac9bb3 - - - - -] Successfully synced instances from host 'mysql-001.vassilevski.com'.
2017-02-09 12:59:48.465 23807 INFO nova.scheduler.host_manager [req-cf9471b8-aa30-4da8-8261-c9c6b2d3875c - - - - -] Successfully synced instances from host 'mysql-001.vassilevski.com'.
2017-02-09 13:01:53.473 23807 INFO nova.scheduler.host_manager [req-ded0aa59-dc70-4a03-9e39-0e54b386dbe5 - - - - -] Successfully synced instances from host 'mysql-001.vassilevski.com'.
2017-02-09 13:03:56.468 23807 INFO nova.scheduler.host_manager [req-47f397af-d96c-4024-abe8-da84466ba666 - - - - -] Successfully synced instances from host 'mysql-001.vassilevski.com'.
2017-02-09 13:06:01.465 23807 INFO nova.scheduler.host_manager [req-52d787a5-0a26-4252-a34d-165c24ba417d - - - - -] Successfully synced instances from host 'mysql-001.vassilevski.com'.
2017-02-09 13:08:01.462 23807 INFO nova.scheduler.host_manager [req-c31f77b5-19e3-4edc-a511-210a4260148f - - - - -] Successfully synced instances from host 'mysql-001.vassilevski.com'.
2017-02-09 13:10:06.467 23807 INFO nova.scheduler.host_manager [req-9ab44abd-4036-46ac-a9af-0ee36f7a3aa6 - - - - -] Successfully synced instances from host 'mysql-001.vassilevski.com'.
2017-02-09 13:12:09.468 23807 INFO nova.scheduler.host_manager [req-d43ce41a-680b-4047-9d59-73f99877d238 - - - - -] Successfully synced instances from host 'mysql-001.vassilevski.com'.
2017-02-09 13:14:12.469 23807 INFO nova.scheduler.host_manager [req-86b9a31f-72e8-42ef-90f3-bfe8024db9fc - - - - -] Successfully synced instances from host 'mysql-001.vassilevski.com'.
2017-02-09 13:16:14.487 23807 INFO nova.scheduler.host_manager [req-68d72ea8-228a-40b1-bcaa-7d23df8a3c7c - - - - -] Successfully synced instances from host 'mysql-001.vassilevski.com'.
2017-02-09 13:18:16.466 23807 INFO nova.scheduler.host_manager [req-fb95feca-3d50-4615-9421-febeec7b9db0 - - - - -] Successfully synced instances from host 'mysql-001.vassilevski.com'.
2017-02-09 13:20:17.466 23807 INFO nova.scheduler.host_manager [req-8605a247-95eb-4b31-a0fd-f1faaf917b1b - - - - -] Successfully synced instances from host 'mysql-001.vassilevski.com'.
2017-02-09 13:22:18.465 23807 INFO nova.scheduler.host_manager [req-d319349f-326c-4538-bff8-f4366636cfe4 - - - - -] Successfully synced instances from host 'mysql-001.vassilevski.com'.
2017-02-09 13:24:18.473 23807 INFO nova.scheduler.host_manager [req-4657f0c7-8e09-4a83-aabc-869231274571 - - - - -] Successfully synced instances from host 'mysql-001.vassilevski.com'.
2017-02-09 13:35:09.343 23016 WARNING oslo_reports.guru_meditation_report [-] Guru meditation now registers SIGUSR1 and SIGUSR2 by default for backward compatibility. SIGUSR1 will no longer be registered in a future release, so please use SIGUSR2 to generate reports.
2017-02-09 13:35:09.369 23016 WARNING oslo_db.sqlalchemy.engines [req-b19b2ed8-e31c-45ca-925d-135d02e19c0d - - - - -] SQL connection failed. 10 attempts left.
2017-02-09 13:35:19.980 23016 INFO nova.service [-] Starting scheduler node (version 14.0.2-1.el7)
2017-02-09 13:37:19.233 23016 INFO nova.scheduler.host_manager [req-0b81a927-7c05-479a-9d52-e03a52c9d2c6 - - - - -] Successfully synced instances from host 'mysql-001.vassilevski.com'.
2017-02-09 13:39:13.444 23016 INFO nova.scheduler.host_manager [req-dc766669-5b65-48d1-a8d3-b9dc256c0468 - - - - -] Successfully synced instances from host 'mysql-001.vassilevski.com'.
2017-02-09 13:41:16.328 23016 INFO nova.scheduler.host_manager [req-416a6ac2-44ca-4295-8e86-b509e4c19016 - - - - -] Successfully synced instances from host 'mysql-001.vassilevski.com'.
2017-02-09 14:00:03.445 30518 WARNING oslo_reports.guru_meditation_report [-] Guru meditation now registers SIGUSR1 and SIGUSR2 by default for backward compatibility. SIGUSR1 will no longer be registered in a future release, so please use SIGUSR2 to generate reports.
2017-02-09 14:00:03.764 30518 INFO nova.service [-] Starting scheduler node (version 14.0.2-1.el7)
2017-02-09 14:01:34.173 30518 INFO nova.scheduler.host_manager [req-94fc1ed3-aed1-420b-8854-a17ea61dedb9 - - - - -] Received an update from an unknown host 'mysql-002.vassilevski.com'. Re-created its InstanceList.
2017-02-09 14:02:13.079 30518 INFO nova.scheduler.host_manager [req-4a206e61-cacb-4b1c-95ed-1f761ace6d0f - - - - -] Successfully synced instances from host 'mysql-001.vassilevski.com'.
2017-02-09 14:03:33.757 30518 INFO nova.scheduler.host_manager [req-38e9a217-7c41-439a-baeb-9799409c9ee0 - - - - -] Successfully synced instances from host 'mysql-002.vassilevski.com'.
2017-02-09 14:04:05.411 30518 INFO nova.scheduler.host_manager [req-0e49353a-7ec1-4ad0-aa9a-c9711f0ffbce - - - - -] Successfully synced instances from host 'mysql-001.vassilevski.com'.
2017-02-09 14:05:38.688 30518 INFO nova.scheduler.host_manager [req-f8d44be5-b8f5-497b-90b6-12eea62863db - - - - -] Successfully synced instances from host 'mysql-002.vassilevski.com'.
2017-02-09 14:06:10.171 30518 INFO nova.scheduler.host_manager [req-4cb9fbc9-6de3-439f-ab56-23023976b95c - - - - -] Successfully synced instances from host 'mysql-001.vassilevski.com'.
2017-02-09 14:07:40.683 30518 INFO nova.scheduler.host_manager [req-8c023f91-bdb7-4af5-94be-46e6e77e67bc - - - - -] Successfully synced instances from host 'mysql-002.vassilevski.com'.
2017-02-09 14:08:11.430 30518 INFO nova.scheduler.host_manager [req-21f2dc6b-074d-4686-8611-8f89c1b8a937 - - - - -] Successfully synced instances from host 'mysql-001.vassilevski.com'.
2017-02-09 14:10:15.434 30518 INFO nova.scheduler.host_manager [req-7af91e7e-1890-497a-ad84-f4e498e05edc - - - - -] Successfully synced instances from host 'mysql-001.vassilevski.com'.
2017-02-09 14:12:15.437 30518 INFO nova.scheduler.host_manager [req-83dec6a8-d4e3-4207-8f70-46e8230f7761 - - - - -] Successfully synced instances from host 'mysql-001.vassilevski.com'.
2017-02-09 14:14:15.488 30518 ERROR oslo.messaging._drivers.impl_rabbit [-] [0fc976b8-d2ed-4e46-8b8f-fc8751a71323] AMQP server on mysql-001.vassilevski.com:5672 is unreachable: Too many heartbeats missed. Trying again in 1 seconds. Client port: 41274
2017-02-09 14:15:16.570 30518 INFO oslo.messaging._drivers.impl_rabbit [-] [0fc976b8-d2ed-4e46-8b8f-fc8751a71323] Reconnected to AMQP server on mysql-001.vassilevski.com:5672 via [amqp] clientwith port 38970.
2017-02-09 14:16:31.117 35671 WARNING oslo_reports.guru_meditation_report [-] Guru meditation now registers SIGUSR1 and SIGUSR2 by default for backward compatibility. SIGUSR1 will no longer be registered in a future release, so please use SIGUSR2 to generate reports.
2017-02-09 14:16:31.594 35671 INFO nova.service [-] Starting scheduler node (version 14.0.2-1.el7)
2017-02-09 14:18:35.894 35671 INFO nova.scheduler.host_manager [req-7e1f1eb4-0fa7-4f45-840c-0e931363c9d0 - - - - -] Successfully synced instances from host 'mysql-001.vassilevski.com'.
2017-02-09 14:19:07.345 35671 INFO nova.scheduler.host_manager [req-d86402a3-105c-48b9-9d41-2075e1ca215b - - - - -] Received a sync request from an unknown host 'mysql-002.vassilevski.com'. Re-created its InstanceList.
2017-02-09 14:20:33.487 35671 INFO nova.scheduler.host_manager [req-63d69492-0b12-47b6-b6b0-cee0b2db14a0 - - - - -] Successfully synced instances from host 'mysql-001.vassilevski.com'.
2017-02-09 14:22:37.775 35671 INFO nova.scheduler.host_manager [req-688750b0-450b-4575-add2-feefa543064c - - - - -] Successfully synced instances from host 'mysql-001.vassilevski.com'.
2017-02-09 14:22:56.951 35671 INFO nova.scheduler.host_manager [req-f5cc5fa9-c986-4b75-937c-01f47a57b401 - - - - -] Successfully synced instances from host 'mysql-002.vassilevski.com'.
2017-02-09 14:24:42.748 35671 INFO nova.scheduler.host_manager [req-3149b2bd-e560-42ed-a886-5bfdc2ccc896 - - - - -] Successfully synced instances from host 'mysql-001.vassilevski.com'.
2017-02-09 14:24:57.946 35671 INFO nova.scheduler.host_manager [req-97be35d2-1fbf-4df1-bb41-beec414abac9 - - - - -] Successfully synced instances from host 'mysql-002.vassilevski.com'.
2017-02-09 14:26:46.779 35671 INFO nova.scheduler.host_manager [req-844741f6-dadc-434a-b716-32b64ca01b7b - - - - -] Successfully synced instances from host 'mysql-001.vassilevski.com'.
2017-02-09 14:27:02.946 35671 INFO nova.scheduler.host_manager [req-1439fc86-dba7-4822-8fde-91f290db7a73 - - - - -] Successfully synced instances from host 'mysql-002.vassilevski.com'.
