2017-02-09T08:28:44.471Z|00001|vlog|INFO|opened log file /var/log/openvswitch/ovs-vswitchd.log
2017-02-09T08:28:44.476Z|00002|ovs_numa|INFO|Discovered 20 CPU cores on NUMA node 0
2017-02-09T08:28:44.476Z|00003|ovs_numa|INFO|Discovered 20 CPU cores on NUMA node 1
2017-02-09T08:28:44.476Z|00004|ovs_numa|INFO|Discovered 2 NUMA nodes and 40 CPU cores
2017-02-09T08:28:44.476Z|00005|reconnect|INFO|unix:/var/run/openvswitch/db.sock: connecting...
2017-02-09T08:28:44.476Z|00006|reconnect|INFO|unix:/var/run/openvswitch/db.sock: connected
2017-02-09T08:28:44.506Z|00007|ofproto_dpif|INFO|system@ovs-system: Datapath supports recirculation
2017-02-09T08:28:44.506Z|00008|ofproto_dpif|INFO|system@ovs-system: MPLS label stack length probed as 1
2017-02-09T08:28:44.506Z|00009|ofproto_dpif|INFO|system@ovs-system: Datapath supports truncate action
2017-02-09T08:28:44.507Z|00010|ofproto_dpif|INFO|system@ovs-system: Datapath supports unique flow ids
2017-02-09T08:28:44.507Z|00011|ofproto_dpif|INFO|system@ovs-system: Datapath supports ct_state
2017-02-09T08:28:44.507Z|00012|ofproto_dpif|INFO|system@ovs-system: Datapath supports ct_zone
2017-02-09T08:28:44.507Z|00013|ofproto_dpif|INFO|system@ovs-system: Datapath supports ct_mark
2017-02-09T08:28:44.507Z|00014|ofproto_dpif|INFO|system@ovs-system: Datapath supports ct_label
2017-02-09T08:28:44.507Z|00015|ofproto_dpif|INFO|system@ovs-system: Datapath supports ct_state_nat
2017-02-09T08:28:44.910Z|00001|ofproto_dpif_upcall(handler1)|INFO|received packet on unassociated datapath port 0
2017-02-09T08:28:44.919Z|00016|netdev_linux|INFO|ioctl(SIOCGIFHWADDR) on tap54f55381-74 device failed: No such device
2017-02-09T08:28:44.930Z|00017|netdev_linux|INFO|ioctl(SIOCGIFHWADDR) on qg-64d35bd2-23 device failed: No such device
2017-02-09T08:28:44.942Z|00018|netdev_linux|INFO|ioctl(SIOCGIFHWADDR) on qr-19718a44-ed device failed: No such device
2017-02-09T08:28:44.953Z|00019|netdev_linux|INFO|ioctl(SIOCGIFHWADDR) on qr-eb7549e6-f7 device failed: No such device
2017-02-09T08:28:44.957Z|00020|bridge|INFO|bridge br-ex: added interface eno1 on port 1
2017-02-09T08:28:44.957Z|00021|bridge|INFO|bridge br-ex: added interface br-ex on port 65534
2017-02-09T08:28:44.957Z|00022|bridge|INFO|bridge br-ex: added interface phy-br-ex on port 2
2017-02-09T08:28:44.957Z|00023|bridge|INFO|bridge br-int: added interface tap54f55381-74 on port 28
2017-02-09T08:28:44.961Z|00024|netdev_linux|WARN|ioctl(SIOCGIFINDEX) on tap54f55381-74 device failed: No such device
2017-02-09T08:28:44.961Z|00025|bridge|INFO|bridge br-int: added interface br-int on port 65534
2017-02-09T08:28:44.961Z|00026|bridge|INFO|bridge br-int: added interface qg-64d35bd2-23 on port 31
2017-02-09T08:28:44.965Z|00027|netdev_linux|WARN|ioctl(SIOCGIFINDEX) on qg-64d35bd2-23 device failed: No such device
2017-02-09T08:28:44.965Z|00028|bridge|INFO|bridge br-int: added interface int-br-ex on port 1
2017-02-09T08:28:44.965Z|00029|bridge|INFO|bridge br-int: added interface patch-tun on port 2
2017-02-09T08:28:44.965Z|00030|bridge|INFO|bridge br-int: added interface qr-19718a44-ed on port 29
2017-02-09T08:28:44.968Z|00031|netdev_linux|WARN|ioctl(SIOCGIFINDEX) on qr-19718a44-ed device failed: No such device
2017-02-09T08:28:44.968Z|00032|bridge|INFO|bridge br-int: added interface qr-eb7549e6-f7 on port 30
2017-02-09T08:28:44.972Z|00033|netdev_linux|WARN|ioctl(SIOCGIFINDEX) on qr-eb7549e6-f7 device failed: No such device
2017-02-09T08:28:44.972Z|00034|bridge|INFO|bridge br-tun: added interface patch-int on port 1
2017-02-09T08:28:44.972Z|00035|bridge|INFO|bridge br-tun: added interface br-tun on port 65534
2017-02-09T08:28:44.974Z|00036|bridge|INFO|bridge ovs-br0: added interface vxlan1 on port 1
2017-02-09T08:28:44.974Z|00037|bridge|INFO|bridge ovs-br0: added interface ovs-br0 on port 65534
2017-02-09T08:28:44.975Z|00038|bridge|INFO|bridge br-ex: using datapath ID 00001402ec41b80c
2017-02-09T08:28:44.975Z|00039|connmgr|INFO|br-ex: added service controller "punix:/var/run/openvswitch/br-ex.mgmt"
2017-02-09T08:28:44.975Z|00040|bridge|INFO|bridge br-int: using datapath ID 00009668e5b36346
2017-02-09T08:28:44.975Z|00041|netdev_linux|WARN|tap54f55381-74: removing policing failed: No such device
2017-02-09T08:28:44.975Z|00042|netdev_linux|WARN|qg-64d35bd2-23: removing policing failed: No such device
2017-02-09T08:28:44.975Z|00043|netdev_linux|WARN|qr-eb7549e6-f7: removing policing failed: No such device
2017-02-09T08:28:44.975Z|00044|netdev_linux|WARN|qr-19718a44-ed: removing policing failed: No such device
2017-02-09T08:28:44.975Z|00045|connmgr|INFO|br-int: added service controller "punix:/var/run/openvswitch/br-int.mgmt"
2017-02-09T08:28:44.975Z|00046|bridge|INFO|bridge br-tun: using datapath ID 0000eecee18c8643
2017-02-09T08:28:44.975Z|00047|connmgr|INFO|br-tun: added service controller "punix:/var/run/openvswitch/br-tun.mgmt"
2017-02-09T08:28:44.975Z|00048|bridge|INFO|bridge ovs-br0: using datapath ID 0000ce18b52bc641
2017-02-09T08:28:44.976Z|00049|connmgr|INFO|ovs-br0: added service controller "punix:/var/run/openvswitch/ovs-br0.mgmt"
2017-02-09T08:28:45.108Z|00050|bridge|INFO|ovs-vswitchd (Open vSwitch) 2.6.1
2017-02-09T08:28:54.620Z|00051|memory|INFO|348120 kB peak resident set size after 10.1 seconds
2017-02-09T08:28:54.620Z|00052|memory|INFO|handlers:29 ports:14 revalidators:11 rules:17 udpif keys:3
2017-02-09T08:30:26.122Z|00053|connmgr|INFO|br-int<->unix: 1 flow_mods in the last 0 s (1 adds)
2017-02-09T08:30:26.128Z|00054|connmgr|INFO|br-int<->unix: 1 flow_mods in the last 0 s (1 adds)
2017-02-09T08:30:26.133Z|00055|connmgr|INFO|br-int<->unix: 1 flow_mods in the last 0 s (1 adds)
2017-02-09T08:30:26.163Z|00056|connmgr|INFO|br-ex<->unix: 1 flow_mods in the last 0 s (1 adds)
2017-02-09T08:30:26.173Z|00057|connmgr|INFO|br-int<->unix: 1 flow_mods in the last 0 s (1 adds)
2017-02-09T08:30:26.179Z|00058|connmgr|INFO|br-ex<->unix: 1 flow_mods in the last 0 s (1 adds)
2017-02-09T08:30:26.201Z|00059|connmgr|INFO|br-tun<->unix: 9 flow_mods in the last 0 s (9 adds)
2017-02-09T08:30:26.208Z|00060|connmgr|INFO|br-tun<->unix: 1 flow_mods in the last 0 s (1 adds)
2017-02-09T08:30:33.026Z|00061|connmgr|INFO|br-tun<->unix: 1 flow_mods in the last 0 s (1 adds)
2017-02-09T08:30:33.044Z|00062|connmgr|INFO|br-ex<->unix: 1 flow_mods in the last 0 s (1 adds)
2017-02-09T08:30:33.051Z|00063|connmgr|INFO|br-int<->unix: 1 flow_mods in the last 0 s (1 adds)
2017-02-09T08:30:33.075Z|00064|connmgr|INFO|br-int<->unix: 1 flow_mods in the last 0 s (1 deletes)
2017-02-09T08:30:33.083Z|00065|ofp_util|INFO|normalization changed ofp_match, details:
2017-02-09T08:30:33.083Z|00066|ofp_util|INFO| pre: in_port=30,nw_proto=58,tp_src=136
2017-02-09T08:30:33.083Z|00067|ofp_util|INFO|post: in_port=30
2017-02-09T08:30:33.083Z|00068|connmgr|INFO|br-int<->unix: 1 flow_mods in the last 0 s (1 deletes)
2017-02-09T08:30:33.091Z|00069|connmgr|INFO|br-int<->unix: 1 flow_mods in the last 0 s (1 deletes)
2017-02-09T08:30:33.099Z|00070|connmgr|INFO|br-int<->unix: 1 flow_mods in the last 0 s (1 deletes)
2017-02-09T08:30:33.107Z|00071|connmgr|INFO|br-int<->unix: 1 flow_mods in the last 0 s (1 deletes)
2017-02-09T08:30:33.115Z|00072|connmgr|INFO|br-int<->unix: 1 flow_mods in the last 0 s (1 deletes)
2017-02-09T08:30:33.123Z|00073|ofp_util|INFO|normalization changed ofp_match, details:
2017-02-09T08:30:33.123Z|00074|ofp_util|INFO| pre: in_port=29,nw_proto=58,tp_src=136
2017-02-09T08:30:33.123Z|00075|ofp_util|INFO|post: in_port=29
2017-02-09T08:30:33.123Z|00076|connmgr|INFO|br-int<->unix: 1 flow_mods in the last 0 s (1 deletes)
2017-02-09T08:30:33.133Z|00077|connmgr|INFO|br-int<->unix: 1 flow_mods in the last 0 s (1 deletes)
2017-02-09T08:30:33.142Z|00078|connmgr|INFO|br-int<->unix: 1 flow_mods in the last 0 s (1 deletes)
2017-02-09T08:30:33.149Z|00079|connmgr|INFO|br-int<->unix: 1 flow_mods in the last 0 s (1 deletes)
2017-02-09T08:30:33.157Z|00080|connmgr|INFO|br-int<->unix: 1 flow_mods in the last 0 s (1 deletes)
2017-02-09T08:30:33.164Z|00081|ofp_util|INFO|normalization changed ofp_match, details:
2017-02-09T08:30:33.165Z|00082|ofp_util|INFO| pre: in_port=31,nw_proto=58,tp_src=136
2017-02-09T08:30:33.165Z|00083|ofp_util|INFO|post: in_port=31
2017-02-09T08:30:33.165Z|00084|connmgr|INFO|br-int<->unix: 1 flow_mods in the last 0 s (1 deletes)
2017-02-09T08:30:33.174Z|00085|connmgr|INFO|br-int<->unix: 1 flow_mods in the last 0 s (1 deletes)
2017-02-09T08:30:33.183Z|00086|connmgr|INFO|br-int<->unix: 1 flow_mods in the last 0 s (1 deletes)
2017-02-09T08:30:33.189Z|00087|connmgr|INFO|br-int<->unix: 1 flow_mods in the last 0 s (1 deletes)
2017-02-09T08:30:33.196Z|00088|connmgr|INFO|br-int<->unix: 1 flow_mods in the last 0 s (1 deletes)
2017-02-09T08:30:33.205Z|00089|ofp_util|INFO|normalization changed ofp_match, details:
2017-02-09T08:30:33.205Z|00090|ofp_util|INFO| pre: in_port=28,nw_proto=58,tp_src=136
2017-02-09T08:30:33.205Z|00091|ofp_util|INFO|post: in_port=28
2017-02-09T08:30:33.205Z|00092|connmgr|INFO|br-int<->unix: 1 flow_mods in the last 0 s (1 deletes)
2017-02-09T08:30:33.213Z|00093|connmgr|INFO|br-int<->unix: 1 flow_mods in the last 0 s (1 deletes)
2017-02-09T08:30:33.219Z|00094|connmgr|INFO|br-int<->unix: 1 flow_mods in the last 0 s (1 deletes)
2017-02-09T08:30:33.226Z|00095|connmgr|INFO|br-int<->unix: 1 flow_mods in the last 0 s (1 deletes)
2017-02-09T08:31:33.274Z|00096|connmgr|INFO|br-int<->unix: 1 flow_mods in the last 0 s (1 deletes)
2017-02-09T08:31:33.282Z|00097|ofp_util|INFO|normalization changed ofp_match, details:
2017-02-09T08:31:33.282Z|00098|ofp_util|INFO| pre: in_port=30,nw_proto=58,tp_src=136
2017-02-09T08:31:33.282Z|00099|ofp_util|INFO|post: in_port=30
2017-02-09T08:31:33.283Z|00100|connmgr|INFO|br-int<->unix: 1 flow_mods in the last 0 s (1 deletes)
2017-02-09T08:31:33.291Z|00101|connmgr|INFO|br-int<->unix: 1 flow_mods in the last 0 s (1 deletes)
2017-02-09T08:31:33.299Z|00102|connmgr|INFO|br-int<->unix: 1 flow_mods in the last 0 s (1 deletes)
2017-02-09T08:31:33.308Z|00103|connmgr|INFO|br-int<->unix: 1 flow_mods in the last 0 s (1 deletes)
2017-02-09T08:31:33.316Z|00104|connmgr|INFO|br-int<->unix: 1 flow_mods in the last 0 s (1 deletes)
2017-02-09T08:31:33.323Z|00105|ofp_util|INFO|normalization changed ofp_match, details:
2017-02-09T08:31:33.323Z|00106|ofp_util|INFO| pre: in_port=29,nw_proto=58,tp_src=136
2017-02-09T08:31:33.323Z|00107|ofp_util|INFO|post: in_port=29
2017-02-09T08:31:33.324Z|00108|connmgr|INFO|br-int<->unix: 1 flow_mods in the last 0 s (1 deletes)
2017-02-09T08:31:33.332Z|00109|connmgr|INFO|br-int<->unix: 1 flow_mods in the last 0 s (1 deletes)
2017-02-09T08:31:33.339Z|00110|connmgr|INFO|br-int<->unix: 1 flow_mods in the last 0 s (1 deletes)
2017-02-09T08:31:33.347Z|00111|connmgr|INFO|br-int<->unix: 1 flow_mods in the last 0 s (1 deletes)
2017-02-09T08:31:33.355Z|00112|connmgr|INFO|br-int<->unix: 1 flow_mods in the last 0 s (1 deletes)
2017-02-09T08:31:33.363Z|00113|connmgr|INFO|br-int<->unix: 1 flow_mods in the last 0 s (1 deletes)
2017-02-09T08:31:33.371Z|00114|connmgr|INFO|br-int<->unix: 1 flow_mods in the last 0 s (1 deletes)
2017-02-09T08:31:33.379Z|00115|connmgr|INFO|br-int<->unix: 1 flow_mods in the last 0 s (1 deletes)
2017-02-09T08:31:33.388Z|00116|connmgr|INFO|br-int<->unix: 1 flow_mods in the last 0 s (1 deletes)
2017-02-09T08:31:33.397Z|00117|connmgr|INFO|br-int<->unix: 1 flow_mods in the last 0 s (1 deletes)
2017-02-09T08:31:33.405Z|00118|connmgr|INFO|br-int<->unix: 1 flow_mods in the last 0 s (1 deletes)
2017-02-09T08:31:33.413Z|00119|connmgr|INFO|br-int<->unix: 1 flow_mods in the last 0 s (1 deletes)
2017-02-09T08:31:33.421Z|00120|connmgr|INFO|br-int<->unix: 1 flow_mods in the last 0 s (1 deletes)
2017-02-09T08:31:33.429Z|00121|connmgr|INFO|br-int<->unix: 1 flow_mods in the last 0 s (1 deletes)
2017-02-09T13:19:34.162Z|00122|bridge|INFO|bridge br-tun: added interface vxlan0 on port 2
2017-02-09T13:19:34.181Z|00123|bridge|INFO|bridge br-tun: added interface tepi0 on port 3
2017-02-09T13:25:18.004Z|00124|bridge|INFO|bridge br-ex: using datapath ID 0000667ccd41ca4c
2017-02-09T13:25:19.254Z|00125|bridge|INFO|bridge br-ex: added interface eno1 on port 3
2017-02-09T13:25:19.255Z|00126|bridge|INFO|bridge br-ex: using datapath ID 00001402ec41b80c
2017-02-09T13:34:33.542Z|00127|connmgr|INFO|br-int<->unix: 1 flow_mods in the last 0 s (1 adds)
2017-02-09T13:34:33.549Z|00128|connmgr|INFO|br-int<->unix: 1 flow_mods in the last 0 s (1 adds)
2017-02-09T13:34:33.556Z|00129|connmgr|INFO|br-int<->unix: 1 flow_mods in the last 0 s (1 adds)
2017-02-09T13:34:33.578Z|00130|connmgr|INFO|br-ex<->unix: 1 flow_mods in the last 0 s (1 adds)
2017-02-09T13:34:33.588Z|00131|connmgr|INFO|br-int<->unix: 1 flow_mods in the last 0 s (1 adds)
2017-02-09T13:34:33.595Z|00132|connmgr|INFO|br-ex<->unix: 1 flow_mods in the last 0 s (1 adds)
2017-02-09T13:34:33.614Z|00133|connmgr|INFO|br-tun<->unix: 9 flow_mods in the last 0 s (9 adds)
2017-02-09T13:34:33.622Z|00134|connmgr|INFO|br-tun<->unix: 1 flow_mods in the last 0 s (1 adds)
2017-02-09T13:36:42.738Z|00135|connmgr|INFO|br-tun<->unix: 1 flow_mods in the last 0 s (1 adds)
2017-02-09T13:36:42.753Z|00136|connmgr|INFO|br-ex<->unix: 1 flow_mods in the last 0 s (1 adds)
2017-02-09T13:36:42.761Z|00137|connmgr|INFO|br-int<->unix: 1 flow_mods in the last 0 s (1 adds)
2017-02-09T13:36:42.784Z|00138|connmgr|INFO|br-int<->unix: 1 flow_mods in the last 0 s (1 deletes)
2017-02-09T13:36:42.792Z|00139|ofp_util|INFO|Dropped 2 log messages in last 18309 seconds (most recently, 18309 seconds ago) due to excessive rate
2017-02-09T13:36:42.792Z|00140|ofp_util|INFO|normalization changed ofp_match, details:
2017-02-09T13:36:42.792Z|00141|ofp_util|INFO| pre: in_port=30,nw_proto=58,tp_src=136
2017-02-09T13:36:42.792Z|00142|ofp_util|INFO|post: in_port=30
2017-02-09T13:36:42.793Z|00143|connmgr|INFO|br-int<->unix: 1 flow_mods in the last 0 s (1 deletes)
2017-02-09T13:36:42.801Z|00144|connmgr|INFO|br-int<->unix: 1 flow_mods in the last 0 s (1 deletes)
2017-02-09T13:36:42.809Z|00145|connmgr|INFO|br-int<->unix: 1 flow_mods in the last 0 s (1 deletes)
2017-02-09T13:36:42.817Z|00146|connmgr|INFO|br-int<->unix: 1 flow_mods in the last 0 s (1 deletes)
2017-02-09T13:36:42.826Z|00147|connmgr|INFO|br-int<->unix: 1 flow_mods in the last 0 s (1 deletes)
2017-02-09T13:36:42.834Z|00148|ofp_util|INFO|normalization changed ofp_match, details:
2017-02-09T13:36:42.834Z|00149|ofp_util|INFO| pre: in_port=29,nw_proto=58,tp_src=136
2017-02-09T13:36:42.834Z|00150|ofp_util|INFO|post: in_port=29
2017-02-09T13:36:42.834Z|00151|connmgr|INFO|br-int<->unix: 1 flow_mods in the last 0 s (1 deletes)
2017-02-09T13:36:42.842Z|00152|connmgr|INFO|br-int<->unix: 1 flow_mods in the last 0 s (1 deletes)
2017-02-09T13:36:42.850Z|00153|connmgr|INFO|br-int<->unix: 1 flow_mods in the last 0 s (1 deletes)
2017-02-09T13:36:42.864Z|00154|connmgr|INFO|br-int<->unix: 1 flow_mods in the last 0 s (1 deletes)
2017-02-09T13:36:42.875Z|00155|connmgr|INFO|br-int<->unix: 1 flow_mods in the last 0 s (1 deletes)
2017-02-09T13:36:42.883Z|00156|ofp_util|INFO|normalization changed ofp_match, details:
2017-02-09T13:36:42.883Z|00157|ofp_util|INFO| pre: in_port=31,nw_proto=58,tp_src=136
2017-02-09T13:36:42.883Z|00158|ofp_util|INFO|post: in_port=31
2017-02-09T13:36:42.883Z|00159|connmgr|INFO|br-int<->unix: 1 flow_mods in the last 0 s (1 deletes)
2017-02-09T13:36:42.891Z|00160|connmgr|INFO|br-int<->unix: 1 flow_mods in the last 0 s (1 deletes)
2017-02-09T13:36:42.899Z|00161|connmgr|INFO|br-int<->unix: 1 flow_mods in the last 0 s (1 deletes)
2017-02-09T13:36:42.907Z|00162|connmgr|INFO|br-int<->unix: 1 flow_mods in the last 0 s (1 deletes)
2017-02-09T13:36:42.916Z|00163|connmgr|INFO|br-int<->unix: 1 flow_mods in the last 0 s (1 deletes)
2017-02-09T13:36:42.925Z|00164|ofp_util|INFO|normalization changed ofp_match, details:
2017-02-09T13:36:42.925Z|00165|ofp_util|INFO| pre: in_port=28,nw_proto=58,tp_src=136
2017-02-09T13:36:42.925Z|00166|ofp_util|INFO|post: in_port=28
2017-02-09T13:36:42.925Z|00167|connmgr|INFO|br-int<->unix: 1 flow_mods in the last 0 s (1 deletes)
2017-02-09T13:36:42.934Z|00168|connmgr|INFO|br-int<->unix: 1 flow_mods in the last 0 s (1 deletes)
2017-02-09T13:36:42.942Z|00169|connmgr|INFO|br-int<->unix: 1 flow_mods in the last 0 s (1 deletes)
2017-02-09T13:36:42.950Z|00170|connmgr|INFO|br-int<->unix: 1 flow_mods in the last 0 s (1 deletes)
2017-02-09T13:36:46.658Z|00171|connmgr|INFO|br-int<->unix: 1 flow_mods in the last 0 s (1 adds)
2017-02-09T13:36:46.665Z|00172|connmgr|INFO|br-int<->unix: 1 flow_mods in the last 0 s (1 adds)
2017-02-09T13:36:46.671Z|00173|connmgr|INFO|br-int<->unix: 1 flow_mods in the last 0 s (1 adds)
2017-02-09T13:36:46.692Z|00174|connmgr|INFO|br-ex<->unix: 1 flow_mods in the last 0 s (1 adds)
2017-02-09T13:36:46.701Z|00175|connmgr|INFO|br-int<->unix: 1 flow_mods in the last 0 s (1 adds)
2017-02-09T13:36:46.708Z|00176|connmgr|INFO|br-ex<->unix: 1 flow_mods in the last 0 s (1 adds)
2017-02-09T13:36:46.724Z|00177|connmgr|INFO|br-tun<->unix: 9 flow_mods in the last 0 s (9 adds)
2017-02-09T13:36:46.732Z|00178|connmgr|INFO|br-tun<->unix: 1 flow_mods in the last 0 s (1 adds)
2017-02-09T13:36:47.929Z|00179|connmgr|INFO|br-tun<->unix: 1 flow_mods in the last 0 s (1 adds)
2017-02-09T13:36:47.944Z|00180|connmgr|INFO|br-ex<->unix: 1 flow_mods in the last 0 s (1 adds)
2017-02-09T13:36:47.952Z|00181|connmgr|INFO|br-int<->unix: 1 flow_mods in the last 0 s (1 adds)
2017-02-09T13:36:47.974Z|00182|connmgr|INFO|br-int<->unix: 1 flow_mods in the last 0 s (1 deletes)
2017-02-09T13:36:47.981Z|00183|ofp_util|INFO|normalization changed ofp_match, details:
2017-02-09T13:36:47.981Z|00184|ofp_util|INFO| pre: in_port=30,nw_proto=58,tp_src=136
2017-02-09T13:36:47.981Z|00185|ofp_util|INFO|post: in_port=30
2017-02-09T13:36:47.982Z|00186|connmgr|INFO|br-int<->unix: 1 flow_mods in the last 0 s (1 deletes)
2017-02-09T13:36:47.988Z|00187|connmgr|INFO|br-int<->unix: 1 flow_mods in the last 0 s (1 deletes)
2017-02-09T13:36:47.995Z|00188|connmgr|INFO|br-int<->unix: 1 flow_mods in the last 0 s (1 deletes)
2017-02-09T13:36:48.001Z|00189|connmgr|INFO|br-int<->unix: 1 flow_mods in the last 0 s (1 deletes)
2017-02-09T13:36:48.009Z|00190|connmgr|INFO|br-int<->unix: 1 flow_mods in the last 0 s (1 deletes)
2017-02-09T13:36:48.015Z|00191|connmgr|INFO|br-int<->unix: 1 flow_mods in the last 0 s (1 deletes)
2017-02-09T13:36:48.021Z|00192|connmgr|INFO|br-int<->unix: 1 flow_mods in the last 0 s (1 deletes)
2017-02-09T13:36:48.028Z|00193|connmgr|INFO|br-int<->unix: 1 flow_mods in the last 0 s (1 deletes)
2017-02-09T13:36:48.037Z|00194|connmgr|INFO|br-int<->unix: 1 flow_mods in the last 0 s (1 deletes)
2017-02-09T13:36:48.045Z|00195|connmgr|INFO|br-int<->unix: 1 flow_mods in the last 0 s (1 deletes)
2017-02-09T13:36:48.051Z|00196|connmgr|INFO|br-int<->unix: 1 flow_mods in the last 0 s (1 deletes)
2017-02-09T13:36:48.058Z|00197|connmgr|INFO|br-int<->unix: 1 flow_mods in the last 0 s (1 deletes)
2017-02-09T13:36:48.065Z|00198|connmgr|INFO|br-int<->unix: 1 flow_mods in the last 0 s (1 deletes)
2017-02-09T13:36:48.072Z|00199|connmgr|INFO|br-int<->unix: 1 flow_mods in the last 0 s (1 deletes)
2017-02-09T13:36:48.080Z|00200|connmgr|INFO|br-int<->unix: 1 flow_mods in the last 0 s (1 deletes)
2017-02-09T13:36:48.087Z|00201|connmgr|INFO|br-int<->unix: 1 flow_mods in the last 0 s (1 deletes)
2017-02-09T13:36:48.095Z|00202|connmgr|INFO|br-int<->unix: 1 flow_mods in the last 0 s (1 deletes)
2017-02-09T13:36:48.102Z|00203|connmgr|INFO|br-int<->unix: 1 flow_mods in the last 0 s (1 deletes)
2017-02-09T13:36:48.110Z|00204|connmgr|INFO|br-int<->unix: 1 flow_mods in the last 0 s (1 deletes)
2017-02-09T13:39:00.855Z|00205|connmgr|INFO|br-int<->unix: 1 flow_mods in the last 0 s (1 adds)
2017-02-09T13:39:00.863Z|00206|connmgr|INFO|br-int<->unix: 1 flow_mods in the last 0 s (1 adds)
2017-02-09T13:39:00.870Z|00207|connmgr|INFO|br-int<->unix: 1 flow_mods in the last 0 s (1 adds)
2017-02-09T13:39:00.893Z|00208|connmgr|INFO|br-ex<->unix: 1 flow_mods in the last 0 s (1 adds)
2017-02-09T13:39:00.902Z|00209|connmgr|INFO|br-int<->unix: 1 flow_mods in the last 0 s (1 adds)
2017-02-09T13:39:00.909Z|00210|connmgr|INFO|br-ex<->unix: 1 flow_mods in the last 0 s (1 adds)
2017-02-09T13:39:00.930Z|00211|connmgr|INFO|br-tun<->unix: 9 flow_mods in the last 0 s (9 adds)
2017-02-09T13:39:00.939Z|00212|connmgr|INFO|br-tun<->unix: 1 flow_mods in the last 0 s (1 adds)
2017-02-09T13:39:02.457Z|00213|connmgr|INFO|br-tun<->unix: 1 flow_mods in the last 0 s (1 adds)
2017-02-09T13:39:02.472Z|00214|connmgr|INFO|br-ex<->unix: 1 flow_mods in the last 0 s (1 adds)
2017-02-09T13:39:02.481Z|00215|connmgr|INFO|br-int<->unix: 1 flow_mods in the last 0 s (1 adds)
2017-02-09T13:39:02.505Z|00216|connmgr|INFO|br-int<->unix: 1 flow_mods in the last 0 s (1 deletes)
2017-02-09T13:39:02.513Z|00217|ofp_util|INFO|Dropped 3 log messages in last 134 seconds (most recently, 134 seconds ago) due to excessive rate
2017-02-09T13:39:02.513Z|00218|ofp_util|INFO|normalization changed ofp_match, details:
2017-02-09T13:39:02.513Z|00219|ofp_util|INFO| pre: in_port=30,nw_proto=58,tp_src=136
2017-02-09T13:39:02.513Z|00220|ofp_util|INFO|post: in_port=30
2017-02-09T13:39:02.514Z|00221|connmgr|INFO|br-int<->unix: 1 flow_mods in the last 0 s (1 deletes)
2017-02-09T13:39:02.522Z|00222|connmgr|INFO|br-int<->unix: 1 flow_mods in the last 0 s (1 deletes)
2017-02-09T13:39:02.530Z|00223|connmgr|INFO|br-int<->unix: 1 flow_mods in the last 0 s (1 deletes)
2017-02-09T13:39:02.538Z|00224|connmgr|INFO|br-int<->unix: 1 flow_mods in the last 0 s (1 deletes)
2017-02-09T13:39:02.547Z|00225|connmgr|INFO|br-int<->unix: 1 flow_mods in the last 0 s (1 deletes)
2017-02-09T13:39:02.554Z|00226|ofp_util|INFO|normalization changed ofp_match, details:
2017-02-09T13:39:02.554Z|00227|ofp_util|INFO| pre: in_port=29,nw_proto=58,tp_src=136
2017-02-09T13:39:02.555Z|00228|ofp_util|INFO|post: in_port=29
2017-02-09T13:39:02.555Z|00229|connmgr|INFO|br-int<->unix: 1 flow_mods in the last 0 s (1 deletes)
2017-02-09T13:39:02.563Z|00230|connmgr|INFO|br-int<->unix: 1 flow_mods in the last 0 s (1 deletes)
2017-02-09T13:39:02.572Z|00231|connmgr|INFO|br-int<->unix: 1 flow_mods in the last 0 s (1 deletes)
2017-02-09T13:39:02.580Z|00232|connmgr|INFO|br-int<->unix: 1 flow_mods in the last 0 s (1 deletes)
2017-02-09T13:39:02.588Z|00233|connmgr|INFO|br-int<->unix: 1 flow_mods in the last 0 s (1 deletes)
2017-02-09T13:39:02.596Z|00234|connmgr|INFO|br-int<->unix: 1 flow_mods in the last 0 s (1 deletes)
2017-02-09T13:39:02.604Z|00235|connmgr|INFO|br-int<->unix: 1 flow_mods in the last 0 s (1 deletes)
2017-02-09T13:39:02.612Z|00236|connmgr|INFO|br-int<->unix: 1 flow_mods in the last 0 s (1 deletes)
2017-02-09T13:39:02.620Z|00237|connmgr|INFO|br-int<->unix: 1 flow_mods in the last 0 s (1 deletes)
2017-02-09T13:39:02.629Z|00238|connmgr|INFO|br-int<->unix: 1 flow_mods in the last 0 s (1 deletes)
2017-02-09T13:39:02.637Z|00239|connmgr|INFO|br-int<->unix: 1 flow_mods in the last 0 s (1 deletes)
2017-02-09T13:39:02.646Z|00240|connmgr|INFO|br-int<->unix: 1 flow_mods in the last 0 s (1 deletes)
2017-02-09T13:39:02.654Z|00241|connmgr|INFO|br-int<->unix: 1 flow_mods in the last 0 s (1 deletes)
2017-02-09T13:39:02.662Z|00242|connmgr|INFO|br-int<->unix: 1 flow_mods in the last 0 s (1 deletes)
2017-02-09T13:39:07.899Z|00243|connmgr|INFO|br-int<->unix: 1 flow_mods in the last 0 s (1 adds)
2017-02-09T13:39:07.908Z|00244|connmgr|INFO|br-int<->unix: 1 flow_mods in the last 0 s (1 adds)
2017-02-09T13:39:07.916Z|00245|connmgr|INFO|br-int<->unix: 1 flow_mods in the last 0 s (1 adds)
2017-02-09T13:39:07.939Z|00246|connmgr|INFO|br-ex<->unix: 1 flow_mods in the last 0 s (1 adds)
2017-02-09T13:39:07.950Z|00247|connmgr|INFO|br-int<->unix: 1 flow_mods in the last 0 s (1 adds)
2017-02-09T13:39:07.958Z|00248|connmgr|INFO|br-ex<->unix: 1 flow_mods in the last 0 s (1 adds)
2017-02-09T13:39:07.978Z|00249|connmgr|INFO|br-tun<->unix: 9 flow_mods in the last 0 s (9 adds)
2017-02-09T13:39:07.985Z|00250|connmgr|INFO|br-tun<->unix: 1 flow_mods in the last 0 s (1 adds)
2017-02-09T13:39:09.539Z|00251|connmgr|INFO|br-tun<->unix: 1 flow_mods in the last 0 s (1 adds)
2017-02-09T13:39:09.591Z|00252|connmgr|INFO|br-ex<->unix: 1 flow_mods in the last 0 s (1 adds)
2017-02-09T13:39:09.599Z|00253|connmgr|INFO|br-int<->unix: 1 flow_mods in the last 0 s (1 adds)
2017-02-09T13:39:09.626Z|00254|connmgr|INFO|br-int<->unix: 1 flow_mods in the last 0 s (1 deletes)
2017-02-09T13:39:09.634Z|00255|connmgr|INFO|br-int<->unix: 1 flow_mods in the last 0 s (1 deletes)
2017-02-09T13:39:09.643Z|00256|connmgr|INFO|br-int<->unix: 1 flow_mods in the last 0 s (1 deletes)
2017-02-09T13:39:09.651Z|00257|connmgr|INFO|br-int<->unix: 1 flow_mods in the last 0 s (1 deletes)
2017-02-09T13:39:09.659Z|00258|connmgr|INFO|br-int<->unix: 1 flow_mods in the last 0 s (1 deletes)
2017-02-09T13:39:09.668Z|00259|connmgr|INFO|br-int<->unix: 1 flow_mods in the last 0 s (1 deletes)
2017-02-09T13:39:09.677Z|00260|connmgr|INFO|br-int<->unix: 1 flow_mods in the last 0 s (1 deletes)
2017-02-09T13:39:09.685Z|00261|connmgr|INFO|br-int<->unix: 1 flow_mods in the last 0 s (1 deletes)
2017-02-09T13:39:09.693Z|00262|connmgr|INFO|br-int<->unix: 1 flow_mods in the last 0 s (1 deletes)
2017-02-09T13:39:09.702Z|00263|connmgr|INFO|br-int<->unix: 1 flow_mods in the last 0 s (1 deletes)
2017-02-09T13:39:09.710Z|00264|connmgr|INFO|br-int<->unix: 1 flow_mods in the last 0 s (1 deletes)
2017-02-09T13:39:09.719Z|00265|connmgr|INFO|br-int<->unix: 1 flow_mods in the last 0 s (1 deletes)
2017-02-09T13:39:09.727Z|00266|connmgr|INFO|br-int<->unix: 1 flow_mods in the last 0 s (1 deletes)
2017-02-09T13:39:09.735Z|00267|connmgr|INFO|br-int<->unix: 1 flow_mods in the last 0 s (1 deletes)
2017-02-09T13:39:09.743Z|00268|connmgr|INFO|br-int<->unix: 1 flow_mods in the last 0 s (1 deletes)
2017-02-09T13:39:09.753Z|00269|connmgr|INFO|br-int<->unix: 1 flow_mods in the last 0 s (1 deletes)
2017-02-09T13:39:09.762Z|00270|connmgr|INFO|br-int<->unix: 1 flow_mods in the last 0 s (1 deletes)
2017-02-09T13:39:09.770Z|00271|connmgr|INFO|br-int<->unix: 1 flow_mods in the last 0 s (1 deletes)
2017-02-09T13:39:09.778Z|00272|connmgr|INFO|br-int<->unix: 1 flow_mods in the last 0 s (1 deletes)
2017-02-09T13:39:09.786Z|00273|connmgr|INFO|br-int<->unix: 1 flow_mods in the last 0 s (1 deletes)
2017-02-09T13:50:48.817Z|00001|ofproto_dpif_upcall(handler242)|INFO|received packet on unassociated datapath port 4
2017-02-09T13:51:35.283Z|00001|vlog|INFO|opened log file /var/log/openvswitch/ovs-vswitchd.log
2017-02-09T13:51:35.287Z|00002|ovs_numa|INFO|Discovered 20 CPU cores on NUMA node 0
2017-02-09T13:51:35.287Z|00003|ovs_numa|INFO|Discovered 20 CPU cores on NUMA node 1
2017-02-09T13:51:35.287Z|00004|ovs_numa|INFO|Discovered 2 NUMA nodes and 40 CPU cores
2017-02-09T13:51:35.288Z|00005|reconnect|INFO|unix:/var/run/openvswitch/db.sock: connecting...
2017-02-09T13:51:35.288Z|00006|reconnect|INFO|unix:/var/run/openvswitch/db.sock: connected
2017-02-09T13:51:35.294Z|00007|ofproto_dpif|INFO|system@ovs-system: Datapath supports recirculation
2017-02-09T13:51:35.294Z|00008|ofproto_dpif|INFO|system@ovs-system: MPLS label stack length probed as 1
2017-02-09T13:51:35.294Z|00009|ofproto_dpif|INFO|system@ovs-system: Datapath supports truncate action
2017-02-09T13:51:35.294Z|00010|ofproto_dpif|INFO|system@ovs-system: Datapath supports unique flow ids
2017-02-09T13:51:35.294Z|00011|ofproto_dpif|INFO|system@ovs-system: Datapath supports ct_state
2017-02-09T13:51:35.294Z|00012|ofproto_dpif|INFO|system@ovs-system: Datapath supports ct_zone
2017-02-09T13:51:35.294Z|00013|ofproto_dpif|INFO|system@ovs-system: Datapath supports ct_mark
2017-02-09T13:51:35.294Z|00014|ofproto_dpif|INFO|system@ovs-system: Datapath supports ct_label
2017-02-09T13:51:35.294Z|00015|ofproto_dpif|INFO|system@ovs-system: Datapath supports ct_state_nat
2017-02-09T13:51:35.448Z|00001|ofproto_dpif_upcall(handler1)|INFO|received packet on unassociated datapath port 4
2017-02-09T13:51:35.448Z|00002|ofproto_dpif_upcall(handler1)|INFO|received packet on unassociated datapath port 4
2017-02-09T13:51:35.448Z|00003|ofproto_dpif_upcall(handler1)|INFO|received packet on unassociated datapath port 4
2017-02-09T13:51:35.448Z|00004|ofproto_dpif_upcall(handler1)|INFO|received packet on unassociated datapath port 4
2017-02-09T13:51:35.524Z|00005|ofproto_dpif_upcall(handler1)|INFO|received packet on unassociated datapath port 4
2017-02-09T13:51:35.598Z|00016|netdev_linux|INFO|ioctl(SIOCGIFHWADDR) on tap54f55381-74 device failed: No such device
2017-02-09T13:51:35.606Z|00017|netdev_linux|INFO|ioctl(SIOCGIFHWADDR) on qg-64d35bd2-23 device failed: No such device
2017-02-09T13:51:35.613Z|00018|netdev_linux|INFO|ioctl(SIOCGIFHWADDR) on qr-19718a44-ed device failed: No such device
2017-02-09T13:51:35.621Z|00019|netdev_linux|INFO|ioctl(SIOCGIFHWADDR) on qr-eb7549e6-f7 device failed: No such device
2017-02-09T13:51:35.624Z|00020|bridge|INFO|bridge br-tun: added interface patch-int on port 1
2017-02-09T13:51:35.624Z|00021|bridge|INFO|bridge br-tun: added interface br-tun on port 65534
2017-02-09T13:51:35.624Z|00022|bridge|INFO|bridge br-int: added interface tap54f55381-74 on port 28
2017-02-09T13:51:35.627Z|00023|netdev_linux|WARN|ioctl(SIOCGIFINDEX) on tap54f55381-74 device failed: No such device
2017-02-09T13:51:35.627Z|00024|bridge|INFO|bridge br-int: added interface br-int on port 65534
2017-02-09T13:51:35.627Z|00025|bridge|INFO|bridge br-int: added interface qg-64d35bd2-23 on port 31
2017-02-09T13:51:35.629Z|00026|netdev_linux|WARN|ioctl(SIOCGIFINDEX) on qg-64d35bd2-23 device failed: No such device
2017-02-09T13:51:35.629Z|00027|bridge|INFO|bridge br-int: added interface int-br-ex on port 1
2017-02-09T13:51:35.629Z|00028|bridge|INFO|bridge br-int: added interface patch-tun on port 2
2017-02-09T13:51:35.629Z|00029|bridge|INFO|bridge br-int: added interface qr-19718a44-ed on port 29
2017-02-09T13:51:35.632Z|00030|netdev_linux|WARN|ioctl(SIOCGIFINDEX) on qr-19718a44-ed device failed: No such device
2017-02-09T13:51:35.632Z|00031|bridge|INFO|bridge br-int: added interface qr-eb7549e6-f7 on port 30
2017-02-09T13:51:35.634Z|00032|netdev_linux|WARN|ioctl(SIOCGIFINDEX) on qr-eb7549e6-f7 device failed: No such device
2017-02-09T13:51:35.634Z|00033|bridge|INFO|bridge br-ex: added interface eno1 on port 1
2017-02-09T13:51:35.635Z|00034|bridge|INFO|bridge br-ex: added interface br-ex on port 65534
2017-02-09T13:51:35.635Z|00035|bridge|INFO|bridge br-ex: added interface phy-br-ex on port 2
2017-02-09T13:51:35.635Z|00036|bridge|INFO|bridge br-tun: using datapath ID 0000eecee18c8643
2017-02-09T13:51:35.635Z|00037|connmgr|INFO|br-tun: added service controller "punix:/var/run/openvswitch/br-tun.mgmt"
2017-02-09T13:51:35.635Z|00038|bridge|INFO|bridge br-int: using datapath ID 00009668e5b36346
2017-02-09T13:51:35.635Z|00039|netdev_linux|WARN|tap54f55381-74: removing policing failed: No such device
2017-02-09T13:51:35.635Z|00040|netdev_linux|WARN|qg-64d35bd2-23: removing policing failed: No such device
2017-02-09T13:51:35.635Z|00041|netdev_linux|WARN|qr-eb7549e6-f7: removing policing failed: No such device
2017-02-09T13:51:35.635Z|00042|netdev_linux|WARN|qr-19718a44-ed: removing policing failed: No such device
2017-02-09T13:51:35.635Z|00043|connmgr|INFO|br-int: added service controller "punix:/var/run/openvswitch/br-int.mgmt"
2017-02-09T13:51:35.635Z|00044|bridge|INFO|bridge br-ex: using datapath ID 00001402ec41b80c
2017-02-09T13:51:35.635Z|00045|connmgr|INFO|br-ex: added service controller "punix:/var/run/openvswitch/br-ex.mgmt"
2017-02-09T13:51:35.640Z|00046|bridge|INFO|ovs-vswitchd (Open vSwitch) 2.6.1
2017-02-09T13:51:45.642Z|00047|memory|INFO|347324 kB peak resident set size after 10.4 seconds
2017-02-09T13:51:45.642Z|00048|memory|INFO|handlers:29 ports:12 revalidators:11 rules:12 udpif keys:11
2017-02-09T13:54:16.254Z|00049|bridge|INFO|bridge br-ex: using datapath ID 0000667ccd41ca4c
2017-02-09T13:54:19.535Z|00050|bridge|INFO|bridge br-ex: added interface eno1 on port 3
2017-02-09T13:54:19.536Z|00051|bridge|INFO|bridge br-ex: using datapath ID 00001402ec41b80c
2017-02-09T13:57:47.139Z|00052|connmgr|INFO|br-int<->unix: 1 flow_mods in the last 0 s (1 adds)
2017-02-09T13:57:47.146Z|00053|connmgr|INFO|br-int<->unix: 1 flow_mods in the last 0 s (1 adds)
2017-02-09T13:57:47.153Z|00054|connmgr|INFO|br-int<->unix: 1 flow_mods in the last 0 s (1 adds)
2017-02-09T13:57:47.177Z|00055|connmgr|INFO|br-ex<->unix: 1 flow_mods in the last 0 s (1 adds)
2017-02-09T13:57:47.188Z|00056|connmgr|INFO|br-int<->unix: 1 flow_mods in the last 0 s (1 adds)
2017-02-09T13:57:47.195Z|00057|connmgr|INFO|br-ex<->unix: 1 flow_mods in the last 0 s (1 adds)
2017-02-09T13:57:47.214Z|00058|connmgr|INFO|br-tun<->unix: 9 flow_mods in the last 0 s (9 adds)
2017-02-09T13:57:47.221Z|00059|connmgr|INFO|br-tun<->unix: 1 flow_mods in the last 0 s (1 adds)
2017-02-09T14:00:28.560Z|00060|connmgr|INFO|br-int<->unix: 1 flow_mods in the last 0 s (1 adds)
2017-02-09T14:00:28.570Z|00061|connmgr|INFO|br-int<->unix: 1 flow_mods in the last 0 s (1 adds)
2017-02-09T14:00:28.578Z|00062|connmgr|INFO|br-int<->unix: 1 flow_mods in the last 0 s (1 adds)
2017-02-09T14:00:28.610Z|00063|connmgr|INFO|br-ex<->unix: 1 flow_mods in the last 0 s (1 adds)
2017-02-09T14:00:28.622Z|00064|connmgr|INFO|br-int<->unix: 1 flow_mods in the last 0 s (1 adds)
2017-02-09T14:00:28.629Z|00065|connmgr|INFO|br-ex<->unix: 1 flow_mods in the last 0 s (1 adds)
2017-02-09T14:00:28.650Z|00066|connmgr|INFO|br-tun<->unix: 9 flow_mods in the last 0 s (9 adds)
2017-02-09T14:00:28.656Z|00067|connmgr|INFO|br-tun<->unix: 1 flow_mods in the last 0 s (1 adds)
2017-02-09T14:00:30.288Z|00068|connmgr|INFO|br-tun<->unix: 1 flow_mods in the last 0 s (1 adds)
2017-02-09T14:00:30.300Z|00069|connmgr|INFO|br-ex<->unix: 1 flow_mods in the last 0 s (1 adds)
2017-02-09T14:00:30.309Z|00070|connmgr|INFO|br-int<->unix: 1 flow_mods in the last 0 s (1 adds)
2017-02-09T14:00:30.331Z|00071|connmgr|INFO|br-int<->unix: 1 flow_mods in the last 0 s (1 deletes)
2017-02-09T14:00:30.337Z|00072|ofp_util|INFO|normalization changed ofp_match, details:
2017-02-09T14:00:30.337Z|00073|ofp_util|INFO| pre: in_port=30,nw_proto=58,tp_src=136
2017-02-09T14:00:30.337Z|00074|ofp_util|INFO|post: in_port=30
2017-02-09T14:00:30.338Z|00075|connmgr|INFO|br-int<->unix: 1 flow_mods in the last 0 s (1 deletes)
2017-02-09T14:00:30.344Z|00076|connmgr|INFO|br-int<->unix: 1 flow_mods in the last 0 s (1 deletes)
2017-02-09T14:00:30.354Z|00077|connmgr|INFO|br-int<->unix: 1 flow_mods in the last 0 s (1 deletes)
2017-02-09T14:00:30.362Z|00078|connmgr|INFO|br-int<->unix: 1 flow_mods in the last 0 s (1 deletes)
2017-02-09T14:00:30.370Z|00079|connmgr|INFO|br-int<->unix: 1 flow_mods in the last 0 s (1 deletes)
2017-02-09T14:00:30.377Z|00080|ofp_util|INFO|normalization changed ofp_match, details:
2017-02-09T14:00:30.377Z|00081|ofp_util|INFO| pre: in_port=29,nw_proto=58,tp_src=136
2017-02-09T14:00:30.377Z|00082|ofp_util|INFO|post: in_port=29
2017-02-09T14:00:30.377Z|00083|connmgr|INFO|br-int<->unix: 1 flow_mods in the last 0 s (1 deletes)
2017-02-09T14:00:30.384Z|00084|connmgr|INFO|br-int<->unix: 1 flow_mods in the last 0 s (1 deletes)
2017-02-09T14:00:30.395Z|00085|connmgr|INFO|br-int<->unix: 1 flow_mods in the last 0 s (1 deletes)
2017-02-09T14:00:30.402Z|00086|connmgr|INFO|br-int<->unix: 1 flow_mods in the last 0 s (1 deletes)
2017-02-09T14:00:30.410Z|00087|connmgr|INFO|br-int<->unix: 1 flow_mods in the last 0 s (1 deletes)
2017-02-09T14:00:30.418Z|00088|ofp_util|INFO|normalization changed ofp_match, details:
2017-02-09T14:00:30.418Z|00089|ofp_util|INFO| pre: in_port=31,nw_proto=58,tp_src=136
2017-02-09T14:00:30.418Z|00090|ofp_util|INFO|post: in_port=31
2017-02-09T14:00:30.418Z|00091|connmgr|INFO|br-int<->unix: 1 flow_mods in the last 0 s (1 deletes)
2017-02-09T14:00:30.426Z|00092|connmgr|INFO|br-int<->unix: 1 flow_mods in the last 0 s (1 deletes)
2017-02-09T14:00:30.434Z|00093|connmgr|INFO|br-int<->unix: 1 flow_mods in the last 0 s (1 deletes)
2017-02-09T14:00:30.441Z|00094|connmgr|INFO|br-int<->unix: 1 flow_mods in the last 0 s (1 deletes)
2017-02-09T14:00:30.451Z|00095|connmgr|INFO|br-int<->unix: 1 flow_mods in the last 0 s (1 deletes)
2017-02-09T14:00:30.459Z|00096|ofp_util|INFO|normalization changed ofp_match, details:
2017-02-09T14:00:30.459Z|00097|ofp_util|INFO| pre: in_port=28,nw_proto=58,tp_src=136
2017-02-09T14:00:30.459Z|00098|ofp_util|INFO|post: in_port=28
2017-02-09T14:00:30.459Z|00099|connmgr|INFO|br-int<->unix: 1 flow_mods in the last 0 s (1 deletes)
2017-02-09T14:00:30.467Z|00100|connmgr|INFO|br-int<->unix: 1 flow_mods in the last 0 s (1 deletes)
2017-02-09T14:00:30.474Z|00101|connmgr|INFO|br-int<->unix: 1 flow_mods in the last 0 s (1 deletes)
2017-02-09T14:00:30.483Z|00102|connmgr|INFO|br-int<->unix: 1 flow_mods in the last 0 s (1 deletes)
2017-02-09T14:00:32.470Z|00103|connmgr|INFO|br-int<->unix: 1 flow_mods in the last 0 s (1 deletes)
2017-02-09T14:00:32.479Z|00104|ofp_util|INFO|normalization changed ofp_match, details:
2017-02-09T14:00:32.479Z|00105|ofp_util|INFO| pre: in_port=30,nw_proto=58,tp_src=136
2017-02-09T14:00:32.479Z|00106|ofp_util|INFO|post: in_port=30
2017-02-09T14:00:32.479Z|00107|connmgr|INFO|br-int<->unix: 1 flow_mods in the last 0 s (1 deletes)
2017-02-09T14:00:32.487Z|00108|connmgr|INFO|br-int<->unix: 1 flow_mods in the last 0 s (1 deletes)
2017-02-09T14:00:32.494Z|00109|connmgr|INFO|br-int<->unix: 1 flow_mods in the last 0 s (1 deletes)
2017-02-09T14:00:32.502Z|00110|connmgr|INFO|br-int<->unix: 1 flow_mods in the last 0 s (1 deletes)
2017-02-09T14:00:32.509Z|00111|connmgr|INFO|br-int<->unix: 1 flow_mods in the last 0 s (1 deletes)
2017-02-09T14:00:32.517Z|00112|connmgr|INFO|br-int<->unix: 1 flow_mods in the last 0 s (1 deletes)
2017-02-09T14:00:32.525Z|00113|connmgr|INFO|br-int<->unix: 1 flow_mods in the last 0 s (1 deletes)
2017-02-09T14:00:32.532Z|00114|connmgr|INFO|br-int<->unix: 1 flow_mods in the last 0 s (1 deletes)
2017-02-09T14:00:32.539Z|00115|connmgr|INFO|br-int<->unix: 1 flow_mods in the last 0 s (1 deletes)
2017-02-09T14:00:32.548Z|00116|connmgr|INFO|br-int<->unix: 1 flow_mods in the last 0 s (1 deletes)
2017-02-09T14:00:32.555Z|00117|connmgr|INFO|br-int<->unix: 1 flow_mods in the last 0 s (1 deletes)
2017-02-09T14:00:32.563Z|00118|connmgr|INFO|br-int<->unix: 1 flow_mods in the last 0 s (1 deletes)
2017-02-09T14:00:32.571Z|00119|connmgr|INFO|br-int<->unix: 1 flow_mods in the last 0 s (1 deletes)
2017-02-09T14:00:32.578Z|00120|connmgr|INFO|br-int<->unix: 1 flow_mods in the last 0 s (1 deletes)
2017-02-09T14:00:32.586Z|00121|connmgr|INFO|br-int<->unix: 1 flow_mods in the last 0 s (1 deletes)
2017-02-09T14:00:32.594Z|00122|connmgr|INFO|br-int<->unix: 1 flow_mods in the last 0 s (1 deletes)
2017-02-09T14:00:32.601Z|00123|connmgr|INFO|br-int<->unix: 1 flow_mods in the last 0 s (1 deletes)
2017-02-09T14:00:32.610Z|00124|connmgr|INFO|br-int<->unix: 1 flow_mods in the last 0 s (1 deletes)
2017-02-09T14:00:32.618Z|00125|connmgr|INFO|br-int<->unix: 1 flow_mods in the last 0 s (1 deletes)
2017-02-09T14:13:02.648Z|00126|bridge|INFO|bridge br-ex: using datapath ID 0000667ccd41ca4c
2017-02-09T14:13:03.851Z|00127|bridge|INFO|bridge br-ex: added interface eno1 on port 4
2017-02-09T14:13:03.852Z|00128|bridge|INFO|bridge br-ex: using datapath ID 00001402ec41b80c
2017-02-09T14:18:00.315Z|00001|vlog|INFO|opened log file /var/log/openvswitch/ovs-vswitchd.log
2017-02-09T14:18:00.319Z|00002|ovs_numa|INFO|Discovered 20 CPU cores on NUMA node 0
2017-02-09T14:18:00.319Z|00003|ovs_numa|INFO|Discovered 20 CPU cores on NUMA node 1
2017-02-09T14:18:00.319Z|00004|ovs_numa|INFO|Discovered 2 NUMA nodes and 40 CPU cores
2017-02-09T14:18:00.319Z|00005|reconnect|INFO|unix:/var/run/openvswitch/db.sock: connecting...
2017-02-09T14:18:00.319Z|00006|reconnect|INFO|unix:/var/run/openvswitch/db.sock: connected
2017-02-09T14:18:00.324Z|00007|ofproto_dpif|INFO|system@ovs-system: Datapath supports recirculation
2017-02-09T14:18:00.324Z|00008|ofproto_dpif|INFO|system@ovs-system: MPLS label stack length probed as 1
2017-02-09T14:18:00.324Z|00009|ofproto_dpif|INFO|system@ovs-system: Datapath supports truncate action
2017-02-09T14:18:00.324Z|00010|ofproto_dpif|INFO|system@ovs-system: Datapath supports unique flow ids
2017-02-09T14:18:00.324Z|00011|ofproto_dpif|INFO|system@ovs-system: Datapath supports ct_state
2017-02-09T14:18:00.324Z|00012|ofproto_dpif|INFO|system@ovs-system: Datapath supports ct_zone
2017-02-09T14:18:00.324Z|00013|ofproto_dpif|INFO|system@ovs-system: Datapath supports ct_mark
2017-02-09T14:18:00.324Z|00014|ofproto_dpif|INFO|system@ovs-system: Datapath supports ct_label
2017-02-09T14:18:00.324Z|00015|ofproto_dpif|INFO|system@ovs-system: Datapath supports ct_state_nat
2017-02-09T14:18:00.756Z|00001|ofproto_dpif_upcall(handler9)|INFO|received packet on unassociated datapath port 4
2017-02-09T14:18:00.766Z|00001|ofproto_dpif_upcall(handler1)|INFO|received packet on unassociated datapath port 0
2017-02-09T14:18:00.773Z|00016|netdev_linux|INFO|ioctl(SIOCGIFHWADDR) on tap54f55381-74 device failed: No such device
2017-02-09T14:18:00.780Z|00017|netdev_linux|INFO|ioctl(SIOCGIFHWADDR) on qg-64d35bd2-23 device failed: No such device
2017-02-09T14:18:00.789Z|00018|netdev_linux|INFO|ioctl(SIOCGIFHWADDR) on qr-19718a44-ed device failed: No such device
2017-02-09T14:18:00.796Z|00019|netdev_linux|INFO|ioctl(SIOCGIFHWADDR) on qr-eb7549e6-f7 device failed: No such device
2017-02-09T14:18:00.799Z|00020|bridge|INFO|bridge br-tun: added interface patch-int on port 1
2017-02-09T14:18:00.799Z|00021|bridge|INFO|bridge br-tun: added interface br-tun on port 65534
2017-02-09T14:18:00.799Z|00022|bridge|INFO|bridge br-int: added interface tap54f55381-74 on port 28
2017-02-09T14:18:00.802Z|00023|netdev_linux|WARN|ioctl(SIOCGIFINDEX) on tap54f55381-74 device failed: No such device
2017-02-09T14:18:00.802Z|00024|bridge|INFO|bridge br-int: added interface br-int on port 65534
2017-02-09T14:18:00.802Z|00025|bridge|INFO|bridge br-int: added interface qg-64d35bd2-23 on port 31
2017-02-09T14:18:00.805Z|00026|netdev_linux|WARN|ioctl(SIOCGIFINDEX) on qg-64d35bd2-23 device failed: No such device
2017-02-09T14:18:00.805Z|00027|bridge|INFO|bridge br-int: added interface int-br-ex on port 1
2017-02-09T14:18:00.805Z|00028|bridge|INFO|bridge br-int: added interface patch-tun on port 2
2017-02-09T14:18:00.805Z|00029|bridge|INFO|bridge br-int: added interface qr-19718a44-ed on port 29
2017-02-09T14:18:00.808Z|00030|netdev_linux|WARN|ioctl(SIOCGIFINDEX) on qr-19718a44-ed device failed: No such device
2017-02-09T14:18:00.808Z|00031|bridge|INFO|bridge br-int: added interface qr-eb7549e6-f7 on port 30
2017-02-09T14:18:00.810Z|00032|netdev_linux|WARN|ioctl(SIOCGIFINDEX) on qr-eb7549e6-f7 device failed: No such device
2017-02-09T14:18:00.811Z|00033|bridge|INFO|bridge br-ex: added interface eno1 on port 4
2017-02-09T14:18:00.811Z|00034|bridge|INFO|bridge br-ex: added interface br-ex on port 65534
2017-02-09T14:18:00.811Z|00035|bridge|INFO|bridge br-ex: added interface phy-br-ex on port 2
2017-02-09T14:18:00.811Z|00036|bridge|INFO|bridge br-tun: using datapath ID 0000eecee18c8643
2017-02-09T14:18:00.811Z|00037|connmgr|INFO|br-tun: added service controller "punix:/var/run/openvswitch/br-tun.mgmt"
2017-02-09T14:18:00.811Z|00038|bridge|INFO|bridge br-int: using datapath ID 00009668e5b36346
2017-02-09T14:18:00.811Z|00039|netdev_linux|WARN|tap54f55381-74: removing policing failed: No such device
2017-02-09T14:18:00.811Z|00040|netdev_linux|WARN|qg-64d35bd2-23: removing policing failed: No such device
2017-02-09T14:18:00.811Z|00041|netdev_linux|WARN|qr-eb7549e6-f7: removing policing failed: No such device
2017-02-09T14:18:00.811Z|00042|netdev_linux|WARN|qr-19718a44-ed: removing policing failed: No such device
2017-02-09T14:18:00.811Z|00043|connmgr|INFO|br-int: added service controller "punix:/var/run/openvswitch/br-int.mgmt"
2017-02-09T14:18:00.812Z|00044|bridge|INFO|bridge br-ex: using datapath ID 00001402ec41b80c
2017-02-09T14:18:00.812Z|00045|connmgr|INFO|br-ex: added service controller "punix:/var/run/openvswitch/br-ex.mgmt"
2017-02-09T14:18:00.816Z|00046|bridge|INFO|ovs-vswitchd (Open vSwitch) 2.6.1
2017-02-09T14:18:10.323Z|00047|memory|INFO|347312 kB peak resident set size after 10.0 seconds
2017-02-09T14:18:10.323Z|00048|memory|INFO|handlers:29 ports:12 revalidators:11 rules:12 udpif keys:5
2017-02-09T14:18:34.368Z|00049|connmgr|INFO|br-int<->unix: 1 flow_mods in the last 0 s (1 adds)
2017-02-09T14:18:34.375Z|00050|connmgr|INFO|br-int<->unix: 1 flow_mods in the last 0 s (1 adds)
2017-02-09T14:18:34.382Z|00051|connmgr|INFO|br-int<->unix: 1 flow_mods in the last 0 s (1 adds)
2017-02-09T14:18:34.415Z|00052|connmgr|INFO|br-ex<->unix: 1 flow_mods in the last 0 s (1 adds)
2017-02-09T14:18:34.429Z|00053|connmgr|INFO|br-int<->unix: 1 flow_mods in the last 0 s (1 adds)
2017-02-09T14:18:34.437Z|00054|connmgr|INFO|br-ex<->unix: 1 flow_mods in the last 0 s (1 adds)
2017-02-09T14:18:34.462Z|00055|connmgr|INFO|br-tun<->unix: 9 flow_mods in the last 0 s (9 adds)
2017-02-09T14:18:34.471Z|00056|connmgr|INFO|br-tun<->unix: 1 flow_mods in the last 0 s (1 adds)
2017-02-09T14:18:36.290Z|00057|connmgr|INFO|br-tun<->unix: 1 flow_mods in the last 0 s (1 adds)
2017-02-09T14:18:36.304Z|00058|connmgr|INFO|br-ex<->unix: 1 flow_mods in the last 0 s (1 adds)
2017-02-09T14:18:36.312Z|00059|connmgr|INFO|br-int<->unix: 1 flow_mods in the last 0 s (1 adds)
2017-02-09T14:18:36.337Z|00060|connmgr|INFO|br-int<->unix: 1 flow_mods in the last 0 s (1 deletes)
2017-02-09T14:18:36.346Z|00061|ofp_util|INFO|normalization changed ofp_match, details:
2017-02-09T14:18:36.346Z|00062|ofp_util|INFO| pre: in_port=30,nw_proto=58,tp_src=136
2017-02-09T14:18:36.346Z|00063|ofp_util|INFO|post: in_port=30
2017-02-09T14:18:36.346Z|00064|connmgr|INFO|br-int<->unix: 1 flow_mods in the last 0 s (1 deletes)
2017-02-09T14:18:36.354Z|00065|connmgr|INFO|br-int<->unix: 1 flow_mods in the last 0 s (1 deletes)
2017-02-09T14:18:36.362Z|00066|connmgr|INFO|br-int<->unix: 1 flow_mods in the last 0 s (1 deletes)
2017-02-09T14:18:36.369Z|00067|connmgr|INFO|br-int<->unix: 1 flow_mods in the last 0 s (1 deletes)
2017-02-09T14:18:36.377Z|00068|connmgr|INFO|br-int<->unix: 1 flow_mods in the last 0 s (1 deletes)
2017-02-09T14:18:36.385Z|00069|ofp_util|INFO|normalization changed ofp_match, details:
2017-02-09T14:18:36.385Z|00070|ofp_util|INFO| pre: in_port=29,nw_proto=58,tp_src=136
2017-02-09T14:18:36.385Z|00071|ofp_util|INFO|post: in_port=29
2017-02-09T14:18:36.385Z|00072|connmgr|INFO|br-int<->unix: 1 flow_mods in the last 0 s (1 deletes)
2017-02-09T14:18:36.393Z|00073|connmgr|INFO|br-int<->unix: 1 flow_mods in the last 0 s (1 deletes)
2017-02-09T14:18:36.401Z|00074|connmgr|INFO|br-int<->unix: 1 flow_mods in the last 0 s (1 deletes)
2017-02-09T14:18:36.409Z|00075|connmgr|INFO|br-int<->unix: 1 flow_mods in the last 0 s (1 deletes)
2017-02-09T14:18:36.417Z|00076|connmgr|INFO|br-int<->unix: 1 flow_mods in the last 0 s (1 deletes)
2017-02-09T14:18:36.425Z|00077|ofp_util|INFO|normalization changed ofp_match, details:
2017-02-09T14:18:36.425Z|00078|ofp_util|INFO| pre: in_port=31,nw_proto=58,tp_src=136
2017-02-09T14:18:36.425Z|00079|ofp_util|INFO|post: in_port=31
2017-02-09T14:18:36.425Z|00080|connmgr|INFO|br-int<->unix: 1 flow_mods in the last 0 s (1 deletes)
2017-02-09T14:18:36.433Z|00081|connmgr|INFO|br-int<->unix: 1 flow_mods in the last 0 s (1 deletes)
2017-02-09T14:18:36.441Z|00082|connmgr|INFO|br-int<->unix: 1 flow_mods in the last 0 s (1 deletes)
2017-02-09T14:18:36.449Z|00083|connmgr|INFO|br-int<->unix: 1 flow_mods in the last 0 s (1 deletes)
2017-02-09T14:18:36.457Z|00084|connmgr|INFO|br-int<->unix: 1 flow_mods in the last 0 s (1 deletes)
2017-02-09T14:18:36.465Z|00085|ofp_util|INFO|normalization changed ofp_match, details:
2017-02-09T14:18:36.465Z|00086|ofp_util|INFO| pre: in_port=28,nw_proto=58,tp_src=136
2017-02-09T14:18:36.465Z|00087|ofp_util|INFO|post: in_port=28
2017-02-09T14:18:36.465Z|00088|connmgr|INFO|br-int<->unix: 1 flow_mods in the last 0 s (1 deletes)
2017-02-09T14:18:36.473Z|00089|connmgr|INFO|br-int<->unix: 1 flow_mods in the last 0 s (1 deletes)
2017-02-09T14:18:36.481Z|00090|connmgr|INFO|br-int<->unix: 1 flow_mods in the last 0 s (1 deletes)
2017-02-09T14:18:36.488Z|00091|connmgr|INFO|br-int<->unix: 1 flow_mods in the last 0 s (1 deletes)
2017-02-09T14:18:38.090Z|00092|connmgr|INFO|br-int<->unix: 1 flow_mods in the last 0 s (1 deletes)
2017-02-09T14:18:38.098Z|00093|ofp_util|INFO|normalization changed ofp_match, details:
2017-02-09T14:18:38.098Z|00094|ofp_util|INFO| pre: in_port=30,nw_proto=58,tp_src=136
2017-02-09T14:18:38.098Z|00095|ofp_util|INFO|post: in_port=30
2017-02-09T14:18:38.098Z|00096|connmgr|INFO|br-int<->unix: 1 flow_mods in the last 0 s (1 deletes)
2017-02-09T14:18:38.106Z|00097|connmgr|INFO|br-int<->unix: 1 flow_mods in the last 0 s (1 deletes)
2017-02-09T14:18:38.115Z|00098|connmgr|INFO|br-int<->unix: 1 flow_mods in the last 0 s (1 deletes)
2017-02-09T14:18:38.122Z|00099|connmgr|INFO|br-int<->unix: 1 flow_mods in the last 0 s (1 deletes)
2017-02-09T14:18:38.131Z|00100|connmgr|INFO|br-int<->unix: 1 flow_mods in the last 0 s (1 deletes)
2017-02-09T14:18:38.140Z|00101|connmgr|INFO|br-int<->unix: 1 flow_mods in the last 0 s (1 deletes)
2017-02-09T14:18:38.148Z|00102|connmgr|INFO|br-int<->unix: 1 flow_mods in the last 0 s (1 deletes)
2017-02-09T14:18:38.155Z|00103|connmgr|INFO|br-int<->unix: 1 flow_mods in the last 0 s (1 deletes)
2017-02-09T14:18:38.163Z|00104|connmgr|INFO|br-int<->unix: 1 flow_mods in the last 0 s (1 deletes)
2017-02-09T14:18:38.171Z|00105|connmgr|INFO|br-int<->unix: 1 flow_mods in the last 0 s (1 deletes)
2017-02-09T14:18:38.180Z|00106|connmgr|INFO|br-int<->unix: 1 flow_mods in the last 0 s (1 deletes)
2017-02-09T14:18:38.188Z|00107|connmgr|INFO|br-int<->unix: 1 flow_mods in the last 0 s (1 deletes)
2017-02-09T14:18:38.196Z|00108|connmgr|INFO|br-int<->unix: 1 flow_mods in the last 0 s (1 deletes)
2017-02-09T14:18:38.204Z|00109|connmgr|INFO|br-int<->unix: 1 flow_mods in the last 0 s (1 deletes)
2017-02-09T14:18:38.213Z|00110|connmgr|INFO|br-int<->unix: 1 flow_mods in the last 0 s (1 deletes)
2017-02-09T14:18:38.221Z|00111|connmgr|INFO|br-int<->unix: 1 flow_mods in the last 0 s (1 deletes)
2017-02-09T14:18:38.228Z|00112|connmgr|INFO|br-int<->unix: 1 flow_mods in the last 0 s (1 deletes)
2017-02-09T14:18:38.236Z|00113|connmgr|INFO|br-int<->unix: 1 flow_mods in the last 0 s (1 deletes)
2017-02-09T14:18:38.244Z|00114|connmgr|INFO|br-int<->unix: 1 flow_mods in the last 0 s (1 deletes)
