170204 07:03:48 mysqld_safe Logging to '/var/log/mysqld.log'.
170204 07:03:48 mysqld_safe Starting mysqld daemon with databases from /var/lib/mysql
2017-02-04 07:03:48 0 [Warning] TIMESTAMP with implicit DEFAULT value is deprecated. Please use --explicit_defaults_for_timestamp server option (see documentation for more details).
2017-02-04 07:03:48 0 [Note] /usr/sbin/mysqld (mysqld 5.6.35) starting as process 6702 ...
2017-02-04 07:03:48 6702 [Warning] Buffered warning: Changed limits: max_open_files: 1024 (requested 5000)

2017-02-04 07:03:48 6702 [Warning] Buffered warning: Changed limits: max_connections: 214 (requested 500)

2017-02-04 07:03:48 6702 [Warning] Buffered warning: Changed limits: table_open_cache: 400 (requested 2000)

2017-02-04 07:03:48 6702 [Note] Plugin 'FEDERATED' is disabled.
2017-02-04 07:03:48 6702 [Note] InnoDB: Using atomics to ref count buffer pool pages
2017-02-04 07:03:48 6702 [Note] InnoDB: The InnoDB memory heap is disabled
2017-02-04 07:03:48 6702 [Note] InnoDB: Mutexes and rw_locks use GCC atomic builtins
2017-02-04 07:03:48 6702 [Note] InnoDB: Memory barrier is not used
2017-02-04 07:03:48 6702 [Note] InnoDB: Compressed tables use zlib 1.2.3
2017-02-04 07:03:48 6702 [Note] InnoDB: Using Linux native AIO
2017-02-04 07:03:48 6702 [Note] InnoDB: Using CPU crc32 instructions
2017-02-04 07:03:48 6702 [Note] InnoDB: Initializing buffer pool, size = 128.0M
2017-02-04 07:03:48 6702 [Note] InnoDB: Completed initialization of buffer pool
2017-02-04 07:03:48 6702 [Note] InnoDB: Highest supported file format is Barracuda.
2017-02-04 07:03:48 6702 [Note] InnoDB: Log scan progressed past the checkpoint lsn 92664825
2017-02-04 07:03:48 6702 [Note] InnoDB: Database was not shutdown normally!
2017-02-04 07:03:48 6702 [Note] InnoDB: Starting crash recovery.
2017-02-04 07:03:48 6702 [Note] InnoDB: Reading tablespace information from the .ibd files...
2017-02-04 07:03:49 6702 [Note] InnoDB: Restoring possible half-written data pages 
2017-02-04 07:03:49 6702 [Note] InnoDB: from the doublewrite buffer...
InnoDB: Doing recovery: scanned up to log sequence number 92668756
2017-02-04 07:03:49 6702 [Note] InnoDB: Starting an apply batch of log records to the database...
InnoDB: Progress in percent: 9 10 11 12 13 14 15 16 17 18 19 20 21 22 23 24 25 26 27 28 29 30 31 32 33 34 35 36 37 38 39 40 41 42 43 44 45 46 47 48 49 50 51 52 53 54 55 56 57 58 59 60 61 62 63 64 65 66 67 68 69 70 71 72 73 74 75 76 77 78 79 80 81 82 83 84 85 86 87 88 89 90 91 92 93 94 95 96 97 98 99 
InnoDB: Apply batch completed
2017-02-04 07:03:49 6702 [Note] InnoDB: 128 rollback segment(s) are active.
2017-02-04 07:03:49 6702 [Note] InnoDB: Waiting for purge to start
2017-02-04 07:03:49 6702 [Note] InnoDB: 5.6.35 started; log sequence number 92668756
2017-02-04 07:03:49 6702 [Note] Server hostname (bind-address): '*'; port: 3306
2017-02-04 07:03:49 6702 [Note] IPv6 is available.
2017-02-04 07:03:49 6702 [Note]   - '::' resolves to '::';
2017-02-04 07:03:49 6702 [Note] Server socket created on IP: '::'.
2017-02-04 07:03:49 6702 [Note] Event Scheduler: Loaded 0 events
2017-02-04 07:03:49 6702 [Note] /usr/sbin/mysqld: ready for connections.
Version: '5.6.35'  socket: '/var/lib/mysql/mysql.sock'  port: 3306  MySQL Community Server (GPL)
