2017-02-01 05:18:41.056 6745 WARNING oslo.service.loopingcall [-] Function 'nova.servicegroup.drivers.db.DbDriver._report_state' run outlasted interval by 20.04 sec
2017-02-01 10:16:20.698 6745 WARNING oslo.service.loopingcall [-] Function 'nova.servicegroup.drivers.db.DbDriver._report_state' run outlasted interval by 17.23 sec
2017-02-01 10:16:20.698 6720 WARNING oslo.service.loopingcall [-] Function 'nova.servicegroup.drivers.db.DbDriver._report_state' run outlasted interval by 18.94 sec
2017-02-01 10:16:20.699 6729 WARNING oslo.service.loopingcall [-] Function 'nova.servicegroup.drivers.db.DbDriver._report_state' run outlasted interval by 8.43 sec
2017-02-01 10:16:20.700 6718 WARNING oslo.service.loopingcall [-] Function 'nova.servicegroup.drivers.db.DbDriver._report_state' run outlasted interval by 18.50 sec
2017-02-01 22:51:19.823 6718 WARNING oslo.service.loopingcall [-] Function 'nova.servicegroup.drivers.db.DbDriver._report_state' run outlasted interval by 2.76 sec
2017-02-01 22:51:19.824 6722 WARNING oslo.service.loopingcall [-] Function 'nova.servicegroup.drivers.db.DbDriver._report_state' run outlasted interval by 2.74 sec
2017-02-01 22:51:19.823 6746 WARNING oslo.service.loopingcall [-] Function 'nova.servicegroup.drivers.db.DbDriver._report_state' run outlasted interval by 2.73 sec
2017-02-02 04:43:33.352 6718 WARNING oslo.service.loopingcall [-] Function 'nova.servicegroup.drivers.db.DbDriver._report_state' run outlasted interval by 0.50 sec
2017-02-02 04:47:13.369 6720 WARNING oslo.service.loopingcall [-] Function 'nova.servicegroup.drivers.db.DbDriver._report_state' run outlasted interval by 15.51 sec
2017-02-02 04:47:13.374 6750 WARNING oslo.service.loopingcall [-] Function 'nova.servicegroup.drivers.db.DbDriver._report_state' run outlasted interval by 14.61 sec
2017-02-02 04:47:13.382 6752 WARNING oslo.service.loopingcall [-] Function 'nova.servicegroup.drivers.db.DbDriver._report_state' run outlasted interval by 14.63 sec
2017-02-02 04:47:13.381 6741 WARNING oslo.service.loopingcall [-] Function 'nova.servicegroup.drivers.db.DbDriver._report_state' run outlasted interval by 14.57 sec
2017-02-02 04:47:13.384 6737 WARNING oslo.service.loopingcall [-] Function 'nova.servicegroup.drivers.db.DbDriver._report_state' run outlasted interval by 14.53 sec
2017-02-02 04:47:13.385 6748 WARNING oslo.service.loopingcall [-] Function 'nova.servicegroup.drivers.db.DbDriver._report_state' run outlasted interval by 14.54 sec
2017-02-02 04:47:13.386 6740 WARNING oslo.service.loopingcall [-] Function 'nova.servicegroup.drivers.db.DbDriver._report_state' run outlasted interval by 14.51 sec
2017-02-02 04:47:13.388 6747 WARNING oslo.service.loopingcall [-] Function 'nova.servicegroup.drivers.db.DbDriver._report_state' run outlasted interval by 14.58 sec
2017-02-02 04:47:13.390 6755 WARNING oslo.service.loopingcall [-] Function 'nova.servicegroup.drivers.db.DbDriver._report_state' run outlasted interval by 14.63 sec
2017-02-02 04:47:13.391 6729 WARNING oslo.service.loopingcall [-] Function 'nova.servicegroup.drivers.db.DbDriver._report_state' run outlasted interval by 14.90 sec
2017-02-02 04:47:13.394 6732 WARNING oslo.service.loopingcall [-] Function 'nova.servicegroup.drivers.db.DbDriver._report_state' run outlasted interval by 14.55 sec
2017-02-02 04:47:13.397 6746 WARNING oslo.service.loopingcall [-] Function 'nova.servicegroup.drivers.db.DbDriver._report_state' run outlasted interval by 11.45 sec
2017-02-02 04:47:13.397 6734 WARNING oslo.service.loopingcall [-] Function 'nova.servicegroup.drivers.db.DbDriver._report_state' run outlasted interval by 14.55 sec
2017-02-02 04:47:13.399 6745 WARNING oslo.service.loopingcall [-] Function 'nova.servicegroup.drivers.db.DbDriver._report_state' run outlasted interval by 15.52 sec
2017-02-02 04:47:13.401 6743 WARNING oslo.service.loopingcall [-] Function 'nova.servicegroup.drivers.db.DbDriver._report_state' run outlasted interval by 14.63 sec
2017-02-02 04:47:13.401 6736 WARNING oslo.service.loopingcall [-] Function 'nova.servicegroup.drivers.db.DbDriver._report_state' run outlasted interval by 14.56 sec
2017-02-02 04:47:13.403 6749 WARNING oslo.service.loopingcall [-] Function 'nova.servicegroup.drivers.db.DbDriver._report_state' run outlasted interval by 14.65 sec
2017-02-02 04:47:13.404 6731 WARNING oslo.service.loopingcall [-] Function 'nova.servicegroup.drivers.db.DbDriver._report_state' run outlasted interval by 14.46 sec
2017-02-02 04:47:13.405 6744 WARNING oslo.service.loopingcall [-] Function 'nova.servicegroup.drivers.db.DbDriver._report_state' run outlasted interval by 14.65 sec
2017-02-02 04:47:13.407 6739 WARNING oslo.service.loopingcall [-] Function 'nova.servicegroup.drivers.db.DbDriver._report_state' run outlasted interval by 14.62 sec
2017-02-02 04:47:13.408 6722 WARNING oslo.service.loopingcall [-] Function 'nova.servicegroup.drivers.db.DbDriver._report_state' run outlasted interval by 11.49 sec
2017-02-02 04:47:13.410 6753 WARNING oslo.service.loopingcall [-] Function 'nova.servicegroup.drivers.db.DbDriver._report_state' run outlasted interval by 14.39 sec
2017-02-02 04:47:13.412 6727 WARNING oslo.service.loopingcall [-] Function 'nova.servicegroup.drivers.db.DbDriver._report_state' run outlasted interval by 14.60 sec
2017-02-02 04:47:13.414 6721 WARNING oslo.service.loopingcall [-] Function 'nova.servicegroup.drivers.db.DbDriver._report_state' run outlasted interval by 14.62 sec
2017-02-02 04:47:13.416 6742 WARNING oslo.service.loopingcall [-] Function 'nova.servicegroup.drivers.db.DbDriver._report_state' run outlasted interval by 14.58 sec
2017-02-02 04:47:13.417 6715 WARNING oslo.service.loopingcall [-] Function 'nova.servicegroup.drivers.db.DbDriver._report_state' run outlasted interval by 14.49 sec
2017-02-02 04:47:13.419 6730 WARNING oslo.service.loopingcall [-] Function 'nova.servicegroup.drivers.db.DbDriver._report_state' run outlasted interval by 14.64 sec
2017-02-02 04:47:13.420 6719 WARNING oslo.service.loopingcall [-] Function 'nova.servicegroup.drivers.db.DbDriver._report_state' run outlasted interval by 14.61 sec
2017-02-02 04:47:13.422 6733 WARNING oslo.service.loopingcall [-] Function 'nova.servicegroup.drivers.db.DbDriver._report_state' run outlasted interval by 14.69 sec
2017-02-02 04:47:13.423 6725 WARNING oslo.service.loopingcall [-] Function 'nova.servicegroup.drivers.db.DbDriver._report_state' run outlasted interval by 14.65 sec
2017-02-02 04:47:13.426 6751 WARNING oslo.service.loopingcall [-] Function 'nova.servicegroup.drivers.db.DbDriver._report_state' run outlasted interval by 14.62 sec
2017-02-02 04:47:13.428 6717 WARNING oslo.service.loopingcall [-] Function 'nova.servicegroup.drivers.db.DbDriver._report_state' run outlasted interval by 14.62 sec
2017-02-02 04:47:13.429 6738 WARNING oslo.service.loopingcall [-] Function 'nova.servicegroup.drivers.db.DbDriver._report_state' run outlasted interval by 14.57 sec
2017-02-02 04:47:13.435 6735 WARNING oslo.service.loopingcall [-] Function 'nova.servicegroup.drivers.db.DbDriver._report_state' run outlasted interval by 14.58 sec
2017-02-02 04:47:13.435 6724 WARNING oslo.service.loopingcall [-] Function 'nova.servicegroup.drivers.db.DbDriver._report_state' run outlasted interval by 14.65 sec
2017-02-02 04:47:13.436 6726 WARNING oslo.service.loopingcall [-] Function 'nova.servicegroup.drivers.db.DbDriver._report_state' run outlasted interval by 14.61 sec
2017-02-02 04:47:13.438 6728 WARNING oslo.service.loopingcall [-] Function 'nova.servicegroup.drivers.db.DbDriver._report_state' run outlasted interval by 14.69 sec
2017-02-02 04:47:13.440 6716 WARNING oslo.service.loopingcall [-] Function 'nova.servicegroup.drivers.db.DbDriver._report_state' run outlasted interval by 14.63 sec
2017-02-02 04:47:13.445 6718 WARNING oslo.service.loopingcall [-] Function 'nova.servicegroup.drivers.db.DbDriver._report_state' run outlasted interval by 10.08 sec
2017-02-02 04:47:13.446 6723 WARNING oslo.service.loopingcall [-] Function 'nova.servicegroup.drivers.db.DbDriver._report_state' run outlasted interval by 14.62 sec
2017-02-02 21:16:29.392 6722 WARNING oslo.service.loopingcall [-] Function 'nova.servicegroup.drivers.db.DbDriver._report_state' run outlasted interval by 0.53 sec
2017-02-02 21:16:29.393 6725 WARNING oslo.service.loopingcall [-] Function 'nova.servicegroup.drivers.db.DbDriver._report_state' run outlasted interval by 20.62 sec
2017-02-02 21:16:29.393 6740 WARNING oslo.service.loopingcall [-] Function 'nova.servicegroup.drivers.db.DbDriver._report_state' run outlasted interval by 0.54 sec
2017-02-02 21:16:29.393 6716 WARNING oslo.service.loopingcall [-] Function 'nova.servicegroup.drivers.db.DbDriver._report_state' run outlasted interval by 20.63 sec
2017-02-02 21:16:29.394 6720 WARNING oslo.service.loopingcall [-] Function 'nova.servicegroup.drivers.db.DbDriver._report_state' run outlasted interval by 48.95 sec
2017-02-02 21:16:29.394 6718 WARNING oslo.service.loopingcall [-] Function 'nova.servicegroup.drivers.db.DbDriver._report_state' run outlasted interval by 47.71 sec
2017-02-02 21:16:29.394 6751 WARNING oslo.service.loopingcall [-] Function 'nova.servicegroup.drivers.db.DbDriver._report_state' run outlasted interval by 50.81 sec
2017-02-02 21:16:29.395 6755 WARNING oslo.service.loopingcall [-] Function 'nova.servicegroup.drivers.db.DbDriver._report_state' run outlasted interval by 10.57 sec
2017-02-02 21:16:29.395 6729 WARNING oslo.service.loopingcall [-] Function 'nova.servicegroup.drivers.db.DbDriver._report_state' run outlasted interval by 48.46 sec
2017-02-02 21:16:29.396 6742 WARNING oslo.service.loopingcall [-] Function 'nova.servicegroup.drivers.db.DbDriver._report_state' run outlasted interval by 30.65 sec
2017-02-02 21:16:29.397 6734 WARNING oslo.service.loopingcall [-] Function 'nova.servicegroup.drivers.db.DbDriver._report_state' run outlasted interval by 40.67 sec
2017-02-02 21:16:29.397 6745 WARNING oslo.service.loopingcall [-] Function 'nova.servicegroup.drivers.db.DbDriver._report_state' run outlasted interval by 38.85 sec
2017-02-02 21:16:29.398 6746 WARNING oslo.service.loopingcall [-] Function 'nova.servicegroup.drivers.db.DbDriver._report_state' run outlasted interval by 20.63 sec
2017-02-03 01:27:14.388 6755 WARNING oslo.service.loopingcall [-] Function 'nova.servicegroup.drivers.db.DbDriver._report_state' run outlasted interval by 82.55 sec
2017-02-03 01:27:14.387 6739 WARNING oslo.service.loopingcall [-] Function 'nova.servicegroup.drivers.db.DbDriver._report_state' run outlasted interval by 82.58 sec
2017-02-03 01:27:14.389 6725 WARNING oslo.service.loopingcall [-] Function 'nova.servicegroup.drivers.db.DbDriver._report_state' run outlasted interval by 82.57 sec
2017-02-03 01:27:14.389 6734 WARNING oslo.service.loopingcall [-] Function 'nova.servicegroup.drivers.db.DbDriver._report_state' run outlasted interval by 82.56 sec
2017-02-03 01:27:14.389 6718 WARNING oslo.service.loopingcall [-] Function 'nova.servicegroup.drivers.db.DbDriver._report_state' run outlasted interval by 82.52 sec
2017-02-03 01:27:14.394 6719 WARNING oslo.service.loopingcall [-] Function 'nova.servicegroup.drivers.db.DbDriver._report_state' run outlasted interval by 82.58 sec
2017-02-03 01:27:14.394 6745 WARNING oslo.service.loopingcall [-] Function 'nova.servicegroup.drivers.db.DbDriver._report_state' run outlasted interval by 82.44 sec
2017-02-03 01:27:14.394 6728 WARNING oslo.service.loopingcall [-] Function 'nova.servicegroup.drivers.db.DbDriver._report_state' run outlasted interval by 82.53 sec
2017-02-03 01:27:14.415 6736 WARNING oslo.service.loopingcall [-] Function 'nova.servicegroup.drivers.db.DbDriver._report_state' run outlasted interval by 74.34 sec
2017-02-03 01:27:14.419 6753 WARNING oslo.service.loopingcall [-] Function 'nova.servicegroup.drivers.db.DbDriver._report_state' run outlasted interval by 73.94 sec
2017-02-03 01:27:14.420 6720 WARNING oslo.service.loopingcall [-] Function 'nova.servicegroup.drivers.db.DbDriver._report_state' run outlasted interval by 72.80 sec
2017-02-03 01:27:14.424 6748 WARNING oslo.service.loopingcall [-] Function 'nova.servicegroup.drivers.db.DbDriver._report_state' run outlasted interval by 73.99 sec
2017-02-03 01:27:14.424 6750 WARNING oslo.service.loopingcall [-] Function 'nova.servicegroup.drivers.db.DbDriver._report_state' run outlasted interval by 74.03 sec
2017-02-03 01:27:14.428 6752 WARNING oslo.service.loopingcall [-] Function 'nova.servicegroup.drivers.db.DbDriver._report_state' run outlasted interval by 73.97 sec
2017-02-03 01:27:14.430 6743 WARNING oslo.service.loopingcall [-] Function 'nova.servicegroup.drivers.db.DbDriver._report_state' run outlasted interval by 74.17 sec
2017-02-03 01:27:14.429 6731 WARNING oslo.service.loopingcall [-] Function 'nova.servicegroup.drivers.db.DbDriver._report_state' run outlasted interval by 74.10 sec
2017-02-03 01:27:14.434 6716 WARNING oslo.service.loopingcall [-] Function 'nova.servicegroup.drivers.db.DbDriver._report_state' run outlasted interval by 72.92 sec
2017-02-03 01:27:14.437 6747 WARNING oslo.service.loopingcall [-] Function 'nova.servicegroup.drivers.db.DbDriver._report_state' run outlasted interval by 74.14 sec
2017-02-03 01:27:14.440 6738 WARNING oslo.service.loopingcall [-] Function 'nova.servicegroup.drivers.db.DbDriver._report_state' run outlasted interval by 73.92 sec
2017-02-03 01:27:14.440 6744 WARNING oslo.service.loopingcall [-] Function 'nova.servicegroup.drivers.db.DbDriver._report_state' run outlasted interval by 74.00 sec
2017-02-03 01:27:14.442 6717 WARNING oslo.service.loopingcall [-] Function 'nova.servicegroup.drivers.db.DbDriver._report_state' run outlasted interval by 73.97 sec
2017-02-03 01:27:14.442 6726 WARNING oslo.service.loopingcall [-] Function 'nova.servicegroup.drivers.db.DbDriver._report_state' run outlasted interval by 74.18 sec
2017-02-03 01:27:14.444 6751 WARNING oslo.service.loopingcall [-] Function 'nova.servicegroup.drivers.db.DbDriver._report_state' run outlasted interval by 72.75 sec
2017-02-03 01:27:14.446 6740 WARNING oslo.service.loopingcall [-] Function 'nova.servicegroup.drivers.db.DbDriver._report_state' run outlasted interval by 73.67 sec
2017-02-03 01:27:14.448 6730 WARNING oslo.service.loopingcall [-] Function 'nova.servicegroup.drivers.db.DbDriver._report_state' run outlasted interval by 74.10 sec
2017-02-03 01:27:14.450 6749 WARNING oslo.service.loopingcall [-] Function 'nova.servicegroup.drivers.db.DbDriver._report_state' run outlasted interval by 74.04 sec
2017-02-03 01:27:14.450 6722 WARNING oslo.service.loopingcall [-] Function 'nova.servicegroup.drivers.db.DbDriver._report_state' run outlasted interval by 73.69 sec
2017-02-03 01:27:14.454 6724 WARNING oslo.service.loopingcall [-] Function 'nova.servicegroup.drivers.db.DbDriver._report_state' run outlasted interval by 73.99 sec
2017-02-03 01:27:14.456 6746 WARNING oslo.service.loopingcall [-] Function 'nova.servicegroup.drivers.db.DbDriver._report_state' run outlasted interval by 72.93 sec
2017-02-03 01:27:14.456 6741 WARNING oslo.service.loopingcall [-] Function 'nova.servicegroup.drivers.db.DbDriver._report_state' run outlasted interval by 73.97 sec
2017-02-03 01:27:14.458 6723 WARNING oslo.service.loopingcall [-] Function 'nova.servicegroup.drivers.db.DbDriver._report_state' run outlasted interval by 74.10 sec
2017-02-03 01:27:14.458 6715 WARNING oslo.service.loopingcall [-] Function 'nova.servicegroup.drivers.db.DbDriver._report_state' run outlasted interval by 74.04 sec
2017-02-03 01:27:14.477 6733 WARNING oslo.service.loopingcall [-] Function 'nova.servicegroup.drivers.db.DbDriver._report_state' run outlasted interval by 74.28 sec
2017-02-03 01:27:14.480 6737 WARNING oslo.service.loopingcall [-] Function 'nova.servicegroup.drivers.db.DbDriver._report_state' run outlasted interval by 73.93 sec
2017-02-03 01:27:14.482 6732 WARNING oslo.service.loopingcall [-] Function 'nova.servicegroup.drivers.db.DbDriver._report_state' run outlasted interval by 74.06 sec
2017-02-03 01:27:14.482 6721 WARNING oslo.service.loopingcall [-] Function 'nova.servicegroup.drivers.db.DbDriver._report_state' run outlasted interval by 72.73 sec
2017-02-03 01:27:14.483 6729 WARNING oslo.service.loopingcall [-] Function 'nova.servicegroup.drivers.db.DbDriver._report_state' run outlasted interval by 72.71 sec
2017-02-03 01:27:14.484 6742 WARNING oslo.service.loopingcall [-] Function 'nova.servicegroup.drivers.db.DbDriver._report_state' run outlasted interval by 73.11 sec
2017-02-03 01:27:14.486 6727 WARNING oslo.service.loopingcall [-] Function 'nova.servicegroup.drivers.db.DbDriver._report_state' run outlasted interval by 74.03 sec
2017-02-03 01:27:14.489 6735 WARNING oslo.service.loopingcall [-] Function 'nova.servicegroup.drivers.db.DbDriver._report_state' run outlasted interval by 74.19 sec
2017-02-03 07:28:09.748 6725 WARNING oslo.service.loopingcall [-] Function 'nova.servicegroup.drivers.db.DbDriver._report_state' run outlasted interval by 2.16 sec
2017-02-03 07:28:09.748 6716 WARNING oslo.service.loopingcall [-] Function 'nova.servicegroup.drivers.db.DbDriver._report_state' run outlasted interval by 1.58 sec
2017-02-03 07:28:09.748 6746 WARNING oslo.service.loopingcall [-] Function 'nova.servicegroup.drivers.db.DbDriver._report_state' run outlasted interval by 1.44 sec
2017-02-03 07:28:09.748 6744 WARNING oslo.service.loopingcall [-] Function 'nova.servicegroup.drivers.db.DbDriver._report_state' run outlasted interval by 2.15 sec
2017-02-03 07:28:09.748 6720 WARNING oslo.service.loopingcall [-] Function 'nova.servicegroup.drivers.db.DbDriver._report_state' run outlasted interval by 1.68 sec
2017-02-03 07:28:09.749 6734 WARNING oslo.service.loopingcall [-] Function 'nova.servicegroup.drivers.db.DbDriver._report_state' run outlasted interval by 2.38 sec
2017-02-03 07:28:09.748 6755 WARNING oslo.service.loopingcall [-] Function 'nova.servicegroup.drivers.db.DbDriver._report_state' run outlasted interval by 2.29 sec
2017-02-03 07:28:09.749 6742 WARNING oslo.service.loopingcall [-] Function 'nova.servicegroup.drivers.db.DbDriver._report_state' run outlasted interval by 1.48 sec
2017-02-03 07:28:09.749 6751 WARNING oslo.service.loopingcall [-] Function 'nova.servicegroup.drivers.db.DbDriver._report_state' run outlasted interval by 1.72 sec
2017-02-03 07:28:09.749 6721 WARNING oslo.service.loopingcall [-] Function 'nova.servicegroup.drivers.db.DbDriver._report_state' run outlasted interval by 1.64 sec
2017-02-03 07:28:09.748 6745 WARNING oslo.service.loopingcall [-] Function 'nova.servicegroup.drivers.db.DbDriver._report_state' run outlasted interval by 1.74 sec
2017-02-03 07:28:09.749 6719 WARNING oslo.service.loopingcall [-] Function 'nova.servicegroup.drivers.db.DbDriver._report_state' run outlasted interval by 1.83 sec
2017-02-03 07:28:09.748 6739 WARNING oslo.service.loopingcall [-] Function 'nova.servicegroup.drivers.db.DbDriver._report_state' run outlasted interval by 2.23 sec
2017-02-03 07:28:09.750 6718 WARNING oslo.service.loopingcall [-] Function 'nova.servicegroup.drivers.db.DbDriver._report_state' run outlasted interval by 1.86 sec
2017-02-03 07:28:09.750 6729 WARNING oslo.service.loopingcall [-] Function 'nova.servicegroup.drivers.db.DbDriver._report_state' run outlasted interval by 1.55 sec
2017-02-04 07:03:49.091 4724 WARNING oslo_reports.guru_meditation_report [-] Guru meditation now registers SIGUSR1 and SIGUSR2 by default for backward compatibility. SIGUSR1 will no longer be registered in a future release, so please use SIGUSR2 to generate reports.
2017-02-04 07:03:49.128 4724 INFO oslo_service.service [req-d01fccbd-276d-4cf6-9354-1b21e9463df8 - - - - -] Starting 40 workers
2017-02-04 07:03:49.137 6726 INFO nova.service [-] Starting conductor node (version 14.0.2-1.el7)
2017-02-04 07:03:49.139 6727 INFO nova.service [-] Starting conductor node (version 14.0.2-1.el7)
2017-02-04 07:03:49.142 6729 INFO nova.service [-] Starting conductor node (version 14.0.2-1.el7)
2017-02-04 07:03:49.142 6728 INFO nova.service [-] Starting conductor node (version 14.0.2-1.el7)
2017-02-04 07:03:49.146 6731 INFO nova.service [-] Starting conductor node (version 14.0.2-1.el7)
2017-02-04 07:03:49.146 6730 INFO nova.service [-] Starting conductor node (version 14.0.2-1.el7)
2017-02-04 07:03:49.149 6732 INFO nova.service [-] Starting conductor node (version 14.0.2-1.el7)
2017-02-04 07:03:49.149 6733 INFO nova.service [-] Starting conductor node (version 14.0.2-1.el7)
2017-02-04 07:03:49.156 6734 INFO nova.service [-] Starting conductor node (version 14.0.2-1.el7)
2017-02-04 07:03:49.157 6735 INFO nova.service [-] Starting conductor node (version 14.0.2-1.el7)
2017-02-04 07:03:49.158 6736 INFO nova.service [-] Starting conductor node (version 14.0.2-1.el7)
2017-02-04 07:03:49.163 6738 INFO nova.service [-] Starting conductor node (version 14.0.2-1.el7)
2017-02-04 07:03:49.163 6737 INFO nova.service [-] Starting conductor node (version 14.0.2-1.el7)
2017-02-04 07:03:49.166 6739 INFO nova.service [-] Starting conductor node (version 14.0.2-1.el7)
2017-02-04 07:03:49.167 6740 INFO nova.service [-] Starting conductor node (version 14.0.2-1.el7)
2017-02-04 07:03:49.169 6741 INFO nova.service [-] Starting conductor node (version 14.0.2-1.el7)
2017-02-04 07:03:49.171 6742 INFO nova.service [-] Starting conductor node (version 14.0.2-1.el7)
2017-02-04 07:03:49.176 6743 INFO nova.service [-] Starting conductor node (version 14.0.2-1.el7)
2017-02-04 07:03:49.180 6744 INFO nova.service [-] Starting conductor node (version 14.0.2-1.el7)
2017-02-04 07:03:49.181 6745 INFO nova.service [-] Starting conductor node (version 14.0.2-1.el7)
2017-02-04 07:03:49.184 6747 INFO nova.service [-] Starting conductor node (version 14.0.2-1.el7)
2017-02-04 07:03:49.185 6746 INFO nova.service [-] Starting conductor node (version 14.0.2-1.el7)
2017-02-04 07:03:49.189 6748 INFO nova.service [-] Starting conductor node (version 14.0.2-1.el7)
2017-02-04 07:03:49.190 6749 INFO nova.service [-] Starting conductor node (version 14.0.2-1.el7)
2017-02-04 07:03:49.194 6750 INFO nova.service [-] Starting conductor node (version 14.0.2-1.el7)
2017-02-04 07:03:49.197 6751 INFO nova.service [-] Starting conductor node (version 14.0.2-1.el7)
2017-02-04 07:03:49.199 6752 INFO nova.service [-] Starting conductor node (version 14.0.2-1.el7)
2017-02-04 07:03:49.200 6753 INFO nova.service [-] Starting conductor node (version 14.0.2-1.el7)
2017-02-04 07:03:49.202 6754 INFO nova.service [-] Starting conductor node (version 14.0.2-1.el7)
2017-02-04 07:03:49.205 6755 INFO nova.service [-] Starting conductor node (version 14.0.2-1.el7)
2017-02-04 07:03:49.206 6756 INFO nova.service [-] Starting conductor node (version 14.0.2-1.el7)
2017-02-04 07:03:49.208 6757 INFO nova.service [-] Starting conductor node (version 14.0.2-1.el7)
2017-02-04 07:03:49.213 6758 INFO nova.service [-] Starting conductor node (version 14.0.2-1.el7)
2017-02-04 07:03:49.215 6759 INFO nova.service [-] Starting conductor node (version 14.0.2-1.el7)
2017-02-04 07:03:49.217 6760 INFO nova.service [-] Starting conductor node (version 14.0.2-1.el7)
2017-02-04 07:03:49.219 6761 INFO nova.service [-] Starting conductor node (version 14.0.2-1.el7)
2017-02-04 07:03:49.222 6762 INFO nova.service [-] Starting conductor node (version 14.0.2-1.el7)
2017-02-04 07:03:49.225 6763 INFO nova.service [-] Starting conductor node (version 14.0.2-1.el7)
2017-02-04 07:03:49.227 6764 INFO nova.service [-] Starting conductor node (version 14.0.2-1.el7)
2017-02-04 07:03:49.230 6765 INFO nova.service [-] Starting conductor node (version 14.0.2-1.el7)
2017-02-04 07:03:54.597 6731 ERROR oslo.messaging._drivers.impl_rabbit [req-7870b9fb-7fc6-4216-b469-dc0bc7ca449b - - - - -] [6d365242-1ac6-42ea-b90f-89a5dabe15d8] AMQP server on mysql-001.vassilevski.com:5672 is unreachable: [Errno 111] ECONNREFUSED. Trying again in 1 seconds. Client port: None
2017-02-04 07:03:54.614 6729 ERROR oslo.messaging._drivers.impl_rabbit [req-4417a57d-99d7-439c-8bb9-4977c3f95f11 - - - - -] [e231d00a-72e6-45cd-9916-0bde69cf7333] AMQP server on mysql-001.vassilevski.com:5672 is unreachable: [Errno 111] ECONNREFUSED. Trying again in 1 seconds. Client port: None
2017-02-04 07:03:54.621 6732 ERROR oslo.messaging._drivers.impl_rabbit [req-cbc407fd-9693-49e8-adb0-a28b691bfa38 - - - - -] [1325991c-ffaf-4154-8425-9909249f14b5] AMQP server on mysql-001.vassilevski.com:5672 is unreachable: [Errno 111] ECONNREFUSED. Trying again in 1 seconds. Client port: None
2017-02-04 07:03:54.632 6739 ERROR oslo.messaging._drivers.impl_rabbit [req-08ff7d6c-b214-4da3-9430-1130fd2d4c94 - - - - -] [ec1bf4fd-c3c5-4787-b418-2b71620a2a23] AMQP server on mysql-001.vassilevski.com:5672 is unreachable: [Errno 111] ECONNREFUSED. Trying again in 1 seconds. Client port: None
2017-02-04 07:03:54.632 6726 ERROR oslo.messaging._drivers.impl_rabbit [req-fd79bf87-414d-4744-8f29-47247221d21a - - - - -] [44e790a4-6794-4440-8c25-ab0b717678e8] AMQP server on mysql-001.vassilevski.com:5672 is unreachable: [Errno 111] ECONNREFUSED. Trying again in 1 seconds. Client port: None
2017-02-04 07:03:54.637 6741 ERROR oslo.messaging._drivers.impl_rabbit [req-50e56cd3-32d3-4f84-8f8a-8ad05422f37a - - - - -] [f287b8da-86c2-4ea9-ad81-ac956b91c431] AMQP server on mysql-001.vassilevski.com:5672 is unreachable: [Errno 111] ECONNREFUSED. Trying again in 1 seconds. Client port: None
2017-02-04 07:03:54.642 6730 ERROR oslo.messaging._drivers.impl_rabbit [req-49855f83-5af3-4dc8-946f-21d072ef32da - - - - -] [ade599df-6805-4169-a1d9-8754cceee3ec] AMQP server on mysql-001.vassilevski.com:5672 is unreachable: [Errno 111] ECONNREFUSED. Trying again in 1 seconds. Client port: None
2017-02-04 07:03:54.644 6740 ERROR oslo.messaging._drivers.impl_rabbit [req-79cc1774-3b7d-4a49-a3f9-4067a02eeb70 - - - - -] [fc82191e-cd97-4d62-8789-db997beacb85] AMQP server on mysql-001.vassilevski.com:5672 is unreachable: [Errno 111] ECONNREFUSED. Trying again in 1 seconds. Client port: None
2017-02-04 07:03:54.646 6727 ERROR oslo.messaging._drivers.impl_rabbit [req-e4cd035c-29d6-4e9f-97a7-58681efa6052 - - - - -] [309cd9b2-6e76-4e66-bd02-9d3c9760ae05] AMQP server on mysql-001.vassilevski.com:5672 is unreachable: [Errno 111] ECONNREFUSED. Trying again in 1 seconds. Client port: None
2017-02-04 07:03:54.646 6728 ERROR oslo.messaging._drivers.impl_rabbit [req-05d04c9b-fa75-4434-84b5-8c35585d9b92 - - - - -] [070a9d03-5679-4580-a9f4-d7925798edf2] AMQP server on mysql-001.vassilevski.com:5672 is unreachable: [Errno 111] ECONNREFUSED. Trying again in 1 seconds. Client port: None
2017-02-04 07:03:54.649 6735 ERROR oslo.messaging._drivers.impl_rabbit [req-7c5219ed-1371-4440-a8c5-2631d9d10a1a - - - - -] [08bdb137-e60a-4327-8910-fb0f89ecb148] AMQP server on mysql-001.vassilevski.com:5672 is unreachable: [Errno 111] ECONNREFUSED. Trying again in 1 seconds. Client port: None
2017-02-04 07:03:54.649 6743 ERROR oslo.messaging._drivers.impl_rabbit [req-1d4c7cbf-e362-4516-8cbc-7dbfcd9a410b - - - - -] [6f3b4d2b-ca65-40a6-8b49-0edf6972f860] AMQP server on mysql-001.vassilevski.com:5672 is unreachable: [Errno 111] ECONNREFUSED. Trying again in 1 seconds. Client port: None
2017-02-04 07:03:54.654 6754 ERROR oslo.messaging._drivers.impl_rabbit [req-28f135e1-0ad1-4128-871d-99c14cc01ab3 - - - - -] [4e814e27-a693-45d2-ad41-c57d15396dc8] AMQP server on mysql-001.vassilevski.com:5672 is unreachable: [Errno 111] ECONNREFUSED. Trying again in 1 seconds. Client port: None
2017-02-04 07:03:54.654 6738 ERROR oslo.messaging._drivers.impl_rabbit [req-2666f49c-29c8-495b-989a-381baf53de05 - - - - -] [db4fe1b3-25ae-49fc-a4b1-e12ff12da84e] AMQP server on mysql-001.vassilevski.com:5672 is unreachable: [Errno 111] ECONNREFUSED. Trying again in 1 seconds. Client port: None
2017-02-04 07:03:54.654 6736 ERROR oslo.messaging._drivers.impl_rabbit [req-24260655-a41d-49a7-a186-36045a60c413 - - - - -] [8dc2e525-e8a4-4bd6-abf3-12791b4ca099] AMQP server on mysql-001.vassilevski.com:5672 is unreachable: [Errno 111] ECONNREFUSED. Trying again in 1 seconds. Client port: None
2017-02-04 07:03:54.657 6751 ERROR oslo.messaging._drivers.impl_rabbit [req-18bd7ad7-6185-4c84-a765-e2880755c4a6 - - - - -] [6050327d-51a2-4130-9a75-53ab2cfaab4b] AMQP server on mysql-001.vassilevski.com:5672 is unreachable: [Errno 111] ECONNREFUSED. Trying again in 1 seconds. Client port: None
2017-02-04 07:03:54.658 6734 ERROR oslo.messaging._drivers.impl_rabbit [req-556773dc-d9c8-428e-97b8-1268cbbdffd6 - - - - -] [c600b0ef-23fc-4fb3-b513-01630d43a3da] AMQP server on mysql-001.vassilevski.com:5672 is unreachable: [Errno 111] ECONNREFUSED. Trying again in 1 seconds. Client port: None
2017-02-04 07:03:54.663 6753 ERROR oslo.messaging._drivers.impl_rabbit [req-a1a8e471-9b73-4a66-95ee-d0ad7fbf2b26 - - - - -] [ec587172-5ea0-45af-bf4d-44641251a907] AMQP server on mysql-001.vassilevski.com:5672 is unreachable: [Errno 111] ECONNREFUSED. Trying again in 1 seconds. Client port: None
2017-02-04 07:03:54.664 6748 ERROR oslo.messaging._drivers.impl_rabbit [req-914011bd-5fe8-4ea6-a246-d12d1794c304 - - - - -] [34f5f1e5-4438-4044-b8ee-e63461873bfe] AMQP server on mysql-001.vassilevski.com:5672 is unreachable: [Errno 111] ECONNREFUSED. Trying again in 1 seconds. Client port: None
2017-02-04 07:03:54.665 6745 ERROR oslo.messaging._drivers.impl_rabbit [req-089a9ffa-ba62-4baa-8b7b-ae24a116a873 - - - - -] [c8b1af00-7790-4cad-86b5-0fff55b6975e] AMQP server on mysql-001.vassilevski.com:5672 is unreachable: [Errno 111] ECONNREFUSED. Trying again in 1 seconds. Client port: None
2017-02-04 07:03:54.668 6747 ERROR oslo.messaging._drivers.impl_rabbit [req-3ed9bd1d-540e-45e6-b714-a082bc28ebac - - - - -] [35661324-8410-49f3-be9a-487cbcfab89c] AMQP server on mysql-001.vassilevski.com:5672 is unreachable: [Errno 111] ECONNREFUSED. Trying again in 1 seconds. Client port: None
2017-02-04 07:03:54.669 6756 ERROR oslo.messaging._drivers.impl_rabbit [req-8caa34f1-1a10-4685-89fa-6efc0df3477e - - - - -] [48e23983-86de-4751-a3c3-2437b158f7b8] AMQP server on mysql-001.vassilevski.com:5672 is unreachable: [Errno 111] ECONNREFUSED. Trying again in 1 seconds. Client port: None
2017-02-04 07:03:54.671 6750 ERROR oslo.messaging._drivers.impl_rabbit [req-f24ec660-7a90-406b-9015-ff102d11343c - - - - -] [f430a689-369b-4768-9af7-53ee030f31cb] AMQP server on mysql-001.vassilevski.com:5672 is unreachable: [Errno 111] ECONNREFUSED. Trying again in 1 seconds. Client port: None
2017-02-04 07:03:54.672 6737 ERROR oslo.messaging._drivers.impl_rabbit [req-df081947-e25a-4f80-8595-04215f0f2f32 - - - - -] [79a65938-2d9d-4f2c-9d9f-90928eb373a9] AMQP server on mysql-001.vassilevski.com:5672 is unreachable: [Errno 111] ECONNREFUSED. Trying again in 1 seconds. Client port: None
2017-02-04 07:03:54.676 6744 ERROR oslo.messaging._drivers.impl_rabbit [req-27b44823-cafc-49c8-9d7f-807e0cee925b - - - - -] [2125c430-b95d-4b8a-9033-61b20b636828] AMQP server on mysql-001.vassilevski.com:5672 is unreachable: [Errno 111] ECONNREFUSED. Trying again in 1 seconds. Client port: None
2017-02-04 07:03:54.676 6749 ERROR oslo.messaging._drivers.impl_rabbit [req-8c5e0564-5869-4f1f-92d0-52a24a0981aa - - - - -] [5a3258cb-c16e-4328-9193-27513a624154] AMQP server on mysql-001.vassilevski.com:5672 is unreachable: [Errno 111] ECONNREFUSED. Trying again in 1 seconds. Client port: None
2017-02-04 07:03:54.677 6758 ERROR oslo.messaging._drivers.impl_rabbit [req-3338bf0f-e5f5-4634-80eb-056ce2e0258f - - - - -] [a8baabba-6fb1-40e4-bfaa-9df229092be3] AMQP server on mysql-001.vassilevski.com:5672 is unreachable: [Errno 111] ECONNREFUSED. Trying again in 1 seconds. Client port: None
2017-02-04 07:03:54.679 6757 ERROR oslo.messaging._drivers.impl_rabbit [req-8542117f-4d19-48dd-9755-cd801ff76425 - - - - -] [0d9ad972-fc20-4942-b6c2-d3e48109fcd0] AMQP server on mysql-001.vassilevski.com:5672 is unreachable: [Errno 111] ECONNREFUSED. Trying again in 1 seconds. Client port: None
2017-02-04 07:03:54.684 6760 ERROR oslo.messaging._drivers.impl_rabbit [req-6b03a0fc-9572-4fa1-991d-0f6a8a5b1ed3 - - - - -] [fbe32768-d94c-486a-8d77-6d09a5ee391a] AMQP server on mysql-001.vassilevski.com:5672 is unreachable: [Errno 111] ECONNREFUSED. Trying again in 1 seconds. Client port: None
2017-02-04 07:03:54.684 6742 ERROR oslo.messaging._drivers.impl_rabbit [req-eb001520-4cea-46f0-9c75-e5a8209a0eed - - - - -] [7db50919-5420-44a7-b48a-d753fbeb19e2] AMQP server on mysql-001.vassilevski.com:5672 is unreachable: [Errno 111] ECONNREFUSED. Trying again in 1 seconds. Client port: None
2017-02-04 07:03:54.691 6761 ERROR oslo.messaging._drivers.impl_rabbit [req-522d9be2-4156-4cea-9b23-2f8c2faa2703 - - - - -] [77dd1abd-7470-4322-847b-20b38aa58d25] AMQP server on mysql-001.vassilevski.com:5672 is unreachable: [Errno 111] ECONNREFUSED. Trying again in 1 seconds. Client port: None
2017-02-04 07:03:54.691 6746 ERROR oslo.messaging._drivers.impl_rabbit [req-338c4ae8-63ac-40b9-94b0-979b114429eb - - - - -] [10d70181-31db-421b-9e3f-54e41fca9f77] AMQP server on mysql-001.vassilevski.com:5672 is unreachable: [Errno 111] ECONNREFUSED. Trying again in 1 seconds. Client port: None
2017-02-04 07:03:54.694 6765 ERROR oslo.messaging._drivers.impl_rabbit [req-4bc2855a-3e6e-4cb6-9cba-9f99f6473a9d - - - - -] [e8193c2d-bc77-4a48-88bb-7836ed182717] AMQP server on mysql-001.vassilevski.com:5672 is unreachable: [Errno 111] ECONNREFUSED. Trying again in 1 seconds. Client port: None
2017-02-04 07:03:54.714 6733 ERROR oslo.messaging._drivers.impl_rabbit [req-5af18582-0612-45f9-9580-1911687dd3d0 - - - - -] [e160a1da-f53c-4094-9c9f-2ddfc525c8bb] AMQP server on mysql-001.vassilevski.com:5672 is unreachable: [Errno 111] ECONNREFUSED. Trying again in 1 seconds. Client port: None
2017-02-04 07:03:54.724 6755 ERROR oslo.messaging._drivers.impl_rabbit [req-f571247b-2f7a-47b5-8d2f-0a63e2241746 - - - - -] [c669c2ad-2399-4d0c-9174-9679a794f52f] AMQP server on mysql-001.vassilevski.com:5672 is unreachable: [Errno 111] ECONNREFUSED. Trying again in 1 seconds. Client port: None
2017-02-04 07:03:54.724 6752 ERROR oslo.messaging._drivers.impl_rabbit [req-4a2a28da-98db-4bbd-a55a-94d0cf50ac13 - - - - -] [a3e5092a-90c1-411d-8e26-57061a6ba0a6] AMQP server on mysql-001.vassilevski.com:5672 is unreachable: [Errno 111] ECONNREFUSED. Trying again in 1 seconds. Client port: None
2017-02-04 07:03:54.728 6764 ERROR oslo.messaging._drivers.impl_rabbit [req-9380976a-31d1-4850-af46-1f76279dacdb - - - - -] [0621ea8b-b2fb-4d8e-a889-1feb4ead7b92] AMQP server on mysql-001.vassilevski.com:5672 is unreachable: [Errno 111] ECONNREFUSED. Trying again in 1 seconds. Client port: None
2017-02-04 07:03:54.752 6759 ERROR oslo.messaging._drivers.impl_rabbit [req-39a9eafd-e24e-4824-8a5d-03061256d14a - - - - -] [72907ff6-79f1-469a-862b-8c918dfe7e29] AMQP server on mysql-001.vassilevski.com:5672 is unreachable: [Errno 111] ECONNREFUSED. Trying again in 1 seconds. Client port: None
2017-02-04 07:03:54.765 6762 ERROR oslo.messaging._drivers.impl_rabbit [req-b168d446-33b8-432f-94ae-e251fd7c68be - - - - -] [59d54730-eb6b-448c-a686-17f4b3ee096e] AMQP server on mysql-001.vassilevski.com:5672 is unreachable: [Errno 111] ECONNREFUSED. Trying again in 1 seconds. Client port: None
2017-02-04 07:03:54.775 6763 ERROR oslo.messaging._drivers.impl_rabbit [req-58c677b7-5d28-4d17-8101-7d8ebe2dae8f - - - - -] [3ed31e84-0d8a-4045-a586-10b51d33beb2] AMQP server on mysql-001.vassilevski.com:5672 is unreachable: [Errno 111] ECONNREFUSED. Trying again in 1 seconds. Client port: None
2017-02-04 07:03:55.606 6731 ERROR oslo.messaging._drivers.impl_rabbit [req-7870b9fb-7fc6-4216-b469-dc0bc7ca449b - - - - -] [6d365242-1ac6-42ea-b90f-89a5dabe15d8] AMQP server on mysql-001.vassilevski.com:5672 is unreachable: [Errno 111] ECONNREFUSED. Trying again in 2 seconds. Client port: None
2017-02-04 07:03:55.626 6729 ERROR oslo.messaging._drivers.impl_rabbit [req-4417a57d-99d7-439c-8bb9-4977c3f95f11 - - - - -] [e231d00a-72e6-45cd-9916-0bde69cf7333] AMQP server on mysql-001.vassilevski.com:5672 is unreachable: [Errno 111] ECONNREFUSED. Trying again in 2 seconds. Client port: None
2017-02-04 07:03:55.631 6732 ERROR oslo.messaging._drivers.impl_rabbit [req-cbc407fd-9693-49e8-adb0-a28b691bfa38 - - - - -] [1325991c-ffaf-4154-8425-9909249f14b5] AMQP server on mysql-001.vassilevski.com:5672 is unreachable: [Errno 111] ECONNREFUSED. Trying again in 2 seconds. Client port: None
2017-02-04 07:03:55.641 6739 ERROR oslo.messaging._drivers.impl_rabbit [req-08ff7d6c-b214-4da3-9430-1130fd2d4c94 - - - - -] [ec1bf4fd-c3c5-4787-b418-2b71620a2a23] AMQP server on mysql-001.vassilevski.com:5672 is unreachable: [Errno 111] ECONNREFUSED. Trying again in 2 seconds. Client port: None
2017-02-04 07:03:55.642 6726 ERROR oslo.messaging._drivers.impl_rabbit [req-fd79bf87-414d-4744-8f29-47247221d21a - - - - -] [44e790a4-6794-4440-8c25-ab0b717678e8] AMQP server on mysql-001.vassilevski.com:5672 is unreachable: [Errno 111] ECONNREFUSED. Trying again in 2 seconds. Client port: None
2017-02-04 07:03:55.648 6741 ERROR oslo.messaging._drivers.impl_rabbit [req-50e56cd3-32d3-4f84-8f8a-8ad05422f37a - - - - -] [f287b8da-86c2-4ea9-ad81-ac956b91c431] AMQP server on mysql-001.vassilevski.com:5672 is unreachable: [Errno 111] ECONNREFUSED. Trying again in 2 seconds. Client port: None
2017-02-04 07:03:55.651 6730 ERROR oslo.messaging._drivers.impl_rabbit [req-49855f83-5af3-4dc8-946f-21d072ef32da - - - - -] [ade599df-6805-4169-a1d9-8754cceee3ec] AMQP server on mysql-001.vassilevski.com:5672 is unreachable: [Errno 111] ECONNREFUSED. Trying again in 2 seconds. Client port: None
2017-02-04 07:03:55.653 6740 ERROR oslo.messaging._drivers.impl_rabbit [req-79cc1774-3b7d-4a49-a3f9-4067a02eeb70 - - - - -] [fc82191e-cd97-4d62-8789-db997beacb85] AMQP server on mysql-001.vassilevski.com:5672 is unreachable: [Errno 111] ECONNREFUSED. Trying again in 2 seconds. Client port: None
2017-02-04 07:03:55.658 6743 ERROR oslo.messaging._drivers.impl_rabbit [req-1d4c7cbf-e362-4516-8cbc-7dbfcd9a410b - - - - -] [6f3b4d2b-ca65-40a6-8b49-0edf6972f860] AMQP server on mysql-001.vassilevski.com:5672 is unreachable: [Errno 111] ECONNREFUSED. Trying again in 2 seconds. Client port: None
2017-02-04 07:03:55.659 6735 ERROR oslo.messaging._drivers.impl_rabbit [req-7c5219ed-1371-4440-a8c5-2631d9d10a1a - - - - -] [08bdb137-e60a-4327-8910-fb0f89ecb148] AMQP server on mysql-001.vassilevski.com:5672 is unreachable: [Errno 111] ECONNREFUSED. Trying again in 2 seconds. Client port: None
2017-02-04 07:03:55.663 6754 ERROR oslo.messaging._drivers.impl_rabbit [req-28f135e1-0ad1-4128-871d-99c14cc01ab3 - - - - -] [4e814e27-a693-45d2-ad41-c57d15396dc8] AMQP server on mysql-001.vassilevski.com:5672 is unreachable: [Errno 111] ECONNREFUSED. Trying again in 2 seconds. Client port: None
2017-02-04 07:03:55.664 6736 ERROR oslo.messaging._drivers.impl_rabbit [req-24260655-a41d-49a7-a186-36045a60c413 - - - - -] [8dc2e525-e8a4-4bd6-abf3-12791b4ca099] AMQP server on mysql-001.vassilevski.com:5672 is unreachable: [Errno 111] ECONNREFUSED. Trying again in 2 seconds. Client port: None
2017-02-04 07:03:55.665 6738 ERROR oslo.messaging._drivers.impl_rabbit [req-2666f49c-29c8-495b-989a-381baf53de05 - - - - -] [db4fe1b3-25ae-49fc-a4b1-e12ff12da84e] AMQP server on mysql-001.vassilevski.com:5672 is unreachable: [Errno 111] ECONNREFUSED. Trying again in 2 seconds. Client port: None
2017-02-04 07:03:55.665 6728 ERROR oslo.messaging._drivers.impl_rabbit [req-05d04c9b-fa75-4434-84b5-8c35585d9b92 - - - - -] [070a9d03-5679-4580-a9f4-d7925798edf2] AMQP server on mysql-001.vassilevski.com:5672 is unreachable: [Errno 111] ECONNREFUSED. Trying again in 2 seconds. Client port: None
2017-02-04 07:03:55.665 6727 ERROR oslo.messaging._drivers.impl_rabbit [req-e4cd035c-29d6-4e9f-97a7-58681efa6052 - - - - -] [309cd9b2-6e76-4e66-bd02-9d3c9760ae05] AMQP server on mysql-001.vassilevski.com:5672 is unreachable: [Errno 111] ECONNREFUSED. Trying again in 2 seconds. Client port: None
2017-02-04 07:03:55.666 6751 ERROR oslo.messaging._drivers.impl_rabbit [req-18bd7ad7-6185-4c84-a765-e2880755c4a6 - - - - -] [6050327d-51a2-4130-9a75-53ab2cfaab4b] AMQP server on mysql-001.vassilevski.com:5672 is unreachable: [Errno 111] ECONNREFUSED. Trying again in 2 seconds. Client port: None
2017-02-04 07:03:55.667 6734 ERROR oslo.messaging._drivers.impl_rabbit [req-556773dc-d9c8-428e-97b8-1268cbbdffd6 - - - - -] [c600b0ef-23fc-4fb3-b513-01630d43a3da] AMQP server on mysql-001.vassilevski.com:5672 is unreachable: [Errno 111] ECONNREFUSED. Trying again in 2 seconds. Client port: None
2017-02-04 07:03:55.679 6753 ERROR oslo.messaging._drivers.impl_rabbit [req-a1a8e471-9b73-4a66-95ee-d0ad7fbf2b26 - - - - -] [ec587172-5ea0-45af-bf4d-44641251a907] AMQP server on mysql-001.vassilevski.com:5672 is unreachable: [Errno 111] ECONNREFUSED. Trying again in 2 seconds. Client port: None
2017-02-04 07:03:55.681 6745 ERROR oslo.messaging._drivers.impl_rabbit [req-089a9ffa-ba62-4baa-8b7b-ae24a116a873 - - - - -] [c8b1af00-7790-4cad-86b5-0fff55b6975e] AMQP server on mysql-001.vassilevski.com:5672 is unreachable: [Errno 111] ECONNREFUSED. Trying again in 2 seconds. Client port: None
2017-02-04 07:03:55.684 6748 ERROR oslo.messaging._drivers.impl_rabbit [req-914011bd-5fe8-4ea6-a246-d12d1794c304 - - - - -] [34f5f1e5-4438-4044-b8ee-e63461873bfe] AMQP server on mysql-001.vassilevski.com:5672 is unreachable: [Errno 111] ECONNREFUSED. Trying again in 2 seconds. Client port: None
2017-02-04 07:03:55.685 6756 ERROR oslo.messaging._drivers.impl_rabbit [req-8caa34f1-1a10-4685-89fa-6efc0df3477e - - - - -] [48e23983-86de-4751-a3c3-2437b158f7b8] AMQP server on mysql-001.vassilevski.com:5672 is unreachable: [Errno 111] ECONNREFUSED. Trying again in 2 seconds. Client port: None
2017-02-04 07:03:55.685 6744 ERROR oslo.messaging._drivers.impl_rabbit [req-27b44823-cafc-49c8-9d7f-807e0cee925b - - - - -] [2125c430-b95d-4b8a-9033-61b20b636828] AMQP server on mysql-001.vassilevski.com:5672 is unreachable: [Errno 111] ECONNREFUSED. Trying again in 2 seconds. Client port: None
2017-02-04 07:03:55.685 6747 ERROR oslo.messaging._drivers.impl_rabbit [req-3ed9bd1d-540e-45e6-b714-a082bc28ebac - - - - -] [35661324-8410-49f3-be9a-487cbcfab89c] AMQP server on mysql-001.vassilevski.com:5672 is unreachable: [Errno 111] ECONNREFUSED. Trying again in 2 seconds. Client port: None
2017-02-04 07:03:55.686 6737 ERROR oslo.messaging._drivers.impl_rabbit [req-df081947-e25a-4f80-8595-04215f0f2f32 - - - - -] [79a65938-2d9d-4f2c-9d9f-90928eb373a9] AMQP server on mysql-001.vassilevski.com:5672 is unreachable: [Errno 111] ECONNREFUSED. Trying again in 2 seconds. Client port: None
2017-02-04 07:03:55.687 6758 ERROR oslo.messaging._drivers.impl_rabbit [req-3338bf0f-e5f5-4634-80eb-056ce2e0258f - - - - -] [a8baabba-6fb1-40e4-bfaa-9df229092be3] AMQP server on mysql-001.vassilevski.com:5672 is unreachable: [Errno 111] ECONNREFUSED. Trying again in 2 seconds. Client port: None
2017-02-04 07:03:55.688 6749 ERROR oslo.messaging._drivers.impl_rabbit [req-8c5e0564-5869-4f1f-92d0-52a24a0981aa - - - - -] [5a3258cb-c16e-4328-9193-27513a624154] AMQP server on mysql-001.vassilevski.com:5672 is unreachable: [Errno 111] ECONNREFUSED. Trying again in 2 seconds. Client port: None
2017-02-04 07:03:55.689 6750 ERROR oslo.messaging._drivers.impl_rabbit [req-f24ec660-7a90-406b-9015-ff102d11343c - - - - -] [f430a689-369b-4768-9af7-53ee030f31cb] AMQP server on mysql-001.vassilevski.com:5672 is unreachable: [Errno 111] ECONNREFUSED. Trying again in 2 seconds. Client port: None
2017-02-04 07:03:55.689 6757 ERROR oslo.messaging._drivers.impl_rabbit [req-8542117f-4d19-48dd-9755-cd801ff76425 - - - - -] [0d9ad972-fc20-4942-b6c2-d3e48109fcd0] AMQP server on mysql-001.vassilevski.com:5672 is unreachable: [Errno 111] ECONNREFUSED. Trying again in 2 seconds. Client port: None
2017-02-04 07:03:55.693 6760 ERROR oslo.messaging._drivers.impl_rabbit [req-6b03a0fc-9572-4fa1-991d-0f6a8a5b1ed3 - - - - -] [fbe32768-d94c-486a-8d77-6d09a5ee391a] AMQP server on mysql-001.vassilevski.com:5672 is unreachable: [Errno 111] ECONNREFUSED. Trying again in 2 seconds. Client port: None
2017-02-04 07:03:55.693 6742 ERROR oslo.messaging._drivers.impl_rabbit [req-eb001520-4cea-46f0-9c75-e5a8209a0eed - - - - -] [7db50919-5420-44a7-b48a-d753fbeb19e2] AMQP server on mysql-001.vassilevski.com:5672 is unreachable: [Errno 111] ECONNREFUSED. Trying again in 2 seconds. Client port: None
2017-02-04 07:03:55.701 6761 ERROR oslo.messaging._drivers.impl_rabbit [req-522d9be2-4156-4cea-9b23-2f8c2faa2703 - - - - -] [77dd1abd-7470-4322-847b-20b38aa58d25] AMQP server on mysql-001.vassilevski.com:5672 is unreachable: [Errno 111] ECONNREFUSED. Trying again in 2 seconds. Client port: None
2017-02-04 07:03:55.701 6746 ERROR oslo.messaging._drivers.impl_rabbit [req-338c4ae8-63ac-40b9-94b0-979b114429eb - - - - -] [10d70181-31db-421b-9e3f-54e41fca9f77] AMQP server on mysql-001.vassilevski.com:5672 is unreachable: [Errno 111] ECONNREFUSED. Trying again in 2 seconds. Client port: None
2017-02-04 07:03:55.704 6765 ERROR oslo.messaging._drivers.impl_rabbit [req-4bc2855a-3e6e-4cb6-9cba-9f99f6473a9d - - - - -] [e8193c2d-bc77-4a48-88bb-7836ed182717] AMQP server on mysql-001.vassilevski.com:5672 is unreachable: [Errno 111] ECONNREFUSED. Trying again in 2 seconds. Client port: None
2017-02-04 07:03:55.723 6733 ERROR oslo.messaging._drivers.impl_rabbit [req-5af18582-0612-45f9-9580-1911687dd3d0 - - - - -] [e160a1da-f53c-4094-9c9f-2ddfc525c8bb] AMQP server on mysql-001.vassilevski.com:5672 is unreachable: [Errno 111] ECONNREFUSED. Trying again in 2 seconds. Client port: None
2017-02-04 07:03:55.751 6755 INFO oslo.messaging._drivers.impl_rabbit [req-f571247b-2f7a-47b5-8d2f-0a63e2241746 - - - - -] [c669c2ad-2399-4d0c-9174-9679a794f52f] Reconnected to AMQP server on mysql-001.vassilevski.com:5672 via [amqp] clientwith port 39090.
2017-02-04 07:03:55.751 6764 INFO oslo.messaging._drivers.impl_rabbit [req-9380976a-31d1-4850-af46-1f76279dacdb - - - - -] [0621ea8b-b2fb-4d8e-a889-1feb4ead7b92] Reconnected to AMQP server on mysql-001.vassilevski.com:5672 via [amqp] clientwith port 39094.
2017-02-04 07:03:55.751 6752 INFO oslo.messaging._drivers.impl_rabbit [req-4a2a28da-98db-4bbd-a55a-94d0cf50ac13 - - - - -] [a3e5092a-90c1-411d-8e26-57061a6ba0a6] Reconnected to AMQP server on mysql-001.vassilevski.com:5672 via [amqp] clientwith port 39092.
2017-02-04 07:03:55.768 6759 INFO oslo.messaging._drivers.impl_rabbit [req-39a9eafd-e24e-4824-8a5d-03061256d14a - - - - -] [72907ff6-79f1-469a-862b-8c918dfe7e29] Reconnected to AMQP server on mysql-001.vassilevski.com:5672 via [amqp] clientwith port 39096.
2017-02-04 07:03:55.778 6762 INFO oslo.messaging._drivers.impl_rabbit [req-b168d446-33b8-432f-94ae-e251fd7c68be - - - - -] [59d54730-eb6b-448c-a686-17f4b3ee096e] Reconnected to AMQP server on mysql-001.vassilevski.com:5672 via [amqp] clientwith port 39098.
2017-02-04 07:03:55.786 6763 INFO oslo.messaging._drivers.impl_rabbit [req-58c677b7-5d28-4d17-8101-7d8ebe2dae8f - - - - -] [3ed31e84-0d8a-4045-a586-10b51d33beb2] Reconnected to AMQP server on mysql-001.vassilevski.com:5672 via [amqp] clientwith port 39102.
2017-02-04 07:03:57.626 6731 INFO oslo.messaging._drivers.impl_rabbit [req-7870b9fb-7fc6-4216-b469-dc0bc7ca449b - - - - -] [6d365242-1ac6-42ea-b90f-89a5dabe15d8] Reconnected to AMQP server on mysql-001.vassilevski.com:5672 via [amqp] clientwith port 39140.
2017-02-04 07:03:57.646 6729 INFO oslo.messaging._drivers.impl_rabbit [req-4417a57d-99d7-439c-8bb9-4977c3f95f11 - - - - -] [e231d00a-72e6-45cd-9916-0bde69cf7333] Reconnected to AMQP server on mysql-001.vassilevski.com:5672 via [amqp] clientwith port 39142.
2017-02-04 07:03:57.650 6732 INFO oslo.messaging._drivers.impl_rabbit [req-cbc407fd-9693-49e8-adb0-a28b691bfa38 - - - - -] [1325991c-ffaf-4154-8425-9909249f14b5] Reconnected to AMQP server on mysql-001.vassilevski.com:5672 via [amqp] clientwith port 39144.
2017-02-04 07:03:57.661 6726 INFO oslo.messaging._drivers.impl_rabbit [req-fd79bf87-414d-4744-8f29-47247221d21a - - - - -] [44e790a4-6794-4440-8c25-ab0b717678e8] Reconnected to AMQP server on mysql-001.vassilevski.com:5672 via [amqp] clientwith port 39148.
2017-02-04 07:03:57.662 6739 INFO oslo.messaging._drivers.impl_rabbit [req-08ff7d6c-b214-4da3-9430-1130fd2d4c94 - - - - -] [ec1bf4fd-c3c5-4787-b418-2b71620a2a23] Reconnected to AMQP server on mysql-001.vassilevski.com:5672 via [amqp] clientwith port 39146.
2017-02-04 07:03:57.668 6741 INFO oslo.messaging._drivers.impl_rabbit [req-50e56cd3-32d3-4f84-8f8a-8ad05422f37a - - - - -] [f287b8da-86c2-4ea9-ad81-ac956b91c431] Reconnected to AMQP server on mysql-001.vassilevski.com:5672 via [amqp] clientwith port 39150.
2017-02-04 07:03:57.687 6730 INFO oslo.messaging._drivers.impl_rabbit [req-49855f83-5af3-4dc8-946f-21d072ef32da - - - - -] [ade599df-6805-4169-a1d9-8754cceee3ec] Reconnected to AMQP server on mysql-001.vassilevski.com:5672 via [amqp] clientwith port 39152.
2017-02-04 07:03:57.687 6743 INFO oslo.messaging._drivers.impl_rabbit [req-1d4c7cbf-e362-4516-8cbc-7dbfcd9a410b - - - - -] [6f3b4d2b-ca65-40a6-8b49-0edf6972f860] Reconnected to AMQP server on mysql-001.vassilevski.com:5672 via [amqp] clientwith port 39156.
2017-02-04 07:03:57.687 6740 INFO oslo.messaging._drivers.impl_rabbit [req-79cc1774-3b7d-4a49-a3f9-4067a02eeb70 - - - - -] [fc82191e-cd97-4d62-8789-db997beacb85] Reconnected to AMQP server on mysql-001.vassilevski.com:5672 via [amqp] clientwith port 39154.
2017-02-04 07:03:57.689 6735 INFO oslo.messaging._drivers.impl_rabbit [req-7c5219ed-1371-4440-a8c5-2631d9d10a1a - - - - -] [08bdb137-e60a-4327-8910-fb0f89ecb148] Reconnected to AMQP server on mysql-001.vassilevski.com:5672 via [amqp] clientwith port 39158.
2017-02-04 07:03:57.695 6738 INFO oslo.messaging._drivers.impl_rabbit [req-2666f49c-29c8-495b-989a-381baf53de05 - - - - -] [db4fe1b3-25ae-49fc-a4b1-e12ff12da84e] Reconnected to AMQP server on mysql-001.vassilevski.com:5672 via [amqp] clientwith port 39160.
2017-02-04 07:03:57.697 6754 INFO oslo.messaging._drivers.impl_rabbit [req-28f135e1-0ad1-4128-871d-99c14cc01ab3 - - - - -] [4e814e27-a693-45d2-ad41-c57d15396dc8] Reconnected to AMQP server on mysql-001.vassilevski.com:5672 via [amqp] clientwith port 39162.
2017-02-04 07:03:57.702 6753 INFO oslo.messaging._drivers.impl_rabbit [req-a1a8e471-9b73-4a66-95ee-d0ad7fbf2b26 - - - - -] [ec587172-5ea0-45af-bf4d-44641251a907] Reconnected to AMQP server on mysql-001.vassilevski.com:5672 via [amqp] clientwith port 39166.
2017-02-04 07:03:57.703 6728 INFO oslo.messaging._drivers.impl_rabbit [req-05d04c9b-fa75-4434-84b5-8c35585d9b92 - - - - -] [070a9d03-5679-4580-a9f4-d7925798edf2] Reconnected to AMQP server on mysql-001.vassilevski.com:5672 via [amqp] clientwith port 39168.
2017-02-04 07:03:57.704 6727 INFO oslo.messaging._drivers.impl_rabbit [req-e4cd035c-29d6-4e9f-97a7-58681efa6052 - - - - -] [309cd9b2-6e76-4e66-bd02-9d3c9760ae05] Reconnected to AMQP server on mysql-001.vassilevski.com:5672 via [amqp] clientwith port 39164.
2017-02-04 07:03:57.706 6747 INFO oslo.messaging._drivers.impl_rabbit [req-3ed9bd1d-540e-45e6-b714-a082bc28ebac - - - - -] [35661324-8410-49f3-be9a-487cbcfab89c] Reconnected to AMQP server on mysql-001.vassilevski.com:5672 via [amqp] clientwith port 39170.
2017-02-04 07:03:57.708 6751 INFO oslo.messaging._drivers.impl_rabbit [req-18bd7ad7-6185-4c84-a765-e2880755c4a6 - - - - -] [6050327d-51a2-4130-9a75-53ab2cfaab4b] Reconnected to AMQP server on mysql-001.vassilevski.com:5672 via [amqp] clientwith port 39172.
2017-02-04 07:03:57.719 6758 INFO oslo.messaging._drivers.impl_rabbit [req-3338bf0f-e5f5-4634-80eb-056ce2e0258f - - - - -] [a8baabba-6fb1-40e4-bfaa-9df229092be3] Reconnected to AMQP server on mysql-001.vassilevski.com:5672 via [amqp] clientwith port 39178.
2017-02-04 07:03:57.720 6734 INFO oslo.messaging._drivers.impl_rabbit [req-556773dc-d9c8-428e-97b8-1268cbbdffd6 - - - - -] [c600b0ef-23fc-4fb3-b513-01630d43a3da] Reconnected to AMQP server on mysql-001.vassilevski.com:5672 via [amqp] clientwith port 39182.
2017-02-04 07:03:57.720 6736 INFO oslo.messaging._drivers.impl_rabbit [req-24260655-a41d-49a7-a186-36045a60c413 - - - - -] [8dc2e525-e8a4-4bd6-abf3-12791b4ca099] Reconnected to AMQP server on mysql-001.vassilevski.com:5672 via [amqp] clientwith port 39176.
2017-02-04 07:03:57.720 6748 INFO oslo.messaging._drivers.impl_rabbit [req-914011bd-5fe8-4ea6-a246-d12d1794c304 - - - - -] [34f5f1e5-4438-4044-b8ee-e63461873bfe] Reconnected to AMQP server on mysql-001.vassilevski.com:5672 via [amqp] clientwith port 39180.
2017-02-04 07:03:57.723 6737 INFO oslo.messaging._drivers.impl_rabbit [req-df081947-e25a-4f80-8595-04215f0f2f32 - - - - -] [79a65938-2d9d-4f2c-9d9f-90928eb373a9] Reconnected to AMQP server on mysql-001.vassilevski.com:5672 via [amqp] clientwith port 39186.
2017-02-04 07:03:57.722 6745 INFO oslo.messaging._drivers.impl_rabbit [req-089a9ffa-ba62-4baa-8b7b-ae24a116a873 - - - - -] [c8b1af00-7790-4cad-86b5-0fff55b6975e] Reconnected to AMQP server on mysql-001.vassilevski.com:5672 via [amqp] clientwith port 39184.
2017-02-04 07:03:57.723 6756 INFO oslo.messaging._drivers.impl_rabbit [req-8caa34f1-1a10-4685-89fa-6efc0df3477e - - - - -] [48e23983-86de-4751-a3c3-2437b158f7b8] Reconnected to AMQP server on mysql-001.vassilevski.com:5672 via [amqp] clientwith port 39188.
2017-02-04 07:03:57.724 6744 INFO oslo.messaging._drivers.impl_rabbit [req-27b44823-cafc-49c8-9d7f-807e0cee925b - - - - -] [2125c430-b95d-4b8a-9033-61b20b636828] Reconnected to AMQP server on mysql-001.vassilevski.com:5672 via [amqp] clientwith port 39190.
2017-02-04 07:03:57.725 6760 INFO oslo.messaging._drivers.impl_rabbit [req-6b03a0fc-9572-4fa1-991d-0f6a8a5b1ed3 - - - - -] [fbe32768-d94c-486a-8d77-6d09a5ee391a] Reconnected to AMQP server on mysql-001.vassilevski.com:5672 via [amqp] clientwith port 39192.
2017-02-04 07:03:57.726 6749 INFO oslo.messaging._drivers.impl_rabbit [req-8c5e0564-5869-4f1f-92d0-52a24a0981aa - - - - -] [5a3258cb-c16e-4328-9193-27513a624154] Reconnected to AMQP server on mysql-001.vassilevski.com:5672 via [amqp] clientwith port 39196.
2017-02-04 07:03:57.727 6750 INFO oslo.messaging._drivers.impl_rabbit [req-f24ec660-7a90-406b-9015-ff102d11343c - - - - -] [f430a689-369b-4768-9af7-53ee030f31cb] Reconnected to AMQP server on mysql-001.vassilevski.com:5672 via [amqp] clientwith port 39194.
2017-02-04 07:03:57.727 6757 INFO oslo.messaging._drivers.impl_rabbit [req-8542117f-4d19-48dd-9755-cd801ff76425 - - - - -] [0d9ad972-fc20-4942-b6c2-d3e48109fcd0] Reconnected to AMQP server on mysql-001.vassilevski.com:5672 via [amqp] clientwith port 39198.
2017-02-04 07:03:57.730 6742 INFO oslo.messaging._drivers.impl_rabbit [req-eb001520-4cea-46f0-9c75-e5a8209a0eed - - - - -] [7db50919-5420-44a7-b48a-d753fbeb19e2] Reconnected to AMQP server on mysql-001.vassilevski.com:5672 via [amqp] clientwith port 39200.
2017-02-04 07:03:57.735 6746 INFO oslo.messaging._drivers.impl_rabbit [req-338c4ae8-63ac-40b9-94b0-979b114429eb - - - - -] [10d70181-31db-421b-9e3f-54e41fca9f77] Reconnected to AMQP server on mysql-001.vassilevski.com:5672 via [amqp] clientwith port 39202.
2017-02-04 07:03:57.737 6761 INFO oslo.messaging._drivers.impl_rabbit [req-522d9be2-4156-4cea-9b23-2f8c2faa2703 - - - - -] [77dd1abd-7470-4322-847b-20b38aa58d25] Reconnected to AMQP server on mysql-001.vassilevski.com:5672 via [amqp] clientwith port 39204.
2017-02-04 07:03:57.740 6765 INFO oslo.messaging._drivers.impl_rabbit [req-4bc2855a-3e6e-4cb6-9cba-9f99f6473a9d - - - - -] [e8193c2d-bc77-4a48-88bb-7836ed182717] Reconnected to AMQP server on mysql-001.vassilevski.com:5672 via [amqp] clientwith port 39206.
2017-02-04 07:03:57.748 6733 INFO oslo.messaging._drivers.impl_rabbit [req-5af18582-0612-45f9-9580-1911687dd3d0 - - - - -] [e160a1da-f53c-4094-9c9f-2ddfc525c8bb] Reconnected to AMQP server on mysql-001.vassilevski.com:5672 via [amqp] clientwith port 39210.
