2017-02-01 02:15:53.412 6800 INFO os_vif [req-f2011f15-8924-4669-9531-f727a928ca05 1cb680f1831042769fa73df344b6b967 eee9f522c68d43e685d2202ca7dbf9bd - default default] Loaded VIF plugin class '<class 'vif_plug_ovs.ovs.OvsPlugin'>' with name 'ovs'
2017-02-01 02:15:53.413 6800 INFO os_vif [req-f2011f15-8924-4669-9531-f727a928ca05 1cb680f1831042769fa73df344b6b967 eee9f522c68d43e685d2202ca7dbf9bd - default default] Loaded VIF plugin class '<class 'vif_plug_linux_bridge.linux_bridge.LinuxBridgePlugin'>' with name 'linux_bridge'
2017-02-01 02:15:53.972 6800 INFO nova.api.openstack.wsgi [req-f2011f15-8924-4669-9531-f727a928ca05 1cb680f1831042769fa73df344b6b967 eee9f522c68d43e685d2202ca7dbf9bd - default default] HTTP exception thrown: Image not found.
2017-02-01 02:15:53.976 6800 INFO nova.osapi_compute.wsgi.server [req-f2011f15-8924-4669-9531-f727a928ca05 1cb680f1831042769fa73df344b6b967 eee9f522c68d43e685d2202ca7dbf9bd - default default] x.x.x.2 "GET /v2.1/eee9f522c68d43e685d2202ca7dbf9bd/images/cirros HTTP/1.1" status: 404 len: 416 time: 2.4048910
2017-02-01 02:15:54.569 6800 INFO nova.api.openstack.wsgi [req-d41b55fa-aebc-4f5c-8587-4d320bc54817 1cb680f1831042769fa73df344b6b967 eee9f522c68d43e685d2202ca7dbf9bd - default default] HTTP exception thrown: Image not found.
2017-02-01 02:15:54.572 6800 INFO nova.osapi_compute.wsgi.server [req-d41b55fa-aebc-4f5c-8587-4d320bc54817 1cb680f1831042769fa73df344b6b967 eee9f522c68d43e685d2202ca7dbf9bd - default default] x.x.x.2 "GET /v2.1/eee9f522c68d43e685d2202ca7dbf9bd/images/cirros HTTP/1.1" status: 404 len: 416 time: 0.5898571
2017-02-01 02:15:55.261 6800 INFO nova.osapi_compute.wsgi.server [req-4d53c0b7-05c3-4670-bd0a-19bf7ffa5922 1cb680f1831042769fa73df344b6b967 eee9f522c68d43e685d2202ca7dbf9bd - default default] x.x.x.2 "GET /v2.1/eee9f522c68d43e685d2202ca7dbf9bd/images HTTP/1.1" status: 200 len: 932 time: 0.6851559
2017-02-01 02:15:55.942 6800 INFO nova.osapi_compute.wsgi.server [req-cc312c46-fbc8-447e-8ec7-a98ea1136a47 1cb680f1831042769fa73df344b6b967 eee9f522c68d43e685d2202ca7dbf9bd - default default] x.x.x.2 "GET /v2.1/eee9f522c68d43e685d2202ca7dbf9bd/images/e1e5c8eb-fb63-4a7b-8f39-c69673e634b5 HTTP/1.1" status: 200 len: 1113 time: 0.6697149
2017-02-01 02:15:56.078 6800 INFO nova.api.openstack.wsgi [req-fb4190c3-64c4-44f1-9782-c7d31c1940f6 1cb680f1831042769fa73df344b6b967 eee9f522c68d43e685d2202ca7dbf9bd - default default] HTTP exception thrown: Flavor 1 could not be found.
2017-02-01 02:15:56.080 6800 INFO nova.osapi_compute.wsgi.server [req-fb4190c3-64c4-44f1-9782-c7d31c1940f6 1cb680f1831042769fa73df344b6b967 eee9f522c68d43e685d2202ca7dbf9bd - default default] x.x.x.2 "GET /v2.1/eee9f522c68d43e685d2202ca7dbf9bd/flavors/1 HTTP/1.1" status: 404 len: 428 time: 0.1322570
2017-02-01 02:15:56.161 6800 INFO nova.api.openstack.wsgi [req-ac5c4a40-687a-4738-886f-8b425fc814c1 1cb680f1831042769fa73df344b6b967 eee9f522c68d43e685d2202ca7dbf9bd - default default] HTTP exception thrown: Flavor 1 could not be found.
2017-02-01 02:15:56.162 6800 INFO nova.osapi_compute.wsgi.server [req-ac5c4a40-687a-4738-886f-8b425fc814c1 1cb680f1831042769fa73df344b6b967 eee9f522c68d43e685d2202ca7dbf9bd - default default] x.x.x.2 "GET /v2.1/eee9f522c68d43e685d2202ca7dbf9bd/flavors/1 HTTP/1.1" status: 404 len: 428 time: 0.0776880
2017-02-01 02:15:56.255 6800 INFO nova.api.openstack.wsgi [req-83b3229c-4a2d-4eb9-b976-549386120d6f 1cb680f1831042769fa73df344b6b967 eee9f522c68d43e685d2202ca7dbf9bd - default default] HTTP exception thrown: Flavor 1 could not be found.
2017-02-01 02:15:56.257 6800 INFO nova.osapi_compute.wsgi.server [req-83b3229c-4a2d-4eb9-b976-549386120d6f 1cb680f1831042769fa73df344b6b967 eee9f522c68d43e685d2202ca7dbf9bd - default default] x.x.x.2 "GET /v2.1/eee9f522c68d43e685d2202ca7dbf9bd/flavors/1 HTTP/1.1" status: 404 len: 428 time: 0.0897601
2017-02-01 02:15:56.361 6800 INFO nova.osapi_compute.wsgi.server [req-cdfeba29-c478-4208-9221-8de628fd93ee 1cb680f1831042769fa73df344b6b967 eee9f522c68d43e685d2202ca7dbf9bd - default default] x.x.x.2 "GET /v2.1/eee9f522c68d43e685d2202ca7dbf9bd/flavors HTTP/1.1" status: 200 len: 347 time: 0.0991180
2017-02-01 02:16:19.424 6790 INFO nova.osapi_compute.wsgi.server [req-776ac734-af61-4378-b780-d793a6017695 1cb680f1831042769fa73df344b6b967 eee9f522c68d43e685d2202ca7dbf9bd - default default] x.x.x.2 "POST /v2.1/eee9f522c68d43e685d2202ca7dbf9bd/flavors HTTP/1.1" status: 200 len: 820 time: 1.5041330
2017-02-01 02:16:19.488 6790 INFO nova.osapi_compute.wsgi.server [req-480e5b77-8cf0-4e34-b8ad-415a6cf85b2f 1cb680f1831042769fa73df344b6b967 eee9f522c68d43e685d2202ca7dbf9bd - default default] x.x.x.2 "GET /v2.1/eee9f522c68d43e685d2202ca7dbf9bd/flavors/0/os-extra_specs HTTP/1.1" status: 200 len: 351 time: 0.0582621
2017-02-01 02:16:51.804 6793 INFO nova.osapi_compute.wsgi.server [req-bd00a515-b306-4445-8cb3-c392e080208f a78f33d5c96f4d8484105a72518ee7b6 e8135f7a0a474193aa9b6d0efc59e644 - default default] x.x.x.2 "POST /v2.1/e8135f7a0a474193aa9b6d0efc59e644/os-keypairs HTTP/1.1" status: 200 len: 926 time: 1.4925420
2017-02-01 02:16:55.966 6813 WARNING oslo_db.sqlalchemy.utils [req-23324816-7cee-4736-a4ac-9ffee2b4f07c a78f33d5c96f4d8484105a72518ee7b6 e8135f7a0a474193aa9b6d0efc59e644 - default default] Unique keys not in sort_keys. The sorting order may be unstable.
2017-02-01 02:16:55.975 6813 WARNING oslo_db.sqlalchemy.utils [req-23324816-7cee-4736-a4ac-9ffee2b4f07c a78f33d5c96f4d8484105a72518ee7b6 e8135f7a0a474193aa9b6d0efc59e644 - default default] Unique keys not in sort_keys. The sorting order may be unstable.
2017-02-01 02:16:55.986 6813 INFO nova.osapi_compute.wsgi.server [req-23324816-7cee-4736-a4ac-9ffee2b4f07c a78f33d5c96f4d8484105a72518ee7b6 e8135f7a0a474193aa9b6d0efc59e644 - default default] x.x.x.2 "GET /v2.1/e8135f7a0a474193aa9b6d0efc59e644/os-keypairs HTTP/1.1" status: 200 len: 895 time: 1.3629360
2017-02-01 02:17:20.793 6785 INFO nova.api.openstack.wsgi [req-f74f18c2-ec8f-4cfc-b8ce-011080041549 1cb680f1831042769fa73df344b6b967 eee9f522c68d43e685d2202ca7dbf9bd - default default] HTTP exception thrown: Flavor with ID 0 already exists.
2017-02-01 02:17:20.796 6785 INFO nova.osapi_compute.wsgi.server [req-f74f18c2-ec8f-4cfc-b8ce-011080041549 1cb680f1831042769fa73df344b6b967 eee9f522c68d43e685d2202ca7dbf9bd - default default] x.x.x.2 "POST /v2.1/eee9f522c68d43e685d2202ca7dbf9bd/flavors HTTP/1.1" status: 409 len: 437 time: 1.5584168
2017-02-01 02:17:30.245 6790 INFO os_vif [req-2aac88bb-c9db-4b34-a915-6ed5fb5194a2 1cb680f1831042769fa73df344b6b967 eee9f522c68d43e685d2202ca7dbf9bd - default default] Loaded VIF plugin class '<class 'vif_plug_ovs.ovs.OvsPlugin'>' with name 'ovs'
2017-02-01 02:17:30.246 6790 INFO os_vif [req-2aac88bb-c9db-4b34-a915-6ed5fb5194a2 1cb680f1831042769fa73df344b6b967 eee9f522c68d43e685d2202ca7dbf9bd - default default] Loaded VIF plugin class '<class 'vif_plug_linux_bridge.linux_bridge.LinuxBridgePlugin'>' with name 'linux_bridge'
2017-02-01 02:17:30.830 6790 INFO nova.api.openstack.wsgi [req-2aac88bb-c9db-4b34-a915-6ed5fb5194a2 1cb680f1831042769fa73df344b6b967 eee9f522c68d43e685d2202ca7dbf9bd - default default] HTTP exception thrown: Image not found.
2017-02-01 02:17:30.834 6790 INFO nova.osapi_compute.wsgi.server [req-2aac88bb-c9db-4b34-a915-6ed5fb5194a2 1cb680f1831042769fa73df344b6b967 eee9f522c68d43e685d2202ca7dbf9bd - default default] x.x.x.2 "GET /v2.1/eee9f522c68d43e685d2202ca7dbf9bd/images/cirros HTTP/1.1" status: 404 len: 416 time: 1.1963129
2017-02-01 02:17:31.447 6790 INFO nova.api.openstack.wsgi [req-c32429d7-71e6-421b-a631-28bbebbfac5a 1cb680f1831042769fa73df344b6b967 eee9f522c68d43e685d2202ca7dbf9bd - default default] HTTP exception thrown: Image not found.
2017-02-01 02:17:31.450 6790 INFO nova.osapi_compute.wsgi.server [req-c32429d7-71e6-421b-a631-28bbebbfac5a 1cb680f1831042769fa73df344b6b967 eee9f522c68d43e685d2202ca7dbf9bd - default default] x.x.x.2 "GET /v2.1/eee9f522c68d43e685d2202ca7dbf9bd/images/cirros HTTP/1.1" status: 404 len: 416 time: 0.6068778
2017-02-01 02:17:31.687 6790 INFO nova.osapi_compute.wsgi.server [req-4c8165bf-4623-43e4-a632-7841dfe45a0a 1cb680f1831042769fa73df344b6b967 eee9f522c68d43e685d2202ca7dbf9bd - default default] x.x.x.2 "GET /v2.1/eee9f522c68d43e685d2202ca7dbf9bd/images HTTP/1.1" status: 200 len: 932 time: 0.2305071
2017-02-01 02:17:31.895 6790 INFO nova.osapi_compute.wsgi.server [req-ffab9219-abbf-46ff-bbf5-4c0670cb7c36 1cb680f1831042769fa73df344b6b967 eee9f522c68d43e685d2202ca7dbf9bd - default default] x.x.x.2 "GET /v2.1/eee9f522c68d43e685d2202ca7dbf9bd/images/e1e5c8eb-fb63-4a7b-8f39-c69673e634b5 HTTP/1.1" status: 200 len: 1113 time: 0.2016621
2017-02-01 02:17:32.011 6790 INFO nova.api.openstack.wsgi [req-62624a8f-6b3d-48ba-8a5a-405a7a28b4be 1cb680f1831042769fa73df344b6b967 eee9f522c68d43e685d2202ca7dbf9bd - default default] HTTP exception thrown: Flavor 1 could not be found.
2017-02-01 02:17:32.013 6790 INFO nova.osapi_compute.wsgi.server [req-62624a8f-6b3d-48ba-8a5a-405a7a28b4be 1cb680f1831042769fa73df344b6b967 eee9f522c68d43e685d2202ca7dbf9bd - default default] x.x.x.2 "GET /v2.1/eee9f522c68d43e685d2202ca7dbf9bd/flavors/1 HTTP/1.1" status: 404 len: 428 time: 0.1128011
2017-02-01 02:17:32.104 6790 INFO nova.api.openstack.wsgi [req-296fdc3c-454b-4f17-acf2-5314b956c65f 1cb680f1831042769fa73df344b6b967 eee9f522c68d43e685d2202ca7dbf9bd - default default] HTTP exception thrown: Flavor 1 could not be found.
2017-02-01 02:17:32.106 6790 INFO nova.osapi_compute.wsgi.server [req-296fdc3c-454b-4f17-acf2-5314b956c65f 1cb680f1831042769fa73df344b6b967 eee9f522c68d43e685d2202ca7dbf9bd - default default] x.x.x.2 "GET /v2.1/eee9f522c68d43e685d2202ca7dbf9bd/flavors/1 HTTP/1.1" status: 404 len: 428 time: 0.0869899
2017-02-01 02:17:32.191 6790 INFO nova.api.openstack.wsgi [req-7edf40fb-d1d0-4179-9fba-944ce6ae1a73 1cb680f1831042769fa73df344b6b967 eee9f522c68d43e685d2202ca7dbf9bd - default default] HTTP exception thrown: Flavor 1 could not be found.
2017-02-01 02:17:32.193 6790 INFO nova.osapi_compute.wsgi.server [req-7edf40fb-d1d0-4179-9fba-944ce6ae1a73 1cb680f1831042769fa73df344b6b967 eee9f522c68d43e685d2202ca7dbf9bd - default default] x.x.x.2 "GET /v2.1/eee9f522c68d43e685d2202ca7dbf9bd/flavors/1 HTTP/1.1" status: 404 len: 428 time: 0.0827658
2017-02-01 02:17:32.281 6790 INFO nova.osapi_compute.wsgi.server [req-958cca40-38c3-4870-8cdc-9fd6283b031e 1cb680f1831042769fa73df344b6b967 eee9f522c68d43e685d2202ca7dbf9bd - default default] x.x.x.2 "GET /v2.1/eee9f522c68d43e685d2202ca7dbf9bd/flavors HTTP/1.1" status: 200 len: 654 time: 0.0827560
2017-02-01 02:17:40.034 6784 INFO os_vif [req-dd8f21c8-34e3-4be0-ba30-5525548cc503 1cb680f1831042769fa73df344b6b967 eee9f522c68d43e685d2202ca7dbf9bd - default default] Loaded VIF plugin class '<class 'vif_plug_ovs.ovs.OvsPlugin'>' with name 'ovs'
2017-02-01 02:17:40.035 6784 INFO os_vif [req-dd8f21c8-34e3-4be0-ba30-5525548cc503 1cb680f1831042769fa73df344b6b967 eee9f522c68d43e685d2202ca7dbf9bd - default default] Loaded VIF plugin class '<class 'vif_plug_linux_bridge.linux_bridge.LinuxBridgePlugin'>' with name 'linux_bridge'
2017-02-01 02:17:40.111 6784 INFO nova.api.openstack.wsgi [req-dd8f21c8-34e3-4be0-ba30-5525548cc503 1cb680f1831042769fa73df344b6b967 eee9f522c68d43e685d2202ca7dbf9bd - default default] HTTP exception thrown: Image not found.
2017-02-01 02:17:40.114 6784 INFO nova.osapi_compute.wsgi.server [req-dd8f21c8-34e3-4be0-ba30-5525548cc503 1cb680f1831042769fa73df344b6b967 eee9f522c68d43e685d2202ca7dbf9bd - default default] x.x.x.2 "GET /v2.1/eee9f522c68d43e685d2202ca7dbf9bd/images/cirros HTTP/1.1" status: 404 len: 416 time: 1.8377481
2017-02-01 02:17:40.268 6784 INFO nova.api.openstack.wsgi [req-be29e5dc-6871-4637-aed8-491218cda3c5 1cb680f1831042769fa73df344b6b967 eee9f522c68d43e685d2202ca7dbf9bd - default default] HTTP exception thrown: Image not found.
2017-02-01 02:17:40.270 6784 INFO nova.osapi_compute.wsgi.server [req-be29e5dc-6871-4637-aed8-491218cda3c5 1cb680f1831042769fa73df344b6b967 eee9f522c68d43e685d2202ca7dbf9bd - default default] x.x.x.2 "GET /v2.1/eee9f522c68d43e685d2202ca7dbf9bd/images/cirros HTTP/1.1" status: 404 len: 416 time: 0.1506529
2017-02-01 02:17:40.513 6784 INFO nova.osapi_compute.wsgi.server [req-082b7176-ce78-4baa-9216-25f1d80e2db7 1cb680f1831042769fa73df344b6b967 eee9f522c68d43e685d2202ca7dbf9bd - default default] x.x.x.2 "GET /v2.1/eee9f522c68d43e685d2202ca7dbf9bd/images HTTP/1.1" status: 200 len: 932 time: 0.2380550
2017-02-01 02:17:41.186 6784 INFO nova.osapi_compute.wsgi.server [req-9ffa9e8e-c3cb-4b36-8a10-c918a7af5a2c 1cb680f1831042769fa73df344b6b967 eee9f522c68d43e685d2202ca7dbf9bd - default default] x.x.x.2 "GET /v2.1/eee9f522c68d43e685d2202ca7dbf9bd/images/e1e5c8eb-fb63-4a7b-8f39-c69673e634b5 HTTP/1.1" status: 200 len: 1113 time: 0.6679590
2017-02-01 02:17:41.303 6784 INFO nova.api.openstack.wsgi [req-7fa7980d-1857-40a8-886a-9b921c6d6dfb 1cb680f1831042769fa73df344b6b967 eee9f522c68d43e685d2202ca7dbf9bd - default default] HTTP exception thrown: Flavor 2 could not be found.
2017-02-01 02:17:41.304 6784 INFO nova.osapi_compute.wsgi.server [req-7fa7980d-1857-40a8-886a-9b921c6d6dfb 1cb680f1831042769fa73df344b6b967 eee9f522c68d43e685d2202ca7dbf9bd - default default] x.x.x.2 "GET /v2.1/eee9f522c68d43e685d2202ca7dbf9bd/flavors/2 HTTP/1.1" status: 404 len: 428 time: 0.1128092
2017-02-01 02:17:41.385 6784 INFO nova.api.openstack.wsgi [req-57cab3bc-99ba-49bf-a0c8-a3c00b3bc37f 1cb680f1831042769fa73df344b6b967 eee9f522c68d43e685d2202ca7dbf9bd - default default] HTTP exception thrown: Flavor 2 could not be found.
2017-02-01 02:17:41.386 6784 INFO nova.osapi_compute.wsgi.server [req-57cab3bc-99ba-49bf-a0c8-a3c00b3bc37f 1cb680f1831042769fa73df344b6b967 eee9f522c68d43e685d2202ca7dbf9bd - default default] x.x.x.2 "GET /v2.1/eee9f522c68d43e685d2202ca7dbf9bd/flavors/2 HTTP/1.1" status: 404 len: 428 time: 0.0773969
2017-02-01 02:17:41.469 6784 INFO nova.api.openstack.wsgi [req-f9e9058d-50df-4ece-954b-9e0cfd22ffc2 1cb680f1831042769fa73df344b6b967 eee9f522c68d43e685d2202ca7dbf9bd - default default] HTTP exception thrown: Flavor 2 could not be found.
2017-02-01 02:17:41.470 6784 INFO nova.osapi_compute.wsgi.server [req-f9e9058d-50df-4ece-954b-9e0cfd22ffc2 1cb680f1831042769fa73df344b6b967 eee9f522c68d43e685d2202ca7dbf9bd - default default] x.x.x.2 "GET /v2.1/eee9f522c68d43e685d2202ca7dbf9bd/flavors/2 HTTP/1.1" status: 404 len: 428 time: 0.0793211
2017-02-01 02:17:41.560 6784 INFO nova.osapi_compute.wsgi.server [req-2e51db97-1cc2-4b7b-a2ae-faf6df35c2bd 1cb680f1831042769fa73df344b6b967 eee9f522c68d43e685d2202ca7dbf9bd - default default] x.x.x.2 "GET /v2.1/eee9f522c68d43e685d2202ca7dbf9bd/flavors HTTP/1.1" status: 200 len: 654 time: 0.0849378
2017-02-01 02:17:52.542 6808 INFO nova.osapi_compute.wsgi.server [req-285baa4f-3cf9-493e-bb51-c1c68701ce33 1cb680f1831042769fa73df344b6b967 eee9f522c68d43e685d2202ca7dbf9bd - default default] x.x.x.2 "GET /v2.1/eee9f522c68d43e685d2202ca7dbf9bd/flavors/detail HTTP/1.1" status: 200 len: 823 time: 1.5062199
2017-02-01 02:18:18.169 6792 INFO os_vif [req-252682a5-c1e4-4d0b-af63-388ded825fb3 a78f33d5c96f4d8484105a72518ee7b6 e8135f7a0a474193aa9b6d0efc59e644 - default default] Loaded VIF plugin class '<class 'vif_plug_ovs.ovs.OvsPlugin'>' with name 'ovs'
2017-02-01 02:18:18.169 6792 INFO os_vif [req-252682a5-c1e4-4d0b-af63-388ded825fb3 a78f33d5c96f4d8484105a72518ee7b6 e8135f7a0a474193aa9b6d0efc59e644 - default default] Loaded VIF plugin class '<class 'vif_plug_linux_bridge.linux_bridge.LinuxBridgePlugin'>' with name 'linux_bridge'
2017-02-01 02:18:18.724 6792 INFO nova.api.openstack.wsgi [req-252682a5-c1e4-4d0b-af63-388ded825fb3 a78f33d5c96f4d8484105a72518ee7b6 e8135f7a0a474193aa9b6d0efc59e644 - default default] HTTP exception thrown: Image not found.
2017-02-01 02:18:18.728 6792 INFO nova.osapi_compute.wsgi.server [req-252682a5-c1e4-4d0b-af63-388ded825fb3 a78f33d5c96f4d8484105a72518ee7b6 e8135f7a0a474193aa9b6d0efc59e644 - default default] x.x.x.2 "GET /v2.1/e8135f7a0a474193aa9b6d0efc59e644/images/cirros HTTP/1.1" status: 404 len: 416 time: 2.2735772
2017-02-01 02:18:19.336 6792 INFO nova.api.openstack.wsgi [req-8af3d472-c208-49d4-9a98-a5590ee44f09 a78f33d5c96f4d8484105a72518ee7b6 e8135f7a0a474193aa9b6d0efc59e644 - default default] HTTP exception thrown: Image not found.
2017-02-01 02:18:19.339 6792 INFO nova.osapi_compute.wsgi.server [req-8af3d472-c208-49d4-9a98-a5590ee44f09 a78f33d5c96f4d8484105a72518ee7b6 e8135f7a0a474193aa9b6d0efc59e644 - default default] x.x.x.2 "GET /v2.1/e8135f7a0a474193aa9b6d0efc59e644/images/cirros HTTP/1.1" status: 404 len: 416 time: 0.6054230
2017-02-01 02:18:20.057 6792 INFO nova.osapi_compute.wsgi.server [req-345d8b23-a425-47ff-b619-da36e035bb1c a78f33d5c96f4d8484105a72518ee7b6 e8135f7a0a474193aa9b6d0efc59e644 - default default] x.x.x.2 "GET /v2.1/e8135f7a0a474193aa9b6d0efc59e644/images HTTP/1.1" status: 200 len: 932 time: 0.7092612
2017-02-01 02:18:20.268 6792 INFO nova.osapi_compute.wsgi.server [req-1978da6e-5f3b-423e-b143-b6934a68ea5b a78f33d5c96f4d8484105a72518ee7b6 e8135f7a0a474193aa9b6d0efc59e644 - default default] x.x.x.2 "GET /v2.1/e8135f7a0a474193aa9b6d0efc59e644/images/e1e5c8eb-fb63-4a7b-8f39-c69673e634b5 HTTP/1.1" status: 200 len: 1113 time: 0.2053659
2017-02-01 02:18:20.374 6792 INFO nova.osapi_compute.wsgi.server [req-cd87712e-9859-4522-a21c-570a8eb2dbaf a78f33d5c96f4d8484105a72518ee7b6 e8135f7a0a474193aa9b6d0efc59e644 - default default] x.x.x.2 "GET /v2.1/e8135f7a0a474193aa9b6d0efc59e644/flavors/0 HTTP/1.1" status: 200 len: 820 time: 0.1009488
2017-02-01 02:18:43.125 6812 INFO os_vif [req-24f412af-1f2e-4600-97e8-dfca49484a97 1cb680f1831042769fa73df344b6b967 eee9f522c68d43e685d2202ca7dbf9bd - default default] Loaded VIF plugin class '<class 'vif_plug_ovs.ovs.OvsPlugin'>' with name 'ovs'
2017-02-01 02:18:43.126 6812 INFO os_vif [req-24f412af-1f2e-4600-97e8-dfca49484a97 1cb680f1831042769fa73df344b6b967 eee9f522c68d43e685d2202ca7dbf9bd - default default] Loaded VIF plugin class '<class 'vif_plug_linux_bridge.linux_bridge.LinuxBridgePlugin'>' with name 'linux_bridge'
2017-02-01 02:18:43.697 6812 INFO nova.api.openstack.wsgi [req-24f412af-1f2e-4600-97e8-dfca49484a97 1cb680f1831042769fa73df344b6b967 eee9f522c68d43e685d2202ca7dbf9bd - default default] HTTP exception thrown: Image not found.
2017-02-01 02:18:43.701 6812 INFO nova.osapi_compute.wsgi.server [req-24f412af-1f2e-4600-97e8-dfca49484a97 1cb680f1831042769fa73df344b6b967 eee9f522c68d43e685d2202ca7dbf9bd - default default] x.x.x.2 "GET /v2.1/eee9f522c68d43e685d2202ca7dbf9bd/images/cirros HTTP/1.1" status: 404 len: 416 time: 2.3249400
2017-02-01 02:18:44.321 6812 INFO nova.api.openstack.wsgi [req-33d55665-d197-4ba0-a828-832e99ebf1bd 1cb680f1831042769fa73df344b6b967 eee9f522c68d43e685d2202ca7dbf9bd - default default] HTTP exception thrown: Image not found.
2017-02-01 02:18:44.323 6812 INFO nova.osapi_compute.wsgi.server [req-33d55665-d197-4ba0-a828-832e99ebf1bd 1cb680f1831042769fa73df344b6b967 eee9f522c68d43e685d2202ca7dbf9bd - default default] x.x.x.2 "GET /v2.1/eee9f522c68d43e685d2202ca7dbf9bd/images/cirros HTTP/1.1" status: 404 len: 416 time: 0.6160200
2017-02-01 02:18:44.566 6812 INFO nova.osapi_compute.wsgi.server [req-9d490c32-ef28-43da-9145-af44e3008ca1 1cb680f1831042769fa73df344b6b967 eee9f522c68d43e685d2202ca7dbf9bd - default default] x.x.x.2 "GET /v2.1/eee9f522c68d43e685d2202ca7dbf9bd/images HTTP/1.1" status: 200 len: 932 time: 0.2364550
2017-02-01 02:18:44.803 6812 INFO nova.osapi_compute.wsgi.server [req-df1947cc-6433-4466-ad9e-bb1c90b95e8c 1cb680f1831042769fa73df344b6b967 eee9f522c68d43e685d2202ca7dbf9bd - default default] x.x.x.2 "GET /v2.1/eee9f522c68d43e685d2202ca7dbf9bd/images/e1e5c8eb-fb63-4a7b-8f39-c69673e634b5 HTTP/1.1" status: 200 len: 1113 time: 0.2308190
2017-02-01 02:18:44.924 6812 INFO nova.osapi_compute.wsgi.server [req-a2104895-729f-42ed-b418-c9cc6351a2cb 1cb680f1831042769fa73df344b6b967 eee9f522c68d43e685d2202ca7dbf9bd - default default] x.x.x.2 "GET /v2.1/eee9f522c68d43e685d2202ca7dbf9bd/flavors/0 HTTP/1.1" status: 200 len: 820 time: 0.1164861
2017-02-01 02:18:46.586 6812 INFO nova.osapi_compute.wsgi.server [req-e8ecbd37-795a-4ce5-b740-3943a6e73442 1cb680f1831042769fa73df344b6b967 eee9f522c68d43e685d2202ca7dbf9bd - default default] x.x.x.2 "POST /v2.1/eee9f522c68d43e685d2202ca7dbf9bd/servers HTTP/1.1" status: 202 len: 996 time: 1.4609451
2017-02-01 02:18:46.837 6812 INFO nova.osapi_compute.wsgi.server [req-bb2753a3-88a4-4010-add0-47d63d14000a 1cb680f1831042769fa73df344b6b967 eee9f522c68d43e685d2202ca7dbf9bd - default default] x.x.x.2 "GET /v2.1/eee9f522c68d43e685d2202ca7dbf9bd/servers/f5dbbaeb-720f-4440-b239-f8dffd4922d0 HTTP/1.1" status: 200 len: 1867 time: 0.2450159
2017-02-01 02:18:47.051 6812 INFO nova.osapi_compute.wsgi.server [req-1622f4b7-c5f5-45e3-90dc-c4549714017b 1cb680f1831042769fa73df344b6b967 eee9f522c68d43e685d2202ca7dbf9bd - default default] x.x.x.2 "GET /v2.1/eee9f522c68d43e685d2202ca7dbf9bd/images/e1e5c8eb-fb63-4a7b-8f39-c69673e634b5 HTTP/1.1" status: 200 len: 1113 time: 0.2091022
2017-02-01 02:18:47.157 6812 INFO nova.osapi_compute.wsgi.server [req-a144a99b-a1ba-430f-8d2a-447c0b25c9f5 1cb680f1831042769fa73df344b6b967 eee9f522c68d43e685d2202ca7dbf9bd - default default] x.x.x.2 "GET /v2.1/eee9f522c68d43e685d2202ca7dbf9bd/flavors/0 HTTP/1.1" status: 200 len: 820 time: 0.0997279
2017-02-01 02:18:52.486 6808 INFO nova.api.openstack.compute.server_external_events [req-5e2c7421-a9fc-431f-be79-2a62e2cc27d3 f9c46da42edf49ae8ea9f9faa3bdb5f9 d773392960964a67a77637ab18fe362b - default default] Creating event network-changed:None for instance f5dbbaeb-720f-4440-b239-f8dffd4922d0
2017-02-01 02:18:52.523 6808 INFO nova.osapi_compute.wsgi.server [req-5e2c7421-a9fc-431f-be79-2a62e2cc27d3 f9c46da42edf49ae8ea9f9faa3bdb5f9 d773392960964a67a77637ab18fe362b - default default] x.x.x.2 "POST /v2.1/d773392960964a67a77637ab18fe362b/os-server-external-events HTTP/1.1" status: 200 len: 465 time: 0.1754911
2017-02-01 02:18:58.153 6788 INFO nova.api.openstack.compute.server_external_events [req-0454e85c-f16f-4989-a8db-7251238a9848 f9c46da42edf49ae8ea9f9faa3bdb5f9 d773392960964a67a77637ab18fe362b - default default] Creating event network-vif-plugged:2582bb1a-4fb8-4825-a16a-ad6ad28997bd for instance f5dbbaeb-720f-4440-b239-f8dffd4922d0
2017-02-01 02:18:58.189 6788 INFO nova.osapi_compute.wsgi.server [req-0454e85c-f16f-4989-a8db-7251238a9848 f9c46da42edf49ae8ea9f9faa3bdb5f9 d773392960964a67a77637ab18fe362b - default default] x.x.x.2 "POST /v2.1/d773392960964a67a77637ab18fe362b/os-server-external-events HTTP/1.1" status: 200 len: 516 time: 1.5477509
2017-02-01 02:19:00.672 6779 INFO nova.osapi_compute.wsgi.server [req-0bbe9803-b7af-4105-8d85-15d8fcb8b060 1cb680f1831042769fa73df344b6b967 eee9f522c68d43e685d2202ca7dbf9bd - default default] x.x.x.2 "GET /v2.1/eee9f522c68d43e685d2202ca7dbf9bd/servers/detail HTTP/1.1" status: 200 len: 2218 time: 2.3666549
2017-02-01 02:19:08.002 6862 WARNING nova.api.metadata.handler [-] X-Instance-ID present in request headers. The 'service_metadata_proxy' option must be enabled to process this header.
2017-02-01 02:19:09.035 6862 INFO nova.api.metadata.base [req-2444657a-2668-442b-877e-b03ef1dc56c0 - - - - -] Fixed IP x.x.x.2 translates to instance UUID 4d7b0c9b-9ed6-4e4b-9a3d-1e2eca25349b
2017-02-01 02:19:09.114 6862 ERROR nova.api.metadata.handler [req-2444657a-2668-442b-877e-b03ef1dc56c0 - - - - -] Failed to get metadata for IP x.x.x.2: no metadata
2017-02-01 02:19:09.115 6862 INFO nova.metadata.wsgi.server [req-2444657a-2668-442b-877e-b03ef1dc56c0 - - - - -] 192.168.2.3,x.x.x.2 "GET /2009-04-04/meta-data/instance-id HTTP/1.1" status: 404 len: 176 time: 1.1138868
2017-02-01 02:19:11.365 6862 WARNING nova.api.metadata.handler [-] X-Instance-ID present in request headers. The 'service_metadata_proxy' option must be enabled to process this header.
2017-02-01 02:19:11.493 6862 INFO nova.api.metadata.base [req-43dbfb90-083a-41a1-869b-27b67a2cd636 - - - - -] Fixed IP x.x.x.2 translates to instance UUID 4d7b0c9b-9ed6-4e4b-9a3d-1e2eca25349b
2017-02-01 02:19:11.564 6862 ERROR nova.api.metadata.handler [req-43dbfb90-083a-41a1-869b-27b67a2cd636 - - - - -] Failed to get metadata for IP x.x.x.2: no metadata
2017-02-01 02:19:11.565 6862 INFO nova.metadata.wsgi.server [req-43dbfb90-083a-41a1-869b-27b67a2cd636 - - - - -] 192.168.2.3,x.x.x.2 "GET /2009-04-04/meta-data/instance-id HTTP/1.1" status: 404 len: 176 time: 0.2003269
2017-02-01 02:19:14.169 6830 WARNING nova.api.metadata.handler [-] X-Instance-ID present in request headers. The 'service_metadata_proxy' option must be enabled to process this header.
2017-02-01 02:19:14.579 6830 INFO nova.api.metadata.base [req-09dcc9a2-86bf-4afd-a6cc-3dd5fa41f20b - - - - -] Fixed IP x.x.x.2 translates to instance UUID 4d7b0c9b-9ed6-4e4b-9a3d-1e2eca25349b
2017-02-01 02:19:14.669 6830 ERROR nova.api.metadata.handler [req-09dcc9a2-86bf-4afd-a6cc-3dd5fa41f20b - - - - -] Failed to get metadata for IP x.x.x.2: no metadata
2017-02-01 02:19:14.671 6830 INFO nova.metadata.wsgi.server [req-09dcc9a2-86bf-4afd-a6cc-3dd5fa41f20b - - - - -] 192.168.2.3,x.x.x.2 "GET /2009-04-04/meta-data/instance-id HTTP/1.1" status: 404 len: 176 time: 0.5026560
2017-02-01 02:19:17.034 6854 WARNING nova.api.metadata.handler [-] X-Instance-ID present in request headers. The 'service_metadata_proxy' option must be enabled to process this header.
2017-02-01 02:19:17.425 6854 INFO nova.api.metadata.base [req-fbc87edf-3704-4abe-8c7e-6af83e2a8911 - - - - -] Fixed IP x.x.x.2 translates to instance UUID 4d7b0c9b-9ed6-4e4b-9a3d-1e2eca25349b
2017-02-01 02:19:17.512 6854 ERROR nova.api.metadata.handler [req-fbc87edf-3704-4abe-8c7e-6af83e2a8911 - - - - -] Failed to get metadata for IP x.x.x.2: no metadata
2017-02-01 02:19:17.513 6854 INFO nova.metadata.wsgi.server [req-fbc87edf-3704-4abe-8c7e-6af83e2a8911 - - - - -] 192.168.2.3,x.x.x.2 "GET /2009-04-04/meta-data/instance-id HTTP/1.1" status: 404 len: 176 time: 0.4804268
2017-02-01 02:19:19.874 6843 WARNING nova.api.metadata.handler [-] X-Instance-ID present in request headers. The 'service_metadata_proxy' option must be enabled to process this header.
2017-02-01 02:19:20.310 6843 INFO nova.api.metadata.base [req-25efa92f-be65-47f0-be63-6249f33c76db - - - - -] Fixed IP x.x.x.2 translates to instance UUID 4d7b0c9b-9ed6-4e4b-9a3d-1e2eca25349b
2017-02-01 02:19:20.401 6843 ERROR nova.api.metadata.handler [req-25efa92f-be65-47f0-be63-6249f33c76db - - - - -] Failed to get metadata for IP x.x.x.2: no metadata
2017-02-01 02:19:20.402 6843 INFO nova.metadata.wsgi.server [req-25efa92f-be65-47f0-be63-6249f33c76db - - - - -] 192.168.2.3,x.x.x.2 "GET /2009-04-04/meta-data/instance-id HTTP/1.1" status: 404 len: 176 time: 0.5296972
2017-02-01 02:19:22.611 6850 WARNING nova.api.metadata.handler [-] X-Instance-ID present in request headers. The 'service_metadata_proxy' option must be enabled to process this header.
2017-02-01 02:19:23.059 6850 INFO nova.api.metadata.base [req-c58d1629-e5ac-43a0-97fd-b2647ca47382 - - - - -] Fixed IP x.x.x.2 translates to instance UUID 4d7b0c9b-9ed6-4e4b-9a3d-1e2eca25349b
2017-02-01 02:19:23.152 6850 ERROR nova.api.metadata.handler [req-c58d1629-e5ac-43a0-97fd-b2647ca47382 - - - - -] Failed to get metadata for IP x.x.x.2: no metadata
2017-02-01 02:19:23.154 6850 INFO nova.metadata.wsgi.server [req-c58d1629-e5ac-43a0-97fd-b2647ca47382 - - - - -] 192.168.2.3,x.x.x.2 "GET /2009-04-04/meta-data/instance-id HTTP/1.1" status: 404 len: 176 time: 0.5436990
2017-02-01 02:19:25.597 6855 WARNING nova.api.metadata.handler [-] X-Instance-ID present in request headers. The 'service_metadata_proxy' option must be enabled to process this header.
2017-02-01 02:19:26.003 6855 INFO nova.api.metadata.base [req-ebd0e33e-72b7-41a1-8390-b31c15c897e3 - - - - -] Fixed IP x.x.x.2 translates to instance UUID 4d7b0c9b-9ed6-4e4b-9a3d-1e2eca25349b
2017-02-01 02:19:26.095 6855 ERROR nova.api.metadata.handler [req-ebd0e33e-72b7-41a1-8390-b31c15c897e3 - - - - -] Failed to get metadata for IP x.x.x.2: no metadata
2017-02-01 02:19:26.096 6855 INFO nova.metadata.wsgi.server [req-ebd0e33e-72b7-41a1-8390-b31c15c897e3 - - - - -] 192.168.2.3,x.x.x.2 "GET /2009-04-04/meta-data/instance-id HTTP/1.1" status: 404 len: 176 time: 0.5006540
2017-02-01 02:19:28.577 6828 WARNING nova.api.metadata.handler [-] X-Instance-ID present in request headers. The 'service_metadata_proxy' option must be enabled to process this header.
2017-02-01 02:19:28.991 6828 INFO nova.api.metadata.base [req-1045523b-a933-46bb-be9f-1b6f8b0a2a79 - - - - -] Fixed IP x.x.x.2 translates to instance UUID 4d7b0c9b-9ed6-4e4b-9a3d-1e2eca25349b
2017-02-01 02:19:29.076 6828 ERROR nova.api.metadata.handler [req-1045523b-a933-46bb-be9f-1b6f8b0a2a79 - - - - -] Failed to get metadata for IP x.x.x.2: no metadata
2017-02-01 02:19:29.077 6828 INFO nova.metadata.wsgi.server [req-1045523b-a933-46bb-be9f-1b6f8b0a2a79 - - - - -] 192.168.2.3,x.x.x.2 "GET /2009-04-04/meta-data/instance-id HTTP/1.1" status: 404 len: 176 time: 0.5010519
2017-02-01 02:19:31.298 6828 WARNING nova.api.metadata.handler [-] X-Instance-ID present in request headers. The 'service_metadata_proxy' option must be enabled to process this header.
2017-02-01 02:19:31.442 6828 INFO nova.api.metadata.base [req-558bf920-21b1-45d9-9d6c-e5b264e600a0 - - - - -] Fixed IP x.x.x.2 translates to instance UUID 4d7b0c9b-9ed6-4e4b-9a3d-1e2eca25349b
2017-02-01 02:19:31.497 6828 ERROR nova.api.metadata.handler [req-558bf920-21b1-45d9-9d6c-e5b264e600a0 - - - - -] Failed to get metadata for IP x.x.x.2: no metadata
2017-02-01 02:19:31.499 6828 INFO nova.metadata.wsgi.server [req-558bf920-21b1-45d9-9d6c-e5b264e600a0 - - - - -] 192.168.2.3,x.x.x.2 "GET /2009-04-04/meta-data/instance-id HTTP/1.1" status: 404 len: 176 time: 0.2014790
2017-02-01 02:19:33.833 6842 WARNING nova.api.metadata.handler [-] X-Instance-ID present in request headers. The 'service_metadata_proxy' option must be enabled to process this header.
2017-02-01 02:19:34.276 6842 INFO nova.api.metadata.base [req-c193043f-1f3d-42f6-9559-246754e667ee - - - - -] Fixed IP x.x.x.2 translates to instance UUID 4d7b0c9b-9ed6-4e4b-9a3d-1e2eca25349b
2017-02-01 02:19:34.364 6842 ERROR nova.api.metadata.handler [req-c193043f-1f3d-42f6-9559-246754e667ee - - - - -] Failed to get metadata for IP x.x.x.2: no metadata
2017-02-01 02:19:34.366 6842 INFO nova.metadata.wsgi.server [req-c193043f-1f3d-42f6-9559-246754e667ee - - - - -] 192.168.2.3,x.x.x.2 "GET /2009-04-04/meta-data/instance-id HTTP/1.1" status: 404 len: 176 time: 0.5328739
2017-02-01 02:19:36.707 6842 WARNING nova.api.metadata.handler [-] X-Instance-ID present in request headers. The 'service_metadata_proxy' option must be enabled to process this header.
2017-02-01 02:19:36.845 6842 INFO nova.api.metadata.base [req-7dfaf2b3-84d1-4e17-9cfa-c23b407fe2b6 - - - - -] Fixed IP x.x.x.2 translates to instance UUID 4d7b0c9b-9ed6-4e4b-9a3d-1e2eca25349b
2017-02-01 02:19:36.920 6842 ERROR nova.api.metadata.handler [req-7dfaf2b3-84d1-4e17-9cfa-c23b407fe2b6 - - - - -] Failed to get metadata for IP x.x.x.2: no metadata
2017-02-01 02:19:36.922 6842 INFO nova.metadata.wsgi.server [req-7dfaf2b3-84d1-4e17-9cfa-c23b407fe2b6 - - - - -] 192.168.2.3,x.x.x.2 "GET /2009-04-04/meta-data/instance-id HTTP/1.1" status: 404 len: 176 time: 0.2148910
2017-02-01 02:19:39.329 6842 WARNING nova.api.metadata.handler [-] X-Instance-ID present in request headers. The 'service_metadata_proxy' option must be enabled to process this header.
2017-02-01 02:19:39.451 6842 INFO nova.api.metadata.base [req-8de238c1-e6d0-4cfe-af06-d97061ae9f8f - - - - -] Fixed IP x.x.x.2 translates to instance UUID 4d7b0c9b-9ed6-4e4b-9a3d-1e2eca25349b
2017-02-01 02:19:39.527 6842 ERROR nova.api.metadata.handler [req-8de238c1-e6d0-4cfe-af06-d97061ae9f8f - - - - -] Failed to get metadata for IP x.x.x.2: no metadata
2017-02-01 02:19:39.529 6842 INFO nova.metadata.wsgi.server [req-8de238c1-e6d0-4cfe-af06-d97061ae9f8f - - - - -] 192.168.2.3,x.x.x.2 "GET /2009-04-04/meta-data/instance-id HTTP/1.1" status: 404 len: 176 time: 0.2000759
2017-02-01 02:19:41.736 6867 WARNING nova.api.metadata.handler [-] X-Instance-ID present in request headers. The 'service_metadata_proxy' option must be enabled to process this header.
2017-02-01 02:19:42.138 6867 INFO nova.api.metadata.base [req-19fb7b4d-1bc0-43d2-8059-97094f3e7f67 - - - - -] Fixed IP x.x.x.2 translates to instance UUID 4d7b0c9b-9ed6-4e4b-9a3d-1e2eca25349b
2017-02-01 02:19:42.233 6867 ERROR nova.api.metadata.handler [req-19fb7b4d-1bc0-43d2-8059-97094f3e7f67 - - - - -] Failed to get metadata for IP x.x.x.2: no metadata
2017-02-01 02:19:42.234 6867 INFO nova.metadata.wsgi.server [req-19fb7b4d-1bc0-43d2-8059-97094f3e7f67 - - - - -] 192.168.2.3,x.x.x.2 "GET /2009-04-04/meta-data/instance-id HTTP/1.1" status: 404 len: 176 time: 0.4992211
2017-02-01 02:19:44.648 6864 WARNING nova.api.metadata.handler [-] X-Instance-ID present in request headers. The 'service_metadata_proxy' option must be enabled to process this header.
2017-02-01 02:19:45.042 6864 INFO nova.api.metadata.base [req-9be1d758-866d-4e4e-adc8-844d3321fc2d - - - - -] Fixed IP x.x.x.2 translates to instance UUID 4d7b0c9b-9ed6-4e4b-9a3d-1e2eca25349b
2017-02-01 02:19:45.120 6864 ERROR nova.api.metadata.handler [req-9be1d758-866d-4e4e-adc8-844d3321fc2d - - - - -] Failed to get metadata for IP x.x.x.2: no metadata
2017-02-01 02:19:45.121 6864 INFO nova.metadata.wsgi.server [req-9be1d758-866d-4e4e-adc8-844d3321fc2d - - - - -] 192.168.2.3,x.x.x.2 "GET /2009-04-04/meta-data/instance-id HTTP/1.1" status: 404 len: 176 time: 0.4743109
2017-02-01 02:19:47.472 6847 WARNING nova.api.metadata.handler [-] X-Instance-ID present in request headers. The 'service_metadata_proxy' option must be enabled to process this header.
2017-02-01 02:19:48.565 6847 INFO nova.api.metadata.base [req-bf28f411-73e3-4158-9323-62b05a2894fb - - - - -] Fixed IP x.x.x.2 translates to instance UUID 4d7b0c9b-9ed6-4e4b-9a3d-1e2eca25349b
2017-02-01 02:19:48.653 6847 ERROR nova.api.metadata.handler [req-bf28f411-73e3-4158-9323-62b05a2894fb - - - - -] Failed to get metadata for IP x.x.x.2: no metadata
2017-02-01 02:19:48.654 6847 INFO nova.metadata.wsgi.server [req-bf28f411-73e3-4158-9323-62b05a2894fb - - - - -] 192.168.2.3,x.x.x.2 "GET /2009-04-04/meta-data/instance-id HTTP/1.1" status: 404 len: 176 time: 1.1839428
2017-02-01 02:19:49.477 6775 INFO nova.osapi_compute.wsgi.server [req-62eba810-a998-46b2-92b6-cb4e0c2509af 1cb680f1831042769fa73df344b6b967 eee9f522c68d43e685d2202ca7dbf9bd - default default] x.x.x.2 "GET /v2.1/eee9f522c68d43e685d2202ca7dbf9bd/servers/detail HTTP/1.1" status: 200 len: 2218 time: 2.6569581
2017-02-01 02:19:51.064 6863 WARNING nova.api.metadata.handler [-] X-Instance-ID present in request headers. The 'service_metadata_proxy' option must be enabled to process this header.
2017-02-01 02:19:52.178 6863 INFO nova.api.metadata.base [req-4a45282e-c5d3-4f26-bb73-2099a95dd192 - - - - -] Fixed IP x.x.x.2 translates to instance UUID 4d7b0c9b-9ed6-4e4b-9a3d-1e2eca25349b
2017-02-01 02:19:52.254 6863 ERROR nova.api.metadata.handler [req-4a45282e-c5d3-4f26-bb73-2099a95dd192 - - - - -] Failed to get metadata for IP x.x.x.2: no metadata
2017-02-01 02:19:52.255 6863 INFO nova.metadata.wsgi.server [req-4a45282e-c5d3-4f26-bb73-2099a95dd192 - - - - -] 192.168.2.3,x.x.x.2 "GET /2009-04-04/meta-data/instance-id HTTP/1.1" status: 404 len: 176 time: 1.1920760
2017-02-01 02:19:54.678 6867 WARNING nova.api.metadata.handler [-] X-Instance-ID present in request headers. The 'service_metadata_proxy' option must be enabled to process this header.
2017-02-01 02:19:54.809 6867 INFO nova.api.metadata.base [req-b96151df-1195-48be-a77c-524a76d56fcc - - - - -] Fixed IP x.x.x.2 translates to instance UUID 4d7b0c9b-9ed6-4e4b-9a3d-1e2eca25349b
2017-02-01 02:19:54.877 6867 ERROR nova.api.metadata.handler [req-b96151df-1195-48be-a77c-524a76d56fcc - - - - -] Failed to get metadata for IP x.x.x.2: no metadata
2017-02-01 02:19:54.879 6867 INFO nova.metadata.wsgi.server [req-b96151df-1195-48be-a77c-524a76d56fcc - - - - -] 192.168.2.3,x.x.x.2 "GET /2009-04-04/meta-data/instance-id HTTP/1.1" status: 404 len: 176 time: 0.2010779
2017-02-01 02:19:57.086 6867 WARNING nova.api.metadata.handler [-] X-Instance-ID present in request headers. The 'service_metadata_proxy' option must be enabled to process this header.
2017-02-01 02:19:57.208 6867 INFO nova.api.metadata.base [req-76f1367a-6360-4f26-ba89-82029ac5d6c2 - - - - -] Fixed IP x.x.x.2 translates to instance UUID 4d7b0c9b-9ed6-4e4b-9a3d-1e2eca25349b
2017-02-01 02:19:57.262 6867 ERROR nova.api.metadata.handler [req-76f1367a-6360-4f26-ba89-82029ac5d6c2 - - - - -] Failed to get metadata for IP x.x.x.2: no metadata
2017-02-01 02:19:57.263 6867 INFO nova.metadata.wsgi.server [req-76f1367a-6360-4f26-ba89-82029ac5d6c2 - - - - -] 192.168.2.3,x.x.x.2 "GET /2009-04-04/meta-data/instance-id HTTP/1.1" status: 404 len: 176 time: 0.1764860
2017-02-01 02:19:59.781 6848 WARNING nova.api.metadata.handler [-] X-Instance-ID present in request headers. The 'service_metadata_proxy' option must be enabled to process this header.
2017-02-01 02:20:00.755 6848 INFO nova.api.metadata.base [req-7a83520f-6375-4f7f-943b-3f4b83e8caca - - - - -] Fixed IP x.x.x.2 translates to instance UUID 4d7b0c9b-9ed6-4e4b-9a3d-1e2eca25349b
2017-02-01 02:20:00.840 6848 ERROR nova.api.metadata.handler [req-7a83520f-6375-4f7f-943b-3f4b83e8caca - - - - -] Failed to get metadata for IP x.x.x.2: no metadata
2017-02-01 02:20:00.842 6848 INFO nova.metadata.wsgi.server [req-7a83520f-6375-4f7f-943b-3f4b83e8caca - - - - -] 192.168.2.3,x.x.x.2 "GET /2009-04-04/meta-data/instance-id HTTP/1.1" status: 404 len: 176 time: 1.0623090
2017-02-01 02:20:00.889 6780 INFO nova.osapi_compute.wsgi.server [req-c2c370d9-074b-4a79-9aa4-575044ea8229 1cb680f1831042769fa73df344b6b967 eee9f522c68d43e685d2202ca7dbf9bd - default default] x.x.x.2 "GET /v2.1/eee9f522c68d43e685d2202ca7dbf9bd/servers/f5dbbaeb-720f-4440-b239-f8dffd4922d0 HTTP/1.1" status: 200 len: 2215 time: 2.4010580
2017-02-01 02:20:01.404 6780 INFO nova.osapi_compute.wsgi.server [req-3e42df16-24c6-4e76-8efa-2d3aab098b46 1cb680f1831042769fa73df344b6b967 eee9f522c68d43e685d2202ca7dbf9bd - default default] x.x.x.2 "POST /v2.1/eee9f522c68d43e685d2202ca7dbf9bd/servers/f5dbbaeb-720f-4440-b239-f8dffd4922d0/action HTTP/1.1" status: 200 len: 18374 time: 0.5093892
2017-02-01 02:20:03.061 6862 WARNING nova.api.metadata.handler [-] X-Instance-ID present in request headers. The 'service_metadata_proxy' option must be enabled to process this header.
2017-02-01 02:20:03.184 6862 INFO nova.api.metadata.base [req-3298138f-05b6-4f06-9a31-a56a2704c25c - - - - -] Fixed IP x.x.x.2 translates to instance UUID 4d7b0c9b-9ed6-4e4b-9a3d-1e2eca25349b
2017-02-01 02:20:03.236 6862 ERROR nova.api.metadata.handler [req-3298138f-05b6-4f06-9a31-a56a2704c25c - - - - -] Failed to get metadata for IP x.x.x.2: no metadata
2017-02-01 02:20:03.237 6862 INFO nova.metadata.wsgi.server [req-3298138f-05b6-4f06-9a31-a56a2704c25c - - - - -] 192.168.2.3,x.x.x.2 "GET /2009-04-04/meta-data/instance-id HTTP/1.1" status: 404 len: 176 time: 0.1770148
2017-02-01 02:22:13.041 6788 INFO nova.api.openstack.compute.server_external_events [req-d7e5949f-ea84-43b6-8ebb-05f3ff2cdbc7 f9c46da42edf49ae8ea9f9faa3bdb5f9 d773392960964a67a77637ab18fe362b - default default] Creating event network-vif-plugged:2582bb1a-4fb8-4825-a16a-ad6ad28997bd for instance f5dbbaeb-720f-4440-b239-f8dffd4922d0
2017-02-01 02:22:13.055 6788 INFO nova.osapi_compute.wsgi.server [req-d7e5949f-ea84-43b6-8ebb-05f3ff2cdbc7 f9c46da42edf49ae8ea9f9faa3bdb5f9 d773392960964a67a77637ab18fe362b - default default] x.x.x.2 "POST /v2.1/d773392960964a67a77637ab18fe362b/os-server-external-events HTTP/1.1" status: 200 len: 516 time: 0.1486859
2017-02-01 02:23:12.245 6778 INFO nova.osapi_compute.wsgi.server [req-bcbd471e-3b2a-40fb-b24f-03277fb4d35f 1cb680f1831042769fa73df344b6b967 eee9f522c68d43e685d2202ca7dbf9bd - default default] x.x.x.2 "GET /v2.1/eee9f522c68d43e685d2202ca7dbf9bd/servers/detail HTTP/1.1" status: 200 len: 2218 time: 1.7292519
2017-02-01 02:25:04.439 6788 INFO nova.api.openstack.compute.server_external_events [req-cab0ba94-8cd7-494a-8746-35556681216d f9c46da42edf49ae8ea9f9faa3bdb5f9 d773392960964a67a77637ab18fe362b - default default] Creating event network-vif-plugged:2582bb1a-4fb8-4825-a16a-ad6ad28997bd for instance f5dbbaeb-720f-4440-b239-f8dffd4922d0
2017-02-01 02:25:04.440 6788 INFO nova.api.openstack.compute.server_external_events [req-cab0ba94-8cd7-494a-8746-35556681216d f9c46da42edf49ae8ea9f9faa3bdb5f9 d773392960964a67a77637ab18fe362b - default default] Creating event network-vif-plugged:2582bb1a-4fb8-4825-a16a-ad6ad28997bd for instance f5dbbaeb-720f-4440-b239-f8dffd4922d0
2017-02-01 02:25:04.453 6788 INFO nova.osapi_compute.wsgi.server [req-cab0ba94-8cd7-494a-8746-35556681216d f9c46da42edf49ae8ea9f9faa3bdb5f9 d773392960964a67a77637ab18fe362b - default default] x.x.x.2 "POST /v2.1/d773392960964a67a77637ab18fe362b/os-server-external-events HTTP/1.1" status: 200 len: 687 time: 0.1497810
2017-02-01 02:25:44.222 6791 INFO nova.osapi_compute.wsgi.server [req-b1bfd995-7d10-4b87-ac74-e99bd3dfa0cc 1cb680f1831042769fa73df344b6b967 eee9f522c68d43e685d2202ca7dbf9bd - default default] x.x.x.2 "GET /v2.1/eee9f522c68d43e685d2202ca7dbf9bd/servers/f5dbbaeb-720f-4440-b239-f8dffd4922d0 HTTP/1.1" status: 200 len: 2215 time: 2.3970208
2017-02-01 02:25:44.788 6791 INFO nova.osapi_compute.wsgi.server [req-a59defe9-c540-45fb-9c31-9d7de257d58e 1cb680f1831042769fa73df344b6b967 eee9f522c68d43e685d2202ca7dbf9bd - default default] x.x.x.2 "POST /v2.1/eee9f522c68d43e685d2202ca7dbf9bd/servers/f5dbbaeb-720f-4440-b239-f8dffd4922d0/action HTTP/1.1" status: 200 len: 20477 time: 0.5599120
2017-02-01 02:26:38.956 6803 INFO nova.osapi_compute.wsgi.server [req-52d5176e-c7f6-44c6-9f61-f0339aa0a06f 1cb680f1831042769fa73df344b6b967 eee9f522c68d43e685d2202ca7dbf9bd - default default] x.x.x.2 "GET /v2.1/eee9f522c68d43e685d2202ca7dbf9bd/servers/detail HTTP/1.1" status: 200 len: 2218 time: 1.9515750
2017-02-01 04:26:05.222 6811 INFO nova.osapi_compute.wsgi.server [req-7716238e-ce37-4c35-b427-c705f966ee4c 1cb680f1831042769fa73df344b6b967 eee9f522c68d43e685d2202ca7dbf9bd - default default] x.x.x.2 "GET /v2.1/eee9f522c68d43e685d2202ca7dbf9bd/servers/detail HTTP/1.1" status: 200 len: 2218 time: 1.9985309
2017-02-01 06:59:33.033 6806 INFO nova.osapi_compute.wsgi.server [req-673c49dd-7283-4f69-b49d-cd26fb375cc7 1cb680f1831042769fa73df344b6b967 eee9f522c68d43e685d2202ca7dbf9bd - default default] x.x.x.2 "GET /v2.1/eee9f522c68d43e685d2202ca7dbf9bd/servers/detail HTTP/1.1" status: 200 len: 2218 time: 2.1607320
2017-02-01 07:02:32.106 6773 INFO nova.osapi_compute.wsgi.server [req-4531884c-b06b-4bbd-a8d3-1ac59de71490 1cb680f1831042769fa73df344b6b967 eee9f522c68d43e685d2202ca7dbf9bd - default default] x.x.x.2 "GET /v2.1/eee9f522c68d43e685d2202ca7dbf9bd/servers/detail HTTP/1.1" status: 200 len: 2218 time: 2.0064809
2017-02-03 01:27:19.568 6812 INFO nova.api.openstack.compute.server_external_events [req-a478bf54-fdd5-4b7d-97ca-986bdff15758 f9c46da42edf49ae8ea9f9faa3bdb5f9 d773392960964a67a77637ab18fe362b - default default] Creating event network-vif-plugged:2582bb1a-4fb8-4825-a16a-ad6ad28997bd for instance f5dbbaeb-720f-4440-b239-f8dffd4922d0
2017-02-03 01:27:19.569 6812 INFO nova.api.openstack.compute.server_external_events [req-a478bf54-fdd5-4b7d-97ca-986bdff15758 f9c46da42edf49ae8ea9f9faa3bdb5f9 d773392960964a67a77637ab18fe362b - default default] Creating event network-vif-plugged:2582bb1a-4fb8-4825-a16a-ad6ad28997bd for instance f5dbbaeb-720f-4440-b239-f8dffd4922d0
2017-02-03 01:27:19.590 6812 INFO nova.osapi_compute.wsgi.server [req-a478bf54-fdd5-4b7d-97ca-986bdff15758 f9c46da42edf49ae8ea9f9faa3bdb5f9 d773392960964a67a77637ab18fe362b - default default] x.x.x.2 "POST /v2.1/d773392960964a67a77637ab18fe362b/os-server-external-events HTTP/1.1" status: 200 len: 687 time: 0.4065909
2017-02-04 07:03:49.134 4719 WARNING oslo_reports.guru_meditation_report [-] Guru meditation now registers SIGUSR1 and SIGUSR2 by default for backward compatibility. SIGUSR1 will no longer be registered in a future release, so please use SIGUSR2 to generate reports.
2017-02-04 07:03:49.761 4719 INFO nova.api.openstack [req-7a5df1ba-2a2d-46fa-aaf2-c5359b25437a - - - - -] Loaded extensions: ['extensions', 'flavors', 'image-metadata', 'image-size', 'images', 'ips', 'limits', 'os-admin-actions', 'os-admin-password', 'os-agents', 'os-aggregates', 'os-assisted-volume-snapshots', 'os-attach-interfaces', 'os-availability-zone', 'os-baremetal-nodes', 'os-block-device-mapping', 'os-cells', 'os-certificates', 'os-cloudpipe', 'os-config-drive', 'os-console-auth-tokens', 'os-console-output', 'os-consoles', 'os-create-backup', 'os-deferred-delete', 'os-evacuate', 'os-extended-availability-zone', 'os-extended-server-attributes', 'os-extended-status', 'os-extended-volumes', 'os-fixed-ips', 'os-flavor-access', 'os-flavor-extra-specs', 'os-flavor-manage', 'os-flavor-rxtx', 'os-floating-ip-dns', 'os-floating-ip-pools', 'os-floating-ips', 'os-floating-ips-bulk', 'os-fping', 'os-hide-server-addresses', 'os-hosts', 'os-hypervisors', 'os-instance-actions', 'os-instance-usage-audit-log', 'os-keypairs', 'os-lock-server', 'os-migrate-server', 'os-migrations', 'os-multinic', 'os-multiple-create', 'os-networks', 'os-networks-associate', 'os-pause-server', 'os-quota-class-sets', 'os-quota-sets', 'os-remote-consoles', 'os-rescue', 'os-scheduler-hints', 'os-security-group-default-rules', 'os-security-groups', 'os-server-diagnostics', 'os-server-external-events', 'os-server-groups', 'os-server-password', 'os-server-tags', 'os-server-usage', 'os-services', 'os-shelve', 'os-simple-tenant-usage', 'os-suspend-server', 'os-tenant-networks', 'os-used-limits', 'os-user-data', 'os-virtual-interfaces', 'os-volumes', 'server-metadata', 'server-migrations', 'servers', 'versions']
2017-02-04 07:03:50.020 4719 INFO nova.api.openstack [req-7a5df1ba-2a2d-46fa-aaf2-c5359b25437a - - - - -] Loaded extensions: ['extensions', 'flavors', 'image-metadata', 'image-size', 'images', 'ips', 'limits', 'os-admin-actions', 'os-admin-password', 'os-agents', 'os-aggregates', 'os-assisted-volume-snapshots', 'os-attach-interfaces', 'os-availability-zone', 'os-baremetal-nodes', 'os-block-device-mapping', 'os-cells', 'os-certificates', 'os-cloudpipe', 'os-config-drive', 'os-console-auth-tokens', 'os-console-output', 'os-consoles', 'os-create-backup', 'os-deferred-delete', 'os-evacuate', 'os-extended-availability-zone', 'os-extended-server-attributes', 'os-extended-status', 'os-extended-volumes', 'os-fixed-ips', 'os-flavor-access', 'os-flavor-extra-specs', 'os-flavor-manage', 'os-flavor-rxtx', 'os-floating-ip-dns', 'os-floating-ip-pools', 'os-floating-ips', 'os-floating-ips-bulk', 'os-fping', 'os-hide-server-addresses', 'os-hosts', 'os-hypervisors', 'os-instance-actions', 'os-instance-usage-audit-log', 'os-keypairs', 'os-lock-server', 'os-migrate-server', 'os-migrations', 'os-multinic', 'os-multiple-create', 'os-networks', 'os-networks-associate', 'os-pause-server', 'os-quota-class-sets', 'os-quota-sets', 'os-remote-consoles', 'os-rescue', 'os-scheduler-hints', 'os-security-group-default-rules', 'os-security-groups', 'os-server-diagnostics', 'os-server-external-events', 'os-server-groups', 'os-server-password', 'os-server-tags', 'os-server-usage', 'os-services', 'os-shelve', 'os-simple-tenant-usage', 'os-suspend-server', 'os-tenant-networks', 'os-used-limits', 'os-user-data', 'os-virtual-interfaces', 'os-volumes', 'server-metadata', 'server-migrations', 'servers', 'versions']
2017-02-04 07:03:50.050 4719 INFO nova.wsgi [req-7a5df1ba-2a2d-46fa-aaf2-c5359b25437a - - - - -] osapi_compute listening on 0.0.0.0:8774
2017-02-04 07:03:50.050 4719 INFO oslo_service.service [req-7a5df1ba-2a2d-46fa-aaf2-c5359b25437a - - - - -] Starting 40 workers
2017-02-04 07:03:50.160 4719 INFO nova.network.driver [req-7a5df1ba-2a2d-46fa-aaf2-c5359b25437a - - - - -] Loading network driver 'nova.network.linux_net'
2017-02-04 07:03:50.531 4719 INFO nova.wsgi [req-7a5df1ba-2a2d-46fa-aaf2-c5359b25437a - - - - -] metadata listening on 0.0.0.0:8775
2017-02-04 07:03:50.531 4719 INFO oslo_service.service [req-7a5df1ba-2a2d-46fa-aaf2-c5359b25437a - - - - -] Starting 40 workers
2017-02-04 07:03:52.385 6866 INFO nova.metadata.wsgi.server [req-53acc715-68b2-41c3-bb3c-5f3f89193337 - - - - -] (6866) wsgi starting up on http://0.0.0.0:8775
2017-02-04 07:03:52.387 6870 INFO nova.metadata.wsgi.server [req-39f93150-c098-41f2-bedc-ad75d0a587ed - - - - -] (6870) wsgi starting up on http://0.0.0.0:8775
2017-02-04 07:03:52.402 6860 INFO nova.metadata.wsgi.server [req-f0c45bc7-3ec7-4da1-b9b6-1c4373dab2c6 - - - - -] (6860) wsgi starting up on http://0.0.0.0:8775
2017-02-04 07:03:52.408 6859 INFO nova.metadata.wsgi.server [req-692ad018-2969-42e3-9181-0e81b2b01d49 - - - - -] (6859) wsgi starting up on http://0.0.0.0:8775
2017-02-04 07:03:52.423 6858 INFO nova.metadata.wsgi.server [req-df74514a-3c96-411f-b9fe-e3a8b0f02b66 - - - - -] (6858) wsgi starting up on http://0.0.0.0:8775
2017-02-04 07:03:52.430 6862 INFO nova.metadata.wsgi.server [req-3e217930-92fb-41e2-9c96-a57b5f8af807 - - - - -] (6862) wsgi starting up on http://0.0.0.0:8775
2017-02-04 07:03:52.435 6872 INFO nova.metadata.wsgi.server [req-605122e8-6029-434c-8fb6-93c8dbfca010 - - - - -] (6872) wsgi starting up on http://0.0.0.0:8775
2017-02-04 07:03:52.435 6856 INFO nova.metadata.wsgi.server [req-3e421f61-8891-44bc-a0f1-f99b2d025be8 - - - - -] (6856) wsgi starting up on http://0.0.0.0:8775
2017-02-04 07:03:52.436 6861 INFO nova.metadata.wsgi.server [req-1aa6ca3b-5a93-4a1d-86ab-e9dd32adfbdb - - - - -] (6861) wsgi starting up on http://0.0.0.0:8775
2017-02-04 07:03:52.438 6837 INFO nova.metadata.wsgi.server [req-e4cd1f8c-83f5-4447-9635-401abf7f77ce - - - - -] (6837) wsgi starting up on http://0.0.0.0:8775
2017-02-04 07:03:52.438 6842 INFO nova.metadata.wsgi.server [req-2debecb7-35c9-4438-990f-92781c9df165 - - - - -] (6842) wsgi starting up on http://0.0.0.0:8775
2017-02-04 07:03:52.439 6838 INFO nova.metadata.wsgi.server [req-02d32872-df90-4a3b-a562-37f483732885 - - - - -] (6838) wsgi starting up on http://0.0.0.0:8775
2017-02-04 07:03:52.443 6869 INFO nova.metadata.wsgi.server [req-7e5b234f-aae0-4828-8d22-c10d9dc4fb2f - - - - -] (6869) wsgi starting up on http://0.0.0.0:8775
2017-02-04 07:03:52.443 6845 INFO nova.metadata.wsgi.server [req-5c6aef58-b880-4214-a10b-9d2e28620fcd - - - - -] (6845) wsgi starting up on http://0.0.0.0:8775
2017-02-04 07:03:52.445 6875 INFO nova.metadata.wsgi.server [req-788e369f-4ed4-4458-8028-f85f5a3989f1 - - - - -] (6875) wsgi starting up on http://0.0.0.0:8775
2017-02-04 07:03:52.447 6846 INFO nova.metadata.wsgi.server [req-f7bc3ed4-b6e8-4db8-af03-0ebb9a3b6517 - - - - -] (6846) wsgi starting up on http://0.0.0.0:8775
2017-02-04 07:03:52.447 6854 INFO nova.metadata.wsgi.server [req-8f952cb1-446b-4c34-af04-1b2ac335d6a6 - - - - -] (6854) wsgi starting up on http://0.0.0.0:8775
2017-02-04 07:03:52.447 6865 INFO nova.metadata.wsgi.server [req-59568052-beea-473a-891d-6e31f9dd0b06 - - - - -] (6865) wsgi starting up on http://0.0.0.0:8775
2017-02-04 07:03:52.450 6847 INFO nova.metadata.wsgi.server [req-193996a7-7947-4d66-8747-e20b651c4850 - - - - -] (6847) wsgi starting up on http://0.0.0.0:8775
2017-02-04 07:03:52.450 6857 INFO nova.metadata.wsgi.server [req-8ed46fad-c921-4f93-9d85-38e571b31fe1 - - - - -] (6857) wsgi starting up on http://0.0.0.0:8775
2017-02-04 07:03:52.463 6840 INFO nova.metadata.wsgi.server [req-c6988fb4-4cd4-4624-91a0-6742f8495e04 - - - - -] (6840) wsgi starting up on http://0.0.0.0:8775
2017-02-04 07:03:52.463 6868 INFO nova.metadata.wsgi.server [req-a8040818-f669-4430-b2ce-8a5bf50efb34 - - - - -] (6868) wsgi starting up on http://0.0.0.0:8775
2017-02-04 07:03:52.466 6849 INFO nova.metadata.wsgi.server [req-2338d2a5-44cf-4491-a629-71c39abfdd92 - - - - -] (6849) wsgi starting up on http://0.0.0.0:8775
2017-02-04 07:03:52.471 6871 INFO nova.metadata.wsgi.server [req-79baffeb-071e-4ff9-8d69-460fb8c9dcdd - - - - -] (6871) wsgi starting up on http://0.0.0.0:8775
2017-02-04 07:03:52.471 6843 INFO nova.metadata.wsgi.server [req-5faa4c0f-8391-4dac-8f34-20d094af3a6d - - - - -] (6843) wsgi starting up on http://0.0.0.0:8775
2017-02-04 07:03:52.473 6848 INFO nova.metadata.wsgi.server [req-43ffbb3c-25f0-48b0-b6b0-bb2582574695 - - - - -] (6848) wsgi starting up on http://0.0.0.0:8775
2017-02-04 07:03:52.474 6850 INFO nova.metadata.wsgi.server [req-be4bb824-0691-4b77-ab16-8a893f8696f9 - - - - -] (6850) wsgi starting up on http://0.0.0.0:8775
2017-02-04 07:03:52.475 6844 INFO nova.metadata.wsgi.server [req-0968a9fc-7df8-41d3-a5cc-9a1a1261aa55 - - - - -] (6844) wsgi starting up on http://0.0.0.0:8775
2017-02-04 07:03:52.479 6852 INFO nova.metadata.wsgi.server [req-4cdb1989-f246-4bd6-83b7-aefdb50c2f68 - - - - -] (6852) wsgi starting up on http://0.0.0.0:8775
2017-02-04 07:03:52.485 6867 INFO nova.metadata.wsgi.server [req-37fc5d2b-8cc0-46d7-951f-bca31e4c375e - - - - -] (6867) wsgi starting up on http://0.0.0.0:8775
2017-02-04 07:03:52.485 6839 INFO nova.metadata.wsgi.server [req-b9ca96ac-05a1-42f2-9515-8c2379c9e6fc - - - - -] (6839) wsgi starting up on http://0.0.0.0:8775
2017-02-04 07:03:52.486 6863 INFO nova.metadata.wsgi.server [req-deccbba5-12f2-4211-a31c-78da6e42f7ab - - - - -] (6863) wsgi starting up on http://0.0.0.0:8775
2017-02-04 07:03:52.486 6864 INFO nova.metadata.wsgi.server [req-0c099d1c-9691-475e-83e2-20f417a52ae6 - - - - -] (6864) wsgi starting up on http://0.0.0.0:8775
2017-02-04 07:03:52.488 6855 INFO nova.metadata.wsgi.server [req-ac83f6a0-e099-4197-9841-9962ebd16405 - - - - -] (6855) wsgi starting up on http://0.0.0.0:8775
2017-02-04 07:03:52.491 6841 INFO nova.metadata.wsgi.server [req-01f84ed2-d9c6-4cf5-ac75-5864a4037053 - - - - -] (6841) wsgi starting up on http://0.0.0.0:8775
2017-02-04 07:03:52.492 6874 INFO nova.metadata.wsgi.server [req-d6899c32-f4f0-4104-b04b-9d94e3da66a7 - - - - -] (6874) wsgi starting up on http://0.0.0.0:8775
2017-02-04 07:03:52.495 6853 INFO nova.metadata.wsgi.server [req-3e08c883-0239-4a4f-bbc0-9d68eedb0b2a - - - - -] (6853) wsgi starting up on http://0.0.0.0:8775
2017-02-04 07:03:52.500 6836 INFO nova.metadata.wsgi.server [req-700a566e-3f8a-489f-8b4c-85a10180c859 - - - - -] (6836) wsgi starting up on http://0.0.0.0:8775
2017-02-04 07:03:52.506 6851 INFO nova.metadata.wsgi.server [req-f1f31903-4aa1-43ea-a543-462d20bca2f0 - - - - -] (6851) wsgi starting up on http://0.0.0.0:8775
2017-02-04 07:03:52.506 6873 INFO nova.metadata.wsgi.server [req-51de5c8a-6f63-40d2-ac81-b6fb37b037e2 - - - - -] (6873) wsgi starting up on http://0.0.0.0:8775
2017-02-04 07:03:55.470 6789 INFO nova.osapi_compute.wsgi.server [req-a62c87a8-eea7-4c09-acc2-d47f3c2498d8 - - - - -] (6789) wsgi starting up on http://0.0.0.0:8774
2017-02-04 07:03:55.471 6808 INFO nova.osapi_compute.wsgi.server [req-324b972a-4a6d-44fa-af85-d17757621237 - - - - -] (6808) wsgi starting up on http://0.0.0.0:8774
2017-02-04 07:03:55.479 6791 INFO nova.osapi_compute.wsgi.server [req-75c56fed-57fe-43e0-8aad-06407632308d - - - - -] (6791) wsgi starting up on http://0.0.0.0:8774
2017-02-04 07:03:55.490 6794 INFO nova.osapi_compute.wsgi.server [req-ed0649e9-12dd-4651-9fed-043f29fe3cd4 - - - - -] (6794) wsgi starting up on http://0.0.0.0:8774
2017-02-04 07:03:55.493 6785 INFO nova.osapi_compute.wsgi.server [req-02a203e0-904d-47c5-bf98-2511ca20cdcf - - - - -] (6785) wsgi starting up on http://0.0.0.0:8774
2017-02-04 07:03:55.499 6800 INFO nova.osapi_compute.wsgi.server [req-b41a6650-5d97-4fa8-9c91-8d9f024a6fa3 - - - - -] (6800) wsgi starting up on http://0.0.0.0:8774
2017-02-04 07:03:55.500 6783 INFO nova.osapi_compute.wsgi.server [req-3ae376f7-38f6-49ed-978f-122675c84273 - - - - -] (6783) wsgi starting up on http://0.0.0.0:8774
2017-02-04 07:03:55.502 6788 INFO nova.osapi_compute.wsgi.server [req-cabae70b-5b6c-473b-80a4-a5a171b56910 - - - - -] (6788) wsgi starting up on http://0.0.0.0:8774
2017-02-04 07:03:55.508 6816 INFO nova.osapi_compute.wsgi.server [req-184b1fe8-f243-4072-b3e7-64d47dd21645 - - - - -] (6816) wsgi starting up on http://0.0.0.0:8774
2017-02-04 07:03:55.512 6780 INFO nova.osapi_compute.wsgi.server [req-b4d6ca01-de2e-4af9-85eb-ed3335ea5a8b - - - - -] (6780) wsgi starting up on http://0.0.0.0:8774
2017-02-04 07:03:55.514 6786 INFO nova.osapi_compute.wsgi.server [req-fc356608-c613-4610-b4c0-c540205eb933 - - - - -] (6786) wsgi starting up on http://0.0.0.0:8774
2017-02-04 07:03:55.514 6781 INFO nova.osapi_compute.wsgi.server [req-0b233d3f-57d8-447f-9d07-f75be1ac63e2 - - - - -] (6781) wsgi starting up on http://0.0.0.0:8774
2017-02-04 07:03:55.518 6790 INFO nova.osapi_compute.wsgi.server [req-8cc6c88d-32e5-4f15-ac64-68299d99b238 - - - - -] (6790) wsgi starting up on http://0.0.0.0:8774
2017-02-04 07:03:55.521 6813 INFO nova.osapi_compute.wsgi.server [req-425a4492-b4e6-4b67-9a16-482614f4d4f0 - - - - -] (6813) wsgi starting up on http://0.0.0.0:8774
2017-02-04 07:03:55.523 6795 INFO nova.osapi_compute.wsgi.server [req-49dbef85-c8d7-4a25-b0b6-e4ff8842f213 - - - - -] (6795) wsgi starting up on http://0.0.0.0:8774
2017-02-04 07:03:55.524 6804 INFO nova.osapi_compute.wsgi.server [req-e0fa4406-e1af-43f9-a1ff-de00a01ff455 - - - - -] (6804) wsgi starting up on http://0.0.0.0:8774
2017-02-04 07:03:55.526 6798 INFO nova.osapi_compute.wsgi.server [req-75c780ea-d08e-4b65-8813-496f91428420 - - - - -] (6798) wsgi starting up on http://0.0.0.0:8774
2017-02-04 07:03:55.527 6797 INFO nova.osapi_compute.wsgi.server [req-61b9c405-5119-4e31-bf74-972c950823f0 - - - - -] (6797) wsgi starting up on http://0.0.0.0:8774
2017-02-04 07:03:55.531 6807 INFO nova.osapi_compute.wsgi.server [req-7712ad6b-26ee-40f6-80fb-92b15e6c8d14 - - - - -] (6807) wsgi starting up on http://0.0.0.0:8774
2017-02-04 07:03:55.531 6802 INFO nova.osapi_compute.wsgi.server [req-70810f17-ddad-4f00-b4de-44ab26476d0d - - - - -] (6802) wsgi starting up on http://0.0.0.0:8774
2017-02-04 07:03:55.532 6793 INFO nova.osapi_compute.wsgi.server [req-7d070d2e-2def-4bbb-b8ab-7bb779e91def - - - - -] (6793) wsgi starting up on http://0.0.0.0:8774
2017-02-04 07:03:55.533 6805 INFO nova.osapi_compute.wsgi.server [req-5537acdc-dd1e-4f80-bebf-90ac3a8b7af1 - - - - -] (6805) wsgi starting up on http://0.0.0.0:8774
2017-02-04 07:03:55.536 6784 INFO nova.osapi_compute.wsgi.server [req-a5d986ce-fa94-44ec-9921-90c075f92fc2 - - - - -] (6784) wsgi starting up on http://0.0.0.0:8774
2017-02-04 07:03:55.541 6815 INFO nova.osapi_compute.wsgi.server [req-39e624e1-106a-4819-9903-c7d9343302e9 - - - - -] (6815) wsgi starting up on http://0.0.0.0:8774
2017-02-04 07:03:55.541 6803 INFO nova.osapi_compute.wsgi.server [req-aa15dd6a-82ae-43f2-b6f9-fc8184b9f577 - - - - -] (6803) wsgi starting up on http://0.0.0.0:8774
2017-02-04 07:03:55.544 6801 INFO nova.osapi_compute.wsgi.server [req-5af49a02-41e9-4096-aa97-a926fbbec9b1 - - - - -] (6801) wsgi starting up on http://0.0.0.0:8774
2017-02-04 07:03:55.546 6796 INFO nova.osapi_compute.wsgi.server [req-39e16539-15f7-41b3-9b95-60c0a668c74c - - - - -] (6796) wsgi starting up on http://0.0.0.0:8774
2017-02-04 07:03:55.550 6814 INFO nova.osapi_compute.wsgi.server [req-2038f657-0253-4e70-8ca2-adbc27b0f350 - - - - -] (6814) wsgi starting up on http://0.0.0.0:8774
2017-02-04 07:03:55.550 6787 INFO nova.osapi_compute.wsgi.server [req-866da542-e87a-474c-b6df-fce685695e52 - - - - -] (6787) wsgi starting up on http://0.0.0.0:8774
2017-02-04 07:03:55.550 6811 INFO nova.osapi_compute.wsgi.server [req-c208707b-6427-41f0-b07f-659ba8d22115 - - - - -] (6811) wsgi starting up on http://0.0.0.0:8774
2017-02-04 07:03:55.552 6809 INFO nova.osapi_compute.wsgi.server [req-3844ac28-c100-4b32-aaac-e1a7cd1e3871 - - - - -] (6809) wsgi starting up on http://0.0.0.0:8774
2017-02-04 07:03:55.557 6792 INFO nova.osapi_compute.wsgi.server [req-01735acb-a1d3-47ab-bf13-4793872e7457 - - - - -] (6792) wsgi starting up on http://0.0.0.0:8774
2017-02-04 07:03:55.557 6812 INFO nova.osapi_compute.wsgi.server [req-6420e90f-44c0-4ca0-bbf2-fe7f115ddbc4 - - - - -] (6812) wsgi starting up on http://0.0.0.0:8774
2017-02-04 07:03:55.560 6806 INFO nova.osapi_compute.wsgi.server [req-14872737-7455-4a14-bbc9-b06006513b27 - - - - -] (6806) wsgi starting up on http://0.0.0.0:8774
2017-02-04 07:03:55.564 6799 INFO nova.osapi_compute.wsgi.server [req-a0ff3c0f-bff2-43d8-a5af-35d014bc588d - - - - -] (6799) wsgi starting up on http://0.0.0.0:8774
2017-02-04 07:03:55.566 6817 INFO nova.osapi_compute.wsgi.server [req-6525a5a4-39f9-43cf-957a-9a96263290d3 - - - - -] (6817) wsgi starting up on http://0.0.0.0:8774
2017-02-04 07:03:55.576 6810 INFO nova.osapi_compute.wsgi.server [req-40caee11-f59e-42ce-ba9d-ebedb1511d36 - - - - -] (6810) wsgi starting up on http://0.0.0.0:8774
2017-02-04 07:03:55.578 6782 INFO nova.osapi_compute.wsgi.server [req-c0818193-6127-4ccc-8e1d-c96fa7185de0 - - - - -] (6782) wsgi starting up on http://0.0.0.0:8774
2017-02-04 07:03:55.598 6818 INFO nova.osapi_compute.wsgi.server [req-127618cb-77a1-49f5-a177-76a5d7136acf - - - - -] (6818) wsgi starting up on http://0.0.0.0:8774
2017-02-04 07:03:55.623 6819 INFO nova.osapi_compute.wsgi.server [req-f88f0fa6-a2ce-4098-b4d5-d86ba270e79a - - - - -] (6819) wsgi starting up on http://0.0.0.0:8774
2017-02-04 07:05:16.588 6814 INFO nova.api.openstack.compute.server_external_events [req-dea3e8f6-4559-48c0-a7bd-eb4bb92632f6 f9c46da42edf49ae8ea9f9faa3bdb5f9 d773392960964a67a77637ab18fe362b - default default] Creating event network-vif-plugged:2582bb1a-4fb8-4825-a16a-ad6ad28997bd for instance f5dbbaeb-720f-4440-b239-f8dffd4922d0
2017-02-04 07:05:16.623 6814 INFO nova.osapi_compute.wsgi.server [req-dea3e8f6-4559-48c0-a7bd-eb4bb92632f6 f9c46da42edf49ae8ea9f9faa3bdb5f9 d773392960964a67a77637ab18fe362b - default default] x.x.x.2 "POST /v2.1/d773392960964a67a77637ab18fe362b/os-server-external-events HTTP/1.1" status: 200 len: 516 time: 1.7411280
2017-02-04 07:07:11.277 6783 INFO nova.osapi_compute.wsgi.server [req-73bc0967-734e-4c6c-ab60-6d7cc1ef46c8 a78f33d5c96f4d8484105a72518ee7b6 e8135f7a0a474193aa9b6d0efc59e644 - default default] x.x.x.2 "GET /v2.1/e8135f7a0a474193aa9b6d0efc59e644/servers/detail HTTP/1.1" status: 200 len: 347 time: 1.5794690
