x.x.x.2 - - [09/Feb/2017:07:44:48 +0000] "GET / HTTP/1.1" 300 663 "-" "nova-compute keystoneauth1/2.12.2 python-requests/2.10.0 CPython/2.7.5"
x.x.x.2 - - [09/Feb/2017:07:44:49 +0000] "POST /v3/auth/tokens HTTP/1.1" 201 3872 "-" "nova-compute keystoneauth1/2.12.2 python-requests/2.10.0 CPython/2.7.5"
x.x.x.2 - - [09/Feb/2017:07:44:50 +0000] "GET / HTTP/1.1" 300 663 "-" "neutron/9.1.1 keystonemiddleware.auth_token/4.9.0 keystoneauth1/2.12.2 python-requests/2.10.0 CPython/2.7.5"
x.x.x.2 - - [09/Feb/2017:07:44:50 +0000] "POST /v3/auth/tokens HTTP/1.1" 201 3872 "-" "neutron/9.1.1 keystonemiddleware.auth_token/4.9.0 keystoneauth1/2.12.2 python-requests/2.10.0 CPython/2.7.5"
x.x.x.2 - - [09/Feb/2017:07:44:52 +0000] "GET /v3 HTTP/1.1" 200 284 "-" "neutron/9.1.1 keystonemiddleware.auth_token/4.9.0 keystoneauth1/2.12.2 python-requests/2.10.0 CPython/2.7.5"
x.x.x.2 - - [09/Feb/2017:07:44:53 +0000] "GET /v3/auth/tokens HTTP/1.1" 200 3872 "-" "python-keystoneclient"
x.x.x.2 - - [09/Feb/2017:07:44:54 +0000] "GET /v3/auth/tokens HTTP/1.1" 200 3872 "-" "python-keystoneclient"
x.x.x.2 - - [09/Feb/2017:07:44:54 +0000] "GET /v3/auth/tokens HTTP/1.1" 200 3872 "-" "python-keystoneclient"
x.x.x.2 - - [09/Feb/2017:07:44:54 +0000] "GET /v3/auth/tokens HTTP/1.1" 200 3872 "-" "python-keystoneclient"
x.x.x.2 - - [09/Feb/2017:07:44:56 +0000] "GET /v3/auth/tokens HTTP/1.1" 200 3872 "-" "python-keystoneclient"
x.x.x.2 - - [09/Feb/2017:07:45:56 +0000] "GET /v3/auth/tokens HTTP/1.1" 200 3872 "-" "python-keystoneclient"
x.x.x.2 - - [09/Feb/2017:07:45:56 +0000] "GET /v3/auth/tokens HTTP/1.1" 200 3872 "-" "python-keystoneclient"
x.x.x.2 - - [09/Feb/2017:07:45:56 +0000] "GET /v3/auth/tokens HTTP/1.1" 200 3872 "-" "python-keystoneclient"
x.x.x.2 - - [09/Feb/2017:07:45:56 +0000] "GET /v3/auth/tokens HTTP/1.1" 200 3872 "-" "python-keystoneclient"
x.x.x.2 - - [09/Feb/2017:07:45:57 +0000] "GET /v3/auth/tokens HTTP/1.1" 200 3872 "-" "python-keystoneclient"
x.x.x.2 - - [09/Feb/2017:07:46:58 +0000] "GET /v3/auth/tokens HTTP/1.1" 200 3872 "-" "python-keystoneclient"
x.x.x.2 - - [09/Feb/2017:07:46:58 +0000] "GET /v3/auth/tokens HTTP/1.1" 200 3872 "-" "python-keystoneclient"
x.x.x.2 - - [09/Feb/2017:07:46:59 +0000] "GET /v3/auth/tokens HTTP/1.1" 200 3872 "-" "python-keystoneclient"
x.x.x.2 - - [09/Feb/2017:07:46:59 +0000] "GET /v3/auth/tokens HTTP/1.1" 200 3872 "-" "python-keystoneclient"
x.x.x.2 - - [09/Feb/2017:07:46:59 +0000] "GET /v3/auth/tokens HTTP/1.1" 200 3872 "-" "python-keystoneclient"
x.x.x.2 - - [09/Feb/2017:07:47:50 +0000] "GET /v3/auth/tokens HTTP/1.1" 200 3872 "-" "python-keystoneclient"
x.x.x.2 - - [09/Feb/2017:07:47:50 +0000] "GET /v3/auth/tokens HTTP/1.1" 200 3872 "-" "python-keystoneclient"
x.x.x.2 - - [09/Feb/2017:07:47:50 +0000] "GET /v3/auth/tokens HTTP/1.1" 200 3872 "-" "python-keystoneclient"
x.x.x.2 - - [09/Feb/2017:07:47:50 +0000] "GET /v3/auth/tokens HTTP/1.1" 200 3872 "-" "python-keystoneclient"
x.x.x.2 - - [09/Feb/2017:07:47:50 +0000] "GET /v3/auth/tokens HTTP/1.1" 200 3872 "-" "python-keystoneclient"
x.x.x.2 - - [09/Feb/2017:07:48:50 +0000] "GET /v3/auth/tokens HTTP/1.1" 200 3872 "-" "python-keystoneclient"
x.x.x.2 - - [09/Feb/2017:07:48:50 +0000] "GET /v3/auth/tokens HTTP/1.1" 200 3872 "-" "python-keystoneclient"
x.x.x.2 - - [09/Feb/2017:07:48:50 +0000] "GET /v3/auth/tokens HTTP/1.1" 200 3872 "-" "python-keystoneclient"
x.x.x.2 - - [09/Feb/2017:07:48:50 +0000] "GET /v3/auth/tokens HTTP/1.1" 200 3872 "-" "python-keystoneclient"
x.x.x.2 - - [09/Feb/2017:07:48:50 +0000] "GET /v3/auth/tokens HTTP/1.1" 200 3872 "-" "python-keystoneclient"
x.x.x.2 - - [09/Feb/2017:07:49:52 +0000] "GET /v3/auth/tokens HTTP/1.1" 200 3872 "-" "python-keystoneclient"
x.x.x.2 - - [09/Feb/2017:07:49:52 +0000] "GET /v3/auth/tokens HTTP/1.1" 200 3872 "-" "python-keystoneclient"
x.x.x.2 - - [09/Feb/2017:07:49:52 +0000] "GET /v3/auth/tokens HTTP/1.1" 200 3872 "-" "python-keystoneclient"
x.x.x.2 - - [09/Feb/2017:07:49:52 +0000] "GET /v3/auth/tokens HTTP/1.1" 200 3872 "-" "python-keystoneclient"
x.x.x.2 - - [09/Feb/2017:07:49:52 +0000] "GET /v3/auth/tokens HTTP/1.1" 200 3872 "-" "python-keystoneclient"
x.x.x.2 - - [09/Feb/2017:07:50:54 +0000] "GET /v3/auth/tokens HTTP/1.1" 200 3872 "-" "python-keystoneclient"
x.x.x.2 - - [09/Feb/2017:07:50:54 +0000] "GET /v3/auth/tokens HTTP/1.1" 200 3872 "-" "python-keystoneclient"
x.x.x.2 - - [09/Feb/2017:07:50:54 +0000] "GET /v3/auth/tokens HTTP/1.1" 200 3872 "-" "python-keystoneclient"
x.x.x.2 - - [09/Feb/2017:07:50:54 +0000] "GET /v3/auth/tokens HTTP/1.1" 200 3872 "-" "python-keystoneclient"
x.x.x.2 - - [09/Feb/2017:07:50:54 +0000] "GET /v3/auth/tokens HTTP/1.1" 200 3872 "-" "python-keystoneclient"
x.x.x.2 - - [09/Feb/2017:07:51:38 +0000] "GET /v3 HTTP/1.1" 200 284 "-" "osc-lib keystoneauth1/2.12.2 python-requests/2.10.0 CPython/2.7.5"
x.x.x.2 - - [09/Feb/2017:07:51:38 +0000] "POST /v3/auth/tokens HTTP/1.1" 201 3868 "-" "osc-lib keystoneauth1/2.12.2 python-requests/2.10.0 CPython/2.7.5"
x.x.x.2 - - [09/Feb/2017:07:51:39 +0000] "POST /v3/auth/tokens HTTP/1.1" 201 3868 "-" "openstacksdk/0.9.5 keystoneauth1/2.12.2 python-requests/2.10.0 CPython/2.7.5"
x.x.x.2 - - [09/Feb/2017:07:51:39 +0000] "GET / HTTP/1.1" 300 663 "-" "neutron/9.1.1 keystonemiddleware.auth_token/4.9.0 keystoneauth1/2.12.2 python-requests/2.10.0 CPython/2.7.5"
x.x.x.2 - - [09/Feb/2017:07:51:39 +0000] "POST /v3/auth/tokens HTTP/1.1" 201 3872 "-" "neutron/9.1.1 keystonemiddleware.auth_token/4.9.0 keystoneauth1/2.12.2 python-requests/2.10.0 CPython/2.7.5"
x.x.x.2 - - [09/Feb/2017:07:51:39 +0000] "GET /v3 HTTP/1.1" 200 284 "-" "neutron/9.1.1 keystonemiddleware.auth_token/4.9.0 keystoneauth1/2.12.2 python-requests/2.10.0 CPython/2.7.5"
x.x.x.2 - - [09/Feb/2017:07:51:39 +0000] "GET /v3/auth/tokens HTTP/1.1" 200 3868 "-" "python-keystoneclient"
x.x.x.2 - - [09/Feb/2017:07:51:46 +0000] "GET /v3/auth/tokens HTTP/1.1" 200 3868 "-" "python-keystoneclient"
x.x.x.2 - - [09/Feb/2017:07:51:54 +0000] "GET /v3/auth/tokens HTTP/1.1" 200 3868 "-" "python-keystoneclient"
x.x.x.2 - - [09/Feb/2017:07:51:55 +0000] "GET /v3/auth/tokens HTTP/1.1" 200 3872 "-" "python-keystoneclient"
x.x.x.2 - - [09/Feb/2017:07:51:55 +0000] "GET /v3/auth/tokens HTTP/1.1" 200 3872 "-" "python-keystoneclient"
x.x.x.2 - - [09/Feb/2017:07:51:55 +0000] "GET /v3/auth/tokens HTTP/1.1" 200 3872 "-" "python-keystoneclient"
x.x.x.2 - - [09/Feb/2017:07:51:55 +0000] "GET /v3/auth/tokens HTTP/1.1" 200 3872 "-" "python-keystoneclient"
x.x.x.2 - - [09/Feb/2017:07:51:55 +0000] "GET /v3/auth/tokens HTTP/1.1" 200 3872 "-" "python-keystoneclient"
x.x.x.2 - - [09/Feb/2017:07:52:02 +0000] "GET /v3/auth/tokens HTTP/1.1" 200 3868 "-" "python-keystoneclient"
x.x.x.2 - - [09/Feb/2017:07:52:02 +0000] "GET /v3/projects/e9f7777a80214091867a0e8bca2d8a22 HTTP/1.1" 200 346 "-" "python-keystoneclient"
x.x.x.2 - - [09/Feb/2017:07:52:09 +0000] "GET /v3/auth/tokens HTTP/1.1" 200 3868 "-" "python-keystoneclient"
x.x.x.2 - - [09/Feb/2017:07:52:15 +0000] "GET /v3/auth/tokens HTTP/1.1" 200 3868 "-" "python-keystoneclient"
x.x.x.2 - - [09/Feb/2017:07:52:15 +0000] "GET /v3/auth/tokens HTTP/1.1" 200 3868 "-" "python-keystoneclient"
x.x.x.2 - - [09/Feb/2017:07:52:55 +0000] "GET /v3/auth/tokens HTTP/1.1" 200 3872 "-" "python-keystoneclient"
x.x.x.2 - - [09/Feb/2017:07:52:55 +0000] "GET /v3/auth/tokens HTTP/1.1" 200 3872 "-" "python-keystoneclient"
x.x.x.2 - - [09/Feb/2017:07:52:55 +0000] "GET /v3/auth/tokens HTTP/1.1" 200 3872 "-" "python-keystoneclient"
x.x.x.2 - - [09/Feb/2017:07:52:55 +0000] "GET /v3/auth/tokens HTTP/1.1" 200 3872 "-" "python-keystoneclient"
x.x.x.2 - - [09/Feb/2017:07:52:55 +0000] "GET /v3/auth/tokens HTTP/1.1" 200 3872 "-" "python-keystoneclient"
x.x.x.2 - - [09/Feb/2017:07:53:17 +0000] "GET /v3 HTTP/1.1" 200 284 "-" "neutron keystoneauth1/2.12.2 python-requests/2.10.0 CPython/2.7.5"
x.x.x.2 - - [09/Feb/2017:07:53:17 +0000] "POST /v3/auth/tokens HTTP/1.1" 201 3868 "-" "neutron keystoneauth1/2.12.2 python-requests/2.10.0 CPython/2.7.5"
x.x.x.2 - - [09/Feb/2017:07:53:18 +0000] "GET / HTTP/1.1" 300 663 "-" "neutron/9.1.1 keystonemiddleware.auth_token/4.9.0 keystoneauth1/2.12.2 python-requests/2.10.0 CPython/2.7.5"
x.x.x.2 - - [09/Feb/2017:07:53:18 +0000] "POST /v3/auth/tokens HTTP/1.1" 201 3872 "-" "neutron/9.1.1 keystonemiddleware.auth_token/4.9.0 keystoneauth1/2.12.2 python-requests/2.10.0 CPython/2.7.5"
x.x.x.2 - - [09/Feb/2017:07:53:18 +0000] "GET /v3 HTTP/1.1" 200 284 "-" "neutron/9.1.1 keystonemiddleware.auth_token/4.9.0 keystoneauth1/2.12.2 python-requests/2.10.0 CPython/2.7.5"
x.x.x.2 - - [09/Feb/2017:07:53:18 +0000] "GET /v3/auth/tokens HTTP/1.1" 200 3868 "-" "python-keystoneclient"
x.x.x.2 - - [09/Feb/2017:07:53:18 +0000] "GET /v3/auth/tokens HTTP/1.1" 200 3868 "-" "python-keystoneclient"
x.x.x.2 - - [09/Feb/2017:07:53:45 +0000] "GET /v3/auth/tokens HTTP/1.1" 200 3868 "-" "python-keystoneclient"
x.x.x.2 - - [09/Feb/2017:07:53:45 +0000] "GET /v3/auth/tokens HTTP/1.1" 200 3868 "-" "python-keystoneclient"
x.x.x.2 - - [09/Feb/2017:07:53:56 +0000] "GET /v3/auth/tokens HTTP/1.1" 200 3872 "-" "python-keystoneclient"
x.x.x.2 - - [09/Feb/2017:07:53:56 +0000] "GET /v3/auth/tokens HTTP/1.1" 200 3872 "-" "python-keystoneclient"
x.x.x.2 - - [09/Feb/2017:07:53:56 +0000] "GET /v3/auth/tokens HTTP/1.1" 200 3872 "-" "python-keystoneclient"
x.x.x.2 - - [09/Feb/2017:07:53:56 +0000] "GET /v3/auth/tokens HTTP/1.1" 200 3872 "-" "python-keystoneclient"
x.x.x.2 - - [09/Feb/2017:07:53:56 +0000] "GET /v3/auth/tokens HTTP/1.1" 200 3872 "-" "python-keystoneclient"
x.x.x.2 - - [09/Feb/2017:07:54:57 +0000] "GET /v3/auth/tokens HTTP/1.1" 200 3872 "-" "python-keystoneclient"
x.x.x.2 - - [09/Feb/2017:07:54:57 +0000] "GET /v3/auth/tokens HTTP/1.1" 200 3872 "-" "python-keystoneclient"
x.x.x.2 - - [09/Feb/2017:07:54:57 +0000] "GET /v3/auth/tokens HTTP/1.1" 200 3872 "-" "python-keystoneclient"
x.x.x.2 - - [09/Feb/2017:07:54:57 +0000] "GET /v3/auth/tokens HTTP/1.1" 200 3872 "-" "python-keystoneclient"
x.x.x.2 - - [09/Feb/2017:07:54:57 +0000] "GET /v3/auth/tokens HTTP/1.1" 200 3872 "-" "python-keystoneclient"
x.x.x.2 - - [09/Feb/2017:07:55:43 +0000] "GET /v3 HTTP/1.1" 200 284 "-" "osc-lib keystoneauth1/2.12.2 python-requests/2.10.0 CPython/2.7.5"
x.x.x.2 - - [09/Feb/2017:07:55:43 +0000] "POST /v3/auth/tokens HTTP/1.1" 201 3868 "-" "osc-lib keystoneauth1/2.12.2 python-requests/2.10.0 CPython/2.7.5"
x.x.x.2 - - [09/Feb/2017:07:55:43 +0000] "POST /v3/auth/tokens HTTP/1.1" 201 3868 "-" "openstacksdk/0.9.5 keystoneauth1/2.12.2 python-requests/2.10.0 CPython/2.7.5"
x.x.x.2 - - [09/Feb/2017:07:55:43 +0000] "GET / HTTP/1.1" 300 663 "-" "neutron/9.1.1 keystonemiddleware.auth_token/4.9.0 keystoneauth1/2.12.2 python-requests/2.10.0 CPython/2.7.5"
x.x.x.2 - - [09/Feb/2017:07:55:43 +0000] "POST /v3/auth/tokens HTTP/1.1" 201 3872 "-" "neutron/9.1.1 keystonemiddleware.auth_token/4.9.0 keystoneauth1/2.12.2 python-requests/2.10.0 CPython/2.7.5"
x.x.x.2 - - [09/Feb/2017:07:55:44 +0000] "GET /v3 HTTP/1.1" 200 284 "-" "neutron/9.1.1 keystonemiddleware.auth_token/4.9.0 keystoneauth1/2.12.2 python-requests/2.10.0 CPython/2.7.5"
x.x.x.2 - - [09/Feb/2017:07:55:44 +0000] "GET /v3/auth/tokens HTTP/1.1" 200 3868 "-" "python-keystoneclient"
x.x.x.2 - - [09/Feb/2017:07:55:55 +0000] "GET /v3/auth/tokens HTTP/1.1" 200 3868 "-" "python-keystoneclient"
x.x.x.2 - - [09/Feb/2017:07:55:55 +0000] "GET /v3/auth/tokens HTTP/1.1" 200 3868 "-" "python-keystoneclient"
x.x.x.2 - - [09/Feb/2017:07:55:58 +0000] "GET /v3/auth/tokens HTTP/1.1" 200 3872 "-" "python-keystoneclient"
x.x.x.2 - - [09/Feb/2017:07:55:58 +0000] "GET /v3/auth/tokens HTTP/1.1" 200 3872 "-" "python-keystoneclient"
x.x.x.2 - - [09/Feb/2017:07:55:58 +0000] "GET /v3/auth/tokens HTTP/1.1" 200 3872 "-" "python-keystoneclient"
x.x.x.2 - - [09/Feb/2017:07:55:58 +0000] "GET /v3/auth/tokens HTTP/1.1" 200 3872 "-" "python-keystoneclient"
x.x.x.2 - - [09/Feb/2017:07:55:58 +0000] "GET /v3/auth/tokens HTTP/1.1" 200 3872 "-" "python-keystoneclient"
x.x.x.2 - - [09/Feb/2017:07:56:39 +0000] "GET /v3/auth/tokens HTTP/1.1" 200 3868 "-" "python-keystoneclient"
x.x.x.2 - - [09/Feb/2017:07:56:55 +0000] "GET /v3/auth/tokens HTTP/1.1" 200 3868 "-" "python-keystoneclient"
x.x.x.2 - - [09/Feb/2017:07:56:55 +0000] "GET /v3/auth/tokens HTTP/1.1" 200 3868 "-" "python-keystoneclient"
x.x.x.2 - - [09/Feb/2017:07:56:57 +0000] "GET /v3/auth/tokens HTTP/1.1" 200 3872 "-" "python-keystoneclient"
x.x.x.2 - - [09/Feb/2017:07:56:57 +0000] "GET /v3/auth/tokens HTTP/1.1" 200 3872 "-" "python-keystoneclient"
x.x.x.2 - - [09/Feb/2017:07:56:57 +0000] "GET /v3/auth/tokens HTTP/1.1" 200 3872 "-" "python-keystoneclient"
x.x.x.2 - - [09/Feb/2017:07:56:57 +0000] "GET /v3/auth/tokens HTTP/1.1" 200 3872 "-" "python-keystoneclient"
x.x.x.2 - - [09/Feb/2017:07:56:57 +0000] "GET /v3/auth/tokens HTTP/1.1" 200 3872 "-" "python-keystoneclient"
x.x.x.2 - - [09/Feb/2017:07:57:03 +0000] "GET /v3/OS-FEDERATION/identity_providers HTTP/1.1" 200 174 "-" "python-keystoneclient"
x.x.x.2 - - [09/Feb/2017:07:57:15 +0000] "GET /v3/auth/tokens HTTP/1.1" 200 3868 "-" "python-keystoneclient"
x.x.x.2 - - [09/Feb/2017:07:58:00 +0000] "GET /v3/auth/tokens HTTP/1.1" 200 3872 "-" "python-keystoneclient"
x.x.x.2 - - [09/Feb/2017:07:58:00 +0000] "GET /v3/auth/tokens HTTP/1.1" 200 3872 "-" "python-keystoneclient"
x.x.x.2 - - [09/Feb/2017:07:58:00 +0000] "GET /v3/auth/tokens HTTP/1.1" 200 3872 "-" "python-keystoneclient"
x.x.x.2 - - [09/Feb/2017:07:58:00 +0000] "GET /v3/auth/tokens HTTP/1.1" 200 3872 "-" "python-keystoneclient"
x.x.x.2 - - [09/Feb/2017:07:58:00 +0000] "GET /v3/auth/tokens HTTP/1.1" 200 3872 "-" "python-keystoneclient"
x.x.x.2 - - [09/Feb/2017:07:58:59 +0000] "GET /v3/auth/tokens HTTP/1.1" 200 3872 "-" "python-keystoneclient"
x.x.x.2 - - [09/Feb/2017:07:58:59 +0000] "GET /v3/auth/tokens HTTP/1.1" 200 3872 "-" "python-keystoneclient"
x.x.x.2 - - [09/Feb/2017:07:58:59 +0000] "GET /v3/auth/tokens HTTP/1.1" 200 3872 "-" "python-keystoneclient"
x.x.x.2 - - [09/Feb/2017:07:58:59 +0000] "GET /v3/auth/tokens HTTP/1.1" 200 3872 "-" "python-keystoneclient"
x.x.x.2 - - [09/Feb/2017:07:58:59 +0000] "GET /v3/auth/tokens HTTP/1.1" 200 3872 "-" "python-keystoneclient"
x.x.x.2 - - [09/Feb/2017:07:59:59 +0000] "GET /v3/auth/tokens HTTP/1.1" 200 3872 "-" "python-keystoneclient"
x.x.x.2 - - [09/Feb/2017:07:59:59 +0000] "GET /v3/auth/tokens HTTP/1.1" 200 3872 "-" "python-keystoneclient"
x.x.x.2 - - [09/Feb/2017:07:59:59 +0000] "GET /v3/auth/tokens HTTP/1.1" 200 3872 "-" "python-keystoneclient"
x.x.x.2 - - [09/Feb/2017:07:59:59 +0000] "GET /v3/auth/tokens HTTP/1.1" 200 3872 "-" "python-keystoneclient"
x.x.x.2 - - [09/Feb/2017:07:59:59 +0000] "GET /v3/auth/tokens HTTP/1.1" 200 3872 "-" "python-keystoneclient"
x.x.x.2 - - [09/Feb/2017:08:00:38 +0000] "GET /v3 HTTP/1.1" 200 284 "-" "python-keystoneclient"
x.x.x.2 - - [09/Feb/2017:08:00:38 +0000] "POST /v3/auth/tokens HTTP/1.1" 201 3868 "-" "python-keystoneclient"
x.x.x.2 - - [09/Feb/2017:08:00:38 +0000] "GET / HTTP/1.1" 300 663 "-" "glance/13.0.0 keystonemiddleware.auth_token/4.9.0 keystoneauth1/2.12.2 python-requests/2.10.0 CPython/2.7.5"
x.x.x.2 - - [09/Feb/2017:08:00:38 +0000] "POST /v3/auth/tokens HTTP/1.1" 201 3871 "-" "glance/13.0.0 keystonemiddleware.auth_token/4.9.0 keystoneauth1/2.12.2 python-requests/2.10.0 CPython/2.7.5"
x.x.x.2 - - [09/Feb/2017:08:00:38 +0000] "GET /v3 HTTP/1.1" 200 284 "-" "glance/13.0.0 keystonemiddleware.auth_token/4.9.0 keystoneauth1/2.12.2 python-requests/2.10.0 CPython/2.7.5"
x.x.x.2 - - [09/Feb/2017:08:00:38 +0000] "GET /v3/auth/tokens HTTP/1.1" 200 3868 "-" "python-keystoneclient"
x.x.x.2 - - [09/Feb/2017:08:00:38 +0000] "GET /v3/auth/tokens HTTP/1.1" 200 3868 "-" "python-keystoneclient"
x.x.x.2 - - [09/Feb/2017:08:00:39 +0000] "GET /v3 HTTP/1.1" 200 284 "-" "nova keystoneauth1/2.12.2 python-requests/2.10.0 CPython/2.7.5"
x.x.x.2 - - [09/Feb/2017:08:00:39 +0000] "POST /v3/auth/tokens HTTP/1.1" 201 3868 "-" "nova keystoneauth1/2.12.2 python-requests/2.10.0 CPython/2.7.5"
x.x.x.2 - - [09/Feb/2017:08:00:39 +0000] "GET / HTTP/1.1" 300 663 "-" "nova/14.0.2 keystonemiddleware.auth_token/4.9.0 keystoneauth1/2.12.2 python-requests/2.10.0 CPython/2.7.5"
x.x.x.2 - - [09/Feb/2017:08:00:39 +0000] "POST /v3/auth/tokens HTTP/1.1" 201 3869 "-" "nova/14.0.2 keystonemiddleware.auth_token/4.9.0 keystoneauth1/2.12.2 python-requests/2.10.0 CPython/2.7.5"
x.x.x.2 - - [09/Feb/2017:08:00:40 +0000] "GET /v3 HTTP/1.1" 200 284 "-" "nova/14.0.2 keystonemiddleware.auth_token/4.9.0 keystoneauth1/2.12.2 python-requests/2.10.0 CPython/2.7.5"
x.x.x.2 - - [09/Feb/2017:08:00:40 +0000] "GET /v3/auth/tokens HTTP/1.1" 200 3868 "-" "python-keystoneclient"
x.x.x.2 - - [09/Feb/2017:08:00:41 +0000] "GET /v3/auth/tokens HTTP/1.1" 200 3868 "-" "python-keystoneclient"
x.x.x.2 - - [09/Feb/2017:08:00:41 +0000] "GET /v3/auth/tokens HTTP/1.1" 200 3868 "-" "python-keystoneclient"
x.x.x.2 - - [09/Feb/2017:08:00:42 +0000] "GET /v3 HTTP/1.1" 200 284 "-" "nova keystoneauth1/2.12.2 python-requests/2.10.0 CPython/2.7.5"
x.x.x.2 - - [09/Feb/2017:08:00:42 +0000] "POST /v3/auth/tokens HTTP/1.1" 201 3868 "-" "nova keystoneauth1/2.12.2 python-requests/2.10.0 CPython/2.7.5"
x.x.x.2 - - [09/Feb/2017:08:00:42 +0000] "GET / HTTP/1.1" 300 663 "-" "nova/14.0.2 keystonemiddleware.auth_token/4.9.0 keystoneauth1/2.12.2 python-requests/2.10.0 CPython/2.7.5"
x.x.x.2 - - [09/Feb/2017:08:00:42 +0000] "POST /v3/auth/tokens HTTP/1.1" 201 3869 "-" "nova/14.0.2 keystonemiddleware.auth_token/4.9.0 keystoneauth1/2.12.2 python-requests/2.10.0 CPython/2.7.5"
x.x.x.2 - - [09/Feb/2017:08:00:42 +0000] "GET /v3 HTTP/1.1" 200 284 "-" "nova/14.0.2 keystonemiddleware.auth_token/4.9.0 keystoneauth1/2.12.2 python-requests/2.10.0 CPython/2.7.5"
x.x.x.2 - - [09/Feb/2017:08:00:42 +0000] "GET /v3/auth/tokens HTTP/1.1" 200 3868 "-" "python-keystoneclient"
x.x.x.2 - - [09/Feb/2017:08:00:43 +0000] "GET /v3/auth/tokens HTTP/1.1" 200 3868 "-" "python-keystoneclient"
x.x.x.2 - - [09/Feb/2017:08:00:44 +0000] "GET /v3/auth/tokens HTTP/1.1" 200 3868 "-" "python-keystoneclient"
x.x.x.2 - - [09/Feb/2017:08:00:44 +0000] "GET / HTTP/1.1" 300 663 "-" "neutron/9.1.1 keystonemiddleware.auth_token/4.9.0 keystoneauth1/2.12.2 python-requests/2.10.0 CPython/2.7.5"
x.x.x.2 - - [09/Feb/2017:08:00:44 +0000] "POST /v3/auth/tokens HTTP/1.1" 201 3872 "-" "neutron/9.1.1 keystonemiddleware.auth_token/4.9.0 keystoneauth1/2.12.2 python-requests/2.10.0 CPython/2.7.5"
x.x.x.2 - - [09/Feb/2017:08:00:44 +0000] "GET /v3 HTTP/1.1" 200 284 "-" "neutron/9.1.1 keystonemiddleware.auth_token/4.9.0 keystoneauth1/2.12.2 python-requests/2.10.0 CPython/2.7.5"
x.x.x.2 - - [09/Feb/2017:08:00:44 +0000] "GET /v3/auth/tokens HTTP/1.1" 200 3868 "-" "python-keystoneclient"
x.x.x.2 - - [09/Feb/2017:08:00:45 +0000] "GET /v3 HTTP/1.1" 200 284 "-" "nova keystoneauth1/2.12.2 python-requests/2.10.0 CPython/2.7.5"
x.x.x.2 - - [09/Feb/2017:08:00:45 +0000] "POST /v3/auth/tokens HTTP/1.1" 201 3868 "-" "nova keystoneauth1/2.12.2 python-requests/2.10.0 CPython/2.7.5"
x.x.x.2 - - [09/Feb/2017:08:00:45 +0000] "GET /v3/auth/tokens HTTP/1.1" 200 3868 "-" "python-keystoneclient"
x.x.x.2 - - [09/Feb/2017:08:00:45 +0000] "GET /v3/auth/tokens HTTP/1.1" 200 3868 "-" "python-keystoneclient"
x.x.x.2 - - [09/Feb/2017:08:00:46 +0000] "GET /v3/auth/tokens HTTP/1.1" 200 3868 "-" "python-keystoneclient"
x.x.x.2 - - [09/Feb/2017:08:00:46 +0000] "GET /v3 HTTP/1.1" 200 284 "-" "nova keystoneauth1/2.12.2 python-requests/2.10.0 CPython/2.7.5"
x.x.x.2 - - [09/Feb/2017:08:00:46 +0000] "POST /v3/auth/tokens HTTP/1.1" 201 3868 "-" "nova keystoneauth1/2.12.2 python-requests/2.10.0 CPython/2.7.5"
x.x.x.2 - - [09/Feb/2017:08:00:47 +0000] "GET /v3/auth/tokens HTTP/1.1" 200 3868 "-" "python-keystoneclient"
x.x.x.2 - - [09/Feb/2017:08:00:47 +0000] "GET /v3/auth/tokens HTTP/1.1" 200 3868 "-" "python-keystoneclient"
x.x.x.2 - - [09/Feb/2017:08:00:47 +0000] "GET /v3/auth/tokens HTTP/1.1" 200 3868 "-" "python-keystoneclient"
x.x.x.2 - - [09/Feb/2017:08:00:47 +0000] "GET /v3/auth/tokens HTTP/1.1" 200 3868 "-" "python-keystoneclient"
x.x.x.2 - - [09/Feb/2017:08:00:47 +0000] "GET /v3/auth/tokens HTTP/1.1" 200 3868 "-" "python-keystoneclient"
::1 - - [09/Feb/2017:08:00:55 +0000] "OPTIONS * HTTP/1.0" 200 - "-" "Apache/2.4.6 (CentOS) mod_wsgi/3.4 Python/2.7.5 (internal dummy connection)"
x.x.x.2 - - [09/Feb/2017:08:00:59 +0000] "GET /v3/auth/tokens HTTP/1.1" 200 3872 "-" "python-keystoneclient"
x.x.x.2 - - [09/Feb/2017:08:00:59 +0000] "GET /v3/auth/tokens HTTP/1.1" 200 3872 "-" "python-keystoneclient"
x.x.x.2 - - [09/Feb/2017:08:00:59 +0000] "GET /v3/auth/tokens HTTP/1.1" 200 3872 "-" "python-keystoneclient"
x.x.x.2 - - [09/Feb/2017:08:00:59 +0000] "GET /v3/auth/tokens HTTP/1.1" 200 3872 "-" "python-keystoneclient"
x.x.x.2 - - [09/Feb/2017:08:00:59 +0000] "GET /v3/auth/tokens HTTP/1.1" 200 3872 "-" "python-keystoneclient"
x.x.x.2 - - [09/Feb/2017:08:02:01 +0000] "GET /v3/auth/tokens HTTP/1.1" 200 3872 "-" "python-keystoneclient"
x.x.x.2 - - [09/Feb/2017:08:02:01 +0000] "GET /v3/auth/tokens HTTP/1.1" 200 3872 "-" "python-keystoneclient"
x.x.x.2 - - [09/Feb/2017:08:02:01 +0000] "GET /v3/auth/tokens HTTP/1.1" 200 3872 "-" "python-keystoneclient"
x.x.x.2 - - [09/Feb/2017:08:02:01 +0000] "GET /v3/auth/tokens HTTP/1.1" 200 3872 "-" "python-keystoneclient"
x.x.x.2 - - [09/Feb/2017:08:02:01 +0000] "GET /v3/auth/tokens HTTP/1.1" 200 3872 "-" "python-keystoneclient"
x.x.x.2 - - [09/Feb/2017:08:03:04 +0000] "GET /v3/auth/tokens HTTP/1.1" 200 3872 "-" "python-keystoneclient"
x.x.x.2 - - [09/Feb/2017:08:03:04 +0000] "GET /v3/auth/tokens HTTP/1.1" 200 3872 "-" "python-keystoneclient"
x.x.x.2 - - [09/Feb/2017:08:03:04 +0000] "GET /v3/auth/tokens HTTP/1.1" 200 3872 "-" "python-keystoneclient"
x.x.x.2 - - [09/Feb/2017:08:03:04 +0000] "GET /v3/auth/tokens HTTP/1.1" 200 3872 "-" "python-keystoneclient"
x.x.x.2 - - [09/Feb/2017:08:03:04 +0000] "GET /v3/auth/tokens HTTP/1.1" 200 3872 "-" "python-keystoneclient"
x.x.x.2 - - [09/Feb/2017:08:04:04 +0000] "GET /v3/auth/tokens HTTP/1.1" 200 3872 "-" "python-keystoneclient"
x.x.x.2 - - [09/Feb/2017:08:04:04 +0000] "GET /v3/auth/tokens HTTP/1.1" 200 3872 "-" "python-keystoneclient"
x.x.x.2 - - [09/Feb/2017:08:04:04 +0000] "GET /v3/auth/tokens HTTP/1.1" 200 3872 "-" "python-keystoneclient"
x.x.x.2 - - [09/Feb/2017:08:04:04 +0000] "GET /v3/auth/tokens HTTP/1.1" 200 3872 "-" "python-keystoneclient"
x.x.x.2 - - [09/Feb/2017:08:04:04 +0000] "GET /v3/auth/tokens HTTP/1.1" 200 3872 "-" "python-keystoneclient"
